[0.010s] Invoking command in '/home/renato/ws_sensor_combined/build/apply_link_wrench_pkg': CMAKE_PREFIX_PATH=${CMAKE_PREFIX_PATH}:/opt/ros/humble /usr/bin/cmake --build /home/renato/ws_sensor_combined/build/apply_link_wrench_pkg -- -j20 -l20
[0.061s] [35m[1mConsolidate compiler generated dependencies of target apply_link_wrench[0m
[0.075s] [100%] Built target apply_link_wrench
[0.084s] Invoked command in '/home/renato/ws_sensor_combined/build/apply_link_wrench_pkg' returned '0': CMAKE_PREFIX_PATH=${CMAKE_PREFIX_PATH}:/opt/ros/humble /usr/bin/cmake --build /home/renato/ws_sensor_combined/build/apply_link_wrench_pkg -- -j20 -l20
[0.092s] Invoking command in '/home/renato/ws_sensor_combined/build/apply_link_wrench_pkg': CMAKE_PREFIX_PATH=${CMAKE_PREFIX_PATH}:/opt/ros/humble /usr/bin/cmake --install /home/renato/ws_sensor_combined/build/apply_link_wrench_pkg
[0.099s] -- Install configuration: ""
[0.100s] -- Up-to-date: /home/renato/ws_sensor_combined/install/apply_link_wrench_pkg/lib/apply_link_wrench_pkg/apply_link_wrench
[0.100s] -- Up-to-date: /home/renato/ws_sensor_combined/install/apply_link_wrench_pkg/share/ament_index/resource_index/package_run_dependencies/apply_link_wrench_pkg
[0.100s] -- Up-to-date: /home/renato/ws_sensor_combined/install/apply_link_wrench_pkg/share/ament_index/resource_index/parent_prefix_path/apply_link_wrench_pkg
[0.100s] -- Up-to-date: /home/renato/ws_sensor_combined/install/apply_link_wrench_pkg/share/apply_link_wrench_pkg/environment/ament_prefix_path.sh
[0.100s] -- Up-to-date: /home/renato/ws_sensor_combined/install/apply_link_wrench_pkg/share/apply_link_wrench_pkg/environment/ament_prefix_path.dsv
[0.100s] -- Up-to-date: /home/renato/ws_sensor_combined/install/apply_link_wrench_pkg/share/apply_link_wrench_pkg/environment/path.sh
[0.100s] -- Up-to-date: /home/renato/ws_sensor_combined/install/apply_link_wrench_pkg/share/apply_link_wrench_pkg/environment/path.dsv
[0.100s] -- Up-to-date: /home/renato/ws_sensor_combined/install/apply_link_wrench_pkg/share/apply_link_wrench_pkg/local_setup.bash
[0.100s] -- Up-to-date: /home/renato/ws_sensor_combined/install/apply_link_wrench_pkg/share/apply_link_wrench_pkg/local_setup.sh
[0.100s] -- Up-to-date: /home/renato/ws_sensor_combined/install/apply_link_wrench_pkg/share/apply_link_wrench_pkg/local_setup.zsh
[0.100s] -- Up-to-date: /home/renato/ws_sensor_combined/install/apply_link_wrench_pkg/share/apply_link_wrench_pkg/local_setup.dsv
[0.100s] -- Installing: /home/renato/ws_sensor_combined/install/apply_link_wrench_pkg/share/apply_link_wrench_pkg/package.dsv
[0.101s] -- Up-to-date: /home/renato/ws_sensor_combined/install/apply_link_wrench_pkg/share/ament_index/resource_index/packages/apply_link_wrench_pkg
[0.101s] -- Up-to-date: /home/renato/ws_sensor_combined/install/apply_link_wrench_pkg/share/apply_link_wrench_pkg/cmake/apply_link_wrench_pkgConfig.cmake
[0.101s] -- Up-to-date: /home/renato/ws_sensor_combined/install/apply_link_wrench_pkg/share/apply_link_wrench_pkg/cmake/apply_link_wrench_pkgConfig-version.cmake
[0.101s] -- Up-to-date: /home/renato/ws_sensor_combined/install/apply_link_wrench_pkg/share/apply_link_wrench_pkg/package.xml
[0.102s] Invoked command in '/home/renato/ws_sensor_combined/build/apply_link_wrench_pkg' returned '0': CMAKE_PREFIX_PATH=${CMAKE_PREFIX_PATH}:/opt/ros/humble /usr/bin/cmake --install /home/renato/ws_sensor_combined/build/apply_link_wrench_pkg
