[0.015s] Invoking command in '/home/renato/ws_sensor_combined/build/apply_link_wrench_pkg': CMAKE_PREFIX_PATH=${CMAKE_PREFIX_PATH}:/opt/ros/humble /usr/bin/cmake --build /home/renato/ws_sensor_combined/build/apply_link_wrench_pkg -- -j20 -l20
[0.094s] [ 50%] [32mBuilding CXX object CMakeFiles/apply_link_wrench.dir/src/apply_link_wrench.cpp.o[0m
[5.458s] [100%] [32m[1mLinking CXX executable apply_link_wrench[0m
[5.693s] [100%] Built target apply_link_wrench
[5.710s] Invoked command in '/home/renato/ws_sensor_combined/build/apply_link_wrench_pkg' returned '0': CMAKE_PREFIX_PATH=${CMAKE_PREFIX_PATH}:/opt/ros/humble /usr/bin/cmake --build /home/renato/ws_sensor_combined/build/apply_link_wrench_pkg -- -j20 -l20
[5.712s] Invoking command in '/home/renato/ws_sensor_combined/build/apply_link_wrench_pkg': CMAKE_PREFIX_PATH=${CMAKE_PREFIX_PATH}:/opt/ros/humble /usr/bin/cmake --install /home/renato/ws_sensor_combined/build/apply_link_wrench_pkg
[5.720s] -- Install configuration: ""
[5.721s] -- Execute custom install script
[5.721s] -- Up-to-date symlink: /home/renato/ws_sensor_combined/install/apply_link_wrench_pkg/lib/apply_link_wrench_pkg/apply_link_wrench
[5.721s] -- Up-to-date symlink: /home/renato/ws_sensor_combined/install/apply_link_wrench_pkg/share/ament_index/resource_index/package_run_dependencies/apply_link_wrench_pkg
[5.721s] -- Up-to-date symlink: /home/renato/ws_sensor_combined/install/apply_link_wrench_pkg/share/ament_index/resource_index/parent_prefix_path/apply_link_wrench_pkg
[5.722s] -- Up-to-date symlink: /home/renato/ws_sensor_combined/install/apply_link_wrench_pkg/share/apply_link_wrench_pkg/environment/ament_prefix_path.sh
[5.722s] -- Up-to-date symlink: /home/renato/ws_sensor_combined/install/apply_link_wrench_pkg/share/apply_link_wrench_pkg/environment/ament_prefix_path.dsv
[5.722s] -- Up-to-date symlink: /home/renato/ws_sensor_combined/install/apply_link_wrench_pkg/share/apply_link_wrench_pkg/environment/path.sh
[5.722s] -- Up-to-date symlink: /home/renato/ws_sensor_combined/install/apply_link_wrench_pkg/share/apply_link_wrench_pkg/environment/path.dsv
[5.722s] -- Up-to-date symlink: /home/renato/ws_sensor_combined/install/apply_link_wrench_pkg/share/apply_link_wrench_pkg/local_setup.bash
[5.722s] -- Up-to-date symlink: /home/renato/ws_sensor_combined/install/apply_link_wrench_pkg/share/apply_link_wrench_pkg/local_setup.sh
[5.722s] -- Up-to-date symlink: /home/renato/ws_sensor_combined/install/apply_link_wrench_pkg/share/apply_link_wrench_pkg/local_setup.zsh
[5.723s] -- Up-to-date symlink: /home/renato/ws_sensor_combined/install/apply_link_wrench_pkg/share/apply_link_wrench_pkg/local_setup.dsv
[5.723s] -- Symlinking: /home/renato/ws_sensor_combined/install/apply_link_wrench_pkg/share/apply_link_wrench_pkg/package.dsv
[5.733s] -- Up-to-date symlink: /home/renato/ws_sensor_combined/install/apply_link_wrench_pkg/share/ament_index/resource_index/packages/apply_link_wrench_pkg
[5.734s] -- Up-to-date symlink: /home/renato/ws_sensor_combined/install/apply_link_wrench_pkg/share/apply_link_wrench_pkg/cmake/apply_link_wrench_pkgConfig.cmake
[5.734s] -- Up-to-date symlink: /home/renato/ws_sensor_combined/install/apply_link_wrench_pkg/share/apply_link_wrench_pkg/cmake/apply_link_wrench_pkgConfig-version.cmake
[5.734s] -- Up-to-date symlink: /home/renato/ws_sensor_combined/install/apply_link_wrench_pkg/share/apply_link_wrench_pkg/package.xml
[5.736s] Invoked command in '/home/renato/ws_sensor_combined/build/apply_link_wrench_pkg' returned '0': CMAKE_PREFIX_PATH=${CMAKE_PREFIX_PATH}:/opt/ros/humble /usr/bin/cmake --install /home/renato/ws_sensor_combined/build/apply_link_wrench_pkg
