[35m[1mConsolidate compiler generated dependencies of target dual_wrench_publisher_node[0m
[ 50%] [32mBuilding CXX object CMakeFiles/dual_wrench_publisher_node.dir/src/dual_wrench_publisher_node.cpp.o[0m
[100%] [32m[1mLinking CXX executable dual_wrench_publisher_node[0m
[100%] Built target dual_wrench_publisher_node
-- Install configuration: ""
-- Execute custom install script
-- Up-to-date symlink: /home/renato/ws_sensor_combined/install/dual_wrench_publisher_pkg/lib/dual_wrench_publisher_pkg/dual_wrench_publisher_node
-- Up-to-date symlink: /home/renato/ws_sensor_combined/install/dual_wrench_publisher_pkg/share/ament_index/resource_index/package_run_dependencies/dual_wrench_publisher_pkg
-- Up-to-date symlink: /home/renato/ws_sensor_combined/install/dual_wrench_publisher_pkg/share/ament_index/resource_index/parent_prefix_path/dual_wrench_publisher_pkg
-- Up-to-date symlink: /home/renato/ws_sensor_combined/install/dual_wrench_publisher_pkg/share/dual_wrench_publisher_pkg/environment/ament_prefix_path.sh
-- Up-to-date symlink: /home/renato/ws_sensor_combined/install/dual_wrench_publisher_pkg/share/dual_wrench_publisher_pkg/environment/ament_prefix_path.dsv
-- Up-to-date symlink: /home/renato/ws_sensor_combined/install/dual_wrench_publisher_pkg/share/dual_wrench_publisher_pkg/environment/path.sh
-- Up-to-date symlink: /home/renato/ws_sensor_combined/install/dual_wrench_publisher_pkg/share/dual_wrench_publisher_pkg/environment/path.dsv
-- Up-to-date symlink: /home/renato/ws_sensor_combined/install/dual_wrench_publisher_pkg/share/dual_wrench_publisher_pkg/local_setup.bash
-- Up-to-date symlink: /home/renato/ws_sensor_combined/install/dual_wrench_publisher_pkg/share/dual_wrench_publisher_pkg/local_setup.sh
-- Up-to-date symlink: /home/renato/ws_sensor_combined/install/dual_wrench_publisher_pkg/share/dual_wrench_publisher_pkg/local_setup.zsh
-- Up-to-date symlink: /home/renato/ws_sensor_combined/install/dual_wrench_publisher_pkg/share/dual_wrench_publisher_pkg/local_setup.dsv
-- Symlinking: /home/renato/ws_sensor_combined/install/dual_wrench_publisher_pkg/share/dual_wrench_publisher_pkg/package.dsv
-- Up-to-date symlink: /home/renato/ws_sensor_combined/install/dual_wrench_publisher_pkg/share/ament_index/resource_index/packages/dual_wrench_publisher_pkg
-- Up-to-date symlink: /home/renato/ws_sensor_combined/install/dual_wrench_publisher_pkg/share/dual_wrench_publisher_pkg/cmake/dual_wrench_publisher_pkgConfig.cmake
-- Up-to-date symlink: /home/renato/ws_sensor_combined/install/dual_wrench_publisher_pkg/share/dual_wrench_publisher_pkg/cmake/dual_wrench_publisher_pkgConfig-version.cmake
-- Up-to-date symlink: /home/renato/ws_sensor_combined/install/dual_wrench_publisher_pkg/share/dual_wrench_publisher_pkg/package.xml
