[0.029s] Invoking command in '/home/renato/ws_sensor_combined/build/sensor_driver_pkg': CMAKE_PREFIX_PATH=/home/renato/ws_sensor_combined/install/px4_msgs:/home/renato/ws_sensor_combined/install/sensor_driver_pkg:/home/renato/ws_sensor_combined/install/px4_ros_com:/home/renato/ws_sensor_combined/install/load_cell_publisher_pkg:/home/renato/ws_sensor_combined/install/dual_wrench_publisher_pkg:/home/renato/ws_sensor_combined/install/apply_link_wrench_pkg:/home/renato/bridge_ws/install/test_ros_gz_bridge:/home/renato/bridge_ws/install/ros_ign_interfaces:/home/renato/bridge_ws/install/ros_ign:/home/renato/bridge_ws/install/ros_ign_image:/home/renato/bridge_ws/install/ros_ign_gazebo_demos:/home/renato/bridge_ws/install/ros_ign_gazebo:/home/renato/bridge_ws/install/ros_ign_bridge:/home/renato/bridge_ws/install/ros_gz:/home/renato/bridge_ws/install/ros_gz_sim_demos:/home/renato/bridge_ws/install/ros_gz_sim:/home/renato/bridge_ws/install/ros_gz_image:/home/renato/bridge_ws/install/ros_gz_bridge:/home/renato/bridge_ws/install/ros_gz_interfaces:/opt/ros/humble LD_LIBRARY_PATH=/home/renato/ws_sensor_combined/install/px4_msgs/lib:/home/renato/ws_sensor_combined/install/px4_ros_com/lib:/home/renato/bridge_ws/install/ros_ign_interfaces/lib:/home/renato/bridge_ws/install/ros_gz_sim/lib:/home/renato/bridge_ws/install/ros_gz_bridge/lib:/home/renato/bridge_ws/install/ros_gz_interfaces/lib:/opt/ros/humble/opt/rviz_ogre_vendor/lib:/opt/ros/humble/lib/x86_64-linux-gnu:/opt/ros/humble/lib /usr/bin/cmake --build /home/renato/ws_sensor_combined/build/sensor_driver_pkg -- -j20 -l20
[0.080s] -- Found ament_cmake: 1.3.11 (/opt/ros/humble/share/ament_cmake/cmake)
[0.334s] -- Found rclcpp: 16.0.11 (/opt/ros/humble/share/rclcpp/cmake)
[0.386s] -- Found rosidl_generator_c: 3.1.6 (/opt/ros/humble/share/rosidl_generator_c/cmake)
[0.390s] -- Found rosidl_adapter: 3.1.6 (/opt/ros/humble/share/rosidl_adapter/cmake)
[0.401s] -- Found rosidl_generator_cpp: 3.1.6 (/opt/ros/humble/share/rosidl_generator_cpp/cmake)
[0.420s] -- Using all available rosidl_typesupport_c: rosidl_typesupport_fastrtps_c;rosidl_typesupport_introspection_c
[0.445s] -- Using all available rosidl_typesupport_cpp: rosidl_typesupport_fastrtps_cpp;rosidl_typesupport_introspection_cpp
[0.509s] -- Found rmw_implementation_cmake: 6.1.2 (/opt/ros/humble/share/rmw_implementation_cmake/cmake)
[0.513s] -- Found rmw_fastrtps_cpp: 6.2.7 (/opt/ros/humble/share/rmw_fastrtps_cpp/cmake)
[0.763s] -- Using RMW implementation 'rmw_fastrtps_cpp' as default
[0.849s] -- Found geometry_msgs: 4.2.4 (/opt/ros/humble/share/geometry_msgs/cmake)
[0.872s] -- Found px4_msgs: 2.0.1 (/home/renato/ws_sensor_combined/install/px4_msgs/share/px4_msgs/cmake)
[1.023s] -- Configuring done
[1.055s] -- Generating done
[1.066s] -- Build files have been written to: /home/renato/ws_sensor_combined/build/sensor_driver_pkg
[1.113s] [35m[1mConsolidate compiler generated dependencies of target sensor_driver_node[0m
[1.116s] [35m[1mConsolidate compiler generated dependencies of target sensor_driver_gz_node[0m
[1.116s] [35m[1mConsolidate compiler generated dependencies of target sensor_driver_flamingo_node[0m
[1.118s] [35m[1mConsolidate compiler generated dependencies of target sensor_driver_bias_computation_node[0m
[1.139s] [ 25%] Built target sensor_driver_node
[1.143s] [ 50%] Built target sensor_driver_bias_computation_node
[1.143s] [ 75%] Built target sensor_driver_flamingo_node
[1.144s] [ 87%] [32m[1mLinking CXX executable sensor_driver_gz_node[0m
[1.778s] /usr/bin/ld: CMakeFiles/sensor_driver_gz_node.dir/src/sensor_driver_gz_node.cpp.o: in function `std::enable_if<rosidl_generator_traits::is_message<px4_msgs::msg::LoadCellData_<std::allocator<void> > >::value, rosidl_message_type_support_t const&>::type rclcpp::get_message_type_support_handle<px4_msgs::msg::LoadCellData_<std::allocator<void> > >()':
[1.778s] sensor_driver_gz_node.cpp:(.text._ZN6rclcpp31get_message_type_support_handleIN8px4_msgs3msg13LoadCellData_ISaIvEEEEENSt9enable_ifIXsrN23rosidl_generator_traits10is_messageIT_EE5valueERK29rosidl_message_type_support_tE4typeEv[_ZN6rclcpp31get_message_type_support_handleIN8px4_msgs3msg13LoadCellData_ISaIvEEEEENSt9enable_ifIXsrN23rosidl_generator_traits10is_messageIT_EE5valueERK29rosidl_message_type_support_tE4typeEv]+0x10): undefined reference to `rosidl_message_type_support_t const* rosidl_typesupport_cpp::get_message_type_support_handle<px4_msgs::msg::LoadCellData_<std::allocator<void> > >()'
[1.832s] collect2: error: ld returned 1 exit status
[1.834s] gmake[2]: *** [CMakeFiles/sensor_driver_gz_node.dir/build.make:175: sensor_driver_gz_node] Errore 1
[1.835s] gmake[1]: *** [CMakeFiles/Makefile2:195: CMakeFiles/sensor_driver_gz_node.dir/all] Errore 2
[1.835s] gmake: *** [Makefile:146: all] Errore 2
