-- Found ament_cmake: 1.3.11 (/opt/ros/humble/share/ament_cmake/cmake)
-- Found rclcpp: 16.0.11 (/opt/ros/humble/share/rclcpp/cmake)
-- Found rosidl_generator_c: 3.1.6 (/opt/ros/humble/share/rosidl_generator_c/cmake)
-- Found rosidl_adapter: 3.1.6 (/opt/ros/humble/share/rosidl_adapter/cmake)
-- Found rosidl_generator_cpp: 3.1.6 (/opt/ros/humble/share/rosidl_generator_cpp/cmake)
-- Using all available rosidl_typesupport_c: rosidl_typesupport_fastrtps_c;rosidl_typesupport_introspection_c
-- Using all available rosidl_typesupport_cpp: rosidl_typesupport_fastrtps_cpp;rosidl_typesupport_introspection_cpp
-- Found rmw_implementation_cmake: 6.1.2 (/opt/ros/humble/share/rmw_implementation_cmake/cmake)
-- Found rmw_fastrtps_cpp: 6.2.7 (/opt/ros/humble/share/rmw_fastrtps_cpp/cmake)
-- Using RMW implementation 'rmw_fastrtps_cpp' as default
-- Found px4_msgs: 2.0.1 (/home/renato/ws_sensor_combined/install/px4_msgs/share/px4_msgs/cmake)
-- Found ament_lint_auto: 0.12.11 (/opt/ros/humble/share/ament_lint_auto/cmake)
-- Added test 'cppcheck' to perform static code analysis on C / C++ code
-- Configured cppcheck include dirs: 
-- Configured cppcheck exclude dirs and/or files: 
-- Added test 'lint_cmake' to check CMake code style
-- Added test 'uncrustify' to check C / C++ code style
-- Configured uncrustify additional arguments: 
-- Added test 'xmllint' to check XML markup files
-- Configuring done
-- Generating done
-- Build files have been written to: /home/renato/ws_sensor_combined/build/csv_maker_pkg
[35m[1mConsolidate compiler generated dependencies of target csv_maker_node[0m
[ 50%] [32m[1mLinking CXX executable csv_maker_node[0m
[100%] Built target csv_maker_node
-- Install configuration: ""
-- Installing: /home/renato/ws_sensor_combined/install/csv_maker_pkg/lib/csv_maker_pkg/csv_maker_node
-- Set runtime path of "/home/renato/ws_sensor_combined/install/csv_maker_pkg/lib/csv_maker_pkg/csv_maker_node" to ""
-- Up-to-date: /home/renato/ws_sensor_combined/install/csv_maker_pkg/share/ament_index/resource_index/package_run_dependencies/csv_maker_pkg
-- Up-to-date: /home/renato/ws_sensor_combined/install/csv_maker_pkg/share/ament_index/resource_index/parent_prefix_path/csv_maker_pkg
-- Up-to-date: /home/renato/ws_sensor_combined/install/csv_maker_pkg/share/csv_maker_pkg/environment/ament_prefix_path.sh
-- Installing: /home/renato/ws_sensor_combined/install/csv_maker_pkg/share/csv_maker_pkg/environment/ament_prefix_path.dsv
-- Up-to-date: /home/renato/ws_sensor_combined/install/csv_maker_pkg/share/csv_maker_pkg/environment/path.sh
-- Installing: /home/renato/ws_sensor_combined/install/csv_maker_pkg/share/csv_maker_pkg/environment/path.dsv
-- Up-to-date: /home/renato/ws_sensor_combined/install/csv_maker_pkg/share/csv_maker_pkg/local_setup.bash
-- Up-to-date: /home/renato/ws_sensor_combined/install/csv_maker_pkg/share/csv_maker_pkg/local_setup.sh
-- Up-to-date: /home/renato/ws_sensor_combined/install/csv_maker_pkg/share/csv_maker_pkg/local_setup.zsh
-- Installing: /home/renato/ws_sensor_combined/install/csv_maker_pkg/share/csv_maker_pkg/local_setup.dsv
-- Installing: /home/renato/ws_sensor_combined/install/csv_maker_pkg/share/csv_maker_pkg/package.dsv
-- Up-to-date: /home/renato/ws_sensor_combined/install/csv_maker_pkg/share/ament_index/resource_index/packages/csv_maker_pkg
-- Up-to-date: /home/renato/ws_sensor_combined/install/csv_maker_pkg/share/csv_maker_pkg/cmake/csv_maker_pkgConfig.cmake
-- Up-to-date: /home/renato/ws_sensor_combined/install/csv_maker_pkg/share/csv_maker_pkg/cmake/csv_maker_pkgConfig-version.cmake
-- Up-to-date: /home/renato/ws_sensor_combined/install/csv_maker_pkg/share/csv_maker_pkg/package.xml
