[0.022s] Invoking command in '/home/renato/ws_sensor_combined/build/csv_maker_pkg': CMAKE_PREFIX_PATH=/home/renato/ws_sensor_combined/install/px4_msgs:/home/renato/ws_sensor_combined/install/csv_maker_pkg:/home/renato/ws_sensor_combined/install/ros2bag_pkg:/home/renato/ws_sensor_combined/install/trajectory_planner:/home/renato/ws_sensor_combined/install/sensor_driver_pkg:/home/renato/ws_sensor_combined/install/px4_ros_com:/home/renato/ws_sensor_combined/install/load_cell_publisher_pkg:/home/renato/ws_sensor_combined/install/dual_wrench_publisher_pkg:/home/renato/ws_sensor_combined/install/debugger_position_z_pkg:/home/renato/ws_sensor_combined/install/apply_link_wrench_pkg:/home/renato/ws_sensor_combined/install/ground_truth_publisher_pkg:/home/renato/ws_sensor_combined/install/end_effector_pkg:/home/renato/bridge_ws/install/test_ros_gz_bridge:/home/renato/bridge_ws/install/ros_ign_interfaces:/home/renato/bridge_ws/install/ros_ign:/home/renato/bridge_ws/install/ros_ign_image:/home/renato/bridge_ws/install/ros_ign_gazebo_demos:/home/renato/bridge_ws/install/ros_ign_gazebo:/home/renato/bridge_ws/install/ros_ign_bridge:/home/renato/bridge_ws/install/ros_gz:/home/renato/bridge_ws/install/ros_gz_sim_demos:/home/renato/bridge_ws/install/ros_gz_sim:/home/renato/bridge_ws/install/ros_gz_image:/home/renato/bridge_ws/install/ros_gz_bridge:/home/renato/bridge_ws/install/ros_gz_interfaces:/opt/ros/humble LD_LIBRARY_PATH=/home/renato/ws_sensor_combined/install/px4_msgs/lib:/home/renato/ws_sensor_combined/install/trajectory_planner/lib:/home/renato/ws_sensor_combined/install/px4_ros_com/lib:/home/renato/bridge_ws/install/ros_ign_interfaces/lib:/home/renato/bridge_ws/install/ros_gz_sim/lib:/home/renato/bridge_ws/install/ros_gz_bridge/lib:/home/renato/bridge_ws/install/ros_gz_interfaces/lib:/opt/ros/humble/opt/rviz_ogre_vendor/lib:/opt/ros/humble/lib/x86_64-linux-gnu:/opt/ros/humble/lib /usr/bin/cmake --build /home/renato/ws_sensor_combined/build/csv_maker_pkg -- -j20 -l20
[0.060s] -- Found ament_cmake: 1.3.11 (/opt/ros/humble/share/ament_cmake/cmake)
[0.219s] -- Found rclcpp: 16.0.11 (/opt/ros/humble/share/rclcpp/cmake)
[0.277s] -- Found rosidl_generator_c: 3.1.6 (/opt/ros/humble/share/rosidl_generator_c/cmake)
[0.282s] -- Found rosidl_adapter: 3.1.6 (/opt/ros/humble/share/rosidl_adapter/cmake)
[0.292s] -- Found rosidl_generator_cpp: 3.1.6 (/opt/ros/humble/share/rosidl_generator_cpp/cmake)
[0.308s] -- Using all available rosidl_typesupport_c: rosidl_typesupport_fastrtps_c;rosidl_typesupport_introspection_c
[0.331s] -- Using all available rosidl_typesupport_cpp: rosidl_typesupport_fastrtps_cpp;rosidl_typesupport_introspection_cpp
[0.386s] -- Found rmw_implementation_cmake: 6.1.2 (/opt/ros/humble/share/rmw_implementation_cmake/cmake)
[0.390s] -- Found rmw_fastrtps_cpp: 6.2.7 (/opt/ros/humble/share/rmw_fastrtps_cpp/cmake)
[0.537s] -- Using RMW implementation 'rmw_fastrtps_cpp' as default
[0.618s] -- Found px4_msgs: 2.0.1 (/home/renato/ws_sensor_combined/install/px4_msgs/share/px4_msgs/cmake)
[0.632s] -- Found ament_lint_auto: 0.12.11 (/opt/ros/humble/share/ament_lint_auto/cmake)
[0.723s] -- Added test 'cppcheck' to perform static code analysis on C / C++ code
[0.723s] -- Configured cppcheck include dirs: 
[0.724s] -- Configured cppcheck exclude dirs and/or files: 
[0.724s] -- Added test 'lint_cmake' to check CMake code style
[0.725s] -- Added test 'uncrustify' to check C / C++ code style
[0.725s] -- Configured uncrustify additional arguments: 
[0.726s] -- Added test 'xmllint' to check XML markup files
[0.727s] -- Configuring done
[0.735s] -- Generating done
[0.739s] -- Build files have been written to: /home/renato/ws_sensor_combined/build/csv_maker_pkg
[0.769s] [35m[1mConsolidate compiler generated dependencies of target csv_maker_node[0m
[0.787s] [ 50%] [32m[1mLinking CXX executable csv_maker_node[0m
[1.164s] [100%] Built target csv_maker_node
[1.179s] Invoked command in '/home/renato/ws_sensor_combined/build/csv_maker_pkg' returned '0': CMAKE_PREFIX_PATH=/home/renato/ws_sensor_combined/install/px4_msgs:/home/renato/ws_sensor_combined/install/csv_maker_pkg:/home/renato/ws_sensor_combined/install/ros2bag_pkg:/home/renato/ws_sensor_combined/install/trajectory_planner:/home/renato/ws_sensor_combined/install/sensor_driver_pkg:/home/renato/ws_sensor_combined/install/px4_ros_com:/home/renato/ws_sensor_combined/install/load_cell_publisher_pkg:/home/renato/ws_sensor_combined/install/dual_wrench_publisher_pkg:/home/renato/ws_sensor_combined/install/debugger_position_z_pkg:/home/renato/ws_sensor_combined/install/apply_link_wrench_pkg:/home/renato/ws_sensor_combined/install/ground_truth_publisher_pkg:/home/renato/ws_sensor_combined/install/end_effector_pkg:/home/renato/bridge_ws/install/test_ros_gz_bridge:/home/renato/bridge_ws/install/ros_ign_interfaces:/home/renato/bridge_ws/install/ros_ign:/home/renato/bridge_ws/install/ros_ign_image:/home/renato/bridge_ws/install/ros_ign_gazebo_demos:/home/renato/bridge_ws/install/ros_ign_gazebo:/home/renato/bridge_ws/install/ros_ign_bridge:/home/renato/bridge_ws/install/ros_gz:/home/renato/bridge_ws/install/ros_gz_sim_demos:/home/renato/bridge_ws/install/ros_gz_sim:/home/renato/bridge_ws/install/ros_gz_image:/home/renato/bridge_ws/install/ros_gz_bridge:/home/renato/bridge_ws/install/ros_gz_interfaces:/opt/ros/humble LD_LIBRARY_PATH=/home/renato/ws_sensor_combined/install/px4_msgs/lib:/home/renato/ws_sensor_combined/install/trajectory_planner/lib:/home/renato/ws_sensor_combined/install/px4_ros_com/lib:/home/renato/bridge_ws/install/ros_ign_interfaces/lib:/home/renato/bridge_ws/install/ros_gz_sim/lib:/home/renato/bridge_ws/install/ros_gz_bridge/lib:/home/renato/bridge_ws/install/ros_gz_interfaces/lib:/opt/ros/humble/opt/rviz_ogre_vendor/lib:/opt/ros/humble/lib/x86_64-linux-gnu:/opt/ros/humble/lib /usr/bin/cmake --build /home/renato/ws_sensor_combined/build/csv_maker_pkg -- -j20 -l20
[1.191s] Invoking command in '/home/renato/ws_sensor_combined/build/csv_maker_pkg': CMAKE_PREFIX_PATH=/home/renato/ws_sensor_combined/install/px4_msgs:/home/renato/ws_sensor_combined/install/csv_maker_pkg:/home/renato/ws_sensor_combined/install/ros2bag_pkg:/home/renato/ws_sensor_combined/install/trajectory_planner:/home/renato/ws_sensor_combined/install/sensor_driver_pkg:/home/renato/ws_sensor_combined/install/px4_ros_com:/home/renato/ws_sensor_combined/install/load_cell_publisher_pkg:/home/renato/ws_sensor_combined/install/dual_wrench_publisher_pkg:/home/renato/ws_sensor_combined/install/debugger_position_z_pkg:/home/renato/ws_sensor_combined/install/apply_link_wrench_pkg:/home/renato/ws_sensor_combined/install/ground_truth_publisher_pkg:/home/renato/ws_sensor_combined/install/end_effector_pkg:/home/renato/bridge_ws/install/test_ros_gz_bridge:/home/renato/bridge_ws/install/ros_ign_interfaces:/home/renato/bridge_ws/install/ros_ign:/home/renato/bridge_ws/install/ros_ign_image:/home/renato/bridge_ws/install/ros_ign_gazebo_demos:/home/renato/bridge_ws/install/ros_ign_gazebo:/home/renato/bridge_ws/install/ros_ign_bridge:/home/renato/bridge_ws/install/ros_gz:/home/renato/bridge_ws/install/ros_gz_sim_demos:/home/renato/bridge_ws/install/ros_gz_sim:/home/renato/bridge_ws/install/ros_gz_image:/home/renato/bridge_ws/install/ros_gz_bridge:/home/renato/bridge_ws/install/ros_gz_interfaces:/opt/ros/humble LD_LIBRARY_PATH=/home/renato/ws_sensor_combined/install/px4_msgs/lib:/home/renato/ws_sensor_combined/install/trajectory_planner/lib:/home/renato/ws_sensor_combined/install/px4_ros_com/lib:/home/renato/bridge_ws/install/ros_ign_interfaces/lib:/home/renato/bridge_ws/install/ros_gz_sim/lib:/home/renato/bridge_ws/install/ros_gz_bridge/lib:/home/renato/bridge_ws/install/ros_gz_interfaces/lib:/opt/ros/humble/opt/rviz_ogre_vendor/lib:/opt/ros/humble/lib/x86_64-linux-gnu:/opt/ros/humble/lib /usr/bin/cmake --install /home/renato/ws_sensor_combined/build/csv_maker_pkg
[1.200s] -- Install configuration: ""
[1.200s] -- Installing: /home/renato/ws_sensor_combined/install/csv_maker_pkg/lib/csv_maker_pkg/csv_maker_node
[1.203s] -- Set runtime path of "/home/renato/ws_sensor_combined/install/csv_maker_pkg/lib/csv_maker_pkg/csv_maker_node" to ""
[1.203s] -- Up-to-date: /home/renato/ws_sensor_combined/install/csv_maker_pkg/share/ament_index/resource_index/package_run_dependencies/csv_maker_pkg
[1.203s] -- Up-to-date: /home/renato/ws_sensor_combined/install/csv_maker_pkg/share/ament_index/resource_index/parent_prefix_path/csv_maker_pkg
[1.203s] -- Up-to-date: /home/renato/ws_sensor_combined/install/csv_maker_pkg/share/csv_maker_pkg/environment/ament_prefix_path.sh
[1.203s] -- Installing: /home/renato/ws_sensor_combined/install/csv_maker_pkg/share/csv_maker_pkg/environment/ament_prefix_path.dsv
[1.203s] -- Up-to-date: /home/renato/ws_sensor_combined/install/csv_maker_pkg/share/csv_maker_pkg/environment/path.sh
[1.203s] -- Installing: /home/renato/ws_sensor_combined/install/csv_maker_pkg/share/csv_maker_pkg/environment/path.dsv
[1.203s] -- Up-to-date: /home/renato/ws_sensor_combined/install/csv_maker_pkg/share/csv_maker_pkg/local_setup.bash
[1.203s] -- Up-to-date: /home/renato/ws_sensor_combined/install/csv_maker_pkg/share/csv_maker_pkg/local_setup.sh
[1.203s] -- Up-to-date: /home/renato/ws_sensor_combined/install/csv_maker_pkg/share/csv_maker_pkg/local_setup.zsh
[1.203s] -- Installing: /home/renato/ws_sensor_combined/install/csv_maker_pkg/share/csv_maker_pkg/local_setup.dsv
[1.204s] -- Installing: /home/renato/ws_sensor_combined/install/csv_maker_pkg/share/csv_maker_pkg/package.dsv
[1.204s] -- Up-to-date: /home/renato/ws_sensor_combined/install/csv_maker_pkg/share/ament_index/resource_index/packages/csv_maker_pkg
[1.204s] -- Up-to-date: /home/renato/ws_sensor_combined/install/csv_maker_pkg/share/csv_maker_pkg/cmake/csv_maker_pkgConfig.cmake
[1.204s] -- Up-to-date: /home/renato/ws_sensor_combined/install/csv_maker_pkg/share/csv_maker_pkg/cmake/csv_maker_pkgConfig-version.cmake
[1.204s] -- Up-to-date: /home/renato/ws_sensor_combined/install/csv_maker_pkg/share/csv_maker_pkg/package.xml
[1.205s] Invoked command in '/home/renato/ws_sensor_combined/build/csv_maker_pkg' returned '0': CMAKE_PREFIX_PATH=/home/renato/ws_sensor_combined/install/px4_msgs:/home/renato/ws_sensor_combined/install/csv_maker_pkg:/home/renato/ws_sensor_combined/install/ros2bag_pkg:/home/renato/ws_sensor_combined/install/trajectory_planner:/home/renato/ws_sensor_combined/install/sensor_driver_pkg:/home/renato/ws_sensor_combined/install/px4_ros_com:/home/renato/ws_sensor_combined/install/load_cell_publisher_pkg:/home/renato/ws_sensor_combined/install/dual_wrench_publisher_pkg:/home/renato/ws_sensor_combined/install/debugger_position_z_pkg:/home/renato/ws_sensor_combined/install/apply_link_wrench_pkg:/home/renato/ws_sensor_combined/install/ground_truth_publisher_pkg:/home/renato/ws_sensor_combined/install/end_effector_pkg:/home/renato/bridge_ws/install/test_ros_gz_bridge:/home/renato/bridge_ws/install/ros_ign_interfaces:/home/renato/bridge_ws/install/ros_ign:/home/renato/bridge_ws/install/ros_ign_image:/home/renato/bridge_ws/install/ros_ign_gazebo_demos:/home/renato/bridge_ws/install/ros_ign_gazebo:/home/renato/bridge_ws/install/ros_ign_bridge:/home/renato/bridge_ws/install/ros_gz:/home/renato/bridge_ws/install/ros_gz_sim_demos:/home/renato/bridge_ws/install/ros_gz_sim:/home/renato/bridge_ws/install/ros_gz_image:/home/renato/bridge_ws/install/ros_gz_bridge:/home/renato/bridge_ws/install/ros_gz_interfaces:/opt/ros/humble LD_LIBRARY_PATH=/home/renato/ws_sensor_combined/install/px4_msgs/lib:/home/renato/ws_sensor_combined/install/trajectory_planner/lib:/home/renato/ws_sensor_combined/install/px4_ros_com/lib:/home/renato/bridge_ws/install/ros_ign_interfaces/lib:/home/renato/bridge_ws/install/ros_gz_sim/lib:/home/renato/bridge_ws/install/ros_gz_bridge/lib:/home/renato/bridge_ws/install/ros_gz_interfaces/lib:/opt/ros/humble/opt/rviz_ogre_vendor/lib:/opt/ros/humble/lib/x86_64-linux-gnu:/opt/ros/humble/lib /usr/bin/cmake --install /home/renato/ws_sensor_combined/build/csv_maker_pkg
