[0.040s] Invoking command in '/home/renato/ws_sensor_combined/build/debugger_position_z_pkg': CMAKE_PREFIX_PATH=/home/renato/ws_sensor_combined/install/px4_msgs:/home/renato/ws_sensor_combined/install/trajectory_planner:/home/renato/ws_sensor_combined/install/sensor_driver_pkg:/home/renato/ws_sensor_combined/install/load_cell_publisher_pkg:/home/renato/ws_sensor_combined/install/dual_wrench_publisher_pkg:/home/renato/ws_sensor_combined/install/debugger_position_z_pkg:/home/renato/ws_sensor_combined/install/apply_link_wrench_pkg:/home/renato/ws_sensor_combined/install/gazebo_cable:/home/renato/ws_sensor_combined/install/end_effector_pkg:/home/renato/bridge_ws/install/test_ros_gz_bridge:/home/renato/bridge_ws/install/ros_ign_interfaces:/home/renato/bridge_ws/install/ros_ign:/home/renato/bridge_ws/install/ros_ign_image:/home/renato/bridge_ws/install/ros_ign_gazebo_demos:/home/renato/bridge_ws/install/ros_ign_gazebo:/home/renato/bridge_ws/install/ros_ign_bridge:/home/renato/bridge_ws/install/ros_gz:/home/renato/bridge_ws/install/ros_gz_sim_demos:/home/renato/bridge_ws/install/ros_gz_sim:/home/renato/bridge_ws/install/ros_gz_image:/home/renato/bridge_ws/install/ros_gz_bridge:/home/renato/bridge_ws/install/ros_gz_interfaces:/opt/ros/humble LD_LIBRARY_PATH=/home/renato/ws_sensor_combined/install/px4_msgs/lib:/home/renato/ws_sensor_combined/install/trajectory_planner/lib:/home/renato/ws_sensor_combined/install/gazebo_cable/lib:/home/renato/bridge_ws/install/ros_ign_interfaces/lib:/home/renato/bridge_ws/install/ros_gz_sim/lib:/home/renato/bridge_ws/install/ros_gz_bridge/lib:/home/renato/bridge_ws/install/ros_gz_interfaces/lib:/opt/ros/humble/opt/rviz_ogre_vendor/lib:/opt/ros/humble/lib/x86_64-linux-gnu:/opt/ros/humble/lib /usr/bin/cmake /home/renato/ws_sensor_combined/src/debugger_position_z_pkg -DCMAKE_INSTALL_PREFIX=/home/renato/ws_sensor_combined/install/debugger_position_z_pkg
[0.125s] -- The C compiler identification is GNU 11.4.0
[0.221s] -- The CXX compiler identification is GNU 11.4.0
[0.235s] -- Detecting C compiler ABI info
[0.365s] -- Detecting C compiler ABI info - done
[0.382s] -- Check for working C compiler: /usr/bin/cc - skipped
[0.383s] -- Detecting C compile features
[0.384s] -- Detecting C compile features - done
[0.390s] -- Detecting CXX compiler ABI info
[0.528s] -- Detecting CXX compiler ABI info - done
[0.543s] -- Check for working CXX compiler: /usr/bin/c++ - skipped
[0.544s] -- Detecting CXX compile features
[0.545s] -- Detecting CXX compile features - done
[0.549s] -- Found ament_cmake: 1.3.11 (/opt/ros/humble/share/ament_cmake/cmake)
[1.719s] -- Found Python3: /usr/bin/python3 (found version "3.10.12") found components: Interpreter 
[1.881s] -- Found rclcpp: 16.0.11 (/opt/ros/humble/share/rclcpp/cmake)
[1.961s] -- Found rosidl_generator_c: 3.1.6 (/opt/ros/humble/share/rosidl_generator_c/cmake)
[1.971s] -- Found rosidl_adapter: 3.1.6 (/opt/ros/humble/share/rosidl_adapter/cmake)
[1.986s] -- Found rosidl_generator_cpp: 3.1.6 (/opt/ros/humble/share/rosidl_generator_cpp/cmake)
[2.009s] -- Using all available rosidl_typesupport_c: rosidl_typesupport_fastrtps_c;rosidl_typesupport_introspection_c
[2.038s] -- Using all available rosidl_typesupport_cpp: rosidl_typesupport_fastrtps_cpp;rosidl_typesupport_introspection_cpp
[2.115s] -- Found rmw_implementation_cmake: 6.1.2 (/opt/ros/humble/share/rmw_implementation_cmake/cmake)
[2.121s] -- Found rmw_fastrtps_cpp: 6.2.7 (/opt/ros/humble/share/rmw_fastrtps_cpp/cmake)
[2.277s] -- Found OpenSSL: /usr/lib/x86_64-linux-gnu/libcrypto.so (found version "3.0.2")  
[2.331s] -- Found FastRTPS: /opt/ros/humble/include  
[2.410s] -- Using RMW implementation 'rmw_fastrtps_cpp' as default
[2.427s] -- Looking for pthread.h
[2.558s] -- Looking for pthread.h - found
[2.559s] -- Performing Test CMAKE_HAVE_LIBC_PTHREAD
[2.697s] -- Performing Test CMAKE_HAVE_LIBC_PTHREAD - Success
[2.699s] -- Found Threads: TRUE  
[2.791s] -- Found geometry_msgs: 4.2.4 (/opt/ros/humble/share/geometry_msgs/cmake)
[2.811s] -- Found px4_msgs: 2.0.1 (/home/renato/ws_sensor_combined/install/px4_msgs/share/px4_msgs/cmake)
[2.837s] -- Found ament_lint_auto: 0.12.11 (/opt/ros/humble/share/ament_lint_auto/cmake)
[2.987s] -- Added test 'cppcheck' to perform static code analysis on C / C++ code
[2.987s] -- Configured cppcheck include dirs: 
[2.987s] -- Configured cppcheck exclude dirs and/or files: 
[2.989s] -- Added test 'lint_cmake' to check CMake code style
[2.991s] -- Added test 'uncrustify' to check C / C++ code style
[2.991s] -- Configured uncrustify additional arguments: 
[2.992s] -- Added test 'xmllint' to check XML markup files
[2.995s] -- Configuring done
[3.008s] -- Generating done
[3.014s] -- Build files have been written to: /home/renato/ws_sensor_combined/build/debugger_position_z_pkg
[3.029s] Invoked command in '/home/renato/ws_sensor_combined/build/debugger_position_z_pkg' returned '0': CMAKE_PREFIX_PATH=/home/renato/ws_sensor_combined/install/px4_msgs:/home/renato/ws_sensor_combined/install/trajectory_planner:/home/renato/ws_sensor_combined/install/sensor_driver_pkg:/home/renato/ws_sensor_combined/install/load_cell_publisher_pkg:/home/renato/ws_sensor_combined/install/dual_wrench_publisher_pkg:/home/renato/ws_sensor_combined/install/debugger_position_z_pkg:/home/renato/ws_sensor_combined/install/apply_link_wrench_pkg:/home/renato/ws_sensor_combined/install/gazebo_cable:/home/renato/ws_sensor_combined/install/end_effector_pkg:/home/renato/bridge_ws/install/test_ros_gz_bridge:/home/renato/bridge_ws/install/ros_ign_interfaces:/home/renato/bridge_ws/install/ros_ign:/home/renato/bridge_ws/install/ros_ign_image:/home/renato/bridge_ws/install/ros_ign_gazebo_demos:/home/renato/bridge_ws/install/ros_ign_gazebo:/home/renato/bridge_ws/install/ros_ign_bridge:/home/renato/bridge_ws/install/ros_gz:/home/renato/bridge_ws/install/ros_gz_sim_demos:/home/renato/bridge_ws/install/ros_gz_sim:/home/renato/bridge_ws/install/ros_gz_image:/home/renato/bridge_ws/install/ros_gz_bridge:/home/renato/bridge_ws/install/ros_gz_interfaces:/opt/ros/humble LD_LIBRARY_PATH=/home/renato/ws_sensor_combined/install/px4_msgs/lib:/home/renato/ws_sensor_combined/install/trajectory_planner/lib:/home/renato/ws_sensor_combined/install/gazebo_cable/lib:/home/renato/bridge_ws/install/ros_ign_interfaces/lib:/home/renato/bridge_ws/install/ros_gz_sim/lib:/home/renato/bridge_ws/install/ros_gz_bridge/lib:/home/renato/bridge_ws/install/ros_gz_interfaces/lib:/opt/ros/humble/opt/rviz_ogre_vendor/lib:/opt/ros/humble/lib/x86_64-linux-gnu:/opt/ros/humble/lib /usr/bin/cmake /home/renato/ws_sensor_combined/src/debugger_position_z_pkg -DCMAKE_INSTALL_PREFIX=/home/renato/ws_sensor_combined/install/debugger_position_z_pkg
[3.032s] Invoking command in '/home/renato/ws_sensor_combined/build/debugger_position_z_pkg': CMAKE_PREFIX_PATH=/home/renato/ws_sensor_combined/install/px4_msgs:/home/renato/ws_sensor_combined/install/trajectory_planner:/home/renato/ws_sensor_combined/install/sensor_driver_pkg:/home/renato/ws_sensor_combined/install/load_cell_publisher_pkg:/home/renato/ws_sensor_combined/install/dual_wrench_publisher_pkg:/home/renato/ws_sensor_combined/install/debugger_position_z_pkg:/home/renato/ws_sensor_combined/install/apply_link_wrench_pkg:/home/renato/ws_sensor_combined/install/gazebo_cable:/home/renato/ws_sensor_combined/install/end_effector_pkg:/home/renato/bridge_ws/install/test_ros_gz_bridge:/home/renato/bridge_ws/install/ros_ign_interfaces:/home/renato/bridge_ws/install/ros_ign:/home/renato/bridge_ws/install/ros_ign_image:/home/renato/bridge_ws/install/ros_ign_gazebo_demos:/home/renato/bridge_ws/install/ros_ign_gazebo:/home/renato/bridge_ws/install/ros_ign_bridge:/home/renato/bridge_ws/install/ros_gz:/home/renato/bridge_ws/install/ros_gz_sim_demos:/home/renato/bridge_ws/install/ros_gz_sim:/home/renato/bridge_ws/install/ros_gz_image:/home/renato/bridge_ws/install/ros_gz_bridge:/home/renato/bridge_ws/install/ros_gz_interfaces:/opt/ros/humble LD_LIBRARY_PATH=/home/renato/ws_sensor_combined/install/px4_msgs/lib:/home/renato/ws_sensor_combined/install/trajectory_planner/lib:/home/renato/ws_sensor_combined/install/gazebo_cable/lib:/home/renato/bridge_ws/install/ros_ign_interfaces/lib:/home/renato/bridge_ws/install/ros_gz_sim/lib:/home/renato/bridge_ws/install/ros_gz_bridge/lib:/home/renato/bridge_ws/install/ros_gz_interfaces/lib:/opt/ros/humble/opt/rviz_ogre_vendor/lib:/opt/ros/humble/lib/x86_64-linux-gnu:/opt/ros/humble/lib /usr/bin/cmake --build /home/renato/ws_sensor_combined/build/debugger_position_z_pkg -- -j20 -l20
[3.122s] [ 50%] [32mBuilding CXX object CMakeFiles/debugger_position_z_node.dir/src/debugger_position_z_node.cpp.o[0m
[23.229s] [100%] [32m[1mLinking CXX executable debugger_position_z_node[0m
[23.983s] [100%] Built target debugger_position_z_node
[23.999s] Invoked command in '/home/renato/ws_sensor_combined/build/debugger_position_z_pkg' returned '0': CMAKE_PREFIX_PATH=/home/renato/ws_sensor_combined/install/px4_msgs:/home/renato/ws_sensor_combined/install/trajectory_planner:/home/renato/ws_sensor_combined/install/sensor_driver_pkg:/home/renato/ws_sensor_combined/install/load_cell_publisher_pkg:/home/renato/ws_sensor_combined/install/dual_wrench_publisher_pkg:/home/renato/ws_sensor_combined/install/debugger_position_z_pkg:/home/renato/ws_sensor_combined/install/apply_link_wrench_pkg:/home/renato/ws_sensor_combined/install/gazebo_cable:/home/renato/ws_sensor_combined/install/end_effector_pkg:/home/renato/bridge_ws/install/test_ros_gz_bridge:/home/renato/bridge_ws/install/ros_ign_interfaces:/home/renato/bridge_ws/install/ros_ign:/home/renato/bridge_ws/install/ros_ign_image:/home/renato/bridge_ws/install/ros_ign_gazebo_demos:/home/renato/bridge_ws/install/ros_ign_gazebo:/home/renato/bridge_ws/install/ros_ign_bridge:/home/renato/bridge_ws/install/ros_gz:/home/renato/bridge_ws/install/ros_gz_sim_demos:/home/renato/bridge_ws/install/ros_gz_sim:/home/renato/bridge_ws/install/ros_gz_image:/home/renato/bridge_ws/install/ros_gz_bridge:/home/renato/bridge_ws/install/ros_gz_interfaces:/opt/ros/humble LD_LIBRARY_PATH=/home/renato/ws_sensor_combined/install/px4_msgs/lib:/home/renato/ws_sensor_combined/install/trajectory_planner/lib:/home/renato/ws_sensor_combined/install/gazebo_cable/lib:/home/renato/bridge_ws/install/ros_ign_interfaces/lib:/home/renato/bridge_ws/install/ros_gz_sim/lib:/home/renato/bridge_ws/install/ros_gz_bridge/lib:/home/renato/bridge_ws/install/ros_gz_interfaces/lib:/opt/ros/humble/opt/rviz_ogre_vendor/lib:/opt/ros/humble/lib/x86_64-linux-gnu:/opt/ros/humble/lib /usr/bin/cmake --build /home/renato/ws_sensor_combined/build/debugger_position_z_pkg -- -j20 -l20
[24.002s] Invoking command in '/home/renato/ws_sensor_combined/build/debugger_position_z_pkg': CMAKE_PREFIX_PATH=/home/renato/ws_sensor_combined/install/px4_msgs:/home/renato/ws_sensor_combined/install/trajectory_planner:/home/renato/ws_sensor_combined/install/sensor_driver_pkg:/home/renato/ws_sensor_combined/install/load_cell_publisher_pkg:/home/renato/ws_sensor_combined/install/dual_wrench_publisher_pkg:/home/renato/ws_sensor_combined/install/debugger_position_z_pkg:/home/renato/ws_sensor_combined/install/apply_link_wrench_pkg:/home/renato/ws_sensor_combined/install/gazebo_cable:/home/renato/ws_sensor_combined/install/end_effector_pkg:/home/renato/bridge_ws/install/test_ros_gz_bridge:/home/renato/bridge_ws/install/ros_ign_interfaces:/home/renato/bridge_ws/install/ros_ign:/home/renato/bridge_ws/install/ros_ign_image:/home/renato/bridge_ws/install/ros_ign_gazebo_demos:/home/renato/bridge_ws/install/ros_ign_gazebo:/home/renato/bridge_ws/install/ros_ign_bridge:/home/renato/bridge_ws/install/ros_gz:/home/renato/bridge_ws/install/ros_gz_sim_demos:/home/renato/bridge_ws/install/ros_gz_sim:/home/renato/bridge_ws/install/ros_gz_image:/home/renato/bridge_ws/install/ros_gz_bridge:/home/renato/bridge_ws/install/ros_gz_interfaces:/opt/ros/humble LD_LIBRARY_PATH=/home/renato/ws_sensor_combined/install/px4_msgs/lib:/home/renato/ws_sensor_combined/install/trajectory_planner/lib:/home/renato/ws_sensor_combined/install/gazebo_cable/lib:/home/renato/bridge_ws/install/ros_ign_interfaces/lib:/home/renato/bridge_ws/install/ros_gz_sim/lib:/home/renato/bridge_ws/install/ros_gz_bridge/lib:/home/renato/bridge_ws/install/ros_gz_interfaces/lib:/opt/ros/humble/opt/rviz_ogre_vendor/lib:/opt/ros/humble/lib/x86_64-linux-gnu:/opt/ros/humble/lib /usr/bin/cmake --install /home/renato/ws_sensor_combined/build/debugger_position_z_pkg
[24.013s] -- Install configuration: ""
[24.014s] -- Installing: /home/renato/ws_sensor_combined/install/debugger_position_z_pkg/lib/debugger_position_z_pkg/debugger_position_z_node
[24.019s] -- Set runtime path of "/home/renato/ws_sensor_combined/install/debugger_position_z_pkg/lib/debugger_position_z_pkg/debugger_position_z_node" to ""
[24.020s] -- Installing: /home/renato/ws_sensor_combined/install/debugger_position_z_pkg/share/ament_index/resource_index/package_run_dependencies/debugger_position_z_pkg
[24.020s] -- Installing: /home/renato/ws_sensor_combined/install/debugger_position_z_pkg/share/ament_index/resource_index/parent_prefix_path/debugger_position_z_pkg
[24.020s] -- Installing: /home/renato/ws_sensor_combined/install/debugger_position_z_pkg/share/debugger_position_z_pkg/environment/ament_prefix_path.sh
[24.020s] -- Installing: /home/renato/ws_sensor_combined/install/debugger_position_z_pkg/share/debugger_position_z_pkg/environment/ament_prefix_path.dsv
[24.020s] -- Installing: /home/renato/ws_sensor_combined/install/debugger_position_z_pkg/share/debugger_position_z_pkg/environment/path.sh
[24.021s] -- Installing: /home/renato/ws_sensor_combined/install/debugger_position_z_pkg/share/debugger_position_z_pkg/environment/path.dsv
[24.021s] -- Installing: /home/renato/ws_sensor_combined/install/debugger_position_z_pkg/share/debugger_position_z_pkg/local_setup.bash
[24.021s] -- Installing: /home/renato/ws_sensor_combined/install/debugger_position_z_pkg/share/debugger_position_z_pkg/local_setup.sh
[24.021s] -- Installing: /home/renato/ws_sensor_combined/install/debugger_position_z_pkg/share/debugger_position_z_pkg/local_setup.zsh
[24.021s] -- Installing: /home/renato/ws_sensor_combined/install/debugger_position_z_pkg/share/debugger_position_z_pkg/local_setup.dsv
[24.021s] -- Installing: /home/renato/ws_sensor_combined/install/debugger_position_z_pkg/share/debugger_position_z_pkg/package.dsv
[24.021s] -- Installing: /home/renato/ws_sensor_combined/install/debugger_position_z_pkg/share/ament_index/resource_index/packages/debugger_position_z_pkg
[24.021s] -- Installing: /home/renato/ws_sensor_combined/install/debugger_position_z_pkg/share/debugger_position_z_pkg/cmake/debugger_position_z_pkgConfig.cmake
[24.021s] -- Installing: /home/renato/ws_sensor_combined/install/debugger_position_z_pkg/share/debugger_position_z_pkg/cmake/debugger_position_z_pkgConfig-version.cmake
[24.021s] -- Installing: /home/renato/ws_sensor_combined/install/debugger_position_z_pkg/share/debugger_position_z_pkg/package.xml
[24.024s] Invoked command in '/home/renato/ws_sensor_combined/build/debugger_position_z_pkg' returned '0': CMAKE_PREFIX_PATH=/home/renato/ws_sensor_combined/install/px4_msgs:/home/renato/ws_sensor_combined/install/trajectory_planner:/home/renato/ws_sensor_combined/install/sensor_driver_pkg:/home/renato/ws_sensor_combined/install/load_cell_publisher_pkg:/home/renato/ws_sensor_combined/install/dual_wrench_publisher_pkg:/home/renato/ws_sensor_combined/install/debugger_position_z_pkg:/home/renato/ws_sensor_combined/install/apply_link_wrench_pkg:/home/renato/ws_sensor_combined/install/gazebo_cable:/home/renato/ws_sensor_combined/install/end_effector_pkg:/home/renato/bridge_ws/install/test_ros_gz_bridge:/home/renato/bridge_ws/install/ros_ign_interfaces:/home/renato/bridge_ws/install/ros_ign:/home/renato/bridge_ws/install/ros_ign_image:/home/renato/bridge_ws/install/ros_ign_gazebo_demos:/home/renato/bridge_ws/install/ros_ign_gazebo:/home/renato/bridge_ws/install/ros_ign_bridge:/home/renato/bridge_ws/install/ros_gz:/home/renato/bridge_ws/install/ros_gz_sim_demos:/home/renato/bridge_ws/install/ros_gz_sim:/home/renato/bridge_ws/install/ros_gz_image:/home/renato/bridge_ws/install/ros_gz_bridge:/home/renato/bridge_ws/install/ros_gz_interfaces:/opt/ros/humble LD_LIBRARY_PATH=/home/renato/ws_sensor_combined/install/px4_msgs/lib:/home/renato/ws_sensor_combined/install/trajectory_planner/lib:/home/renato/ws_sensor_combined/install/gazebo_cable/lib:/home/renato/bridge_ws/install/ros_ign_interfaces/lib:/home/renato/bridge_ws/install/ros_gz_sim/lib:/home/renato/bridge_ws/install/ros_gz_bridge/lib:/home/renato/bridge_ws/install/ros_gz_interfaces/lib:/opt/ros/humble/opt/rviz_ogre_vendor/lib:/opt/ros/humble/lib/x86_64-linux-gnu:/opt/ros/humble/lib /usr/bin/cmake --install /home/renato/ws_sensor_combined/build/debugger_position_z_pkg
