[0.214s] DEBUG:colcon:Command line arguments: ['/usr/bin/colcon', 'build']
[0.215s] DEBUG:colcon:Parsed command line arguments: Namespace(log_base=None, log_level=None, verb_name='build', build_base='build', install_base='install', merge_install=False, symlink_install=False, test_result_base=None, continue_on_error=False, executor='parallel', parallel_workers=20, event_handlers=None, ignore_user_meta=False, metas=['./colcon.meta'], base_paths=['.'], packages_ignore=None, packages_ignore_regex=None, paths=None, packages_up_to=None, packages_up_to_regex=None, packages_above=None, packages_above_and_dependencies=None, packages_above_depth=None, packages_select_by_dep=None, packages_skip_by_dep=None, packages_skip_up_to=None, packages_select_build_failed=False, packages_skip_build_finished=False, packages_select_test_failures=False, packages_skip_test_passed=False, packages_select=None, packages_skip=None, packages_select_regex=None, packages_skip_regex=None, packages_start=None, packages_end=None, allow_overriding=[], cmake_args=None, cmake_target=None, cmake_target_skip_unavailable=False, cmake_clean_cache=False, cmake_clean_first=False, cmake_force_configure=False, ament_cmake_args=None, catkin_cmake_args=None, catkin_skip_building_tests=False, mixin_files=None, mixin=None, verb_parser=<colcon_mixin.mixin.mixin_argument.MixinArgumentDecorator object at 0x7538ff733370>, verb_extension=<colcon_core.verb.build.BuildVerb object at 0x7538ff8782e0>, main=<bound method BuildVerb.main of <colcon_core.verb.build.BuildVerb object at 0x7538ff8782e0>>, mixin_verb=('build',))
[0.694s] Level 1:colcon.colcon_core.package_discovery:discover_packages(colcon_meta) check parameters
[0.695s] Level 1:colcon.colcon_core.package_discovery:discover_packages(recursive) check parameters
[0.695s] Level 1:colcon.colcon_core.package_discovery:discover_packages(ignore) check parameters
[0.695s] Level 1:colcon.colcon_core.package_discovery:discover_packages(path) check parameters
[0.695s] Level 1:colcon.colcon_core.package_discovery:discover_packages(colcon_meta) discover
[0.695s] Level 1:colcon.colcon_core.package_discovery:discover_packages(recursive) discover
[0.695s] INFO:colcon.colcon_core.package_discovery:Crawling recursively for packages in '/home/renato/ws_sensor_combined'
[0.695s] Level 1:colcon.colcon_core.package_identification:_identify(.) by extensions ['ignore', 'ignore_ament_install']
[0.695s] Level 1:colcon.colcon_core.package_identification:_identify(.) by extension 'ignore'
[0.696s] Level 1:colcon.colcon_core.package_identification:_identify(.) by extension 'ignore_ament_install'
[0.696s] Level 1:colcon.colcon_core.package_identification:_identify(.) by extensions ['colcon_pkg']
[0.696s] Level 1:colcon.colcon_core.package_identification:_identify(.) by extension 'colcon_pkg'
[0.696s] Level 1:colcon.colcon_core.package_identification:_identify(.) by extensions ['colcon_meta']
[0.696s] Level 1:colcon.colcon_core.package_identification:_identify(.) by extension 'colcon_meta'
[0.696s] Level 1:colcon.colcon_core.package_identification:_identify(.) by extensions ['ros']
[0.696s] Level 1:colcon.colcon_core.package_identification:_identify(.) by extension 'ros'
[0.723s] Level 1:colcon.colcon_core.package_identification:_identify(.) by extensions ['cmake', 'python']
[0.724s] Level 1:colcon.colcon_core.package_identification:_identify(.) by extension 'cmake'
[0.724s] Level 1:colcon.colcon_core.package_identification:_identify(.) by extension 'python'
[0.724s] Level 1:colcon.colcon_core.package_identification:_identify(.) by extensions ['python_setup_py']
[0.724s] Level 1:colcon.colcon_core.package_identification:_identify(.) by extension 'python_setup_py'
[0.724s] Level 1:colcon.colcon_core.package_identification:_identify(build) by extensions ['ignore', 'ignore_ament_install']
[0.724s] Level 1:colcon.colcon_core.package_identification:_identify(build) by extension 'ignore'
[0.724s] Level 1:colcon.colcon_core.package_identification:_identify(build) ignored
[0.725s] Level 1:colcon.colcon_core.package_identification:_identify(install) by extensions ['ignore', 'ignore_ament_install']
[0.725s] Level 1:colcon.colcon_core.package_identification:_identify(install) by extension 'ignore'
[0.725s] Level 1:colcon.colcon_core.package_identification:_identify(install) ignored
[0.725s] Level 1:colcon.colcon_core.package_identification:_identify(log) by extensions ['ignore', 'ignore_ament_install']
[0.725s] Level 1:colcon.colcon_core.package_identification:_identify(log) by extension 'ignore'
[0.725s] Level 1:colcon.colcon_core.package_identification:_identify(log) ignored
[0.725s] Level 1:colcon.colcon_core.package_identification:_identify(src) by extensions ['ignore', 'ignore_ament_install']
[0.725s] Level 1:colcon.colcon_core.package_identification:_identify(src) by extension 'ignore'
[0.725s] Level 1:colcon.colcon_core.package_identification:_identify(src) by extension 'ignore_ament_install'
[0.726s] Level 1:colcon.colcon_core.package_identification:_identify(src) by extensions ['colcon_pkg']
[0.726s] Level 1:colcon.colcon_core.package_identification:_identify(src) by extension 'colcon_pkg'
[0.726s] Level 1:colcon.colcon_core.package_identification:_identify(src) by extensions ['colcon_meta']
[0.726s] Level 1:colcon.colcon_core.package_identification:_identify(src) by extension 'colcon_meta'
[0.726s] Level 1:colcon.colcon_core.package_identification:_identify(src) by extensions ['ros']
[0.726s] Level 1:colcon.colcon_core.package_identification:_identify(src) by extension 'ros'
[0.726s] Level 1:colcon.colcon_core.package_identification:_identify(src) by extensions ['cmake', 'python']
[0.726s] Level 1:colcon.colcon_core.package_identification:_identify(src) by extension 'cmake'
[0.726s] Level 1:colcon.colcon_core.package_identification:_identify(src) by extension 'python'
[0.726s] Level 1:colcon.colcon_core.package_identification:_identify(src) by extensions ['python_setup_py']
[0.726s] Level 1:colcon.colcon_core.package_identification:_identify(src) by extension 'python_setup_py'
[0.726s] Level 1:colcon.colcon_core.package_identification:_identify(src/apply_link_wrench_pkg) by extensions ['ignore', 'ignore_ament_install']
[0.726s] Level 1:colcon.colcon_core.package_identification:_identify(src/apply_link_wrench_pkg) by extension 'ignore'
[0.727s] Level 1:colcon.colcon_core.package_identification:_identify(src/apply_link_wrench_pkg) by extension 'ignore_ament_install'
[0.727s] Level 1:colcon.colcon_core.package_identification:_identify(src/apply_link_wrench_pkg) by extensions ['colcon_pkg']
[0.727s] Level 1:colcon.colcon_core.package_identification:_identify(src/apply_link_wrench_pkg) by extension 'colcon_pkg'
[0.727s] Level 1:colcon.colcon_core.package_identification:_identify(src/apply_link_wrench_pkg) by extensions ['colcon_meta']
[0.727s] Level 1:colcon.colcon_core.package_identification:_identify(src/apply_link_wrench_pkg) by extension 'colcon_meta'
[0.727s] Level 1:colcon.colcon_core.package_identification:_identify(src/apply_link_wrench_pkg) by extensions ['ros']
[0.727s] Level 1:colcon.colcon_core.package_identification:_identify(src/apply_link_wrench_pkg) by extension 'ros'
[0.732s] DEBUG:colcon.colcon_core.package_identification:Package 'src/apply_link_wrench_pkg' with type 'ros.ament_cmake' and name 'apply_link_wrench_pkg'
[0.732s] Level 1:colcon.colcon_core.package_identification:_identify(src/dual_wrench_publisher_pkg) by extensions ['ignore', 'ignore_ament_install']
[0.732s] Level 1:colcon.colcon_core.package_identification:_identify(src/dual_wrench_publisher_pkg) by extension 'ignore'
[0.732s] Level 1:colcon.colcon_core.package_identification:_identify(src/dual_wrench_publisher_pkg) by extension 'ignore_ament_install'
[0.732s] Level 1:colcon.colcon_core.package_identification:_identify(src/dual_wrench_publisher_pkg) by extensions ['colcon_pkg']
[0.733s] Level 1:colcon.colcon_core.package_identification:_identify(src/dual_wrench_publisher_pkg) by extension 'colcon_pkg'
[0.733s] Level 1:colcon.colcon_core.package_identification:_identify(src/dual_wrench_publisher_pkg) by extensions ['colcon_meta']
[0.733s] Level 1:colcon.colcon_core.package_identification:_identify(src/dual_wrench_publisher_pkg) by extension 'colcon_meta'
[0.733s] Level 1:colcon.colcon_core.package_identification:_identify(src/dual_wrench_publisher_pkg) by extensions ['ros']
[0.733s] Level 1:colcon.colcon_core.package_identification:_identify(src/dual_wrench_publisher_pkg) by extension 'ros'
[0.734s] DEBUG:colcon.colcon_core.package_identification:Package 'src/dual_wrench_publisher_pkg' with type 'ros.ament_cmake' and name 'dual_wrench_publisher_pkg'
[0.734s] Level 1:colcon.colcon_core.package_identification:_identify(src/load_cell_publisher_pkg) by extensions ['ignore', 'ignore_ament_install']
[0.734s] Level 1:colcon.colcon_core.package_identification:_identify(src/load_cell_publisher_pkg) by extension 'ignore'
[0.735s] Level 1:colcon.colcon_core.package_identification:_identify(src/load_cell_publisher_pkg) by extension 'ignore_ament_install'
[0.735s] Level 1:colcon.colcon_core.package_identification:_identify(src/load_cell_publisher_pkg) by extensions ['colcon_pkg']
[0.735s] Level 1:colcon.colcon_core.package_identification:_identify(src/load_cell_publisher_pkg) by extension 'colcon_pkg'
[0.735s] Level 1:colcon.colcon_core.package_identification:_identify(src/load_cell_publisher_pkg) by extensions ['colcon_meta']
[0.735s] Level 1:colcon.colcon_core.package_identification:_identify(src/load_cell_publisher_pkg) by extension 'colcon_meta'
[0.735s] Level 1:colcon.colcon_core.package_identification:_identify(src/load_cell_publisher_pkg) by extensions ['ros']
[0.735s] Level 1:colcon.colcon_core.package_identification:_identify(src/load_cell_publisher_pkg) by extension 'ros'
[0.736s] DEBUG:colcon.colcon_core.package_identification:Package 'src/load_cell_publisher_pkg' with type 'ros.ament_cmake' and name 'load_cell_publisher_pkg'
[0.736s] Level 1:colcon.colcon_core.package_identification:_identify(src/px4_msgs) by extensions ['ignore', 'ignore_ament_install']
[0.736s] Level 1:colcon.colcon_core.package_identification:_identify(src/px4_msgs) by extension 'ignore'
[0.736s] Level 1:colcon.colcon_core.package_identification:_identify(src/px4_msgs) by extension 'ignore_ament_install'
[0.737s] Level 1:colcon.colcon_core.package_identification:_identify(src/px4_msgs) by extensions ['colcon_pkg']
[0.737s] Level 1:colcon.colcon_core.package_identification:_identify(src/px4_msgs) by extension 'colcon_pkg'
[0.737s] Level 1:colcon.colcon_core.package_identification:_identify(src/px4_msgs) by extensions ['colcon_meta']
[0.737s] Level 1:colcon.colcon_core.package_identification:_identify(src/px4_msgs) by extension 'colcon_meta'
[0.737s] Level 1:colcon.colcon_core.package_identification:_identify(src/px4_msgs) by extensions ['ros']
[0.737s] Level 1:colcon.colcon_core.package_identification:_identify(src/px4_msgs) by extension 'ros'
[0.738s] DEBUG:colcon.colcon_core.package_identification:Package 'src/px4_msgs' with type 'ros.ament_cmake' and name 'px4_msgs'
[0.738s] Level 1:colcon.colcon_core.package_identification:_identify(src/px4_ros_com) by extensions ['ignore', 'ignore_ament_install']
[0.739s] Level 1:colcon.colcon_core.package_identification:_identify(src/px4_ros_com) by extension 'ignore'
[0.739s] Level 1:colcon.colcon_core.package_identification:_identify(src/px4_ros_com) by extension 'ignore_ament_install'
[0.739s] Level 1:colcon.colcon_core.package_identification:_identify(src/px4_ros_com) by extensions ['colcon_pkg']
[0.739s] Level 1:colcon.colcon_core.package_identification:_identify(src/px4_ros_com) by extension 'colcon_pkg'
[0.739s] Level 1:colcon.colcon_core.package_identification:_identify(src/px4_ros_com) by extensions ['colcon_meta']
[0.739s] Level 1:colcon.colcon_core.package_identification:_identify(src/px4_ros_com) by extension 'colcon_meta'
[0.739s] Level 1:colcon.colcon_core.package_identification:_identify(src/px4_ros_com) by extensions ['ros']
[0.739s] Level 1:colcon.colcon_core.package_identification:_identify(src/px4_ros_com) by extension 'ros'
[0.742s] DEBUG:colcon.colcon_core.package_identification:Package 'src/px4_ros_com' with type 'ros.ament_cmake' and name 'px4_ros_com'
[0.742s] Level 1:colcon.colcon_core.package_identification:_identify(src/sensor_driver_pkg) by extensions ['ignore', 'ignore_ament_install']
[0.742s] Level 1:colcon.colcon_core.package_identification:_identify(src/sensor_driver_pkg) by extension 'ignore'
[0.742s] Level 1:colcon.colcon_core.package_identification:_identify(src/sensor_driver_pkg) by extension 'ignore_ament_install'
[0.742s] Level 1:colcon.colcon_core.package_identification:_identify(src/sensor_driver_pkg) by extensions ['colcon_pkg']
[0.742s] Level 1:colcon.colcon_core.package_identification:_identify(src/sensor_driver_pkg) by extension 'colcon_pkg'
[0.742s] Level 1:colcon.colcon_core.package_identification:_identify(src/sensor_driver_pkg) by extensions ['colcon_meta']
[0.742s] Level 1:colcon.colcon_core.package_identification:_identify(src/sensor_driver_pkg) by extension 'colcon_meta'
[0.743s] Level 1:colcon.colcon_core.package_identification:_identify(src/sensor_driver_pkg) by extensions ['ros']
[0.743s] Level 1:colcon.colcon_core.package_identification:_identify(src/sensor_driver_pkg) by extension 'ros'
[0.744s] DEBUG:colcon.colcon_core.package_identification:Package 'src/sensor_driver_pkg' with type 'ros.ament_cmake' and name 'sensor_driver_pkg'
[0.744s] Level 1:colcon.colcon_core.package_discovery:discover_packages(recursive) using defaults
[0.744s] Level 1:colcon.colcon_core.package_discovery:discover_packages(ignore) discover
[0.744s] Level 1:colcon.colcon_core.package_discovery:discover_packages(ignore) using defaults
[0.744s] Level 1:colcon.colcon_core.package_discovery:discover_packages(path) discover
[0.744s] Level 1:colcon.colcon_core.package_discovery:discover_packages(path) using defaults
[0.784s] Level 1:colcon.colcon_core.package_discovery:discover_packages(prefix_path) check parameters
[0.784s] Level 1:colcon.colcon_core.package_discovery:discover_packages(prefix_path) discover
[0.789s] DEBUG:colcon.colcon_installed_package_information.package_discovery:Found 6 installed packages in /home/renato/ws_sensor_combined/install
[0.791s] DEBUG:colcon.colcon_installed_package_information.package_discovery:Found 13 installed packages in /home/renato/bridge_ws/install
[0.793s] DEBUG:colcon.colcon_installed_package_information.package_discovery:Found 284 installed packages in /opt/ros/humble
[0.796s] Level 1:colcon.colcon_core.package_discovery:discover_packages(prefix_path) using defaults
[0.864s] Level 5:colcon.colcon_core.verb:set package 'apply_link_wrench_pkg' build argument 'cmake_args' from command line to 'None'
[0.864s] Level 5:colcon.colcon_core.verb:set package 'apply_link_wrench_pkg' build argument 'cmake_target' from command line to 'None'
[0.864s] Level 5:colcon.colcon_core.verb:set package 'apply_link_wrench_pkg' build argument 'cmake_target_skip_unavailable' from command line to 'False'
[0.864s] Level 5:colcon.colcon_core.verb:set package 'apply_link_wrench_pkg' build argument 'cmake_clean_cache' from command line to 'False'
[0.864s] Level 5:colcon.colcon_core.verb:set package 'apply_link_wrench_pkg' build argument 'cmake_clean_first' from command line to 'False'
[0.864s] Level 5:colcon.colcon_core.verb:set package 'apply_link_wrench_pkg' build argument 'cmake_force_configure' from command line to 'False'
[0.864s] Level 5:colcon.colcon_core.verb:set package 'apply_link_wrench_pkg' build argument 'ament_cmake_args' from command line to 'None'
[0.865s] Level 5:colcon.colcon_core.verb:set package 'apply_link_wrench_pkg' build argument 'catkin_cmake_args' from command line to 'None'
[0.865s] Level 5:colcon.colcon_core.verb:set package 'apply_link_wrench_pkg' build argument 'catkin_skip_building_tests' from command line to 'False'
[0.865s] DEBUG:colcon.colcon_core.verb:Building package 'apply_link_wrench_pkg' with the following arguments: {'ament_cmake_args': None, 'build_base': '/home/renato/ws_sensor_combined/build/apply_link_wrench_pkg', 'catkin_cmake_args': None, 'catkin_skip_building_tests': False, 'cmake_args': None, 'cmake_clean_cache': False, 'cmake_clean_first': False, 'cmake_force_configure': False, 'cmake_target': None, 'cmake_target_skip_unavailable': False, 'install_base': '/home/renato/ws_sensor_combined/install/apply_link_wrench_pkg', 'merge_install': False, 'path': '/home/renato/ws_sensor_combined/src/apply_link_wrench_pkg', 'symlink_install': False, 'test_result_base': None}
[0.865s] Level 5:colcon.colcon_core.verb:set package 'px4_msgs' build argument 'cmake_args' from command line to 'None'
[0.865s] Level 5:colcon.colcon_core.verb:set package 'px4_msgs' build argument 'cmake_target' from command line to 'None'
[0.865s] Level 5:colcon.colcon_core.verb:set package 'px4_msgs' build argument 'cmake_target_skip_unavailable' from command line to 'False'
[0.865s] Level 5:colcon.colcon_core.verb:set package 'px4_msgs' build argument 'cmake_clean_cache' from command line to 'False'
[0.865s] Level 5:colcon.colcon_core.verb:set package 'px4_msgs' build argument 'cmake_clean_first' from command line to 'False'
[0.865s] Level 5:colcon.colcon_core.verb:set package 'px4_msgs' build argument 'cmake_force_configure' from command line to 'False'
[0.866s] Level 5:colcon.colcon_core.verb:set package 'px4_msgs' build argument 'ament_cmake_args' from command line to 'None'
[0.866s] Level 5:colcon.colcon_core.verb:set package 'px4_msgs' build argument 'catkin_cmake_args' from command line to 'None'
[0.866s] Level 5:colcon.colcon_core.verb:set package 'px4_msgs' build argument 'catkin_skip_building_tests' from command line to 'False'
[0.866s] DEBUG:colcon.colcon_core.verb:Building package 'px4_msgs' with the following arguments: {'ament_cmake_args': None, 'build_base': '/home/renato/ws_sensor_combined/build/px4_msgs', 'catkin_cmake_args': None, 'catkin_skip_building_tests': False, 'cmake_args': None, 'cmake_clean_cache': False, 'cmake_clean_first': False, 'cmake_force_configure': False, 'cmake_target': None, 'cmake_target_skip_unavailable': False, 'install_base': '/home/renato/ws_sensor_combined/install/px4_msgs', 'merge_install': False, 'path': '/home/renato/ws_sensor_combined/src/px4_msgs', 'symlink_install': False, 'test_result_base': None}
[0.866s] Level 5:colcon.colcon_core.verb:set package 'dual_wrench_publisher_pkg' build argument 'cmake_args' from command line to 'None'
[0.866s] Level 5:colcon.colcon_core.verb:set package 'dual_wrench_publisher_pkg' build argument 'cmake_target' from command line to 'None'
[0.866s] Level 5:colcon.colcon_core.verb:set package 'dual_wrench_publisher_pkg' build argument 'cmake_target_skip_unavailable' from command line to 'False'
[0.866s] Level 5:colcon.colcon_core.verb:set package 'dual_wrench_publisher_pkg' build argument 'cmake_clean_cache' from command line to 'False'
[0.866s] Level 5:colcon.colcon_core.verb:set package 'dual_wrench_publisher_pkg' build argument 'cmake_clean_first' from command line to 'False'
[0.866s] Level 5:colcon.colcon_core.verb:set package 'dual_wrench_publisher_pkg' build argument 'cmake_force_configure' from command line to 'False'
[0.866s] Level 5:colcon.colcon_core.verb:set package 'dual_wrench_publisher_pkg' build argument 'ament_cmake_args' from command line to 'None'
[0.866s] Level 5:colcon.colcon_core.verb:set package 'dual_wrench_publisher_pkg' build argument 'catkin_cmake_args' from command line to 'None'
[0.866s] Level 5:colcon.colcon_core.verb:set package 'dual_wrench_publisher_pkg' build argument 'catkin_skip_building_tests' from command line to 'False'
[0.867s] DEBUG:colcon.colcon_core.verb:Building package 'dual_wrench_publisher_pkg' with the following arguments: {'ament_cmake_args': None, 'build_base': '/home/renato/ws_sensor_combined/build/dual_wrench_publisher_pkg', 'catkin_cmake_args': None, 'catkin_skip_building_tests': False, 'cmake_args': None, 'cmake_clean_cache': False, 'cmake_clean_first': False, 'cmake_force_configure': False, 'cmake_target': None, 'cmake_target_skip_unavailable': False, 'install_base': '/home/renato/ws_sensor_combined/install/dual_wrench_publisher_pkg', 'merge_install': False, 'path': '/home/renato/ws_sensor_combined/src/dual_wrench_publisher_pkg', 'symlink_install': False, 'test_result_base': None}
[0.867s] Level 5:colcon.colcon_core.verb:set package 'load_cell_publisher_pkg' build argument 'cmake_args' from command line to 'None'
[0.867s] Level 5:colcon.colcon_core.verb:set package 'load_cell_publisher_pkg' build argument 'cmake_target' from command line to 'None'
[0.867s] Level 5:colcon.colcon_core.verb:set package 'load_cell_publisher_pkg' build argument 'cmake_target_skip_unavailable' from command line to 'False'
[0.867s] Level 5:colcon.colcon_core.verb:set package 'load_cell_publisher_pkg' build argument 'cmake_clean_cache' from command line to 'False'
[0.867s] Level 5:colcon.colcon_core.verb:set package 'load_cell_publisher_pkg' build argument 'cmake_clean_first' from command line to 'False'
[0.867s] Level 5:colcon.colcon_core.verb:set package 'load_cell_publisher_pkg' build argument 'cmake_force_configure' from command line to 'False'
[0.867s] Level 5:colcon.colcon_core.verb:set package 'load_cell_publisher_pkg' build argument 'ament_cmake_args' from command line to 'None'
[0.867s] Level 5:colcon.colcon_core.verb:set package 'load_cell_publisher_pkg' build argument 'catkin_cmake_args' from command line to 'None'
[0.867s] Level 5:colcon.colcon_core.verb:set package 'load_cell_publisher_pkg' build argument 'catkin_skip_building_tests' from command line to 'False'
[0.867s] DEBUG:colcon.colcon_core.verb:Building package 'load_cell_publisher_pkg' with the following arguments: {'ament_cmake_args': None, 'build_base': '/home/renato/ws_sensor_combined/build/load_cell_publisher_pkg', 'catkin_cmake_args': None, 'catkin_skip_building_tests': False, 'cmake_args': None, 'cmake_clean_cache': False, 'cmake_clean_first': False, 'cmake_force_configure': False, 'cmake_target': None, 'cmake_target_skip_unavailable': False, 'install_base': '/home/renato/ws_sensor_combined/install/load_cell_publisher_pkg', 'merge_install': False, 'path': '/home/renato/ws_sensor_combined/src/load_cell_publisher_pkg', 'symlink_install': False, 'test_result_base': None}
[0.868s] Level 5:colcon.colcon_core.verb:set package 'px4_ros_com' build argument 'cmake_args' from command line to 'None'
[0.868s] Level 5:colcon.colcon_core.verb:set package 'px4_ros_com' build argument 'cmake_target' from command line to 'None'
[0.868s] Level 5:colcon.colcon_core.verb:set package 'px4_ros_com' build argument 'cmake_target_skip_unavailable' from command line to 'False'
[0.868s] Level 5:colcon.colcon_core.verb:set package 'px4_ros_com' build argument 'cmake_clean_cache' from command line to 'False'
[0.868s] Level 5:colcon.colcon_core.verb:set package 'px4_ros_com' build argument 'cmake_clean_first' from command line to 'False'
[0.868s] Level 5:colcon.colcon_core.verb:set package 'px4_ros_com' build argument 'cmake_force_configure' from command line to 'False'
[0.868s] Level 5:colcon.colcon_core.verb:set package 'px4_ros_com' build argument 'ament_cmake_args' from command line to 'None'
[0.868s] Level 5:colcon.colcon_core.verb:set package 'px4_ros_com' build argument 'catkin_cmake_args' from command line to 'None'
[0.868s] Level 5:colcon.colcon_core.verb:set package 'px4_ros_com' build argument 'catkin_skip_building_tests' from command line to 'False'
[0.868s] DEBUG:colcon.colcon_core.verb:Building package 'px4_ros_com' with the following arguments: {'ament_cmake_args': None, 'build_base': '/home/renato/ws_sensor_combined/build/px4_ros_com', 'catkin_cmake_args': None, 'catkin_skip_building_tests': False, 'cmake_args': None, 'cmake_clean_cache': False, 'cmake_clean_first': False, 'cmake_force_configure': False, 'cmake_target': None, 'cmake_target_skip_unavailable': False, 'install_base': '/home/renato/ws_sensor_combined/install/px4_ros_com', 'merge_install': False, 'path': '/home/renato/ws_sensor_combined/src/px4_ros_com', 'symlink_install': False, 'test_result_base': None}
[0.869s] Level 5:colcon.colcon_core.verb:set package 'sensor_driver_pkg' build argument 'cmake_args' from command line to 'None'
[0.869s] Level 5:colcon.colcon_core.verb:set package 'sensor_driver_pkg' build argument 'cmake_target' from command line to 'None'
[0.869s] Level 5:colcon.colcon_core.verb:set package 'sensor_driver_pkg' build argument 'cmake_target_skip_unavailable' from command line to 'False'
[0.869s] Level 5:colcon.colcon_core.verb:set package 'sensor_driver_pkg' build argument 'cmake_clean_cache' from command line to 'False'
[0.869s] Level 5:colcon.colcon_core.verb:set package 'sensor_driver_pkg' build argument 'cmake_clean_first' from command line to 'False'
[0.869s] Level 5:colcon.colcon_core.verb:set package 'sensor_driver_pkg' build argument 'cmake_force_configure' from command line to 'False'
[0.869s] Level 5:colcon.colcon_core.verb:set package 'sensor_driver_pkg' build argument 'ament_cmake_args' from command line to 'None'
[0.869s] Level 5:colcon.colcon_core.verb:set package 'sensor_driver_pkg' build argument 'catkin_cmake_args' from command line to 'None'
[0.869s] Level 5:colcon.colcon_core.verb:set package 'sensor_driver_pkg' build argument 'catkin_skip_building_tests' from command line to 'False'
[0.869s] DEBUG:colcon.colcon_core.verb:Building package 'sensor_driver_pkg' with the following arguments: {'ament_cmake_args': None, 'build_base': '/home/renato/ws_sensor_combined/build/sensor_driver_pkg', 'catkin_cmake_args': None, 'catkin_skip_building_tests': False, 'cmake_args': None, 'cmake_clean_cache': False, 'cmake_clean_first': False, 'cmake_force_configure': False, 'cmake_target': None, 'cmake_target_skip_unavailable': False, 'install_base': '/home/renato/ws_sensor_combined/install/sensor_driver_pkg', 'merge_install': False, 'path': '/home/renato/ws_sensor_combined/src/sensor_driver_pkg', 'symlink_install': False, 'test_result_base': None}
[0.869s] INFO:colcon.colcon_core.executor:Executing jobs using 'parallel' executor
[0.871s] DEBUG:colcon.colcon_parallel_executor.executor.parallel:run_until_complete
[0.872s] INFO:colcon.colcon_ros.task.ament_cmake.build:Building ROS package in '/home/renato/ws_sensor_combined/src/px4_msgs' with build type 'ament_cmake'
[0.872s] INFO:colcon.colcon_cmake.task.cmake.build:Building CMake package in '/home/renato/ws_sensor_combined/src/px4_msgs'
[0.876s] INFO:colcon.colcon_core.plugin_system:Skipping extension 'colcon_core.shell.bat': Not used on non-Windows systems
[0.876s] INFO:colcon.colcon_core.shell:Skip shell extension 'powershell' for command environment: Not usable outside of PowerShell
[0.876s] DEBUG:colcon.colcon_core.shell:Skip shell extension 'dsv' for command environment
[0.885s] INFO:colcon.colcon_ros.task.ament_cmake.build:Building ROS package in '/home/renato/ws_sensor_combined/src/apply_link_wrench_pkg' with build type 'ament_cmake'
[0.885s] INFO:colcon.colcon_cmake.task.cmake.build:Building CMake package in '/home/renato/ws_sensor_combined/src/apply_link_wrench_pkg'
[0.886s] INFO:colcon.colcon_core.shell:Skip shell extension 'powershell' for command environment: Not usable outside of PowerShell
[0.886s] DEBUG:colcon.colcon_core.shell:Skip shell extension 'dsv' for command environment
[0.903s] DEBUG:colcon.colcon_core.event_handler.log_command:Invoking command in '/home/renato/ws_sensor_combined/build/px4_msgs': CMAKE_PREFIX_PATH=${CMAKE_PREFIX_PATH}:/opt/ros/humble /usr/bin/cmake --build /home/renato/ws_sensor_combined/build/px4_msgs -- -j20 -l20
[0.911s] DEBUG:colcon.colcon_core.event_handler.log_command:Invoking command in '/home/renato/ws_sensor_combined/build/apply_link_wrench_pkg': CMAKE_PREFIX_PATH=${CMAKE_PREFIX_PATH}:/opt/ros/humble /usr/bin/cmake --build /home/renato/ws_sensor_combined/build/apply_link_wrench_pkg -- -j20 -l20
[3.007s] DEBUG:colcon.colcon_core.event_handler.log_command:Invoked command in '/home/renato/ws_sensor_combined/build/px4_msgs' returned '0': CMAKE_PREFIX_PATH=${CMAKE_PREFIX_PATH}:/opt/ros/humble /usr/bin/cmake --build /home/renato/ws_sensor_combined/build/px4_msgs -- -j20 -l20
[3.026s] DEBUG:colcon.colcon_core.event_handler.log_command:Invoking command in '/home/renato/ws_sensor_combined/build/px4_msgs': CMAKE_PREFIX_PATH=${CMAKE_PREFIX_PATH}:/opt/ros/humble /usr/bin/cmake --install /home/renato/ws_sensor_combined/build/px4_msgs
[3.836s] Level 1:colcon.colcon_core.environment:create_environment_scripts_only(px4_msgs)
[3.837s] DEBUG:colcon.colcon_core.event_handler.log_command:Invoked command in '/home/renato/ws_sensor_combined/build/px4_msgs' returned '0': CMAKE_PREFIX_PATH=${CMAKE_PREFIX_PATH}:/opt/ros/humble /usr/bin/cmake --install /home/renato/ws_sensor_combined/build/px4_msgs
[3.841s] Level 1:colcon.colcon_core.environment:checking '/home/renato/ws_sensor_combined/install/px4_msgs' for CMake module files
[3.842s] Level 1:colcon.colcon_core.environment:checking '/home/renato/ws_sensor_combined/install/px4_msgs' for CMake config files
[3.864s] Level 1:colcon.colcon_core.shell:create_environment_hook('px4_msgs', 'cmake_prefix_path')
[3.864s] INFO:colcon.colcon_core.shell:Creating environment hook '/home/renato/ws_sensor_combined/install/px4_msgs/share/px4_msgs/hook/cmake_prefix_path.ps1'
[3.865s] INFO:colcon.colcon_core.shell:Creating environment descriptor '/home/renato/ws_sensor_combined/install/px4_msgs/share/px4_msgs/hook/cmake_prefix_path.dsv'
[3.866s] INFO:colcon.colcon_core.shell:Creating environment hook '/home/renato/ws_sensor_combined/install/px4_msgs/share/px4_msgs/hook/cmake_prefix_path.sh'
[3.868s] Level 1:colcon.colcon_core.environment:checking '/home/renato/ws_sensor_combined/install/px4_msgs/lib'
[3.868s] Level 1:colcon.colcon_core.shell:create_environment_hook('px4_msgs', 'ld_library_path_lib')
[3.868s] INFO:colcon.colcon_core.shell:Creating environment hook '/home/renato/ws_sensor_combined/install/px4_msgs/share/px4_msgs/hook/ld_library_path_lib.ps1'
[3.869s] INFO:colcon.colcon_core.shell:Creating environment descriptor '/home/renato/ws_sensor_combined/install/px4_msgs/share/px4_msgs/hook/ld_library_path_lib.dsv'
[3.870s] INFO:colcon.colcon_core.shell:Creating environment hook '/home/renato/ws_sensor_combined/install/px4_msgs/share/px4_msgs/hook/ld_library_path_lib.sh'
[3.870s] Level 1:colcon.colcon_core.environment:checking '/home/renato/ws_sensor_combined/install/px4_msgs/bin'
[3.871s] Level 1:colcon.colcon_core.environment:checking '/home/renato/ws_sensor_combined/install/px4_msgs/lib/pkgconfig/px4_msgs.pc'
[3.871s] Level 1:colcon.colcon_core.environment:checking '/home/renato/ws_sensor_combined/install/px4_msgs/lib/python3.10/site-packages'
[3.872s] Level 1:colcon.colcon_core.environment:checking '/home/renato/ws_sensor_combined/install/px4_msgs/bin'
[3.873s] INFO:colcon.colcon_core.shell:Creating package script '/home/renato/ws_sensor_combined/install/px4_msgs/share/px4_msgs/package.ps1'
[3.875s] INFO:colcon.colcon_core.shell:Creating package descriptor '/home/renato/ws_sensor_combined/install/px4_msgs/share/px4_msgs/package.dsv'
[3.876s] INFO:colcon.colcon_core.shell:Creating package script '/home/renato/ws_sensor_combined/install/px4_msgs/share/px4_msgs/package.sh'
[3.877s] INFO:colcon.colcon_core.shell:Creating package script '/home/renato/ws_sensor_combined/install/px4_msgs/share/px4_msgs/package.bash'
[3.879s] INFO:colcon.colcon_core.shell:Creating package script '/home/renato/ws_sensor_combined/install/px4_msgs/share/px4_msgs/package.zsh'
[3.880s] Level 1:colcon.colcon_core.environment:create_file_with_runtime_dependencies(/home/renato/ws_sensor_combined/install/px4_msgs/share/colcon-core/packages/px4_msgs)
[3.881s] Level 1:colcon.colcon_core.environment:create_environment_scripts_only(px4_msgs)
[3.882s] Level 1:colcon.colcon_core.environment:checking '/home/renato/ws_sensor_combined/install/px4_msgs' for CMake module files
[3.883s] Level 1:colcon.colcon_core.environment:checking '/home/renato/ws_sensor_combined/install/px4_msgs' for CMake config files
[3.910s] Level 1:colcon.colcon_core.shell:create_environment_hook('px4_msgs', 'cmake_prefix_path')
[3.911s] INFO:colcon.colcon_core.shell:Creating environment hook '/home/renato/ws_sensor_combined/install/px4_msgs/share/px4_msgs/hook/cmake_prefix_path.ps1'
[3.912s] INFO:colcon.colcon_core.shell:Creating environment descriptor '/home/renato/ws_sensor_combined/install/px4_msgs/share/px4_msgs/hook/cmake_prefix_path.dsv'
[3.912s] INFO:colcon.colcon_core.shell:Creating environment hook '/home/renato/ws_sensor_combined/install/px4_msgs/share/px4_msgs/hook/cmake_prefix_path.sh'
[3.914s] Level 1:colcon.colcon_core.environment:checking '/home/renato/ws_sensor_combined/install/px4_msgs/lib'
[3.914s] Level 1:colcon.colcon_core.shell:create_environment_hook('px4_msgs', 'ld_library_path_lib')
[3.914s] INFO:colcon.colcon_core.shell:Creating environment hook '/home/renato/ws_sensor_combined/install/px4_msgs/share/px4_msgs/hook/ld_library_path_lib.ps1'
[3.915s] INFO:colcon.colcon_core.shell:Creating environment descriptor '/home/renato/ws_sensor_combined/install/px4_msgs/share/px4_msgs/hook/ld_library_path_lib.dsv'
[3.916s] INFO:colcon.colcon_core.shell:Creating environment hook '/home/renato/ws_sensor_combined/install/px4_msgs/share/px4_msgs/hook/ld_library_path_lib.sh'
[3.917s] Level 1:colcon.colcon_core.environment:checking '/home/renato/ws_sensor_combined/install/px4_msgs/bin'
[3.917s] Level 1:colcon.colcon_core.environment:checking '/home/renato/ws_sensor_combined/install/px4_msgs/lib/pkgconfig/px4_msgs.pc'
[3.918s] Level 1:colcon.colcon_core.environment:checking '/home/renato/ws_sensor_combined/install/px4_msgs/lib/python3.10/site-packages'
[3.918s] Level 1:colcon.colcon_core.environment:checking '/home/renato/ws_sensor_combined/install/px4_msgs/bin'
[3.919s] INFO:colcon.colcon_core.shell:Creating package script '/home/renato/ws_sensor_combined/install/px4_msgs/share/px4_msgs/package.ps1'
[3.921s] INFO:colcon.colcon_core.shell:Creating package descriptor '/home/renato/ws_sensor_combined/install/px4_msgs/share/px4_msgs/package.dsv'
[3.922s] INFO:colcon.colcon_core.shell:Creating package script '/home/renato/ws_sensor_combined/install/px4_msgs/share/px4_msgs/package.sh'
[3.923s] INFO:colcon.colcon_core.shell:Creating package script '/home/renato/ws_sensor_combined/install/px4_msgs/share/px4_msgs/package.bash'
[3.924s] INFO:colcon.colcon_core.shell:Creating package script '/home/renato/ws_sensor_combined/install/px4_msgs/share/px4_msgs/package.zsh'
[3.924s] Level 1:colcon.colcon_core.environment:create_file_with_runtime_dependencies(/home/renato/ws_sensor_combined/install/px4_msgs/share/colcon-core/packages/px4_msgs)
[3.925s] INFO:colcon.colcon_ros.task.ament_cmake.build:Building ROS package in '/home/renato/ws_sensor_combined/src/dual_wrench_publisher_pkg' with build type 'ament_cmake'
[3.925s] INFO:colcon.colcon_cmake.task.cmake.build:Building CMake package in '/home/renato/ws_sensor_combined/src/dual_wrench_publisher_pkg'
[3.926s] INFO:colcon.colcon_core.shell:Skip shell extension 'powershell' for command environment: Not usable outside of PowerShell
[3.926s] DEBUG:colcon.colcon_core.shell:Skip shell extension 'dsv' for command environment
[3.934s] INFO:colcon.colcon_ros.task.ament_cmake.build:Building ROS package in '/home/renato/ws_sensor_combined/src/load_cell_publisher_pkg' with build type 'ament_cmake'
[3.934s] INFO:colcon.colcon_cmake.task.cmake.build:Building CMake package in '/home/renato/ws_sensor_combined/src/load_cell_publisher_pkg'
[3.935s] INFO:colcon.colcon_core.shell:Skip shell extension 'powershell' for command environment: Not usable outside of PowerShell
[3.935s] DEBUG:colcon.colcon_core.shell:Skip shell extension 'dsv' for command environment
[3.943s] INFO:colcon.colcon_ros.task.ament_cmake.build:Building ROS package in '/home/renato/ws_sensor_combined/src/px4_ros_com' with build type 'ament_cmake'
[3.943s] INFO:colcon.colcon_cmake.task.cmake.build:Building CMake package in '/home/renato/ws_sensor_combined/src/px4_ros_com'
[3.944s] INFO:colcon.colcon_core.shell:Skip shell extension 'powershell' for command environment: Not usable outside of PowerShell
[3.944s] DEBUG:colcon.colcon_core.shell:Skip shell extension 'dsv' for command environment
[3.951s] INFO:colcon.colcon_ros.task.ament_cmake.build:Building ROS package in '/home/renato/ws_sensor_combined/src/sensor_driver_pkg' with build type 'ament_cmake'
[3.952s] INFO:colcon.colcon_cmake.task.cmake.build:Building CMake package in '/home/renato/ws_sensor_combined/src/sensor_driver_pkg'
[3.952s] INFO:colcon.colcon_core.shell:Skip shell extension 'powershell' for command environment: Not usable outside of PowerShell
[3.952s] DEBUG:colcon.colcon_core.shell:Skip shell extension 'dsv' for command environment
[3.970s] DEBUG:colcon.colcon_core.event_handler.log_command:Invoking command in '/home/renato/ws_sensor_combined/build/dual_wrench_publisher_pkg': CMAKE_PREFIX_PATH=/home/renato/ws_sensor_combined/install/px4_msgs:/home/renato/ws_sensor_combined/install/sensor_driver_pkg:/home/renato/ws_sensor_combined/install/px4_ros_com:/home/renato/ws_sensor_combined/install/load_cell_publisher_pkg:/home/renato/ws_sensor_combined/install/dual_wrench_publisher_pkg:/home/renato/ws_sensor_combined/install/apply_link_wrench_pkg:/home/renato/bridge_ws/install/test_ros_gz_bridge:/home/renato/bridge_ws/install/ros_ign_interfaces:/home/renato/bridge_ws/install/ros_ign:/home/renato/bridge_ws/install/ros_ign_image:/home/renato/bridge_ws/install/ros_ign_gazebo_demos:/home/renato/bridge_ws/install/ros_ign_gazebo:/home/renato/bridge_ws/install/ros_ign_bridge:/home/renato/bridge_ws/install/ros_gz:/home/renato/bridge_ws/install/ros_gz_sim_demos:/home/renato/bridge_ws/install/ros_gz_sim:/home/renato/bridge_ws/install/ros_gz_image:/home/renato/bridge_ws/install/ros_gz_bridge:/home/renato/bridge_ws/install/ros_gz_interfaces:/opt/ros/humble LD_LIBRARY_PATH=/home/renato/ws_sensor_combined/install/px4_msgs/lib:/home/renato/ws_sensor_combined/install/px4_ros_com/lib:/home/renato/bridge_ws/install/ros_ign_interfaces/lib:/home/renato/bridge_ws/install/ros_gz_sim/lib:/home/renato/bridge_ws/install/ros_gz_bridge/lib:/home/renato/bridge_ws/install/ros_gz_interfaces/lib:/opt/ros/humble/opt/rviz_ogre_vendor/lib:/opt/ros/humble/lib/x86_64-linux-gnu:/opt/ros/humble/lib /usr/bin/cmake --build /home/renato/ws_sensor_combined/build/dual_wrench_publisher_pkg -- -j20 -l20
[3.976s] DEBUG:colcon.colcon_core.event_handler.log_command:Invoking command in '/home/renato/ws_sensor_combined/build/load_cell_publisher_pkg': CMAKE_PREFIX_PATH=/home/renato/ws_sensor_combined/install/px4_msgs:/home/renato/ws_sensor_combined/install/sensor_driver_pkg:/home/renato/ws_sensor_combined/install/px4_ros_com:/home/renato/ws_sensor_combined/install/load_cell_publisher_pkg:/home/renato/ws_sensor_combined/install/dual_wrench_publisher_pkg:/home/renato/ws_sensor_combined/install/apply_link_wrench_pkg:/home/renato/bridge_ws/install/test_ros_gz_bridge:/home/renato/bridge_ws/install/ros_ign_interfaces:/home/renato/bridge_ws/install/ros_ign:/home/renato/bridge_ws/install/ros_ign_image:/home/renato/bridge_ws/install/ros_ign_gazebo_demos:/home/renato/bridge_ws/install/ros_ign_gazebo:/home/renato/bridge_ws/install/ros_ign_bridge:/home/renato/bridge_ws/install/ros_gz:/home/renato/bridge_ws/install/ros_gz_sim_demos:/home/renato/bridge_ws/install/ros_gz_sim:/home/renato/bridge_ws/install/ros_gz_image:/home/renato/bridge_ws/install/ros_gz_bridge:/home/renato/bridge_ws/install/ros_gz_interfaces:/opt/ros/humble LD_LIBRARY_PATH=/home/renato/ws_sensor_combined/install/px4_msgs/lib:/home/renato/ws_sensor_combined/install/px4_ros_com/lib:/home/renato/bridge_ws/install/ros_ign_interfaces/lib:/home/renato/bridge_ws/install/ros_gz_sim/lib:/home/renato/bridge_ws/install/ros_gz_bridge/lib:/home/renato/bridge_ws/install/ros_gz_interfaces/lib:/opt/ros/humble/opt/rviz_ogre_vendor/lib:/opt/ros/humble/lib/x86_64-linux-gnu:/opt/ros/humble/lib /usr/bin/cmake --build /home/renato/ws_sensor_combined/build/load_cell_publisher_pkg -- -j20 -l20
[3.984s] DEBUG:colcon.colcon_core.event_handler.log_command:Invoking command in '/home/renato/ws_sensor_combined/build/px4_ros_com': CMAKE_PREFIX_PATH=/home/renato/ws_sensor_combined/install/px4_msgs:/home/renato/ws_sensor_combined/install/sensor_driver_pkg:/home/renato/ws_sensor_combined/install/px4_ros_com:/home/renato/ws_sensor_combined/install/load_cell_publisher_pkg:/home/renato/ws_sensor_combined/install/dual_wrench_publisher_pkg:/home/renato/ws_sensor_combined/install/apply_link_wrench_pkg:/home/renato/bridge_ws/install/test_ros_gz_bridge:/home/renato/bridge_ws/install/ros_ign_interfaces:/home/renato/bridge_ws/install/ros_ign:/home/renato/bridge_ws/install/ros_ign_image:/home/renato/bridge_ws/install/ros_ign_gazebo_demos:/home/renato/bridge_ws/install/ros_ign_gazebo:/home/renato/bridge_ws/install/ros_ign_bridge:/home/renato/bridge_ws/install/ros_gz:/home/renato/bridge_ws/install/ros_gz_sim_demos:/home/renato/bridge_ws/install/ros_gz_sim:/home/renato/bridge_ws/install/ros_gz_image:/home/renato/bridge_ws/install/ros_gz_bridge:/home/renato/bridge_ws/install/ros_gz_interfaces:/opt/ros/humble LD_LIBRARY_PATH=/home/renato/ws_sensor_combined/install/px4_msgs/lib:/home/renato/ws_sensor_combined/install/px4_ros_com/lib:/home/renato/bridge_ws/install/ros_ign_interfaces/lib:/home/renato/bridge_ws/install/ros_gz_sim/lib:/home/renato/bridge_ws/install/ros_gz_bridge/lib:/home/renato/bridge_ws/install/ros_gz_interfaces/lib:/opt/ros/humble/opt/rviz_ogre_vendor/lib:/opt/ros/humble/lib/x86_64-linux-gnu:/opt/ros/humble/lib /usr/bin/cmake --build /home/renato/ws_sensor_combined/build/px4_ros_com -- -j20 -l20
[3.993s] DEBUG:colcon.colcon_core.event_handler.log_command:Invoking command in '/home/renato/ws_sensor_combined/build/sensor_driver_pkg': CMAKE_PREFIX_PATH=/home/renato/ws_sensor_combined/install/px4_msgs:/home/renato/ws_sensor_combined/install/sensor_driver_pkg:/home/renato/ws_sensor_combined/install/px4_ros_com:/home/renato/ws_sensor_combined/install/load_cell_publisher_pkg:/home/renato/ws_sensor_combined/install/dual_wrench_publisher_pkg:/home/renato/ws_sensor_combined/install/apply_link_wrench_pkg:/home/renato/bridge_ws/install/test_ros_gz_bridge:/home/renato/bridge_ws/install/ros_ign_interfaces:/home/renato/bridge_ws/install/ros_ign:/home/renato/bridge_ws/install/ros_ign_image:/home/renato/bridge_ws/install/ros_ign_gazebo_demos:/home/renato/bridge_ws/install/ros_ign_gazebo:/home/renato/bridge_ws/install/ros_ign_bridge:/home/renato/bridge_ws/install/ros_gz:/home/renato/bridge_ws/install/ros_gz_sim_demos:/home/renato/bridge_ws/install/ros_gz_sim:/home/renato/bridge_ws/install/ros_gz_image:/home/renato/bridge_ws/install/ros_gz_bridge:/home/renato/bridge_ws/install/ros_gz_interfaces:/opt/ros/humble LD_LIBRARY_PATH=/home/renato/ws_sensor_combined/install/px4_msgs/lib:/home/renato/ws_sensor_combined/install/px4_ros_com/lib:/home/renato/bridge_ws/install/ros_ign_interfaces/lib:/home/renato/bridge_ws/install/ros_gz_sim/lib:/home/renato/bridge_ws/install/ros_gz_bridge/lib:/home/renato/bridge_ws/install/ros_gz_interfaces/lib:/opt/ros/humble/opt/rviz_ogre_vendor/lib:/opt/ros/humble/lib/x86_64-linux-gnu:/opt/ros/humble/lib /usr/bin/cmake --build /home/renato/ws_sensor_combined/build/sensor_driver_pkg -- -j20 -l20
[4.102s] DEBUG:colcon.colcon_core.event_handler.log_command:Invoked command in '/home/renato/ws_sensor_combined/build/dual_wrench_publisher_pkg' returned '0': CMAKE_PREFIX_PATH=/home/renato/ws_sensor_combined/install/px4_msgs:/home/renato/ws_sensor_combined/install/sensor_driver_pkg:/home/renato/ws_sensor_combined/install/px4_ros_com:/home/renato/ws_sensor_combined/install/load_cell_publisher_pkg:/home/renato/ws_sensor_combined/install/dual_wrench_publisher_pkg:/home/renato/ws_sensor_combined/install/apply_link_wrench_pkg:/home/renato/bridge_ws/install/test_ros_gz_bridge:/home/renato/bridge_ws/install/ros_ign_interfaces:/home/renato/bridge_ws/install/ros_ign:/home/renato/bridge_ws/install/ros_ign_image:/home/renato/bridge_ws/install/ros_ign_gazebo_demos:/home/renato/bridge_ws/install/ros_ign_gazebo:/home/renato/bridge_ws/install/ros_ign_bridge:/home/renato/bridge_ws/install/ros_gz:/home/renato/bridge_ws/install/ros_gz_sim_demos:/home/renato/bridge_ws/install/ros_gz_sim:/home/renato/bridge_ws/install/ros_gz_image:/home/renato/bridge_ws/install/ros_gz_bridge:/home/renato/bridge_ws/install/ros_gz_interfaces:/opt/ros/humble LD_LIBRARY_PATH=/home/renato/ws_sensor_combined/install/px4_msgs/lib:/home/renato/ws_sensor_combined/install/px4_ros_com/lib:/home/renato/bridge_ws/install/ros_ign_interfaces/lib:/home/renato/bridge_ws/install/ros_gz_sim/lib:/home/renato/bridge_ws/install/ros_gz_bridge/lib:/home/renato/bridge_ws/install/ros_gz_interfaces/lib:/opt/ros/humble/opt/rviz_ogre_vendor/lib:/opt/ros/humble/lib/x86_64-linux-gnu:/opt/ros/humble/lib /usr/bin/cmake --build /home/renato/ws_sensor_combined/build/dual_wrench_publisher_pkg -- -j20 -l20
[4.106s] DEBUG:colcon.colcon_core.event_handler.log_command:Invoking command in '/home/renato/ws_sensor_combined/build/dual_wrench_publisher_pkg': CMAKE_PREFIX_PATH=/home/renato/ws_sensor_combined/install/px4_msgs:/home/renato/ws_sensor_combined/install/sensor_driver_pkg:/home/renato/ws_sensor_combined/install/px4_ros_com:/home/renato/ws_sensor_combined/install/load_cell_publisher_pkg:/home/renato/ws_sensor_combined/install/dual_wrench_publisher_pkg:/home/renato/ws_sensor_combined/install/apply_link_wrench_pkg:/home/renato/bridge_ws/install/test_ros_gz_bridge:/home/renato/bridge_ws/install/ros_ign_interfaces:/home/renato/bridge_ws/install/ros_ign:/home/renato/bridge_ws/install/ros_ign_image:/home/renato/bridge_ws/install/ros_ign_gazebo_demos:/home/renato/bridge_ws/install/ros_ign_gazebo:/home/renato/bridge_ws/install/ros_ign_bridge:/home/renato/bridge_ws/install/ros_gz:/home/renato/bridge_ws/install/ros_gz_sim_demos:/home/renato/bridge_ws/install/ros_gz_sim:/home/renato/bridge_ws/install/ros_gz_image:/home/renato/bridge_ws/install/ros_gz_bridge:/home/renato/bridge_ws/install/ros_gz_interfaces:/opt/ros/humble LD_LIBRARY_PATH=/home/renato/ws_sensor_combined/install/px4_msgs/lib:/home/renato/ws_sensor_combined/install/px4_ros_com/lib:/home/renato/bridge_ws/install/ros_ign_interfaces/lib:/home/renato/bridge_ws/install/ros_gz_sim/lib:/home/renato/bridge_ws/install/ros_gz_bridge/lib:/home/renato/bridge_ws/install/ros_gz_interfaces/lib:/opt/ros/humble/opt/rviz_ogre_vendor/lib:/opt/ros/humble/lib/x86_64-linux-gnu:/opt/ros/humble/lib /usr/bin/cmake --install /home/renato/ws_sensor_combined/build/dual_wrench_publisher_pkg
[4.108s] DEBUG:colcon.colcon_core.event_handler.log_command:Invoked command in '/home/renato/ws_sensor_combined/build/load_cell_publisher_pkg' returned '0': CMAKE_PREFIX_PATH=/home/renato/ws_sensor_combined/install/px4_msgs:/home/renato/ws_sensor_combined/install/sensor_driver_pkg:/home/renato/ws_sensor_combined/install/px4_ros_com:/home/renato/ws_sensor_combined/install/load_cell_publisher_pkg:/home/renato/ws_sensor_combined/install/dual_wrench_publisher_pkg:/home/renato/ws_sensor_combined/install/apply_link_wrench_pkg:/home/renato/bridge_ws/install/test_ros_gz_bridge:/home/renato/bridge_ws/install/ros_ign_interfaces:/home/renato/bridge_ws/install/ros_ign:/home/renato/bridge_ws/install/ros_ign_image:/home/renato/bridge_ws/install/ros_ign_gazebo_demos:/home/renato/bridge_ws/install/ros_ign_gazebo:/home/renato/bridge_ws/install/ros_ign_bridge:/home/renato/bridge_ws/install/ros_gz:/home/renato/bridge_ws/install/ros_gz_sim_demos:/home/renato/bridge_ws/install/ros_gz_sim:/home/renato/bridge_ws/install/ros_gz_image:/home/renato/bridge_ws/install/ros_gz_bridge:/home/renato/bridge_ws/install/ros_gz_interfaces:/opt/ros/humble LD_LIBRARY_PATH=/home/renato/ws_sensor_combined/install/px4_msgs/lib:/home/renato/ws_sensor_combined/install/px4_ros_com/lib:/home/renato/bridge_ws/install/ros_ign_interfaces/lib:/home/renato/bridge_ws/install/ros_gz_sim/lib:/home/renato/bridge_ws/install/ros_gz_bridge/lib:/home/renato/bridge_ws/install/ros_gz_interfaces/lib:/opt/ros/humble/opt/rviz_ogre_vendor/lib:/opt/ros/humble/lib/x86_64-linux-gnu:/opt/ros/humble/lib /usr/bin/cmake --build /home/renato/ws_sensor_combined/build/load_cell_publisher_pkg -- -j20 -l20
[4.114s] DEBUG:colcon.colcon_core.event_handler.log_command:Invoking command in '/home/renato/ws_sensor_combined/build/load_cell_publisher_pkg': CMAKE_PREFIX_PATH=/home/renato/ws_sensor_combined/install/px4_msgs:/home/renato/ws_sensor_combined/install/sensor_driver_pkg:/home/renato/ws_sensor_combined/install/px4_ros_com:/home/renato/ws_sensor_combined/install/load_cell_publisher_pkg:/home/renato/ws_sensor_combined/install/dual_wrench_publisher_pkg:/home/renato/ws_sensor_combined/install/apply_link_wrench_pkg:/home/renato/bridge_ws/install/test_ros_gz_bridge:/home/renato/bridge_ws/install/ros_ign_interfaces:/home/renato/bridge_ws/install/ros_ign:/home/renato/bridge_ws/install/ros_ign_image:/home/renato/bridge_ws/install/ros_ign_gazebo_demos:/home/renato/bridge_ws/install/ros_ign_gazebo:/home/renato/bridge_ws/install/ros_ign_bridge:/home/renato/bridge_ws/install/ros_gz:/home/renato/bridge_ws/install/ros_gz_sim_demos:/home/renato/bridge_ws/install/ros_gz_sim:/home/renato/bridge_ws/install/ros_gz_image:/home/renato/bridge_ws/install/ros_gz_bridge:/home/renato/bridge_ws/install/ros_gz_interfaces:/opt/ros/humble LD_LIBRARY_PATH=/home/renato/ws_sensor_combined/install/px4_msgs/lib:/home/renato/ws_sensor_combined/install/px4_ros_com/lib:/home/renato/bridge_ws/install/ros_ign_interfaces/lib:/home/renato/bridge_ws/install/ros_gz_sim/lib:/home/renato/bridge_ws/install/ros_gz_bridge/lib:/home/renato/bridge_ws/install/ros_gz_interfaces/lib:/opt/ros/humble/opt/rviz_ogre_vendor/lib:/opt/ros/humble/lib/x86_64-linux-gnu:/opt/ros/humble/lib /usr/bin/cmake --install /home/renato/ws_sensor_combined/build/load_cell_publisher_pkg
[4.134s] DEBUG:colcon.colcon_core.event_handler.log_command:Invoked command in '/home/renato/ws_sensor_combined/build/sensor_driver_pkg' returned '0': CMAKE_PREFIX_PATH=/home/renato/ws_sensor_combined/install/px4_msgs:/home/renato/ws_sensor_combined/install/sensor_driver_pkg:/home/renato/ws_sensor_combined/install/px4_ros_com:/home/renato/ws_sensor_combined/install/load_cell_publisher_pkg:/home/renato/ws_sensor_combined/install/dual_wrench_publisher_pkg:/home/renato/ws_sensor_combined/install/apply_link_wrench_pkg:/home/renato/bridge_ws/install/test_ros_gz_bridge:/home/renato/bridge_ws/install/ros_ign_interfaces:/home/renato/bridge_ws/install/ros_ign:/home/renato/bridge_ws/install/ros_ign_image:/home/renato/bridge_ws/install/ros_ign_gazebo_demos:/home/renato/bridge_ws/install/ros_ign_gazebo:/home/renato/bridge_ws/install/ros_ign_bridge:/home/renato/bridge_ws/install/ros_gz:/home/renato/bridge_ws/install/ros_gz_sim_demos:/home/renato/bridge_ws/install/ros_gz_sim:/home/renato/bridge_ws/install/ros_gz_image:/home/renato/bridge_ws/install/ros_gz_bridge:/home/renato/bridge_ws/install/ros_gz_interfaces:/opt/ros/humble LD_LIBRARY_PATH=/home/renato/ws_sensor_combined/install/px4_msgs/lib:/home/renato/ws_sensor_combined/install/px4_ros_com/lib:/home/renato/bridge_ws/install/ros_ign_interfaces/lib:/home/renato/bridge_ws/install/ros_gz_sim/lib:/home/renato/bridge_ws/install/ros_gz_bridge/lib:/home/renato/bridge_ws/install/ros_gz_interfaces/lib:/opt/ros/humble/opt/rviz_ogre_vendor/lib:/opt/ros/humble/lib/x86_64-linux-gnu:/opt/ros/humble/lib /usr/bin/cmake --build /home/renato/ws_sensor_combined/build/sensor_driver_pkg -- -j20 -l20
[4.137s] DEBUG:colcon.colcon_core.event_handler.log_command:Invoking command in '/home/renato/ws_sensor_combined/build/sensor_driver_pkg': CMAKE_PREFIX_PATH=/home/renato/ws_sensor_combined/install/px4_msgs:/home/renato/ws_sensor_combined/install/sensor_driver_pkg:/home/renato/ws_sensor_combined/install/px4_ros_com:/home/renato/ws_sensor_combined/install/load_cell_publisher_pkg:/home/renato/ws_sensor_combined/install/dual_wrench_publisher_pkg:/home/renato/ws_sensor_combined/install/apply_link_wrench_pkg:/home/renato/bridge_ws/install/test_ros_gz_bridge:/home/renato/bridge_ws/install/ros_ign_interfaces:/home/renato/bridge_ws/install/ros_ign:/home/renato/bridge_ws/install/ros_ign_image:/home/renato/bridge_ws/install/ros_ign_gazebo_demos:/home/renato/bridge_ws/install/ros_ign_gazebo:/home/renato/bridge_ws/install/ros_ign_bridge:/home/renato/bridge_ws/install/ros_gz:/home/renato/bridge_ws/install/ros_gz_sim_demos:/home/renato/bridge_ws/install/ros_gz_sim:/home/renato/bridge_ws/install/ros_gz_image:/home/renato/bridge_ws/install/ros_gz_bridge:/home/renato/bridge_ws/install/ros_gz_interfaces:/opt/ros/humble LD_LIBRARY_PATH=/home/renato/ws_sensor_combined/install/px4_msgs/lib:/home/renato/ws_sensor_combined/install/px4_ros_com/lib:/home/renato/bridge_ws/install/ros_ign_interfaces/lib:/home/renato/bridge_ws/install/ros_gz_sim/lib:/home/renato/bridge_ws/install/ros_gz_bridge/lib:/home/renato/bridge_ws/install/ros_gz_interfaces/lib:/opt/ros/humble/opt/rviz_ogre_vendor/lib:/opt/ros/humble/lib/x86_64-linux-gnu:/opt/ros/humble/lib /usr/bin/cmake --install /home/renato/ws_sensor_combined/build/sensor_driver_pkg
[4.143s] Level 1:colcon.colcon_core.environment:create_environment_scripts_only(dual_wrench_publisher_pkg)
[4.144s] Level 1:colcon.colcon_core.environment:checking '/home/renato/ws_sensor_combined/install/dual_wrench_publisher_pkg' for CMake module files
[4.146s] DEBUG:colcon.colcon_core.event_handler.log_command:Invoked command in '/home/renato/ws_sensor_combined/build/dual_wrench_publisher_pkg' returned '0': CMAKE_PREFIX_PATH=/home/renato/ws_sensor_combined/install/px4_msgs:/home/renato/ws_sensor_combined/install/sensor_driver_pkg:/home/renato/ws_sensor_combined/install/px4_ros_com:/home/renato/ws_sensor_combined/install/load_cell_publisher_pkg:/home/renato/ws_sensor_combined/install/dual_wrench_publisher_pkg:/home/renato/ws_sensor_combined/install/apply_link_wrench_pkg:/home/renato/bridge_ws/install/test_ros_gz_bridge:/home/renato/bridge_ws/install/ros_ign_interfaces:/home/renato/bridge_ws/install/ros_ign:/home/renato/bridge_ws/install/ros_ign_image:/home/renato/bridge_ws/install/ros_ign_gazebo_demos:/home/renato/bridge_ws/install/ros_ign_gazebo:/home/renato/bridge_ws/install/ros_ign_bridge:/home/renato/bridge_ws/install/ros_gz:/home/renato/bridge_ws/install/ros_gz_sim_demos:/home/renato/bridge_ws/install/ros_gz_sim:/home/renato/bridge_ws/install/ros_gz_image:/home/renato/bridge_ws/install/ros_gz_bridge:/home/renato/bridge_ws/install/ros_gz_interfaces:/opt/ros/humble LD_LIBRARY_PATH=/home/renato/ws_sensor_combined/install/px4_msgs/lib:/home/renato/ws_sensor_combined/install/px4_ros_com/lib:/home/renato/bridge_ws/install/ros_ign_interfaces/lib:/home/renato/bridge_ws/install/ros_gz_sim/lib:/home/renato/bridge_ws/install/ros_gz_bridge/lib:/home/renato/bridge_ws/install/ros_gz_interfaces/lib:/opt/ros/humble/opt/rviz_ogre_vendor/lib:/opt/ros/humble/lib/x86_64-linux-gnu:/opt/ros/humble/lib /usr/bin/cmake --install /home/renato/ws_sensor_combined/build/dual_wrench_publisher_pkg
[4.147s] Level 1:colcon.colcon_core.environment:checking '/home/renato/ws_sensor_combined/install/dual_wrench_publisher_pkg' for CMake config files
[4.148s] Level 1:colcon.colcon_core.shell:create_environment_hook('dual_wrench_publisher_pkg', 'cmake_prefix_path')
[4.149s] INFO:colcon.colcon_core.shell:Creating environment hook '/home/renato/ws_sensor_combined/install/dual_wrench_publisher_pkg/share/dual_wrench_publisher_pkg/hook/cmake_prefix_path.ps1'
[4.150s] INFO:colcon.colcon_core.shell:Creating environment descriptor '/home/renato/ws_sensor_combined/install/dual_wrench_publisher_pkg/share/dual_wrench_publisher_pkg/hook/cmake_prefix_path.dsv'
[4.151s] INFO:colcon.colcon_core.shell:Creating environment hook '/home/renato/ws_sensor_combined/install/dual_wrench_publisher_pkg/share/dual_wrench_publisher_pkg/hook/cmake_prefix_path.sh'
[4.152s] Level 1:colcon.colcon_core.environment:checking '/home/renato/ws_sensor_combined/install/dual_wrench_publisher_pkg/lib'
[4.153s] Level 1:colcon.colcon_core.environment:checking '/home/renato/ws_sensor_combined/install/dual_wrench_publisher_pkg/bin'
[4.153s] Level 1:colcon.colcon_core.environment:checking '/home/renato/ws_sensor_combined/install/dual_wrench_publisher_pkg/lib/pkgconfig/dual_wrench_publisher_pkg.pc'
[4.153s] Level 1:colcon.colcon_core.environment:checking '/home/renato/ws_sensor_combined/install/dual_wrench_publisher_pkg/lib/python3.10/site-packages'
[4.153s] Level 1:colcon.colcon_core.environment:checking '/home/renato/ws_sensor_combined/install/dual_wrench_publisher_pkg/bin'
[4.154s] INFO:colcon.colcon_core.shell:Creating package script '/home/renato/ws_sensor_combined/install/dual_wrench_publisher_pkg/share/dual_wrench_publisher_pkg/package.ps1'
[4.156s] INFO:colcon.colcon_core.shell:Creating package descriptor '/home/renato/ws_sensor_combined/install/dual_wrench_publisher_pkg/share/dual_wrench_publisher_pkg/package.dsv'
[4.158s] INFO:colcon.colcon_core.shell:Creating package script '/home/renato/ws_sensor_combined/install/dual_wrench_publisher_pkg/share/dual_wrench_publisher_pkg/package.sh'
[4.160s] INFO:colcon.colcon_core.shell:Creating package script '/home/renato/ws_sensor_combined/install/dual_wrench_publisher_pkg/share/dual_wrench_publisher_pkg/package.bash'
[4.161s] INFO:colcon.colcon_core.shell:Creating package script '/home/renato/ws_sensor_combined/install/dual_wrench_publisher_pkg/share/dual_wrench_publisher_pkg/package.zsh'
[4.162s] Level 1:colcon.colcon_core.environment:create_file_with_runtime_dependencies(/home/renato/ws_sensor_combined/install/dual_wrench_publisher_pkg/share/colcon-core/packages/dual_wrench_publisher_pkg)
[4.163s] Level 1:colcon.colcon_core.environment:create_environment_scripts_only(dual_wrench_publisher_pkg)
[4.164s] Level 1:colcon.colcon_core.environment:checking '/home/renato/ws_sensor_combined/install/dual_wrench_publisher_pkg' for CMake module files
[4.165s] Level 1:colcon.colcon_core.environment:checking '/home/renato/ws_sensor_combined/install/dual_wrench_publisher_pkg' for CMake config files
[4.166s] Level 1:colcon.colcon_core.shell:create_environment_hook('dual_wrench_publisher_pkg', 'cmake_prefix_path')
[4.166s] INFO:colcon.colcon_core.shell:Creating environment hook '/home/renato/ws_sensor_combined/install/dual_wrench_publisher_pkg/share/dual_wrench_publisher_pkg/hook/cmake_prefix_path.ps1'
[4.167s] INFO:colcon.colcon_core.shell:Creating environment descriptor '/home/renato/ws_sensor_combined/install/dual_wrench_publisher_pkg/share/dual_wrench_publisher_pkg/hook/cmake_prefix_path.dsv'
[4.168s] INFO:colcon.colcon_core.shell:Creating environment hook '/home/renato/ws_sensor_combined/install/dual_wrench_publisher_pkg/share/dual_wrench_publisher_pkg/hook/cmake_prefix_path.sh'
[4.169s] Level 1:colcon.colcon_core.environment:checking '/home/renato/ws_sensor_combined/install/dual_wrench_publisher_pkg/lib'
[4.169s] Level 1:colcon.colcon_core.environment:checking '/home/renato/ws_sensor_combined/install/dual_wrench_publisher_pkg/bin'
[4.170s] Level 1:colcon.colcon_core.environment:checking '/home/renato/ws_sensor_combined/install/dual_wrench_publisher_pkg/lib/pkgconfig/dual_wrench_publisher_pkg.pc'
[4.170s] Level 1:colcon.colcon_core.environment:checking '/home/renato/ws_sensor_combined/install/dual_wrench_publisher_pkg/lib/python3.10/site-packages'
[4.171s] Level 1:colcon.colcon_core.environment:checking '/home/renato/ws_sensor_combined/install/dual_wrench_publisher_pkg/bin'
[4.171s] INFO:colcon.colcon_core.shell:Creating package script '/home/renato/ws_sensor_combined/install/dual_wrench_publisher_pkg/share/dual_wrench_publisher_pkg/package.ps1'
[4.174s] INFO:colcon.colcon_core.shell:Creating package descriptor '/home/renato/ws_sensor_combined/install/dual_wrench_publisher_pkg/share/dual_wrench_publisher_pkg/package.dsv'
[4.176s] INFO:colcon.colcon_core.shell:Creating package script '/home/renato/ws_sensor_combined/install/dual_wrench_publisher_pkg/share/dual_wrench_publisher_pkg/package.sh'
[4.176s] INFO:colcon.colcon_core.shell:Creating package script '/home/renato/ws_sensor_combined/install/dual_wrench_publisher_pkg/share/dual_wrench_publisher_pkg/package.bash'
[4.177s] INFO:colcon.colcon_core.shell:Creating package script '/home/renato/ws_sensor_combined/install/dual_wrench_publisher_pkg/share/dual_wrench_publisher_pkg/package.zsh'
[4.179s] Level 1:colcon.colcon_core.environment:create_file_with_runtime_dependencies(/home/renato/ws_sensor_combined/install/dual_wrench_publisher_pkg/share/colcon-core/packages/dual_wrench_publisher_pkg)
[4.181s] Level 1:colcon.colcon_core.environment:create_environment_scripts_only(load_cell_publisher_pkg)
[4.181s] Level 1:colcon.colcon_core.environment:checking '/home/renato/ws_sensor_combined/install/load_cell_publisher_pkg' for CMake module files
[4.183s] DEBUG:colcon.colcon_core.event_handler.log_command:Invoked command in '/home/renato/ws_sensor_combined/build/load_cell_publisher_pkg' returned '0': CMAKE_PREFIX_PATH=/home/renato/ws_sensor_combined/install/px4_msgs:/home/renato/ws_sensor_combined/install/sensor_driver_pkg:/home/renato/ws_sensor_combined/install/px4_ros_com:/home/renato/ws_sensor_combined/install/load_cell_publisher_pkg:/home/renato/ws_sensor_combined/install/dual_wrench_publisher_pkg:/home/renato/ws_sensor_combined/install/apply_link_wrench_pkg:/home/renato/bridge_ws/install/test_ros_gz_bridge:/home/renato/bridge_ws/install/ros_ign_interfaces:/home/renato/bridge_ws/install/ros_ign:/home/renato/bridge_ws/install/ros_ign_image:/home/renato/bridge_ws/install/ros_ign_gazebo_demos:/home/renato/bridge_ws/install/ros_ign_gazebo:/home/renato/bridge_ws/install/ros_ign_bridge:/home/renato/bridge_ws/install/ros_gz:/home/renato/bridge_ws/install/ros_gz_sim_demos:/home/renato/bridge_ws/install/ros_gz_sim:/home/renato/bridge_ws/install/ros_gz_image:/home/renato/bridge_ws/install/ros_gz_bridge:/home/renato/bridge_ws/install/ros_gz_interfaces:/opt/ros/humble LD_LIBRARY_PATH=/home/renato/ws_sensor_combined/install/px4_msgs/lib:/home/renato/ws_sensor_combined/install/px4_ros_com/lib:/home/renato/bridge_ws/install/ros_ign_interfaces/lib:/home/renato/bridge_ws/install/ros_gz_sim/lib:/home/renato/bridge_ws/install/ros_gz_bridge/lib:/home/renato/bridge_ws/install/ros_gz_interfaces/lib:/opt/ros/humble/opt/rviz_ogre_vendor/lib:/opt/ros/humble/lib/x86_64-linux-gnu:/opt/ros/humble/lib /usr/bin/cmake --install /home/renato/ws_sensor_combined/build/load_cell_publisher_pkg
[4.183s] Level 1:colcon.colcon_core.environment:checking '/home/renato/ws_sensor_combined/install/load_cell_publisher_pkg' for CMake config files
[4.184s] Level 1:colcon.colcon_core.shell:create_environment_hook('load_cell_publisher_pkg', 'cmake_prefix_path')
[4.184s] INFO:colcon.colcon_core.shell:Creating environment hook '/home/renato/ws_sensor_combined/install/load_cell_publisher_pkg/share/load_cell_publisher_pkg/hook/cmake_prefix_path.ps1'
[4.185s] INFO:colcon.colcon_core.shell:Creating environment descriptor '/home/renato/ws_sensor_combined/install/load_cell_publisher_pkg/share/load_cell_publisher_pkg/hook/cmake_prefix_path.dsv'
[4.185s] INFO:colcon.colcon_core.shell:Creating environment hook '/home/renato/ws_sensor_combined/install/load_cell_publisher_pkg/share/load_cell_publisher_pkg/hook/cmake_prefix_path.sh'
[4.186s] Level 1:colcon.colcon_core.environment:checking '/home/renato/ws_sensor_combined/install/load_cell_publisher_pkg/lib'
[4.186s] Level 1:colcon.colcon_core.environment:checking '/home/renato/ws_sensor_combined/install/load_cell_publisher_pkg/bin'
[4.186s] Level 1:colcon.colcon_core.environment:checking '/home/renato/ws_sensor_combined/install/load_cell_publisher_pkg/lib/pkgconfig/load_cell_publisher_pkg.pc'
[4.187s] Level 1:colcon.colcon_core.environment:checking '/home/renato/ws_sensor_combined/install/load_cell_publisher_pkg/lib/python3.10/site-packages'
[4.187s] Level 1:colcon.colcon_core.environment:checking '/home/renato/ws_sensor_combined/install/load_cell_publisher_pkg/bin'
[4.188s] INFO:colcon.colcon_core.shell:Creating package script '/home/renato/ws_sensor_combined/install/load_cell_publisher_pkg/share/load_cell_publisher_pkg/package.ps1'
[4.188s] INFO:colcon.colcon_core.shell:Creating package descriptor '/home/renato/ws_sensor_combined/install/load_cell_publisher_pkg/share/load_cell_publisher_pkg/package.dsv'
[4.189s] INFO:colcon.colcon_core.shell:Creating package script '/home/renato/ws_sensor_combined/install/load_cell_publisher_pkg/share/load_cell_publisher_pkg/package.sh'
[4.190s] INFO:colcon.colcon_core.shell:Creating package script '/home/renato/ws_sensor_combined/install/load_cell_publisher_pkg/share/load_cell_publisher_pkg/package.bash'
[4.191s] INFO:colcon.colcon_core.shell:Creating package script '/home/renato/ws_sensor_combined/install/load_cell_publisher_pkg/share/load_cell_publisher_pkg/package.zsh'
[4.191s] Level 1:colcon.colcon_core.environment:create_file_with_runtime_dependencies(/home/renato/ws_sensor_combined/install/load_cell_publisher_pkg/share/colcon-core/packages/load_cell_publisher_pkg)
[4.193s] Level 1:colcon.colcon_core.environment:create_environment_scripts_only(load_cell_publisher_pkg)
[4.193s] Level 1:colcon.colcon_core.environment:checking '/home/renato/ws_sensor_combined/install/load_cell_publisher_pkg' for CMake module files
[4.194s] Level 1:colcon.colcon_core.environment:checking '/home/renato/ws_sensor_combined/install/load_cell_publisher_pkg' for CMake config files
[4.194s] Level 1:colcon.colcon_core.shell:create_environment_hook('load_cell_publisher_pkg', 'cmake_prefix_path')
[4.195s] INFO:colcon.colcon_core.shell:Creating environment hook '/home/renato/ws_sensor_combined/install/load_cell_publisher_pkg/share/load_cell_publisher_pkg/hook/cmake_prefix_path.ps1'
[4.195s] INFO:colcon.colcon_core.shell:Creating environment descriptor '/home/renato/ws_sensor_combined/install/load_cell_publisher_pkg/share/load_cell_publisher_pkg/hook/cmake_prefix_path.dsv'
[4.196s] INFO:colcon.colcon_core.shell:Creating environment hook '/home/renato/ws_sensor_combined/install/load_cell_publisher_pkg/share/load_cell_publisher_pkg/hook/cmake_prefix_path.sh'
[4.197s] Level 1:colcon.colcon_core.environment:checking '/home/renato/ws_sensor_combined/install/load_cell_publisher_pkg/lib'
[4.197s] Level 1:colcon.colcon_core.environment:checking '/home/renato/ws_sensor_combined/install/load_cell_publisher_pkg/bin'
[4.197s] Level 1:colcon.colcon_core.environment:checking '/home/renato/ws_sensor_combined/install/load_cell_publisher_pkg/lib/pkgconfig/load_cell_publisher_pkg.pc'
[4.198s] Level 1:colcon.colcon_core.environment:checking '/home/renato/ws_sensor_combined/install/load_cell_publisher_pkg/lib/python3.10/site-packages'
[4.198s] Level 1:colcon.colcon_core.environment:checking '/home/renato/ws_sensor_combined/install/load_cell_publisher_pkg/bin'
[4.198s] INFO:colcon.colcon_core.shell:Creating package script '/home/renato/ws_sensor_combined/install/load_cell_publisher_pkg/share/load_cell_publisher_pkg/package.ps1'
[4.199s] INFO:colcon.colcon_core.shell:Creating package descriptor '/home/renato/ws_sensor_combined/install/load_cell_publisher_pkg/share/load_cell_publisher_pkg/package.dsv'
[4.200s] INFO:colcon.colcon_core.shell:Creating package script '/home/renato/ws_sensor_combined/install/load_cell_publisher_pkg/share/load_cell_publisher_pkg/package.sh'
[4.201s] INFO:colcon.colcon_core.shell:Creating package script '/home/renato/ws_sensor_combined/install/load_cell_publisher_pkg/share/load_cell_publisher_pkg/package.bash'
[4.201s] INFO:colcon.colcon_core.shell:Creating package script '/home/renato/ws_sensor_combined/install/load_cell_publisher_pkg/share/load_cell_publisher_pkg/package.zsh'
[4.202s] Level 1:colcon.colcon_core.environment:create_file_with_runtime_dependencies(/home/renato/ws_sensor_combined/install/load_cell_publisher_pkg/share/colcon-core/packages/load_cell_publisher_pkg)
[4.202s] Level 1:colcon.colcon_core.environment:create_environment_scripts_only(sensor_driver_pkg)
[4.203s] Level 1:colcon.colcon_core.environment:checking '/home/renato/ws_sensor_combined/install/sensor_driver_pkg' for CMake module files
[4.205s] DEBUG:colcon.colcon_core.event_handler.log_command:Invoked command in '/home/renato/ws_sensor_combined/build/sensor_driver_pkg' returned '0': CMAKE_PREFIX_PATH=/home/renato/ws_sensor_combined/install/px4_msgs:/home/renato/ws_sensor_combined/install/sensor_driver_pkg:/home/renato/ws_sensor_combined/install/px4_ros_com:/home/renato/ws_sensor_combined/install/load_cell_publisher_pkg:/home/renato/ws_sensor_combined/install/dual_wrench_publisher_pkg:/home/renato/ws_sensor_combined/install/apply_link_wrench_pkg:/home/renato/bridge_ws/install/test_ros_gz_bridge:/home/renato/bridge_ws/install/ros_ign_interfaces:/home/renato/bridge_ws/install/ros_ign:/home/renato/bridge_ws/install/ros_ign_image:/home/renato/bridge_ws/install/ros_ign_gazebo_demos:/home/renato/bridge_ws/install/ros_ign_gazebo:/home/renato/bridge_ws/install/ros_ign_bridge:/home/renato/bridge_ws/install/ros_gz:/home/renato/bridge_ws/install/ros_gz_sim_demos:/home/renato/bridge_ws/install/ros_gz_sim:/home/renato/bridge_ws/install/ros_gz_image:/home/renato/bridge_ws/install/ros_gz_bridge:/home/renato/bridge_ws/install/ros_gz_interfaces:/opt/ros/humble LD_LIBRARY_PATH=/home/renato/ws_sensor_combined/install/px4_msgs/lib:/home/renato/ws_sensor_combined/install/px4_ros_com/lib:/home/renato/bridge_ws/install/ros_ign_interfaces/lib:/home/renato/bridge_ws/install/ros_gz_sim/lib:/home/renato/bridge_ws/install/ros_gz_bridge/lib:/home/renato/bridge_ws/install/ros_gz_interfaces/lib:/opt/ros/humble/opt/rviz_ogre_vendor/lib:/opt/ros/humble/lib/x86_64-linux-gnu:/opt/ros/humble/lib /usr/bin/cmake --install /home/renato/ws_sensor_combined/build/sensor_driver_pkg
[4.205s] Level 1:colcon.colcon_core.environment:checking '/home/renato/ws_sensor_combined/install/sensor_driver_pkg' for CMake config files
[4.206s] Level 1:colcon.colcon_core.shell:create_environment_hook('sensor_driver_pkg', 'cmake_prefix_path')
[4.207s] INFO:colcon.colcon_core.shell:Creating environment hook '/home/renato/ws_sensor_combined/install/sensor_driver_pkg/share/sensor_driver_pkg/hook/cmake_prefix_path.ps1'
[4.208s] INFO:colcon.colcon_core.shell:Creating environment descriptor '/home/renato/ws_sensor_combined/install/sensor_driver_pkg/share/sensor_driver_pkg/hook/cmake_prefix_path.dsv'
[4.208s] INFO:colcon.colcon_core.shell:Creating environment hook '/home/renato/ws_sensor_combined/install/sensor_driver_pkg/share/sensor_driver_pkg/hook/cmake_prefix_path.sh'
[4.210s] Level 1:colcon.colcon_core.environment:checking '/home/renato/ws_sensor_combined/install/sensor_driver_pkg/lib'
[4.210s] Level 1:colcon.colcon_core.environment:checking '/home/renato/ws_sensor_combined/install/sensor_driver_pkg/bin'
[4.210s] Level 1:colcon.colcon_core.environment:checking '/home/renato/ws_sensor_combined/install/sensor_driver_pkg/lib/pkgconfig/sensor_driver_pkg.pc'
[4.210s] Level 1:colcon.colcon_core.environment:checking '/home/renato/ws_sensor_combined/install/sensor_driver_pkg/lib/python3.10/site-packages'
[4.211s] Level 1:colcon.colcon_core.environment:checking '/home/renato/ws_sensor_combined/install/sensor_driver_pkg/bin'
[4.211s] INFO:colcon.colcon_core.shell:Creating package script '/home/renato/ws_sensor_combined/install/sensor_driver_pkg/share/sensor_driver_pkg/package.ps1'
[4.212s] INFO:colcon.colcon_core.shell:Creating package descriptor '/home/renato/ws_sensor_combined/install/sensor_driver_pkg/share/sensor_driver_pkg/package.dsv'
[4.213s] INFO:colcon.colcon_core.shell:Creating package script '/home/renato/ws_sensor_combined/install/sensor_driver_pkg/share/sensor_driver_pkg/package.sh'
[4.213s] INFO:colcon.colcon_core.shell:Creating package script '/home/renato/ws_sensor_combined/install/sensor_driver_pkg/share/sensor_driver_pkg/package.bash'
[4.214s] INFO:colcon.colcon_core.shell:Creating package script '/home/renato/ws_sensor_combined/install/sensor_driver_pkg/share/sensor_driver_pkg/package.zsh'
[4.214s] Level 1:colcon.colcon_core.environment:create_file_with_runtime_dependencies(/home/renato/ws_sensor_combined/install/sensor_driver_pkg/share/colcon-core/packages/sensor_driver_pkg)
[4.215s] Level 1:colcon.colcon_core.environment:create_environment_scripts_only(sensor_driver_pkg)
[4.216s] Level 1:colcon.colcon_core.environment:checking '/home/renato/ws_sensor_combined/install/sensor_driver_pkg' for CMake module files
[4.216s] Level 1:colcon.colcon_core.environment:checking '/home/renato/ws_sensor_combined/install/sensor_driver_pkg' for CMake config files
[4.217s] Level 1:colcon.colcon_core.shell:create_environment_hook('sensor_driver_pkg', 'cmake_prefix_path')
[4.217s] INFO:colcon.colcon_core.shell:Creating environment hook '/home/renato/ws_sensor_combined/install/sensor_driver_pkg/share/sensor_driver_pkg/hook/cmake_prefix_path.ps1'
[4.218s] INFO:colcon.colcon_core.shell:Creating environment descriptor '/home/renato/ws_sensor_combined/install/sensor_driver_pkg/share/sensor_driver_pkg/hook/cmake_prefix_path.dsv'
[4.218s] INFO:colcon.colcon_core.shell:Creating environment hook '/home/renato/ws_sensor_combined/install/sensor_driver_pkg/share/sensor_driver_pkg/hook/cmake_prefix_path.sh'
[4.219s] Level 1:colcon.colcon_core.environment:checking '/home/renato/ws_sensor_combined/install/sensor_driver_pkg/lib'
[4.220s] Level 1:colcon.colcon_core.environment:checking '/home/renato/ws_sensor_combined/install/sensor_driver_pkg/bin'
[4.220s] Level 1:colcon.colcon_core.environment:checking '/home/renato/ws_sensor_combined/install/sensor_driver_pkg/lib/pkgconfig/sensor_driver_pkg.pc'
[4.220s] Level 1:colcon.colcon_core.environment:checking '/home/renato/ws_sensor_combined/install/sensor_driver_pkg/lib/python3.10/site-packages'
[4.221s] Level 1:colcon.colcon_core.environment:checking '/home/renato/ws_sensor_combined/install/sensor_driver_pkg/bin'
[4.221s] INFO:colcon.colcon_core.shell:Creating package script '/home/renato/ws_sensor_combined/install/sensor_driver_pkg/share/sensor_driver_pkg/package.ps1'
[4.223s] INFO:colcon.colcon_core.shell:Creating package descriptor '/home/renato/ws_sensor_combined/install/sensor_driver_pkg/share/sensor_driver_pkg/package.dsv'
[4.224s] INFO:colcon.colcon_core.shell:Creating package script '/home/renato/ws_sensor_combined/install/sensor_driver_pkg/share/sensor_driver_pkg/package.sh'
[4.225s] INFO:colcon.colcon_core.shell:Creating package script '/home/renato/ws_sensor_combined/install/sensor_driver_pkg/share/sensor_driver_pkg/package.bash'
[4.226s] INFO:colcon.colcon_core.shell:Creating package script '/home/renato/ws_sensor_combined/install/sensor_driver_pkg/share/sensor_driver_pkg/package.zsh'
[4.227s] Level 1:colcon.colcon_core.environment:create_file_with_runtime_dependencies(/home/renato/ws_sensor_combined/install/sensor_driver_pkg/share/colcon-core/packages/sensor_driver_pkg)
[4.980s] DEBUG:colcon.colcon_core.event_handler.log_command:Invoked command in '/home/renato/ws_sensor_combined/build/px4_ros_com' returned '0': CMAKE_PREFIX_PATH=/home/renato/ws_sensor_combined/install/px4_msgs:/home/renato/ws_sensor_combined/install/sensor_driver_pkg:/home/renato/ws_sensor_combined/install/px4_ros_com:/home/renato/ws_sensor_combined/install/load_cell_publisher_pkg:/home/renato/ws_sensor_combined/install/dual_wrench_publisher_pkg:/home/renato/ws_sensor_combined/install/apply_link_wrench_pkg:/home/renato/bridge_ws/install/test_ros_gz_bridge:/home/renato/bridge_ws/install/ros_ign_interfaces:/home/renato/bridge_ws/install/ros_ign:/home/renato/bridge_ws/install/ros_ign_image:/home/renato/bridge_ws/install/ros_ign_gazebo_demos:/home/renato/bridge_ws/install/ros_ign_gazebo:/home/renato/bridge_ws/install/ros_ign_bridge:/home/renato/bridge_ws/install/ros_gz:/home/renato/bridge_ws/install/ros_gz_sim_demos:/home/renato/bridge_ws/install/ros_gz_sim:/home/renato/bridge_ws/install/ros_gz_image:/home/renato/bridge_ws/install/ros_gz_bridge:/home/renato/bridge_ws/install/ros_gz_interfaces:/opt/ros/humble LD_LIBRARY_PATH=/home/renato/ws_sensor_combined/install/px4_msgs/lib:/home/renato/ws_sensor_combined/install/px4_ros_com/lib:/home/renato/bridge_ws/install/ros_ign_interfaces/lib:/home/renato/bridge_ws/install/ros_gz_sim/lib:/home/renato/bridge_ws/install/ros_gz_bridge/lib:/home/renato/bridge_ws/install/ros_gz_interfaces/lib:/opt/ros/humble/opt/rviz_ogre_vendor/lib:/opt/ros/humble/lib/x86_64-linux-gnu:/opt/ros/humble/lib /usr/bin/cmake --build /home/renato/ws_sensor_combined/build/px4_ros_com -- -j20 -l20
[4.984s] DEBUG:colcon.colcon_core.event_handler.log_command:Invoking command in '/home/renato/ws_sensor_combined/build/px4_ros_com': CMAKE_PREFIX_PATH=/home/renato/ws_sensor_combined/install/px4_msgs:/home/renato/ws_sensor_combined/install/sensor_driver_pkg:/home/renato/ws_sensor_combined/install/px4_ros_com:/home/renato/ws_sensor_combined/install/load_cell_publisher_pkg:/home/renato/ws_sensor_combined/install/dual_wrench_publisher_pkg:/home/renato/ws_sensor_combined/install/apply_link_wrench_pkg:/home/renato/bridge_ws/install/test_ros_gz_bridge:/home/renato/bridge_ws/install/ros_ign_interfaces:/home/renato/bridge_ws/install/ros_ign:/home/renato/bridge_ws/install/ros_ign_image:/home/renato/bridge_ws/install/ros_ign_gazebo_demos:/home/renato/bridge_ws/install/ros_ign_gazebo:/home/renato/bridge_ws/install/ros_ign_bridge:/home/renato/bridge_ws/install/ros_gz:/home/renato/bridge_ws/install/ros_gz_sim_demos:/home/renato/bridge_ws/install/ros_gz_sim:/home/renato/bridge_ws/install/ros_gz_image:/home/renato/bridge_ws/install/ros_gz_bridge:/home/renato/bridge_ws/install/ros_gz_interfaces:/opt/ros/humble LD_LIBRARY_PATH=/home/renato/ws_sensor_combined/install/px4_msgs/lib:/home/renato/ws_sensor_combined/install/px4_ros_com/lib:/home/renato/bridge_ws/install/ros_ign_interfaces/lib:/home/renato/bridge_ws/install/ros_gz_sim/lib:/home/renato/bridge_ws/install/ros_gz_bridge/lib:/home/renato/bridge_ws/install/ros_gz_interfaces/lib:/opt/ros/humble/opt/rviz_ogre_vendor/lib:/opt/ros/humble/lib/x86_64-linux-gnu:/opt/ros/humble/lib /usr/bin/cmake --install /home/renato/ws_sensor_combined/build/px4_ros_com
[5.103s] Level 1:colcon.colcon_core.environment:create_environment_scripts_only(px4_ros_com)
[5.104s] Level 1:colcon.colcon_core.environment:checking '/home/renato/ws_sensor_combined/install/px4_ros_com' for CMake module files
[5.105s] DEBUG:colcon.colcon_core.event_handler.log_command:Invoked command in '/home/renato/ws_sensor_combined/build/px4_ros_com' returned '0': CMAKE_PREFIX_PATH=/home/renato/ws_sensor_combined/install/px4_msgs:/home/renato/ws_sensor_combined/install/sensor_driver_pkg:/home/renato/ws_sensor_combined/install/px4_ros_com:/home/renato/ws_sensor_combined/install/load_cell_publisher_pkg:/home/renato/ws_sensor_combined/install/dual_wrench_publisher_pkg:/home/renato/ws_sensor_combined/install/apply_link_wrench_pkg:/home/renato/bridge_ws/install/test_ros_gz_bridge:/home/renato/bridge_ws/install/ros_ign_interfaces:/home/renato/bridge_ws/install/ros_ign:/home/renato/bridge_ws/install/ros_ign_image:/home/renato/bridge_ws/install/ros_ign_gazebo_demos:/home/renato/bridge_ws/install/ros_ign_gazebo:/home/renato/bridge_ws/install/ros_ign_bridge:/home/renato/bridge_ws/install/ros_gz:/home/renato/bridge_ws/install/ros_gz_sim_demos:/home/renato/bridge_ws/install/ros_gz_sim:/home/renato/bridge_ws/install/ros_gz_image:/home/renato/bridge_ws/install/ros_gz_bridge:/home/renato/bridge_ws/install/ros_gz_interfaces:/opt/ros/humble LD_LIBRARY_PATH=/home/renato/ws_sensor_combined/install/px4_msgs/lib:/home/renato/ws_sensor_combined/install/px4_ros_com/lib:/home/renato/bridge_ws/install/ros_ign_interfaces/lib:/home/renato/bridge_ws/install/ros_gz_sim/lib:/home/renato/bridge_ws/install/ros_gz_bridge/lib:/home/renato/bridge_ws/install/ros_gz_interfaces/lib:/opt/ros/humble/opt/rviz_ogre_vendor/lib:/opt/ros/humble/lib/x86_64-linux-gnu:/opt/ros/humble/lib /usr/bin/cmake --install /home/renato/ws_sensor_combined/build/px4_ros_com
[5.106s] Level 1:colcon.colcon_core.environment:checking '/home/renato/ws_sensor_combined/install/px4_ros_com' for CMake config files
[5.106s] Level 1:colcon.colcon_core.shell:create_environment_hook('px4_ros_com', 'cmake_prefix_path')
[5.107s] INFO:colcon.colcon_core.shell:Creating environment hook '/home/renato/ws_sensor_combined/install/px4_ros_com/share/px4_ros_com/hook/cmake_prefix_path.ps1'
[5.108s] INFO:colcon.colcon_core.shell:Creating environment descriptor '/home/renato/ws_sensor_combined/install/px4_ros_com/share/px4_ros_com/hook/cmake_prefix_path.dsv'
[5.108s] INFO:colcon.colcon_core.shell:Creating environment hook '/home/renato/ws_sensor_combined/install/px4_ros_com/share/px4_ros_com/hook/cmake_prefix_path.sh'
[5.109s] Level 1:colcon.colcon_core.environment:checking '/home/renato/ws_sensor_combined/install/px4_ros_com/lib'
[5.110s] Level 1:colcon.colcon_core.shell:create_environment_hook('px4_ros_com', 'ld_library_path_lib')
[5.110s] INFO:colcon.colcon_core.shell:Creating environment hook '/home/renato/ws_sensor_combined/install/px4_ros_com/share/px4_ros_com/hook/ld_library_path_lib.ps1'
[5.111s] INFO:colcon.colcon_core.shell:Creating environment descriptor '/home/renato/ws_sensor_combined/install/px4_ros_com/share/px4_ros_com/hook/ld_library_path_lib.dsv'
[5.111s] INFO:colcon.colcon_core.shell:Creating environment hook '/home/renato/ws_sensor_combined/install/px4_ros_com/share/px4_ros_com/hook/ld_library_path_lib.sh'
[5.112s] Level 1:colcon.colcon_core.environment:checking '/home/renato/ws_sensor_combined/install/px4_ros_com/bin'
[5.112s] Level 1:colcon.colcon_core.environment:checking '/home/renato/ws_sensor_combined/install/px4_ros_com/lib/pkgconfig/px4_ros_com.pc'
[5.112s] Level 1:colcon.colcon_core.environment:checking '/home/renato/ws_sensor_combined/install/px4_ros_com/lib/python3.10/site-packages'
[5.113s] Level 1:colcon.colcon_core.environment:checking '/home/renato/ws_sensor_combined/install/px4_ros_com/bin'
[5.113s] INFO:colcon.colcon_core.shell:Creating package script '/home/renato/ws_sensor_combined/install/px4_ros_com/share/px4_ros_com/package.ps1'
[5.114s] INFO:colcon.colcon_core.shell:Creating package descriptor '/home/renato/ws_sensor_combined/install/px4_ros_com/share/px4_ros_com/package.dsv'
[5.115s] INFO:colcon.colcon_core.shell:Creating package script '/home/renato/ws_sensor_combined/install/px4_ros_com/share/px4_ros_com/package.sh'
[5.116s] INFO:colcon.colcon_core.shell:Creating package script '/home/renato/ws_sensor_combined/install/px4_ros_com/share/px4_ros_com/package.bash'
[5.117s] INFO:colcon.colcon_core.shell:Creating package script '/home/renato/ws_sensor_combined/install/px4_ros_com/share/px4_ros_com/package.zsh'
[5.118s] Level 1:colcon.colcon_core.environment:create_file_with_runtime_dependencies(/home/renato/ws_sensor_combined/install/px4_ros_com/share/colcon-core/packages/px4_ros_com)
[5.119s] Level 1:colcon.colcon_core.environment:create_environment_scripts_only(px4_ros_com)
[5.119s] Level 1:colcon.colcon_core.environment:checking '/home/renato/ws_sensor_combined/install/px4_ros_com' for CMake module files
[5.120s] Level 1:colcon.colcon_core.environment:checking '/home/renato/ws_sensor_combined/install/px4_ros_com' for CMake config files
[5.121s] Level 1:colcon.colcon_core.shell:create_environment_hook('px4_ros_com', 'cmake_prefix_path')
[5.121s] INFO:colcon.colcon_core.shell:Creating environment hook '/home/renato/ws_sensor_combined/install/px4_ros_com/share/px4_ros_com/hook/cmake_prefix_path.ps1'
[5.122s] INFO:colcon.colcon_core.shell:Creating environment descriptor '/home/renato/ws_sensor_combined/install/px4_ros_com/share/px4_ros_com/hook/cmake_prefix_path.dsv'
[5.122s] INFO:colcon.colcon_core.shell:Creating environment hook '/home/renato/ws_sensor_combined/install/px4_ros_com/share/px4_ros_com/hook/cmake_prefix_path.sh'
[5.123s] Level 1:colcon.colcon_core.environment:checking '/home/renato/ws_sensor_combined/install/px4_ros_com/lib'
[5.123s] Level 1:colcon.colcon_core.shell:create_environment_hook('px4_ros_com', 'ld_library_path_lib')
[5.124s] INFO:colcon.colcon_core.shell:Creating environment hook '/home/renato/ws_sensor_combined/install/px4_ros_com/share/px4_ros_com/hook/ld_library_path_lib.ps1'
[5.124s] INFO:colcon.colcon_core.shell:Creating environment descriptor '/home/renato/ws_sensor_combined/install/px4_ros_com/share/px4_ros_com/hook/ld_library_path_lib.dsv'
[5.125s] INFO:colcon.colcon_core.shell:Creating environment hook '/home/renato/ws_sensor_combined/install/px4_ros_com/share/px4_ros_com/hook/ld_library_path_lib.sh'
[5.126s] Level 1:colcon.colcon_core.environment:checking '/home/renato/ws_sensor_combined/install/px4_ros_com/bin'
[5.126s] Level 1:colcon.colcon_core.environment:checking '/home/renato/ws_sensor_combined/install/px4_ros_com/lib/pkgconfig/px4_ros_com.pc'
[5.126s] Level 1:colcon.colcon_core.environment:checking '/home/renato/ws_sensor_combined/install/px4_ros_com/lib/python3.10/site-packages'
[5.126s] Level 1:colcon.colcon_core.environment:checking '/home/renato/ws_sensor_combined/install/px4_ros_com/bin'
[5.127s] INFO:colcon.colcon_core.shell:Creating package script '/home/renato/ws_sensor_combined/install/px4_ros_com/share/px4_ros_com/package.ps1'
[5.128s] INFO:colcon.colcon_core.shell:Creating package descriptor '/home/renato/ws_sensor_combined/install/px4_ros_com/share/px4_ros_com/package.dsv'
[5.129s] INFO:colcon.colcon_core.shell:Creating package script '/home/renato/ws_sensor_combined/install/px4_ros_com/share/px4_ros_com/package.sh'
[5.130s] INFO:colcon.colcon_core.shell:Creating package script '/home/renato/ws_sensor_combined/install/px4_ros_com/share/px4_ros_com/package.bash'
[5.131s] INFO:colcon.colcon_core.shell:Creating package script '/home/renato/ws_sensor_combined/install/px4_ros_com/share/px4_ros_com/package.zsh'
[5.131s] Level 1:colcon.colcon_core.environment:create_file_with_runtime_dependencies(/home/renato/ws_sensor_combined/install/px4_ros_com/share/colcon-core/packages/px4_ros_com)
[9.398s] DEBUG:colcon.colcon_core.event_handler.log_command:Invoked command in '/home/renato/ws_sensor_combined/build/apply_link_wrench_pkg' returned '0': CMAKE_PREFIX_PATH=${CMAKE_PREFIX_PATH}:/opt/ros/humble /usr/bin/cmake --build /home/renato/ws_sensor_combined/build/apply_link_wrench_pkg -- -j20 -l20
[9.403s] DEBUG:colcon.colcon_core.event_handler.log_command:Invoking command in '/home/renato/ws_sensor_combined/build/apply_link_wrench_pkg': CMAKE_PREFIX_PATH=${CMAKE_PREFIX_PATH}:/opt/ros/humble /usr/bin/cmake --install /home/renato/ws_sensor_combined/build/apply_link_wrench_pkg
[9.442s] Level 1:colcon.colcon_core.environment:create_environment_scripts_only(apply_link_wrench_pkg)
[9.443s] Level 1:colcon.colcon_core.environment:checking '/home/renato/ws_sensor_combined/install/apply_link_wrench_pkg' for CMake module files
[9.444s] DEBUG:colcon.colcon_core.event_handler.log_command:Invoked command in '/home/renato/ws_sensor_combined/build/apply_link_wrench_pkg' returned '0': CMAKE_PREFIX_PATH=${CMAKE_PREFIX_PATH}:/opt/ros/humble /usr/bin/cmake --install /home/renato/ws_sensor_combined/build/apply_link_wrench_pkg
[9.445s] Level 1:colcon.colcon_core.environment:checking '/home/renato/ws_sensor_combined/install/apply_link_wrench_pkg' for CMake config files
[9.445s] Level 1:colcon.colcon_core.shell:create_environment_hook('apply_link_wrench_pkg', 'cmake_prefix_path')
[9.446s] INFO:colcon.colcon_core.shell:Creating environment hook '/home/renato/ws_sensor_combined/install/apply_link_wrench_pkg/share/apply_link_wrench_pkg/hook/cmake_prefix_path.ps1'
[9.447s] INFO:colcon.colcon_core.shell:Creating environment descriptor '/home/renato/ws_sensor_combined/install/apply_link_wrench_pkg/share/apply_link_wrench_pkg/hook/cmake_prefix_path.dsv'
[9.448s] INFO:colcon.colcon_core.shell:Creating environment hook '/home/renato/ws_sensor_combined/install/apply_link_wrench_pkg/share/apply_link_wrench_pkg/hook/cmake_prefix_path.sh'
[9.449s] Level 1:colcon.colcon_core.environment:checking '/home/renato/ws_sensor_combined/install/apply_link_wrench_pkg/lib'
[9.450s] Level 1:colcon.colcon_core.environment:checking '/home/renato/ws_sensor_combined/install/apply_link_wrench_pkg/bin'
[9.450s] Level 1:colcon.colcon_core.environment:checking '/home/renato/ws_sensor_combined/install/apply_link_wrench_pkg/lib/pkgconfig/apply_link_wrench_pkg.pc'
[9.450s] Level 1:colcon.colcon_core.environment:checking '/home/renato/ws_sensor_combined/install/apply_link_wrench_pkg/lib/python3.10/site-packages'
[9.451s] Level 1:colcon.colcon_core.environment:checking '/home/renato/ws_sensor_combined/install/apply_link_wrench_pkg/bin'
[9.451s] INFO:colcon.colcon_core.shell:Creating package script '/home/renato/ws_sensor_combined/install/apply_link_wrench_pkg/share/apply_link_wrench_pkg/package.ps1'
[9.452s] INFO:colcon.colcon_core.shell:Creating package descriptor '/home/renato/ws_sensor_combined/install/apply_link_wrench_pkg/share/apply_link_wrench_pkg/package.dsv'
[9.453s] INFO:colcon.colcon_core.shell:Creating package script '/home/renato/ws_sensor_combined/install/apply_link_wrench_pkg/share/apply_link_wrench_pkg/package.sh'
[9.454s] INFO:colcon.colcon_core.shell:Creating package script '/home/renato/ws_sensor_combined/install/apply_link_wrench_pkg/share/apply_link_wrench_pkg/package.bash'
[9.455s] INFO:colcon.colcon_core.shell:Creating package script '/home/renato/ws_sensor_combined/install/apply_link_wrench_pkg/share/apply_link_wrench_pkg/package.zsh'
[9.455s] Level 1:colcon.colcon_core.environment:create_file_with_runtime_dependencies(/home/renato/ws_sensor_combined/install/apply_link_wrench_pkg/share/colcon-core/packages/apply_link_wrench_pkg)
[9.456s] Level 1:colcon.colcon_core.environment:create_environment_scripts_only(apply_link_wrench_pkg)
[9.457s] Level 1:colcon.colcon_core.environment:checking '/home/renato/ws_sensor_combined/install/apply_link_wrench_pkg' for CMake module files
[9.457s] Level 1:colcon.colcon_core.environment:checking '/home/renato/ws_sensor_combined/install/apply_link_wrench_pkg' for CMake config files
[9.458s] Level 1:colcon.colcon_core.shell:create_environment_hook('apply_link_wrench_pkg', 'cmake_prefix_path')
[9.458s] INFO:colcon.colcon_core.shell:Creating environment hook '/home/renato/ws_sensor_combined/install/apply_link_wrench_pkg/share/apply_link_wrench_pkg/hook/cmake_prefix_path.ps1'
[9.459s] INFO:colcon.colcon_core.shell:Creating environment descriptor '/home/renato/ws_sensor_combined/install/apply_link_wrench_pkg/share/apply_link_wrench_pkg/hook/cmake_prefix_path.dsv'
[9.459s] INFO:colcon.colcon_core.shell:Creating environment hook '/home/renato/ws_sensor_combined/install/apply_link_wrench_pkg/share/apply_link_wrench_pkg/hook/cmake_prefix_path.sh'
[9.460s] Level 1:colcon.colcon_core.environment:checking '/home/renato/ws_sensor_combined/install/apply_link_wrench_pkg/lib'
[9.460s] Level 1:colcon.colcon_core.environment:checking '/home/renato/ws_sensor_combined/install/apply_link_wrench_pkg/bin'
[9.460s] Level 1:colcon.colcon_core.environment:checking '/home/renato/ws_sensor_combined/install/apply_link_wrench_pkg/lib/pkgconfig/apply_link_wrench_pkg.pc'
[9.461s] Level 1:colcon.colcon_core.environment:checking '/home/renato/ws_sensor_combined/install/apply_link_wrench_pkg/lib/python3.10/site-packages'
[9.461s] Level 1:colcon.colcon_core.environment:checking '/home/renato/ws_sensor_combined/install/apply_link_wrench_pkg/bin'
[9.462s] INFO:colcon.colcon_core.shell:Creating package script '/home/renato/ws_sensor_combined/install/apply_link_wrench_pkg/share/apply_link_wrench_pkg/package.ps1'
[9.463s] INFO:colcon.colcon_core.shell:Creating package descriptor '/home/renato/ws_sensor_combined/install/apply_link_wrench_pkg/share/apply_link_wrench_pkg/package.dsv'
[9.463s] INFO:colcon.colcon_core.shell:Creating package script '/home/renato/ws_sensor_combined/install/apply_link_wrench_pkg/share/apply_link_wrench_pkg/package.sh'
[9.464s] INFO:colcon.colcon_core.shell:Creating package script '/home/renato/ws_sensor_combined/install/apply_link_wrench_pkg/share/apply_link_wrench_pkg/package.bash'
[9.465s] INFO:colcon.colcon_core.shell:Creating package script '/home/renato/ws_sensor_combined/install/apply_link_wrench_pkg/share/apply_link_wrench_pkg/package.zsh'
[9.465s] Level 1:colcon.colcon_core.environment:create_file_with_runtime_dependencies(/home/renato/ws_sensor_combined/install/apply_link_wrench_pkg/share/colcon-core/packages/apply_link_wrench_pkg)
[9.466s] DEBUG:colcon.colcon_parallel_executor.executor.parallel:closing loop
[9.466s] DEBUG:colcon.colcon_parallel_executor.executor.parallel:loop closed
[9.466s] DEBUG:colcon.colcon_parallel_executor.executor.parallel:run_until_complete finished with '0'
[9.466s] DEBUG:colcon.colcon_core.event_reactor:joining thread
[9.477s] INFO:colcon.colcon_core.plugin_system:Skipping extension 'colcon_notification.desktop_notification.terminal_notifier': Not used on non-Darwin systems
[9.477s] INFO:colcon.colcon_core.plugin_system:Skipping extension 'colcon_notification.desktop_notification.win32': Not used on non-Windows systems
[9.477s] INFO:colcon.colcon_notification.desktop_notification:Sending desktop notification using 'notify2'
[9.495s] DEBUG:colcon.colcon_core.event_reactor:joined thread
[9.496s] INFO:colcon.colcon_core.shell:Creating prefix script '/home/renato/ws_sensor_combined/install/local_setup.ps1'
[9.498s] INFO:colcon.colcon_core.shell:Creating prefix util module '/home/renato/ws_sensor_combined/install/_local_setup_util_ps1.py'
[9.500s] INFO:colcon.colcon_core.shell:Creating prefix chain script '/home/renato/ws_sensor_combined/install/setup.ps1'
[9.504s] INFO:colcon.colcon_core.shell:Creating prefix script '/home/renato/ws_sensor_combined/install/local_setup.sh'
[9.505s] INFO:colcon.colcon_core.shell:Creating prefix util module '/home/renato/ws_sensor_combined/install/_local_setup_util_sh.py'
[9.506s] INFO:colcon.colcon_core.shell:Creating prefix chain script '/home/renato/ws_sensor_combined/install/setup.sh'
[9.509s] INFO:colcon.colcon_core.shell:Creating prefix script '/home/renato/ws_sensor_combined/install/local_setup.bash'
[9.510s] INFO:colcon.colcon_core.shell:Creating prefix chain script '/home/renato/ws_sensor_combined/install/setup.bash'
[9.513s] INFO:colcon.colcon_core.shell:Creating prefix script '/home/renato/ws_sensor_combined/install/local_setup.zsh'
[9.514s] INFO:colcon.colcon_core.shell:Creating prefix chain script '/home/renato/ws_sensor_combined/install/setup.zsh'
