[0.009s] Invoking command in '/home/renato/ws_sensor_combined/build/gazebo_cable': CMAKE_PREFIX_PATH=${CMAKE_PREFIX_PATH}:/opt/ros/humble /usr/bin/cmake /home/renato/ws_sensor_combined/src/gazebo_cable -DCMAKE_INSTALL_PREFIX=/home/renato/ws_sensor_combined/install/gazebo_cable
[0.018s] -- Found ament_cmake: 1.3.11 (/opt/ros/humble/share/ament_cmake/cmake)
[0.111s] -- Override CMake install command with custom implementation using symlinks instead of copying resources
[0.120s] -- Looking for gz-sim7 -- found version 7.9.0
[0.124s] -- Searching for dependencies of gz-sim7
[0.125s] -- Looking for sdformat13 -- found version 13.9.0
[0.125s] -- Searching for dependencies of sdformat13
[0.129s] -- Checking for module 'tinyxml2'
[0.142s] --   Found tinyxml2, version 9.0.0
[0.169s] -- Looking for gz-math7 -- found version 7.5.1
[0.169s] -- Searching for dependencies of gz-math7
[0.169s] -- Looking for gz-utils2 -- found version 2.2.0
[0.170s] -- Searching for dependencies of gz-utils2
[0.171s] -- Looking for gz-utils2 -- found version 2.2.0
[0.171s] -- Searching for dependencies of gz-utils2
[0.171s] -- Searching for <gz-utils2> component [cli]
[0.171s] -- Looking for gz-utils2-cli -- found version 2.2.0
[0.171s] -- Searching for dependencies of gz-utils2-cli
[0.172s] -- Looking for gz-plugin2 -- found version 2.0.3
[0.172s] -- Searching for dependencies of gz-plugin2
[0.173s] -- Looking for gz-utils2 -- found version 2.2.0
[0.173s] -- Searching for <gz-plugin2> component [loader]
[0.173s] -- Looking for gz-plugin2-loader -- found version 2.0.3
[0.174s] -- Searching for dependencies of gz-plugin2-loader
[0.174s] -- Searching for <gz-plugin2> component [register]
[0.174s] -- Looking for gz-plugin2-register -- found version 2.0.3
[0.174s] -- Searching for dependencies of gz-plugin2-register
[0.175s] -- Looking for gz-transport12 -- found version 12.2.2
[0.175s] -- Searching for dependencies of gz-transport12
[0.201s] -- Config-file not installed for ZeroMQ -- checking for pkg-config
[0.206s] -- Checking for module 'libzmq >= 4'
[0.216s] --   Found libzmq , version 4.3.4
[0.250s] -- Checking for module 'uuid'
[0.262s] --   Found uuid, version 2.37.2
[0.290s] -- Looking for gz-utils2 -- found version 2.2.0
[0.290s] -- Looking for gz-msgs9 -- found version 9.5.1
[0.291s] -- Searching for dependencies of gz-msgs9
[0.306s] -- Looking for gz-math7 -- found version 7.5.1
[0.312s] -- Searching for <gz-transport12> component [log]
[0.312s] -- Looking for gz-transport12-log -- found version 12.2.2
[0.312s] -- Searching for dependencies of gz-transport12-log
[0.313s] -- Searching for <gz-transport12> component [parameters]
[0.313s] -- Looking for gz-transport12-parameters -- found version 12.2.2
[0.313s] -- Searching for dependencies of gz-transport12-parameters
[0.314s] -- Looking for gz-msgs9 -- found version 9.5.1
[0.314s] -- Looking for gz-common5 -- found version 5.7.0
[0.314s] -- Searching for dependencies of gz-common5
[0.314s] -- Looking for gz-utils2 -- found version 2.2.0
[0.314s] -- Looking for dlfcn.h - found
[0.315s] -- Looking for libdl - found
[0.321s] -- Searching for <gz-common5> component [profiler]
[0.321s] -- Looking for gz-common5-profiler -- found version 5.7.0
[0.322s] -- Searching for dependencies of gz-common5-profiler
[0.322s] -- Searching for <gz-common5> component [events]
[0.322s] -- Looking for gz-common5-events -- found version 5.7.0
[0.323s] -- Searching for dependencies of gz-common5-events
[0.323s] -- Looking for gz-math7 -- found version 7.5.1
[0.324s] -- Searching for <gz-common5> component [av]
[0.324s] -- Looking for gz-common5-av -- found version 5.7.0
[0.324s] -- Searching for dependencies of gz-common5-av
[0.328s] -- Checking for module 'libswscale'
[0.339s] --   Found libswscale, version 5.9.100
[0.372s] -- Checking for module 'libavdevice >= 56.4.100'
[0.383s] --   Found libavdevice , version 58.13.100
[0.416s] -- Checking for module 'libavformat'
[0.428s] --   Found libavformat, version 58.76.100
[0.460s] -- Checking for module 'libavcodec'
[0.472s] --   Found libavcodec, version 58.134.100
[0.503s] -- Checking for module 'libavutil'
[0.515s] --   Found libavutil, version 56.70.100
[0.542s] -- Searching for <gz-common5> component [io]
[0.542s] -- Looking for gz-common5-io -- found version 5.7.0
[0.543s] -- Searching for dependencies of gz-common5-io
[0.543s] -- Looking for gz-fuel_tools8 -- found version 8.2.0
[0.543s] -- Searching for dependencies of gz-fuel_tools8
[0.581s] -- Checking for module 'jsoncpp'
[0.593s] --   Found jsoncpp, version 1.9.5
[0.625s] -- Checking for module 'libzip'
[0.636s] --   Found libzip, version 1.7.3
[0.664s] -- Looking for gz-utils2 -- found version 2.2.0
[0.664s] -- Looking for gz-common5 -- found version 5.7.0
[0.665s] -- Searching for dependencies of gz-common5
[0.665s] -- Looking for gz-utils2 -- found version 2.2.0
[0.665s] -- Looking for dlfcn.h - found
[0.665s] -- Looking for libdl - found
[0.670s] -- Searching for <gz-common5> component [testing]
[0.670s] -- Looking for gz-common5-testing -- found version 5.7.0
[0.671s] -- Searching for dependencies of gz-common5-testing
[0.671s] -- Looking for gz-math7 -- found version 7.5.1
[0.671s] -- Looking for gz-msgs9 -- found version 9.5.1
[0.672s] -- Looking for gz-gui7 -- found version 7.2.2
[0.672s] -- Searching for dependencies of gz-gui7
[0.692s] -- Looking for gz-utils2 -- found version 2.2.0
[0.692s] -- Looking for gz-math7 -- found version 7.5.1
[0.693s] -- Looking for gz-common5 -- found version 5.7.0
[0.693s] -- Looking for gz-plugin2 -- found version 2.0.3
[0.694s] -- Looking for gz-transport12 -- found version 12.2.2
[0.694s] -- Looking for gz-rendering7 -- found version 7.5.0
[0.694s] -- Searching for dependencies of gz-rendering7
[0.694s] -- Looking for gz-math7 -- found version 7.5.1
[0.695s] -- Searching for dependencies of gz-math7
[0.695s] -- Looking for gz-utils2 -- found version 2.2.0
[0.695s] -- Searching for <gz-math7> component [eigen3]
[0.695s] -- Looking for gz-math7-eigen3 -- found version 7.5.1
[0.695s] -- Searching for dependencies of gz-math7-eigen3
[0.697s] -- Looking for gz-common5 -- found version 5.7.0
[0.697s] -- Searching for dependencies of gz-common5
[0.697s] -- Looking for gz-utils2 -- found version 2.2.0
[0.697s] -- Looking for dlfcn.h - found
[0.697s] -- Looking for libdl - found
[0.703s] -- Searching for <gz-common5> component [graphics]
[0.703s] -- Looking for gz-common5-graphics -- found version 5.7.0
[0.704s] -- Searching for dependencies of gz-common5-graphics
[0.704s] -- Looking for gz-math7 -- found version 7.5.1
[0.706s] -- Searching for <gz-common5> component [events]
[0.706s] -- Searching for <gz-common5> component [geospatial]
[0.706s] -- Looking for gz-common5-geospatial -- found version 5.7.0
[0.706s] -- Searching for dependencies of gz-common5-geospatial
[0.707s] -- Looking for gz-math7 -- found version 7.5.1
[0.707s] -- Looking for gz-common5 -- found version 5.7.0
[0.708s] -- Looking for gz-plugin2 -- found version 2.0.3
[0.708s] -- Searching for dependencies of gz-plugin2
[0.708s] -- Looking for gz-utils2 -- found version 2.2.0
[0.708s] -- Searching for <gz-plugin2> component [all]
[0.708s] -- Looking for all libraries of gz-plugin2 -- found version 2.0.3
[0.709s] -- Looking for gz-plugin2 -- found version 2.0.3
[0.710s] -- Looking for gz-utils2 -- found version 2.2.0
[0.712s] -- Looking for gz-msgs9 -- found version 9.5.1
[0.722s] -- Looking for gz-physics6 -- found version 6.7.0
[0.722s] -- Searching for dependencies of gz-physics6
[0.722s] -- Looking for gz-common5 -- found version 5.7.0
[0.722s] -- Looking for gz-math7 -- found version 7.5.1
[0.723s] -- Looking for gz-plugin2 -- found version 2.0.3
[0.723s] -- Looking for gz-utils2 -- found version 2.2.0
[0.724s] -- Searching for <gz-physics6> component [heightmap]
[0.724s] -- Looking for gz-physics6-heightmap -- found version 6.7.0
[0.724s] -- Searching for dependencies of gz-physics6-heightmap
[0.724s] -- Looking for gz-common5 -- found version 5.7.0
[0.725s] -- Searching for <gz-physics6> component [mesh]
[0.725s] -- Looking for gz-physics6-mesh -- found version 6.7.0
[0.725s] -- Searching for dependencies of gz-physics6-mesh
[0.725s] -- Looking for gz-common5 -- found version 5.7.0
[0.726s] -- Searching for <gz-physics6> component [sdf]
[0.726s] -- Looking for gz-physics6-sdf -- found version 6.7.0
[0.726s] -- Searching for dependencies of gz-physics6-sdf
[0.726s] -- Looking for sdformat13 -- found version 13.9.0
[0.727s] -- Looking for gz-sensors7 -- found version 7.3.1
[0.727s] -- Searching for dependencies of gz-sensors7
[0.741s] -- Looking for gz-math7 -- found version 7.5.1
[0.742s] -- Looking for gz-common5 -- found version 5.7.0
[0.742s] -- Looking for gz-transport12 -- found version 12.2.2
[0.742s] -- Looking for gz-rendering7 -- found version 7.5.0
[0.742s] -- Looking for gz-msgs9 -- found version 9.5.1
[0.743s] -- Looking for sdformat13 -- found version 13.9.0
[0.743s] -- Searching for <gz-sensors7> component [air_pressure]
[0.743s] -- Looking for gz-sensors7-air_pressure -- found version 7.3.1
[0.743s] -- Searching for dependencies of gz-sensors7-air_pressure
[0.744s] -- Searching for <gz-sensors7> component [air_speed]
[0.744s] -- Looking for gz-sensors7-air_speed -- found version 7.3.1
[0.744s] -- Searching for dependencies of gz-sensors7-air_speed
[0.745s] -- Searching for <gz-sensors7> component [altimeter]
[0.745s] -- Looking for gz-sensors7-altimeter -- found version 7.3.1
[0.745s] -- Searching for dependencies of gz-sensors7-altimeter
[0.745s] -- Searching for <gz-sensors7> component [imu]
[0.746s] -- Looking for gz-sensors7-imu -- found version 7.3.1
[0.746s] -- Searching for dependencies of gz-sensors7-imu
[0.746s] -- Searching for <gz-sensors7> component [force_torque]
[0.746s] -- Looking for gz-sensors7-force_torque -- found version 7.3.1
[0.747s] -- Searching for dependencies of gz-sensors7-force_torque
[0.747s] -- Searching for <gz-sensors7> component [logical_camera]
[0.747s] -- Looking for gz-sensors7-logical_camera -- found version 7.3.1
[0.748s] -- Searching for dependencies of gz-sensors7-logical_camera
[0.748s] -- Searching for <gz-sensors7> component [magnetometer]
[0.748s] -- Looking for gz-sensors7-magnetometer -- found version 7.3.1
[0.748s] -- Searching for dependencies of gz-sensors7-magnetometer
[0.749s] -- Searching for <gz-sensors7> component [navsat]
[0.749s] -- Looking for gz-sensors7-navsat -- found version 7.3.1
[0.749s] -- Searching for dependencies of gz-sensors7-navsat
[0.749s] -- Searching for <gz-sensors7> component [rendering]
[0.750s] -- Looking for gz-sensors7-rendering -- found version 7.3.1
[0.750s] -- Searching for dependencies of gz-sensors7-rendering
[0.750s] -- Searching for <gz-sensors7> component [lidar]
[0.750s] -- Looking for gz-sensors7-lidar -- found version 7.3.1
[0.751s] -- Searching for dependencies of gz-sensors7-lidar
[0.751s] -- Looking for gz-sensors7 -- found version 7.3.1
[0.751s] -- Searching for <gz-sensors7> component [gpu_lidar]
[0.752s] -- Looking for gz-sensors7-gpu_lidar -- found version 7.3.1
[0.752s] -- Searching for dependencies of gz-sensors7-gpu_lidar
[0.752s] -- Looking for gz-sensors7 -- found version 7.3.1
[0.752s] -- Searching for <gz-sensors7> component [camera]
[0.753s] -- Looking for gz-sensors7-camera -- found version 7.3.1
[0.753s] -- Searching for dependencies of gz-sensors7-camera
[0.753s] -- Looking for gz-sensors7 -- found version 7.3.1
[0.754s] -- Searching for <gz-sensors7> component [boundingbox_camera]
[0.754s] -- Looking for gz-sensors7-boundingbox_camera -- found version 7.3.1
[0.754s] -- Searching for dependencies of gz-sensors7-boundingbox_camera
[0.754s] -- Searching for <gz-sensors7> component [segmentation_camera]
[0.755s] -- Looking for gz-sensors7-segmentation_camera -- found version 7.3.1
[0.755s] -- Searching for dependencies of gz-sensors7-segmentation_camera
[0.755s] -- Searching for <gz-sensors7> component [depth_camera]
[0.756s] -- Looking for gz-sensors7-depth_camera -- found version 7.3.1
[0.756s] -- Searching for dependencies of gz-sensors7-depth_camera
[0.756s] -- Looking for gz-sensors7 -- found version 7.3.1
[0.756s] -- Searching for <gz-sensors7> component [rgbd_camera]
[0.757s] -- Looking for gz-sensors7-rgbd_camera -- found version 7.3.1
[0.757s] -- Searching for dependencies of gz-sensors7-rgbd_camera
[0.757s] -- Looking for gz-sensors7 -- found version 7.3.1
[0.758s] -- Searching for <gz-sensors7> component [thermal_camera]
[0.758s] -- Looking for gz-sensors7-thermal_camera -- found version 7.3.1
[0.758s] -- Searching for dependencies of gz-sensors7-thermal_camera
[0.758s] -- Looking for gz-sensors7 -- found version 7.3.1
[0.759s] -- Searching for <gz-sensors7> component [wide_angle_camera]
[0.759s] -- Looking for gz-sensors7-wide_angle_camera -- found version 7.3.1
[0.759s] -- Searching for dependencies of gz-sensors7-wide_angle_camera
[0.760s] -- Looking for gz-rendering7 -- found version 7.5.0
[0.760s] -- Looking for gz-math7 -- found version 7.5.1
[0.760s] -- Looking for gz-utils2 -- found version 2.2.0
[0.775s] -- Looking for gz-transport12 -- found version 12.2.2
[0.775s] -- Looking for gz-math7 -- found version 7.5.1
[0.833s] -- Configuring done
[0.838s] -- Generating done
[0.840s] -- Build files have been written to: /home/renato/ws_sensor_combined/build/gazebo_cable
[0.849s] Invoked command in '/home/renato/ws_sensor_combined/build/gazebo_cable' returned '0': CMAKE_PREFIX_PATH=${CMAKE_PREFIX_PATH}:/opt/ros/humble /usr/bin/cmake /home/renato/ws_sensor_combined/src/gazebo_cable -DCMAKE_INSTALL_PREFIX=/home/renato/ws_sensor_combined/install/gazebo_cable
[0.849s] Invoking command in '/home/renato/ws_sensor_combined/build/gazebo_cable': CMAKE_PREFIX_PATH=${CMAKE_PREFIX_PATH}:/opt/ros/humble /usr/bin/cmake --build /home/renato/ws_sensor_combined/build/gazebo_cable -- -j20 -l20
[0.881s] [35m[1mConsolidate compiler generated dependencies of target cable_vel_control_plugin[0m
[0.894s] [100%] Built target cable_vel_control_plugin
[0.903s] Invoked command in '/home/renato/ws_sensor_combined/build/gazebo_cable' returned '0': CMAKE_PREFIX_PATH=${CMAKE_PREFIX_PATH}:/opt/ros/humble /usr/bin/cmake --build /home/renato/ws_sensor_combined/build/gazebo_cable -- -j20 -l20
[0.912s] Invoking command in '/home/renato/ws_sensor_combined/build/gazebo_cable': CMAKE_PREFIX_PATH=${CMAKE_PREFIX_PATH}:/opt/ros/humble /usr/bin/cmake --install /home/renato/ws_sensor_combined/build/gazebo_cable
[0.917s] -- Install configuration: ""
[0.917s] -- Execute custom install script
[0.917s] -- Up-to-date symlink: /home/renato/ws_sensor_combined/install/gazebo_cable/share/gazebo_cable/environment/library_path.sh
[0.917s] -- Up-to-date symlink: /home/renato/ws_sensor_combined/install/gazebo_cable/share/gazebo_cable/environment/library_path.dsv
[0.917s] -- Up-to-date symlink: /home/renato/ws_sensor_combined/install/gazebo_cable/lib/gz/libcable_vel_control_plugin.so
[0.917s] -- Up-to-date symlink: /home/renato/ws_sensor_combined/install/gazebo_cable/lib/gazebo_cable/cable_controller_test_square.py
[0.918s] -- Up-to-date symlink: /home/renato/ws_sensor_combined/install/gazebo_cable/share/gazebo_cable/launch/cable_sim_launch.py
[0.918s] -- Up-to-date symlink: /home/renato/ws_sensor_combined/install/gazebo_cable/share/gazebo_cable/launch/cable_standalone.launch
[0.918s] -- Up-to-date symlink: /home/renato/ws_sensor_combined/install/gazebo_cable/share/gazebo_cable/urdf/cable.sdf
[0.918s] -- Up-to-date symlink: /home/renato/ws_sensor_combined/install/gazebo_cable/share/gazebo_cable/urdf/cable_model.urdf.xacro
[0.918s] -- Up-to-date symlink: /home/renato/ws_sensor_combined/install/gazebo_cable/share/gazebo_cable/package.xml
[0.918s] -- Up-to-date symlink: /home/renato/ws_sensor_combined/install/gazebo_cable/share/ament_index/resource_index/package_run_dependencies/gazebo_cable
[0.918s] -- Up-to-date symlink: /home/renato/ws_sensor_combined/install/gazebo_cable/share/ament_index/resource_index/parent_prefix_path/gazebo_cable
[0.918s] -- Up-to-date symlink: /home/renato/ws_sensor_combined/install/gazebo_cable/share/gazebo_cable/environment/ament_prefix_path.sh
[0.918s] -- Up-to-date symlink: /home/renato/ws_sensor_combined/install/gazebo_cable/share/gazebo_cable/environment/ament_prefix_path.dsv
[0.918s] -- Up-to-date symlink: /home/renato/ws_sensor_combined/install/gazebo_cable/share/gazebo_cable/environment/path.sh
[0.918s] -- Up-to-date symlink: /home/renato/ws_sensor_combined/install/gazebo_cable/share/gazebo_cable/environment/path.dsv
[0.918s] -- Up-to-date symlink: /home/renato/ws_sensor_combined/install/gazebo_cable/share/gazebo_cable/local_setup.bash
[0.918s] -- Up-to-date symlink: /home/renato/ws_sensor_combined/install/gazebo_cable/share/gazebo_cable/local_setup.sh
[0.918s] -- Up-to-date symlink: /home/renato/ws_sensor_combined/install/gazebo_cable/share/gazebo_cable/local_setup.zsh
[0.918s] -- Up-to-date symlink: /home/renato/ws_sensor_combined/install/gazebo_cable/share/gazebo_cable/local_setup.dsv
[0.918s] -- Symlinking: /home/renato/ws_sensor_combined/install/gazebo_cable/share/gazebo_cable/package.dsv
[0.925s] -- Up-to-date symlink: /home/renato/ws_sensor_combined/install/gazebo_cable/share/ament_index/resource_index/packages/gazebo_cable
[0.926s] -- Up-to-date symlink: /home/renato/ws_sensor_combined/install/gazebo_cable/share/gazebo_cable/cmake/ament_cmake_export_dependencies-extras.cmake
[0.926s] -- Up-to-date symlink: /home/renato/ws_sensor_combined/install/gazebo_cable/share/gazebo_cable/cmake/ament_cmake_export_include_directories-extras.cmake
[0.926s] -- Up-to-date symlink: /home/renato/ws_sensor_combined/install/gazebo_cable/share/gazebo_cable/cmake/ament_cmake_export_libraries-extras.cmake
[0.926s] -- Up-to-date symlink: /home/renato/ws_sensor_combined/install/gazebo_cable/share/gazebo_cable/cmake/gazebo_cableConfig.cmake
[0.926s] -- Up-to-date symlink: /home/renato/ws_sensor_combined/install/gazebo_cable/share/gazebo_cable/cmake/gazebo_cableConfig-version.cmake
[0.926s] -- Up-to-date symlink: /home/renato/ws_sensor_combined/install/gazebo_cable/share/gazebo_cable/package.xml
[0.927s] Invoked command in '/home/renato/ws_sensor_combined/build/gazebo_cable' returned '0': CMAKE_PREFIX_PATH=${CMAKE_PREFIX_PATH}:/opt/ros/humble /usr/bin/cmake --install /home/renato/ws_sensor_combined/build/gazebo_cable
