[0.044s] Invoking command in '/home/renato/ws_sensor_combined/build/px4_ros_com': CMAKE_PREFIX_PATH=/home/renato/ws_sensor_combined/install/px4_msgs:/home/renato/ws_sensor_combined/install/px4_ros_com:/home/renato/ws_sensor_combined/install/trajectory_planner:/home/renato/ws_sensor_combined/install/sensor_driver_pkg:/home/renato/ws_sensor_combined/install/load_cell_publisher_pkg:/home/renato/ws_sensor_combined/install/dual_wrench_publisher_pkg:/home/renato/ws_sensor_combined/install/debugger_position_z_pkg:/home/renato/ws_sensor_combined/install/apply_link_wrench_pkg:/home/renato/ws_sensor_combined/install/gazebo_cable:/home/renato/ws_sensor_combined/install/end_effector_pkg:/home/renato/bridge_ws/install/test_ros_gz_bridge:/home/renato/bridge_ws/install/ros_ign_interfaces:/home/renato/bridge_ws/install/ros_ign:/home/renato/bridge_ws/install/ros_ign_image:/home/renato/bridge_ws/install/ros_ign_gazebo_demos:/home/renato/bridge_ws/install/ros_ign_gazebo:/home/renato/bridge_ws/install/ros_ign_bridge:/home/renato/bridge_ws/install/ros_gz:/home/renato/bridge_ws/install/ros_gz_sim_demos:/home/renato/bridge_ws/install/ros_gz_sim:/home/renato/bridge_ws/install/ros_gz_image:/home/renato/bridge_ws/install/ros_gz_bridge:/home/renato/bridge_ws/install/ros_gz_interfaces:/opt/ros/humble LD_LIBRARY_PATH=/home/renato/ws_sensor_combined/install/px4_msgs/lib:/home/renato/ws_sensor_combined/install/px4_ros_com/lib:/home/renato/ws_sensor_combined/install/trajectory_planner/lib:/home/renato/ws_sensor_combined/install/gazebo_cable/lib:/home/renato/bridge_ws/install/ros_ign_interfaces/lib:/home/renato/bridge_ws/install/ros_gz_sim/lib:/home/renato/bridge_ws/install/ros_gz_bridge/lib:/home/renato/bridge_ws/install/ros_gz_interfaces/lib:/opt/ros/humble/opt/rviz_ogre_vendor/lib:/opt/ros/humble/lib/x86_64-linux-gnu:/opt/ros/humble/lib /usr/bin/cmake --build /home/renato/ws_sensor_combined/build/px4_ros_com -- -j20 -l20
[0.110s] [35m[1mConsolidate compiler generated dependencies of target sensor_combined_listener[0m
[0.114s] [35m[1mConsolidate compiler generated dependencies of target frame_transforms[0m
[0.114s] [35m[1mConsolidate compiler generated dependencies of target debug_vect_advertiser[0m
[0.116s] [35m[1mConsolidate compiler generated dependencies of target mavros_repub[0m
[0.119s] [35m[1mConsolidate compiler generated dependencies of target ludo_offboard_control[0m
[0.121s] [35m[1mConsolidate compiler generated dependencies of target offboard_control[0m
[0.139s] [ 12%] Built target sensor_combined_listener
[0.141s] [ 25%] Built target frame_transforms
[0.144s] [ 37%] Built target debug_vect_advertiser
[0.171s] [ 50%] Built target mavros_repub
[0.180s] [ 75%] Built target ludo_offboard_control
[0.186s] [ 81%] [32mBuilding CXX object CMakeFiles/offboard_control.dir/src/examples/offboard/offboard_control.cpp.o[0m
[4.918s] [01m[K/home/renato/ws_sensor_combined/src/px4_ros_com/src/examples/offboard/offboard_control.cpp:[m[K In member function ‘[01m[Kvoid OffboardControl::key_input()[m[K’:
[4.918s] [01m[K/home/renato/ws_sensor_combined/src/px4_ros_com/src/examples/offboard/offboard_control.cpp:110:18:[m[K [01;31m[Kerror: [m[K‘[01m[Kelseif[m[K’ was not declared in this scope
[4.918s]   110 |                 }[01;31m[Kelseif[m[K(cmd == "goup"){
[4.918s]       |                  [01;31m[K^~~~~~[m[K
[4.918s] [01m[K/home/renato/ws_sensor_combined/src/px4_ros_com/src/examples/offboard/offboard_control.cpp:132:17:[m[K [01;31m[Kerror: [m[K‘[01m[Kelse[m[K’ without a previous ‘[01m[Kif[m[K’
[4.918s]   132 |                 [01;31m[Kelse[m[K if(cmd == "traj") {
[4.918s]       |                 [01;31m[K^~~~[m[K
[4.918s] [01m[K/home/renato/ws_sensor_combined/src/px4_ros_com/src/examples/offboard/offboard_control.cpp:137:41:[m[K [01;35m[Kwarning: [m[Kcomparison of integer expressions of different signedness: ‘[01m[Kint[m[K’ and ‘[01m[Kstd::vector<double, std::allocator<double> >::size_type[m[K’ {aka ‘[01m[Klong unsigned int[m[K’} [[01;35m[K]8;;https://gcc.gnu.org/onlinedocs/gcc/Warning-Options.html#index-Wsign-compare-Wsign-compare]8;;[m[K]
[4.919s]   137 |                         for(int i = 0; [01;35m[Ki<_traj_points.size()[m[K; i+=7) {
[4.919s]       |                                        [01;35m[K~^~~~~~~~~~~~~~~~~~~~[m[K
[8.448s] gmake[2]: *** [CMakeFiles/offboard_control.dir/build.make:76: CMakeFiles/offboard_control.dir/src/examples/offboard/offboard_control.cpp.o] Errore 1
[8.449s] gmake[1]: *** [CMakeFiles/Makefile2:225: CMakeFiles/offboard_control.dir/all] Errore 2
[8.449s] gmake: *** [Makefile:146: all] Errore 2
[8.452s] Invoked command in '/home/renato/ws_sensor_combined/build/px4_ros_com' returned '2': CMAKE_PREFIX_PATH=/home/renato/ws_sensor_combined/install/px4_msgs:/home/renato/ws_sensor_combined/install/px4_ros_com:/home/renato/ws_sensor_combined/install/trajectory_planner:/home/renato/ws_sensor_combined/install/sensor_driver_pkg:/home/renato/ws_sensor_combined/install/load_cell_publisher_pkg:/home/renato/ws_sensor_combined/install/dual_wrench_publisher_pkg:/home/renato/ws_sensor_combined/install/debugger_position_z_pkg:/home/renato/ws_sensor_combined/install/apply_link_wrench_pkg:/home/renato/ws_sensor_combined/install/gazebo_cable:/home/renato/ws_sensor_combined/install/end_effector_pkg:/home/renato/bridge_ws/install/test_ros_gz_bridge:/home/renato/bridge_ws/install/ros_ign_interfaces:/home/renato/bridge_ws/install/ros_ign:/home/renato/bridge_ws/install/ros_ign_image:/home/renato/bridge_ws/install/ros_ign_gazebo_demos:/home/renato/bridge_ws/install/ros_ign_gazebo:/home/renato/bridge_ws/install/ros_ign_bridge:/home/renato/bridge_ws/install/ros_gz:/home/renato/bridge_ws/install/ros_gz_sim_demos:/home/renato/bridge_ws/install/ros_gz_sim:/home/renato/bridge_ws/install/ros_gz_image:/home/renato/bridge_ws/install/ros_gz_bridge:/home/renato/bridge_ws/install/ros_gz_interfaces:/opt/ros/humble LD_LIBRARY_PATH=/home/renato/ws_sensor_combined/install/px4_msgs/lib:/home/renato/ws_sensor_combined/install/px4_ros_com/lib:/home/renato/ws_sensor_combined/install/trajectory_planner/lib:/home/renato/ws_sensor_combined/install/gazebo_cable/lib:/home/renato/bridge_ws/install/ros_ign_interfaces/lib:/home/renato/bridge_ws/install/ros_gz_sim/lib:/home/renato/bridge_ws/install/ros_gz_bridge/lib:/home/renato/bridge_ws/install/ros_gz_interfaces/lib:/opt/ros/humble/opt/rviz_ogre_vendor/lib:/opt/ros/humble/lib/x86_64-linux-gnu:/opt/ros/humble/lib /usr/bin/cmake --build /home/renato/ws_sensor_combined/build/px4_ros_com -- -j20 -l20
