-- Found ament_cmake: 1.3.11 (/opt/ros/humble/share/ament_cmake/cmake)
-- Found rclcpp: 16.0.11 (/opt/ros/humble/share/rclcpp/cmake)
-- Found rosidl_generator_c: 3.1.6 (/opt/ros/humble/share/rosidl_generator_c/cmake)
-- Found rosidl_adapter: 3.1.6 (/opt/ros/humble/share/rosidl_adapter/cmake)
-- Found rosidl_generator_cpp: 3.1.6 (/opt/ros/humble/share/rosidl_generator_cpp/cmake)
-- Using all available rosidl_typesupport_c: rosidl_typesupport_fastrtps_c;rosidl_typesupport_introspection_c
-- Using all available rosidl_typesupport_cpp: rosidl_typesupport_fastrtps_cpp;rosidl_typesupport_introspection_cpp
-- Found rmw_implementation_cmake: 6.1.2 (/opt/ros/humble/share/rmw_implementation_cmake/cmake)
-- Found rmw_fastrtps_cpp: 6.2.7 (/opt/ros/humble/share/rmw_fastrtps_cpp/cmake)
-- Using RMW implementation 'rmw_fastrtps_cpp' as default
-- Found px4_msgs: 2.0.1 (/home/renato/ws_sensor_combined/install/px4_msgs/share/px4_msgs/cmake)
-- Found ros_gz_interfaces: 0.244.16 (/home/renato/bridge_ws/install/ros_gz_interfaces/share/ros_gz_interfaces/cmake)
-- Found ament_lint_auto: 0.12.11 (/opt/ros/humble/share/ament_lint_auto/cmake)
-- Added test 'cppcheck' to perform static code analysis on C / C++ code
-- Configured cppcheck include dirs: 
-- Configured cppcheck exclude dirs and/or files: 
-- Added test 'flake8' to check Python code syntax and style conventions
-- Added test 'lint_cmake' to check CMake code style
-- Added test 'pep257' to check Python code against some of the docstring style conventions in PEP 257
-- Added test 'uncrustify' to check C / C++ code style
-- Configured uncrustify additional arguments: 
-- Added test 'xmllint' to check XML markup files
-- Configuring done
-- Generating done
-- Build files have been written to: /home/renato/ws_sensor_combined/build/load_cell_publisher_pkg
[35m[1mConsolidate compiler generated dependencies of target load_cell_publisher_node[0m
[ 50%] [32m[1mLinking CXX executable load_cell_publisher_node[0m
/usr/bin/ld: CMakeFiles/load_cell_publisher_node.dir/src/load_cell_publisher_node.cpp.o: in function `std::enable_if<rosidl_generator_traits::is_message<px4_msgs::msg::LoadCellData_<std::allocator<void> > >::value, rosidl_message_type_support_t const&>::type rclcpp::get_message_type_support_handle<px4_msgs::msg::LoadCellData_<std::allocator<void> > >()':
load_cell_publisher_node.cpp:(.text._ZN6rclcpp31get_message_type_support_handleIN8px4_msgs3msg13LoadCellData_ISaIvEEEEENSt9enable_ifIXsrN23rosidl_generator_traits10is_messageIT_EE5valueERK29rosidl_message_type_support_tE4typeEv[_ZN6rclcpp31get_message_type_support_handleIN8px4_msgs3msg13LoadCellData_ISaIvEEEEENSt9enable_ifIXsrN23rosidl_generator_traits10is_messageIT_EE5valueERK29rosidl_message_type_support_tE4typeEv]+0x10): undefined reference to `rosidl_message_type_support_t const* rosidl_typesupport_cpp::get_message_type_support_handle<px4_msgs::msg::LoadCellData_<std::allocator<void> > >()'
collect2: error: ld returned 1 exit status
gmake[2]: *** [CMakeFiles/load_cell_publisher_node.dir/build.make:159: load_cell_publisher_node] Errore 1
gmake[1]: *** [CMakeFiles/Makefile2:137: CMakeFiles/load_cell_publisher_node.dir/all] Errore 2
gmake: *** [Makefile:146: all] Errore 2
