[0.174s] DEBUG:colcon:Command line arguments: ['/usr/bin/colcon', 'build']
[0.175s] DEBUG:colcon:Parsed command line arguments: Namespace(log_base=None, log_level=None, verb_name='build', build_base='build', install_base='install', merge_install=False, symlink_install=False, test_result_base=None, continue_on_error=False, executor='parallel', parallel_workers=20, event_handlers=None, ignore_user_meta=False, metas=['./colcon.meta'], base_paths=['.'], packages_ignore=None, packages_ignore_regex=None, paths=None, packages_up_to=None, packages_up_to_regex=None, packages_above=None, packages_above_and_dependencies=None, packages_above_depth=None, packages_select_by_dep=None, packages_skip_by_dep=None, packages_skip_up_to=None, packages_select_build_failed=False, packages_skip_build_finished=False, packages_select_test_failures=False, packages_skip_test_passed=False, packages_select=None, packages_skip=None, packages_select_regex=None, packages_skip_regex=None, packages_start=None, packages_end=None, allow_overriding=[], cmake_args=None, cmake_target=None, cmake_target_skip_unavailable=False, cmake_clean_cache=False, cmake_clean_first=False, cmake_force_configure=False, ament_cmake_args=None, catkin_cmake_args=None, catkin_skip_building_tests=False, mixin_files=None, mixin=None, verb_parser=<colcon_mixin.mixin.mixin_argument.MixinArgumentDecorator object at 0x73bd5e133610>, verb_extension=<colcon_core.verb.build.BuildVerb object at 0x73bd5e27cc10>, main=<bound method BuildVerb.main of <colcon_core.verb.build.BuildVerb object at 0x73bd5e27cc10>>, mixin_verb=('build',))
[0.537s] Level 1:colcon.colcon_core.package_discovery:discover_packages(colcon_meta) check parameters
[0.538s] Level 1:colcon.colcon_core.package_discovery:discover_packages(recursive) check parameters
[0.538s] Level 1:colcon.colcon_core.package_discovery:discover_packages(ignore) check parameters
[0.538s] Level 1:colcon.colcon_core.package_discovery:discover_packages(path) check parameters
[0.538s] Level 1:colcon.colcon_core.package_discovery:discover_packages(colcon_meta) discover
[0.538s] Level 1:colcon.colcon_core.package_discovery:discover_packages(recursive) discover
[0.538s] INFO:colcon.colcon_core.package_discovery:Crawling recursively for packages in '/home/renato/ws_sensor_combined'
[0.538s] Level 1:colcon.colcon_core.package_identification:_identify(.) by extensions ['ignore', 'ignore_ament_install']
[0.538s] Level 1:colcon.colcon_core.package_identification:_identify(.) by extension 'ignore'
[0.538s] Level 1:colcon.colcon_core.package_identification:_identify(.) by extension 'ignore_ament_install'
[0.538s] Level 1:colcon.colcon_core.package_identification:_identify(.) by extensions ['colcon_pkg']
[0.538s] Level 1:colcon.colcon_core.package_identification:_identify(.) by extension 'colcon_pkg'
[0.538s] Level 1:colcon.colcon_core.package_identification:_identify(.) by extensions ['colcon_meta']
[0.538s] Level 1:colcon.colcon_core.package_identification:_identify(.) by extension 'colcon_meta'
[0.538s] Level 1:colcon.colcon_core.package_identification:_identify(.) by extensions ['ros']
[0.538s] Level 1:colcon.colcon_core.package_identification:_identify(.) by extension 'ros'
[0.559s] Level 1:colcon.colcon_core.package_identification:_identify(.) by extensions ['cmake', 'python']
[0.560s] Level 1:colcon.colcon_core.package_identification:_identify(.) by extension 'cmake'
[0.560s] Level 1:colcon.colcon_core.package_identification:_identify(.) by extension 'python'
[0.560s] Level 1:colcon.colcon_core.package_identification:_identify(.) by extensions ['python_setup_py']
[0.560s] Level 1:colcon.colcon_core.package_identification:_identify(.) by extension 'python_setup_py'
[0.560s] Level 1:colcon.colcon_core.package_identification:_identify(build) by extensions ['ignore', 'ignore_ament_install']
[0.560s] Level 1:colcon.colcon_core.package_identification:_identify(build) by extension 'ignore'
[0.560s] Level 1:colcon.colcon_core.package_identification:_identify(build) ignored
[0.560s] Level 1:colcon.colcon_core.package_identification:_identify(install) by extensions ['ignore', 'ignore_ament_install']
[0.561s] Level 1:colcon.colcon_core.package_identification:_identify(install) by extension 'ignore'
[0.561s] Level 1:colcon.colcon_core.package_identification:_identify(install) ignored
[0.561s] Level 1:colcon.colcon_core.package_identification:_identify(log) by extensions ['ignore', 'ignore_ament_install']
[0.561s] Level 1:colcon.colcon_core.package_identification:_identify(log) by extension 'ignore'
[0.561s] Level 1:colcon.colcon_core.package_identification:_identify(log) ignored
[0.562s] Level 1:colcon.colcon_core.package_identification:_identify(src) by extensions ['ignore', 'ignore_ament_install']
[0.562s] Level 1:colcon.colcon_core.package_identification:_identify(src) by extension 'ignore'
[0.562s] Level 1:colcon.colcon_core.package_identification:_identify(src) by extension 'ignore_ament_install'
[0.562s] Level 1:colcon.colcon_core.package_identification:_identify(src) by extensions ['colcon_pkg']
[0.562s] Level 1:colcon.colcon_core.package_identification:_identify(src) by extension 'colcon_pkg'
[0.562s] Level 1:colcon.colcon_core.package_identification:_identify(src) by extensions ['colcon_meta']
[0.562s] Level 1:colcon.colcon_core.package_identification:_identify(src) by extension 'colcon_meta'
[0.562s] Level 1:colcon.colcon_core.package_identification:_identify(src) by extensions ['ros']
[0.562s] Level 1:colcon.colcon_core.package_identification:_identify(src) by extension 'ros'
[0.562s] Level 1:colcon.colcon_core.package_identification:_identify(src) by extensions ['cmake', 'python']
[0.562s] Level 1:colcon.colcon_core.package_identification:_identify(src) by extension 'cmake'
[0.562s] Level 1:colcon.colcon_core.package_identification:_identify(src) by extension 'python'
[0.562s] Level 1:colcon.colcon_core.package_identification:_identify(src) by extensions ['python_setup_py']
[0.562s] Level 1:colcon.colcon_core.package_identification:_identify(src) by extension 'python_setup_py'
[0.562s] Level 1:colcon.colcon_core.package_identification:_identify(src/apply_link_wrench_pkg) by extensions ['ignore', 'ignore_ament_install']
[0.563s] Level 1:colcon.colcon_core.package_identification:_identify(src/apply_link_wrench_pkg) by extension 'ignore'
[0.563s] Level 1:colcon.colcon_core.package_identification:_identify(src/apply_link_wrench_pkg) by extension 'ignore_ament_install'
[0.563s] Level 1:colcon.colcon_core.package_identification:_identify(src/apply_link_wrench_pkg) by extensions ['colcon_pkg']
[0.563s] Level 1:colcon.colcon_core.package_identification:_identify(src/apply_link_wrench_pkg) by extension 'colcon_pkg'
[0.563s] Level 1:colcon.colcon_core.package_identification:_identify(src/apply_link_wrench_pkg) by extensions ['colcon_meta']
[0.563s] Level 1:colcon.colcon_core.package_identification:_identify(src/apply_link_wrench_pkg) by extension 'colcon_meta'
[0.563s] Level 1:colcon.colcon_core.package_identification:_identify(src/apply_link_wrench_pkg) by extensions ['ros']
[0.563s] Level 1:colcon.colcon_core.package_identification:_identify(src/apply_link_wrench_pkg) by extension 'ros'
[0.567s] DEBUG:colcon.colcon_core.package_identification:Package 'src/apply_link_wrench_pkg' with type 'ros.ament_cmake' and name 'apply_link_wrench_pkg'
[0.567s] Level 1:colcon.colcon_core.package_identification:_identify(src/dual_wrench_publisher_pkg) by extensions ['ignore', 'ignore_ament_install']
[0.567s] Level 1:colcon.colcon_core.package_identification:_identify(src/dual_wrench_publisher_pkg) by extension 'ignore'
[0.567s] Level 1:colcon.colcon_core.package_identification:_identify(src/dual_wrench_publisher_pkg) by extension 'ignore_ament_install'
[0.567s] Level 1:colcon.colcon_core.package_identification:_identify(src/dual_wrench_publisher_pkg) by extensions ['colcon_pkg']
[0.567s] Level 1:colcon.colcon_core.package_identification:_identify(src/dual_wrench_publisher_pkg) by extension 'colcon_pkg'
[0.567s] Level 1:colcon.colcon_core.package_identification:_identify(src/dual_wrench_publisher_pkg) by extensions ['colcon_meta']
[0.567s] Level 1:colcon.colcon_core.package_identification:_identify(src/dual_wrench_publisher_pkg) by extension 'colcon_meta'
[0.567s] Level 1:colcon.colcon_core.package_identification:_identify(src/dual_wrench_publisher_pkg) by extensions ['ros']
[0.568s] Level 1:colcon.colcon_core.package_identification:_identify(src/dual_wrench_publisher_pkg) by extension 'ros'
[0.569s] DEBUG:colcon.colcon_core.package_identification:Package 'src/dual_wrench_publisher_pkg' with type 'ros.ament_cmake' and name 'dual_wrench_publisher_pkg'
[0.569s] Level 1:colcon.colcon_core.package_identification:_identify(src/load_cell_publisher_pkg) by extensions ['ignore', 'ignore_ament_install']
[0.569s] Level 1:colcon.colcon_core.package_identification:_identify(src/load_cell_publisher_pkg) by extension 'ignore'
[0.569s] Level 1:colcon.colcon_core.package_identification:_identify(src/load_cell_publisher_pkg) by extension 'ignore_ament_install'
[0.569s] Level 1:colcon.colcon_core.package_identification:_identify(src/load_cell_publisher_pkg) by extensions ['colcon_pkg']
[0.569s] Level 1:colcon.colcon_core.package_identification:_identify(src/load_cell_publisher_pkg) by extension 'colcon_pkg'
[0.569s] Level 1:colcon.colcon_core.package_identification:_identify(src/load_cell_publisher_pkg) by extensions ['colcon_meta']
[0.569s] Level 1:colcon.colcon_core.package_identification:_identify(src/load_cell_publisher_pkg) by extension 'colcon_meta'
[0.569s] Level 1:colcon.colcon_core.package_identification:_identify(src/load_cell_publisher_pkg) by extensions ['ros']
[0.569s] Level 1:colcon.colcon_core.package_identification:_identify(src/load_cell_publisher_pkg) by extension 'ros'
[0.570s] DEBUG:colcon.colcon_core.package_identification:Package 'src/load_cell_publisher_pkg' with type 'ros.ament_cmake' and name 'load_cell_publisher_pkg'
[0.570s] Level 1:colcon.colcon_core.package_identification:_identify(src/px4_msgs) by extensions ['ignore', 'ignore_ament_install']
[0.570s] Level 1:colcon.colcon_core.package_identification:_identify(src/px4_msgs) by extension 'ignore'
[0.570s] Level 1:colcon.colcon_core.package_identification:_identify(src/px4_msgs) by extension 'ignore_ament_install'
[0.571s] Level 1:colcon.colcon_core.package_identification:_identify(src/px4_msgs) by extensions ['colcon_pkg']
[0.571s] Level 1:colcon.colcon_core.package_identification:_identify(src/px4_msgs) by extension 'colcon_pkg'
[0.571s] Level 1:colcon.colcon_core.package_identification:_identify(src/px4_msgs) by extensions ['colcon_meta']
[0.571s] Level 1:colcon.colcon_core.package_identification:_identify(src/px4_msgs) by extension 'colcon_meta'
[0.571s] Level 1:colcon.colcon_core.package_identification:_identify(src/px4_msgs) by extensions ['ros']
[0.571s] Level 1:colcon.colcon_core.package_identification:_identify(src/px4_msgs) by extension 'ros'
[0.572s] DEBUG:colcon.colcon_core.package_identification:Package 'src/px4_msgs' with type 'ros.ament_cmake' and name 'px4_msgs'
[0.572s] Level 1:colcon.colcon_core.package_identification:_identify(src/px4_ros_com) by extensions ['ignore', 'ignore_ament_install']
[0.572s] Level 1:colcon.colcon_core.package_identification:_identify(src/px4_ros_com) by extension 'ignore'
[0.572s] Level 1:colcon.colcon_core.package_identification:_identify(src/px4_ros_com) by extension 'ignore_ament_install'
[0.572s] Level 1:colcon.colcon_core.package_identification:_identify(src/px4_ros_com) by extensions ['colcon_pkg']
[0.572s] Level 1:colcon.colcon_core.package_identification:_identify(src/px4_ros_com) by extension 'colcon_pkg'
[0.572s] Level 1:colcon.colcon_core.package_identification:_identify(src/px4_ros_com) by extensions ['colcon_meta']
[0.572s] Level 1:colcon.colcon_core.package_identification:_identify(src/px4_ros_com) by extension 'colcon_meta'
[0.572s] Level 1:colcon.colcon_core.package_identification:_identify(src/px4_ros_com) by extensions ['ros']
[0.573s] Level 1:colcon.colcon_core.package_identification:_identify(src/px4_ros_com) by extension 'ros'
[0.574s] DEBUG:colcon.colcon_core.package_identification:Package 'src/px4_ros_com' with type 'ros.ament_cmake' and name 'px4_ros_com'
[0.574s] Level 1:colcon.colcon_core.package_identification:_identify(src/sensor_driver_pkg) by extensions ['ignore', 'ignore_ament_install']
[0.574s] Level 1:colcon.colcon_core.package_identification:_identify(src/sensor_driver_pkg) by extension 'ignore'
[0.575s] Level 1:colcon.colcon_core.package_identification:_identify(src/sensor_driver_pkg) by extension 'ignore_ament_install'
[0.575s] Level 1:colcon.colcon_core.package_identification:_identify(src/sensor_driver_pkg) by extensions ['colcon_pkg']
[0.575s] Level 1:colcon.colcon_core.package_identification:_identify(src/sensor_driver_pkg) by extension 'colcon_pkg'
[0.575s] Level 1:colcon.colcon_core.package_identification:_identify(src/sensor_driver_pkg) by extensions ['colcon_meta']
[0.575s] Level 1:colcon.colcon_core.package_identification:_identify(src/sensor_driver_pkg) by extension 'colcon_meta'
[0.575s] Level 1:colcon.colcon_core.package_identification:_identify(src/sensor_driver_pkg) by extensions ['ros']
[0.575s] Level 1:colcon.colcon_core.package_identification:_identify(src/sensor_driver_pkg) by extension 'ros'
[0.577s] DEBUG:colcon.colcon_core.package_identification:Package 'src/sensor_driver_pkg' with type 'ros.ament_cmake' and name 'sensor_driver_pkg'
[0.577s] Level 1:colcon.colcon_core.package_discovery:discover_packages(recursive) using defaults
[0.577s] Level 1:colcon.colcon_core.package_discovery:discover_packages(ignore) discover
[0.577s] Level 1:colcon.colcon_core.package_discovery:discover_packages(ignore) using defaults
[0.578s] Level 1:colcon.colcon_core.package_discovery:discover_packages(path) discover
[0.578s] Level 1:colcon.colcon_core.package_discovery:discover_packages(path) using defaults
[0.608s] Level 1:colcon.colcon_core.package_discovery:discover_packages(prefix_path) check parameters
[0.608s] Level 1:colcon.colcon_core.package_discovery:discover_packages(prefix_path) discover
[0.611s] DEBUG:colcon.colcon_installed_package_information.package_discovery:Found 6 installed packages in /home/renato/ws_sensor_combined/install
[0.612s] DEBUG:colcon.colcon_installed_package_information.package_discovery:Found 13 installed packages in /home/renato/bridge_ws/install
[0.614s] DEBUG:colcon.colcon_installed_package_information.package_discovery:Found 284 installed packages in /opt/ros/humble
[0.616s] Level 1:colcon.colcon_core.package_discovery:discover_packages(prefix_path) using defaults
[0.666s] Level 5:colcon.colcon_core.verb:set package 'apply_link_wrench_pkg' build argument 'cmake_args' from command line to 'None'
[0.666s] Level 5:colcon.colcon_core.verb:set package 'apply_link_wrench_pkg' build argument 'cmake_target' from command line to 'None'
[0.666s] Level 5:colcon.colcon_core.verb:set package 'apply_link_wrench_pkg' build argument 'cmake_target_skip_unavailable' from command line to 'False'
[0.666s] Level 5:colcon.colcon_core.verb:set package 'apply_link_wrench_pkg' build argument 'cmake_clean_cache' from command line to 'False'
[0.666s] Level 5:colcon.colcon_core.verb:set package 'apply_link_wrench_pkg' build argument 'cmake_clean_first' from command line to 'False'
[0.666s] Level 5:colcon.colcon_core.verb:set package 'apply_link_wrench_pkg' build argument 'cmake_force_configure' from command line to 'False'
[0.666s] Level 5:colcon.colcon_core.verb:set package 'apply_link_wrench_pkg' build argument 'ament_cmake_args' from command line to 'None'
[0.666s] Level 5:colcon.colcon_core.verb:set package 'apply_link_wrench_pkg' build argument 'catkin_cmake_args' from command line to 'None'
[0.666s] Level 5:colcon.colcon_core.verb:set package 'apply_link_wrench_pkg' build argument 'catkin_skip_building_tests' from command line to 'False'
[0.666s] DEBUG:colcon.colcon_core.verb:Building package 'apply_link_wrench_pkg' with the following arguments: {'ament_cmake_args': None, 'build_base': '/home/renato/ws_sensor_combined/build/apply_link_wrench_pkg', 'catkin_cmake_args': None, 'catkin_skip_building_tests': False, 'cmake_args': None, 'cmake_clean_cache': False, 'cmake_clean_first': False, 'cmake_force_configure': False, 'cmake_target': None, 'cmake_target_skip_unavailable': False, 'install_base': '/home/renato/ws_sensor_combined/install/apply_link_wrench_pkg', 'merge_install': False, 'path': '/home/renato/ws_sensor_combined/src/apply_link_wrench_pkg', 'symlink_install': False, 'test_result_base': None}
[0.667s] Level 5:colcon.colcon_core.verb:set package 'px4_msgs' build argument 'cmake_args' from command line to 'None'
[0.667s] Level 5:colcon.colcon_core.verb:set package 'px4_msgs' build argument 'cmake_target' from command line to 'None'
[0.667s] Level 5:colcon.colcon_core.verb:set package 'px4_msgs' build argument 'cmake_target_skip_unavailable' from command line to 'False'
[0.667s] Level 5:colcon.colcon_core.verb:set package 'px4_msgs' build argument 'cmake_clean_cache' from command line to 'False'
[0.667s] Level 5:colcon.colcon_core.verb:set package 'px4_msgs' build argument 'cmake_clean_first' from command line to 'False'
[0.667s] Level 5:colcon.colcon_core.verb:set package 'px4_msgs' build argument 'cmake_force_configure' from command line to 'False'
[0.667s] Level 5:colcon.colcon_core.verb:set package 'px4_msgs' build argument 'ament_cmake_args' from command line to 'None'
[0.667s] Level 5:colcon.colcon_core.verb:set package 'px4_msgs' build argument 'catkin_cmake_args' from command line to 'None'
[0.667s] Level 5:colcon.colcon_core.verb:set package 'px4_msgs' build argument 'catkin_skip_building_tests' from command line to 'False'
[0.667s] DEBUG:colcon.colcon_core.verb:Building package 'px4_msgs' with the following arguments: {'ament_cmake_args': None, 'build_base': '/home/renato/ws_sensor_combined/build/px4_msgs', 'catkin_cmake_args': None, 'catkin_skip_building_tests': False, 'cmake_args': None, 'cmake_clean_cache': False, 'cmake_clean_first': False, 'cmake_force_configure': False, 'cmake_target': None, 'cmake_target_skip_unavailable': False, 'install_base': '/home/renato/ws_sensor_combined/install/px4_msgs', 'merge_install': False, 'path': '/home/renato/ws_sensor_combined/src/px4_msgs', 'symlink_install': False, 'test_result_base': None}
[0.668s] Level 5:colcon.colcon_core.verb:set package 'dual_wrench_publisher_pkg' build argument 'cmake_args' from command line to 'None'
[0.668s] Level 5:colcon.colcon_core.verb:set package 'dual_wrench_publisher_pkg' build argument 'cmake_target' from command line to 'None'
[0.668s] Level 5:colcon.colcon_core.verb:set package 'dual_wrench_publisher_pkg' build argument 'cmake_target_skip_unavailable' from command line to 'False'
[0.668s] Level 5:colcon.colcon_core.verb:set package 'dual_wrench_publisher_pkg' build argument 'cmake_clean_cache' from command line to 'False'
[0.668s] Level 5:colcon.colcon_core.verb:set package 'dual_wrench_publisher_pkg' build argument 'cmake_clean_first' from command line to 'False'
[0.668s] Level 5:colcon.colcon_core.verb:set package 'dual_wrench_publisher_pkg' build argument 'cmake_force_configure' from command line to 'False'
[0.668s] Level 5:colcon.colcon_core.verb:set package 'dual_wrench_publisher_pkg' build argument 'ament_cmake_args' from command line to 'None'
[0.668s] Level 5:colcon.colcon_core.verb:set package 'dual_wrench_publisher_pkg' build argument 'catkin_cmake_args' from command line to 'None'
[0.668s] Level 5:colcon.colcon_core.verb:set package 'dual_wrench_publisher_pkg' build argument 'catkin_skip_building_tests' from command line to 'False'
[0.668s] DEBUG:colcon.colcon_core.verb:Building package 'dual_wrench_publisher_pkg' with the following arguments: {'ament_cmake_args': None, 'build_base': '/home/renato/ws_sensor_combined/build/dual_wrench_publisher_pkg', 'catkin_cmake_args': None, 'catkin_skip_building_tests': False, 'cmake_args': None, 'cmake_clean_cache': False, 'cmake_clean_first': False, 'cmake_force_configure': False, 'cmake_target': None, 'cmake_target_skip_unavailable': False, 'install_base': '/home/renato/ws_sensor_combined/install/dual_wrench_publisher_pkg', 'merge_install': False, 'path': '/home/renato/ws_sensor_combined/src/dual_wrench_publisher_pkg', 'symlink_install': False, 'test_result_base': None}
[0.668s] Level 5:colcon.colcon_core.verb:set package 'load_cell_publisher_pkg' build argument 'cmake_args' from command line to 'None'
[0.668s] Level 5:colcon.colcon_core.verb:set package 'load_cell_publisher_pkg' build argument 'cmake_target' from command line to 'None'
[0.668s] Level 5:colcon.colcon_core.verb:set package 'load_cell_publisher_pkg' build argument 'cmake_target_skip_unavailable' from command line to 'False'
[0.668s] Level 5:colcon.colcon_core.verb:set package 'load_cell_publisher_pkg' build argument 'cmake_clean_cache' from command line to 'False'
[0.668s] Level 5:colcon.colcon_core.verb:set package 'load_cell_publisher_pkg' build argument 'cmake_clean_first' from command line to 'False'
[0.668s] Level 5:colcon.colcon_core.verb:set package 'load_cell_publisher_pkg' build argument 'cmake_force_configure' from command line to 'False'
[0.668s] Level 5:colcon.colcon_core.verb:set package 'load_cell_publisher_pkg' build argument 'ament_cmake_args' from command line to 'None'
[0.669s] Level 5:colcon.colcon_core.verb:set package 'load_cell_publisher_pkg' build argument 'catkin_cmake_args' from command line to 'None'
[0.669s] Level 5:colcon.colcon_core.verb:set package 'load_cell_publisher_pkg' build argument 'catkin_skip_building_tests' from command line to 'False'
[0.669s] DEBUG:colcon.colcon_core.verb:Building package 'load_cell_publisher_pkg' with the following arguments: {'ament_cmake_args': None, 'build_base': '/home/renato/ws_sensor_combined/build/load_cell_publisher_pkg', 'catkin_cmake_args': None, 'catkin_skip_building_tests': False, 'cmake_args': None, 'cmake_clean_cache': False, 'cmake_clean_first': False, 'cmake_force_configure': False, 'cmake_target': None, 'cmake_target_skip_unavailable': False, 'install_base': '/home/renato/ws_sensor_combined/install/load_cell_publisher_pkg', 'merge_install': False, 'path': '/home/renato/ws_sensor_combined/src/load_cell_publisher_pkg', 'symlink_install': False, 'test_result_base': None}
[0.669s] Level 5:colcon.colcon_core.verb:set package 'px4_ros_com' build argument 'cmake_args' from command line to 'None'
[0.669s] Level 5:colcon.colcon_core.verb:set package 'px4_ros_com' build argument 'cmake_target' from command line to 'None'
[0.669s] Level 5:colcon.colcon_core.verb:set package 'px4_ros_com' build argument 'cmake_target_skip_unavailable' from command line to 'False'
[0.669s] Level 5:colcon.colcon_core.verb:set package 'px4_ros_com' build argument 'cmake_clean_cache' from command line to 'False'
[0.669s] Level 5:colcon.colcon_core.verb:set package 'px4_ros_com' build argument 'cmake_clean_first' from command line to 'False'
[0.669s] Level 5:colcon.colcon_core.verb:set package 'px4_ros_com' build argument 'cmake_force_configure' from command line to 'False'
[0.669s] Level 5:colcon.colcon_core.verb:set package 'px4_ros_com' build argument 'ament_cmake_args' from command line to 'None'
[0.669s] Level 5:colcon.colcon_core.verb:set package 'px4_ros_com' build argument 'catkin_cmake_args' from command line to 'None'
[0.669s] Level 5:colcon.colcon_core.verb:set package 'px4_ros_com' build argument 'catkin_skip_building_tests' from command line to 'False'
[0.669s] DEBUG:colcon.colcon_core.verb:Building package 'px4_ros_com' with the following arguments: {'ament_cmake_args': None, 'build_base': '/home/renato/ws_sensor_combined/build/px4_ros_com', 'catkin_cmake_args': None, 'catkin_skip_building_tests': False, 'cmake_args': None, 'cmake_clean_cache': False, 'cmake_clean_first': False, 'cmake_force_configure': False, 'cmake_target': None, 'cmake_target_skip_unavailable': False, 'install_base': '/home/renato/ws_sensor_combined/install/px4_ros_com', 'merge_install': False, 'path': '/home/renato/ws_sensor_combined/src/px4_ros_com', 'symlink_install': False, 'test_result_base': None}
[0.670s] Level 5:colcon.colcon_core.verb:set package 'sensor_driver_pkg' build argument 'cmake_args' from command line to 'None'
[0.670s] Level 5:colcon.colcon_core.verb:set package 'sensor_driver_pkg' build argument 'cmake_target' from command line to 'None'
[0.670s] Level 5:colcon.colcon_core.verb:set package 'sensor_driver_pkg' build argument 'cmake_target_skip_unavailable' from command line to 'False'
[0.670s] Level 5:colcon.colcon_core.verb:set package 'sensor_driver_pkg' build argument 'cmake_clean_cache' from command line to 'False'
[0.670s] Level 5:colcon.colcon_core.verb:set package 'sensor_driver_pkg' build argument 'cmake_clean_first' from command line to 'False'
[0.670s] Level 5:colcon.colcon_core.verb:set package 'sensor_driver_pkg' build argument 'cmake_force_configure' from command line to 'False'
[0.670s] Level 5:colcon.colcon_core.verb:set package 'sensor_driver_pkg' build argument 'ament_cmake_args' from command line to 'None'
[0.670s] Level 5:colcon.colcon_core.verb:set package 'sensor_driver_pkg' build argument 'catkin_cmake_args' from command line to 'None'
[0.670s] Level 5:colcon.colcon_core.verb:set package 'sensor_driver_pkg' build argument 'catkin_skip_building_tests' from command line to 'False'
[0.670s] DEBUG:colcon.colcon_core.verb:Building package 'sensor_driver_pkg' with the following arguments: {'ament_cmake_args': None, 'build_base': '/home/renato/ws_sensor_combined/build/sensor_driver_pkg', 'catkin_cmake_args': None, 'catkin_skip_building_tests': False, 'cmake_args': None, 'cmake_clean_cache': False, 'cmake_clean_first': False, 'cmake_force_configure': False, 'cmake_target': None, 'cmake_target_skip_unavailable': False, 'install_base': '/home/renato/ws_sensor_combined/install/sensor_driver_pkg', 'merge_install': False, 'path': '/home/renato/ws_sensor_combined/src/sensor_driver_pkg', 'symlink_install': False, 'test_result_base': None}
[0.670s] INFO:colcon.colcon_core.executor:Executing jobs using 'parallel' executor
[0.672s] DEBUG:colcon.colcon_parallel_executor.executor.parallel:run_until_complete
[0.673s] INFO:colcon.colcon_ros.task.ament_cmake.build:Building ROS package in '/home/renato/ws_sensor_combined/src/px4_msgs' with build type 'ament_cmake'
[0.673s] INFO:colcon.colcon_cmake.task.cmake.build:Building CMake package in '/home/renato/ws_sensor_combined/src/px4_msgs'
[0.676s] INFO:colcon.colcon_core.plugin_system:Skipping extension 'colcon_core.shell.bat': Not used on non-Windows systems
[0.676s] INFO:colcon.colcon_core.shell:Skip shell extension 'powershell' for command environment: Not usable outside of PowerShell
[0.676s] DEBUG:colcon.colcon_core.shell:Skip shell extension 'dsv' for command environment
[0.683s] INFO:colcon.colcon_ros.task.ament_cmake.build:Building ROS package in '/home/renato/ws_sensor_combined/src/apply_link_wrench_pkg' with build type 'ament_cmake'
[0.683s] INFO:colcon.colcon_cmake.task.cmake.build:Building CMake package in '/home/renato/ws_sensor_combined/src/apply_link_wrench_pkg'
[0.683s] INFO:colcon.colcon_core.shell:Skip shell extension 'powershell' for command environment: Not usable outside of PowerShell
[0.684s] DEBUG:colcon.colcon_core.shell:Skip shell extension 'dsv' for command environment
[0.699s] DEBUG:colcon.colcon_core.event_handler.log_command:Invoking command in '/home/renato/ws_sensor_combined/build/px4_msgs': CMAKE_PREFIX_PATH=${CMAKE_PREFIX_PATH}:/opt/ros/humble /usr/bin/cmake --build /home/renato/ws_sensor_combined/build/px4_msgs -- -j20 -l20
[0.703s] DEBUG:colcon.colcon_core.event_handler.log_command:Invoking command in '/home/renato/ws_sensor_combined/build/apply_link_wrench_pkg': CMAKE_PREFIX_PATH=${CMAKE_PREFIX_PATH}:/opt/ros/humble /usr/bin/cmake --build /home/renato/ws_sensor_combined/build/apply_link_wrench_pkg -- -j20 -l20
[2.431s] DEBUG:colcon.colcon_core.event_handler.log_command:Invoked command in '/home/renato/ws_sensor_combined/build/px4_msgs' returned '0': CMAKE_PREFIX_PATH=${CMAKE_PREFIX_PATH}:/opt/ros/humble /usr/bin/cmake --build /home/renato/ws_sensor_combined/build/px4_msgs -- -j20 -l20
[2.447s] DEBUG:colcon.colcon_core.event_handler.log_command:Invoking command in '/home/renato/ws_sensor_combined/build/px4_msgs': CMAKE_PREFIX_PATH=${CMAKE_PREFIX_PATH}:/opt/ros/humble /usr/bin/cmake --install /home/renato/ws_sensor_combined/build/px4_msgs
[3.111s] Level 1:colcon.colcon_core.environment:create_environment_scripts_only(px4_msgs)
[3.112s] DEBUG:colcon.colcon_core.event_handler.log_command:Invoked command in '/home/renato/ws_sensor_combined/build/px4_msgs' returned '0': CMAKE_PREFIX_PATH=${CMAKE_PREFIX_PATH}:/opt/ros/humble /usr/bin/cmake --install /home/renato/ws_sensor_combined/build/px4_msgs
[3.115s] Level 1:colcon.colcon_core.environment:checking '/home/renato/ws_sensor_combined/install/px4_msgs' for CMake module files
[3.116s] Level 1:colcon.colcon_core.environment:checking '/home/renato/ws_sensor_combined/install/px4_msgs' for CMake config files
[3.140s] Level 1:colcon.colcon_core.shell:create_environment_hook('px4_msgs', 'cmake_prefix_path')
[3.141s] INFO:colcon.colcon_core.shell:Creating environment hook '/home/renato/ws_sensor_combined/install/px4_msgs/share/px4_msgs/hook/cmake_prefix_path.ps1'
[3.142s] INFO:colcon.colcon_core.shell:Creating environment descriptor '/home/renato/ws_sensor_combined/install/px4_msgs/share/px4_msgs/hook/cmake_prefix_path.dsv'
[3.143s] INFO:colcon.colcon_core.shell:Creating environment hook '/home/renato/ws_sensor_combined/install/px4_msgs/share/px4_msgs/hook/cmake_prefix_path.sh'
[3.144s] Level 1:colcon.colcon_core.environment:checking '/home/renato/ws_sensor_combined/install/px4_msgs/lib'
[3.145s] Level 1:colcon.colcon_core.shell:create_environment_hook('px4_msgs', 'ld_library_path_lib')
[3.145s] INFO:colcon.colcon_core.shell:Creating environment hook '/home/renato/ws_sensor_combined/install/px4_msgs/share/px4_msgs/hook/ld_library_path_lib.ps1'
[3.146s] INFO:colcon.colcon_core.shell:Creating environment descriptor '/home/renato/ws_sensor_combined/install/px4_msgs/share/px4_msgs/hook/ld_library_path_lib.dsv'
[3.147s] INFO:colcon.colcon_core.shell:Creating environment hook '/home/renato/ws_sensor_combined/install/px4_msgs/share/px4_msgs/hook/ld_library_path_lib.sh'
[3.147s] Level 1:colcon.colcon_core.environment:checking '/home/renato/ws_sensor_combined/install/px4_msgs/bin'
[3.148s] Level 1:colcon.colcon_core.environment:checking '/home/renato/ws_sensor_combined/install/px4_msgs/lib/pkgconfig/px4_msgs.pc'
[3.148s] Level 1:colcon.colcon_core.environment:checking '/home/renato/ws_sensor_combined/install/px4_msgs/lib/python3.10/site-packages'
[3.148s] Level 1:colcon.colcon_core.environment:checking '/home/renato/ws_sensor_combined/install/px4_msgs/bin'
[3.149s] INFO:colcon.colcon_core.shell:Creating package script '/home/renato/ws_sensor_combined/install/px4_msgs/share/px4_msgs/package.ps1'
[3.150s] INFO:colcon.colcon_core.shell:Creating package descriptor '/home/renato/ws_sensor_combined/install/px4_msgs/share/px4_msgs/package.dsv'
[3.151s] INFO:colcon.colcon_core.shell:Creating package script '/home/renato/ws_sensor_combined/install/px4_msgs/share/px4_msgs/package.sh'
[3.152s] INFO:colcon.colcon_core.shell:Creating package script '/home/renato/ws_sensor_combined/install/px4_msgs/share/px4_msgs/package.bash'
[3.154s] INFO:colcon.colcon_core.shell:Creating package script '/home/renato/ws_sensor_combined/install/px4_msgs/share/px4_msgs/package.zsh'
[3.155s] Level 1:colcon.colcon_core.environment:create_file_with_runtime_dependencies(/home/renato/ws_sensor_combined/install/px4_msgs/share/colcon-core/packages/px4_msgs)
[3.156s] Level 1:colcon.colcon_core.environment:create_environment_scripts_only(px4_msgs)
[3.156s] Level 1:colcon.colcon_core.environment:checking '/home/renato/ws_sensor_combined/install/px4_msgs' for CMake module files
[3.157s] Level 1:colcon.colcon_core.environment:checking '/home/renato/ws_sensor_combined/install/px4_msgs' for CMake config files
[3.177s] Level 1:colcon.colcon_core.shell:create_environment_hook('px4_msgs', 'cmake_prefix_path')
[3.177s] INFO:colcon.colcon_core.shell:Creating environment hook '/home/renato/ws_sensor_combined/install/px4_msgs/share/px4_msgs/hook/cmake_prefix_path.ps1'
[3.179s] INFO:colcon.colcon_core.shell:Creating environment descriptor '/home/renato/ws_sensor_combined/install/px4_msgs/share/px4_msgs/hook/cmake_prefix_path.dsv'
[3.180s] INFO:colcon.colcon_core.shell:Creating environment hook '/home/renato/ws_sensor_combined/install/px4_msgs/share/px4_msgs/hook/cmake_prefix_path.sh'
[3.180s] Level 1:colcon.colcon_core.environment:checking '/home/renato/ws_sensor_combined/install/px4_msgs/lib'
[3.181s] Level 1:colcon.colcon_core.shell:create_environment_hook('px4_msgs', 'ld_library_path_lib')
[3.181s] INFO:colcon.colcon_core.shell:Creating environment hook '/home/renato/ws_sensor_combined/install/px4_msgs/share/px4_msgs/hook/ld_library_path_lib.ps1'
[3.182s] INFO:colcon.colcon_core.shell:Creating environment descriptor '/home/renato/ws_sensor_combined/install/px4_msgs/share/px4_msgs/hook/ld_library_path_lib.dsv'
[3.182s] INFO:colcon.colcon_core.shell:Creating environment hook '/home/renato/ws_sensor_combined/install/px4_msgs/share/px4_msgs/hook/ld_library_path_lib.sh'
[3.182s] Level 1:colcon.colcon_core.environment:checking '/home/renato/ws_sensor_combined/install/px4_msgs/bin'
[3.183s] Level 1:colcon.colcon_core.environment:checking '/home/renato/ws_sensor_combined/install/px4_msgs/lib/pkgconfig/px4_msgs.pc'
[3.183s] Level 1:colcon.colcon_core.environment:checking '/home/renato/ws_sensor_combined/install/px4_msgs/lib/python3.10/site-packages'
[3.183s] Level 1:colcon.colcon_core.environment:checking '/home/renato/ws_sensor_combined/install/px4_msgs/bin'
[3.184s] INFO:colcon.colcon_core.shell:Creating package script '/home/renato/ws_sensor_combined/install/px4_msgs/share/px4_msgs/package.ps1'
[3.185s] INFO:colcon.colcon_core.shell:Creating package descriptor '/home/renato/ws_sensor_combined/install/px4_msgs/share/px4_msgs/package.dsv'
[3.185s] INFO:colcon.colcon_core.shell:Creating package script '/home/renato/ws_sensor_combined/install/px4_msgs/share/px4_msgs/package.sh'
[3.186s] INFO:colcon.colcon_core.shell:Creating package script '/home/renato/ws_sensor_combined/install/px4_msgs/share/px4_msgs/package.bash'
[3.187s] INFO:colcon.colcon_core.shell:Creating package script '/home/renato/ws_sensor_combined/install/px4_msgs/share/px4_msgs/package.zsh'
[3.187s] Level 1:colcon.colcon_core.environment:create_file_with_runtime_dependencies(/home/renato/ws_sensor_combined/install/px4_msgs/share/colcon-core/packages/px4_msgs)
[3.188s] INFO:colcon.colcon_ros.task.ament_cmake.build:Building ROS package in '/home/renato/ws_sensor_combined/src/dual_wrench_publisher_pkg' with build type 'ament_cmake'
[3.188s] INFO:colcon.colcon_cmake.task.cmake.build:Building CMake package in '/home/renato/ws_sensor_combined/src/dual_wrench_publisher_pkg'
[3.188s] INFO:colcon.colcon_core.shell:Skip shell extension 'powershell' for command environment: Not usable outside of PowerShell
[3.188s] DEBUG:colcon.colcon_core.shell:Skip shell extension 'dsv' for command environment
[3.195s] INFO:colcon.colcon_ros.task.ament_cmake.build:Building ROS package in '/home/renato/ws_sensor_combined/src/load_cell_publisher_pkg' with build type 'ament_cmake'
[3.195s] INFO:colcon.colcon_cmake.task.cmake.build:Building CMake package in '/home/renato/ws_sensor_combined/src/load_cell_publisher_pkg'
[3.196s] INFO:colcon.colcon_core.shell:Skip shell extension 'powershell' for command environment: Not usable outside of PowerShell
[3.196s] DEBUG:colcon.colcon_core.shell:Skip shell extension 'dsv' for command environment
[3.202s] INFO:colcon.colcon_ros.task.ament_cmake.build:Building ROS package in '/home/renato/ws_sensor_combined/src/px4_ros_com' with build type 'ament_cmake'
[3.202s] INFO:colcon.colcon_cmake.task.cmake.build:Building CMake package in '/home/renato/ws_sensor_combined/src/px4_ros_com'
[3.202s] INFO:colcon.colcon_core.shell:Skip shell extension 'powershell' for command environment: Not usable outside of PowerShell
[3.202s] DEBUG:colcon.colcon_core.shell:Skip shell extension 'dsv' for command environment
[3.209s] INFO:colcon.colcon_ros.task.ament_cmake.build:Building ROS package in '/home/renato/ws_sensor_combined/src/sensor_driver_pkg' with build type 'ament_cmake'
[3.209s] INFO:colcon.colcon_cmake.task.cmake.build:Building CMake package in '/home/renato/ws_sensor_combined/src/sensor_driver_pkg'
[3.209s] INFO:colcon.colcon_core.shell:Skip shell extension 'powershell' for command environment: Not usable outside of PowerShell
[3.209s] DEBUG:colcon.colcon_core.shell:Skip shell extension 'dsv' for command environment
[3.224s] DEBUG:colcon.colcon_core.event_handler.log_command:Invoking command in '/home/renato/ws_sensor_combined/build/dual_wrench_publisher_pkg': CMAKE_PREFIX_PATH=/home/renato/ws_sensor_combined/install/px4_msgs:/home/renato/ws_sensor_combined/install/sensor_driver_pkg:/home/renato/ws_sensor_combined/install/px4_ros_com:/home/renato/ws_sensor_combined/install/load_cell_publisher_pkg:/home/renato/ws_sensor_combined/install/dual_wrench_publisher_pkg:/home/renato/ws_sensor_combined/install/apply_link_wrench_pkg:/home/renato/bridge_ws/install/test_ros_gz_bridge:/home/renato/bridge_ws/install/ros_ign_interfaces:/home/renato/bridge_ws/install/ros_ign:/home/renato/bridge_ws/install/ros_ign_image:/home/renato/bridge_ws/install/ros_ign_gazebo_demos:/home/renato/bridge_ws/install/ros_ign_gazebo:/home/renato/bridge_ws/install/ros_ign_bridge:/home/renato/bridge_ws/install/ros_gz:/home/renato/bridge_ws/install/ros_gz_sim_demos:/home/renato/bridge_ws/install/ros_gz_sim:/home/renato/bridge_ws/install/ros_gz_image:/home/renato/bridge_ws/install/ros_gz_bridge:/home/renato/bridge_ws/install/ros_gz_interfaces:/opt/ros/humble LD_LIBRARY_PATH=/home/renato/ws_sensor_combined/install/px4_msgs/lib:/home/renato/ws_sensor_combined/install/px4_ros_com/lib:/home/renato/bridge_ws/install/ros_ign_interfaces/lib:/home/renato/bridge_ws/install/ros_gz_sim/lib:/home/renato/bridge_ws/install/ros_gz_bridge/lib:/home/renato/bridge_ws/install/ros_gz_interfaces/lib:/opt/ros/humble/opt/rviz_ogre_vendor/lib:/opt/ros/humble/lib/x86_64-linux-gnu:/opt/ros/humble/lib /usr/bin/cmake --build /home/renato/ws_sensor_combined/build/dual_wrench_publisher_pkg -- -j20 -l20
[3.230s] DEBUG:colcon.colcon_core.event_handler.log_command:Invoking command in '/home/renato/ws_sensor_combined/build/load_cell_publisher_pkg': CMAKE_PREFIX_PATH=/home/renato/ws_sensor_combined/install/px4_msgs:/home/renato/ws_sensor_combined/install/sensor_driver_pkg:/home/renato/ws_sensor_combined/install/px4_ros_com:/home/renato/ws_sensor_combined/install/load_cell_publisher_pkg:/home/renato/ws_sensor_combined/install/dual_wrench_publisher_pkg:/home/renato/ws_sensor_combined/install/apply_link_wrench_pkg:/home/renato/bridge_ws/install/test_ros_gz_bridge:/home/renato/bridge_ws/install/ros_ign_interfaces:/home/renato/bridge_ws/install/ros_ign:/home/renato/bridge_ws/install/ros_ign_image:/home/renato/bridge_ws/install/ros_ign_gazebo_demos:/home/renato/bridge_ws/install/ros_ign_gazebo:/home/renato/bridge_ws/install/ros_ign_bridge:/home/renato/bridge_ws/install/ros_gz:/home/renato/bridge_ws/install/ros_gz_sim_demos:/home/renato/bridge_ws/install/ros_gz_sim:/home/renato/bridge_ws/install/ros_gz_image:/home/renato/bridge_ws/install/ros_gz_bridge:/home/renato/bridge_ws/install/ros_gz_interfaces:/opt/ros/humble LD_LIBRARY_PATH=/home/renato/ws_sensor_combined/install/px4_msgs/lib:/home/renato/ws_sensor_combined/install/px4_ros_com/lib:/home/renato/bridge_ws/install/ros_ign_interfaces/lib:/home/renato/bridge_ws/install/ros_gz_sim/lib:/home/renato/bridge_ws/install/ros_gz_bridge/lib:/home/renato/bridge_ws/install/ros_gz_interfaces/lib:/opt/ros/humble/opt/rviz_ogre_vendor/lib:/opt/ros/humble/lib/x86_64-linux-gnu:/opt/ros/humble/lib /usr/bin/cmake --build /home/renato/ws_sensor_combined/build/load_cell_publisher_pkg -- -j20 -l20
[3.235s] DEBUG:colcon.colcon_core.event_handler.log_command:Invoking command in '/home/renato/ws_sensor_combined/build/px4_ros_com': CMAKE_PREFIX_PATH=/home/renato/ws_sensor_combined/install/px4_msgs:/home/renato/ws_sensor_combined/install/sensor_driver_pkg:/home/renato/ws_sensor_combined/install/px4_ros_com:/home/renato/ws_sensor_combined/install/load_cell_publisher_pkg:/home/renato/ws_sensor_combined/install/dual_wrench_publisher_pkg:/home/renato/ws_sensor_combined/install/apply_link_wrench_pkg:/home/renato/bridge_ws/install/test_ros_gz_bridge:/home/renato/bridge_ws/install/ros_ign_interfaces:/home/renato/bridge_ws/install/ros_ign:/home/renato/bridge_ws/install/ros_ign_image:/home/renato/bridge_ws/install/ros_ign_gazebo_demos:/home/renato/bridge_ws/install/ros_ign_gazebo:/home/renato/bridge_ws/install/ros_ign_bridge:/home/renato/bridge_ws/install/ros_gz:/home/renato/bridge_ws/install/ros_gz_sim_demos:/home/renato/bridge_ws/install/ros_gz_sim:/home/renato/bridge_ws/install/ros_gz_image:/home/renato/bridge_ws/install/ros_gz_bridge:/home/renato/bridge_ws/install/ros_gz_interfaces:/opt/ros/humble LD_LIBRARY_PATH=/home/renato/ws_sensor_combined/install/px4_msgs/lib:/home/renato/ws_sensor_combined/install/px4_ros_com/lib:/home/renato/bridge_ws/install/ros_ign_interfaces/lib:/home/renato/bridge_ws/install/ros_gz_sim/lib:/home/renato/bridge_ws/install/ros_gz_bridge/lib:/home/renato/bridge_ws/install/ros_gz_interfaces/lib:/opt/ros/humble/opt/rviz_ogre_vendor/lib:/opt/ros/humble/lib/x86_64-linux-gnu:/opt/ros/humble/lib /usr/bin/cmake --build /home/renato/ws_sensor_combined/build/px4_ros_com -- -j20 -l20
[3.243s] DEBUG:colcon.colcon_core.event_handler.log_command:Invoking command in '/home/renato/ws_sensor_combined/build/sensor_driver_pkg': CMAKE_PREFIX_PATH=/home/renato/ws_sensor_combined/install/px4_msgs:/home/renato/ws_sensor_combined/install/sensor_driver_pkg:/home/renato/ws_sensor_combined/install/px4_ros_com:/home/renato/ws_sensor_combined/install/load_cell_publisher_pkg:/home/renato/ws_sensor_combined/install/dual_wrench_publisher_pkg:/home/renato/ws_sensor_combined/install/apply_link_wrench_pkg:/home/renato/bridge_ws/install/test_ros_gz_bridge:/home/renato/bridge_ws/install/ros_ign_interfaces:/home/renato/bridge_ws/install/ros_ign:/home/renato/bridge_ws/install/ros_ign_image:/home/renato/bridge_ws/install/ros_ign_gazebo_demos:/home/renato/bridge_ws/install/ros_ign_gazebo:/home/renato/bridge_ws/install/ros_ign_bridge:/home/renato/bridge_ws/install/ros_gz:/home/renato/bridge_ws/install/ros_gz_sim_demos:/home/renato/bridge_ws/install/ros_gz_sim:/home/renato/bridge_ws/install/ros_gz_image:/home/renato/bridge_ws/install/ros_gz_bridge:/home/renato/bridge_ws/install/ros_gz_interfaces:/opt/ros/humble LD_LIBRARY_PATH=/home/renato/ws_sensor_combined/install/px4_msgs/lib:/home/renato/ws_sensor_combined/install/px4_ros_com/lib:/home/renato/bridge_ws/install/ros_ign_interfaces/lib:/home/renato/bridge_ws/install/ros_gz_sim/lib:/home/renato/bridge_ws/install/ros_gz_bridge/lib:/home/renato/bridge_ws/install/ros_gz_interfaces/lib:/opt/ros/humble/opt/rviz_ogre_vendor/lib:/opt/ros/humble/lib/x86_64-linux-gnu:/opt/ros/humble/lib /usr/bin/cmake --build /home/renato/ws_sensor_combined/build/sensor_driver_pkg -- -j20 -l20
[3.356s] DEBUG:colcon.colcon_core.event_handler.log_command:Invoked command in '/home/renato/ws_sensor_combined/build/dual_wrench_publisher_pkg' returned '0': CMAKE_PREFIX_PATH=/home/renato/ws_sensor_combined/install/px4_msgs:/home/renato/ws_sensor_combined/install/sensor_driver_pkg:/home/renato/ws_sensor_combined/install/px4_ros_com:/home/renato/ws_sensor_combined/install/load_cell_publisher_pkg:/home/renato/ws_sensor_combined/install/dual_wrench_publisher_pkg:/home/renato/ws_sensor_combined/install/apply_link_wrench_pkg:/home/renato/bridge_ws/install/test_ros_gz_bridge:/home/renato/bridge_ws/install/ros_ign_interfaces:/home/renato/bridge_ws/install/ros_ign:/home/renato/bridge_ws/install/ros_ign_image:/home/renato/bridge_ws/install/ros_ign_gazebo_demos:/home/renato/bridge_ws/install/ros_ign_gazebo:/home/renato/bridge_ws/install/ros_ign_bridge:/home/renato/bridge_ws/install/ros_gz:/home/renato/bridge_ws/install/ros_gz_sim_demos:/home/renato/bridge_ws/install/ros_gz_sim:/home/renato/bridge_ws/install/ros_gz_image:/home/renato/bridge_ws/install/ros_gz_bridge:/home/renato/bridge_ws/install/ros_gz_interfaces:/opt/ros/humble LD_LIBRARY_PATH=/home/renato/ws_sensor_combined/install/px4_msgs/lib:/home/renato/ws_sensor_combined/install/px4_ros_com/lib:/home/renato/bridge_ws/install/ros_ign_interfaces/lib:/home/renato/bridge_ws/install/ros_gz_sim/lib:/home/renato/bridge_ws/install/ros_gz_bridge/lib:/home/renato/bridge_ws/install/ros_gz_interfaces/lib:/opt/ros/humble/opt/rviz_ogre_vendor/lib:/opt/ros/humble/lib/x86_64-linux-gnu:/opt/ros/humble/lib /usr/bin/cmake --build /home/renato/ws_sensor_combined/build/dual_wrench_publisher_pkg -- -j20 -l20
[3.359s] DEBUG:colcon.colcon_core.event_handler.log_command:Invoking command in '/home/renato/ws_sensor_combined/build/dual_wrench_publisher_pkg': CMAKE_PREFIX_PATH=/home/renato/ws_sensor_combined/install/px4_msgs:/home/renato/ws_sensor_combined/install/sensor_driver_pkg:/home/renato/ws_sensor_combined/install/px4_ros_com:/home/renato/ws_sensor_combined/install/load_cell_publisher_pkg:/home/renato/ws_sensor_combined/install/dual_wrench_publisher_pkg:/home/renato/ws_sensor_combined/install/apply_link_wrench_pkg:/home/renato/bridge_ws/install/test_ros_gz_bridge:/home/renato/bridge_ws/install/ros_ign_interfaces:/home/renato/bridge_ws/install/ros_ign:/home/renato/bridge_ws/install/ros_ign_image:/home/renato/bridge_ws/install/ros_ign_gazebo_demos:/home/renato/bridge_ws/install/ros_ign_gazebo:/home/renato/bridge_ws/install/ros_ign_bridge:/home/renato/bridge_ws/install/ros_gz:/home/renato/bridge_ws/install/ros_gz_sim_demos:/home/renato/bridge_ws/install/ros_gz_sim:/home/renato/bridge_ws/install/ros_gz_image:/home/renato/bridge_ws/install/ros_gz_bridge:/home/renato/bridge_ws/install/ros_gz_interfaces:/opt/ros/humble LD_LIBRARY_PATH=/home/renato/ws_sensor_combined/install/px4_msgs/lib:/home/renato/ws_sensor_combined/install/px4_ros_com/lib:/home/renato/bridge_ws/install/ros_ign_interfaces/lib:/home/renato/bridge_ws/install/ros_gz_sim/lib:/home/renato/bridge_ws/install/ros_gz_bridge/lib:/home/renato/bridge_ws/install/ros_gz_interfaces/lib:/opt/ros/humble/opt/rviz_ogre_vendor/lib:/opt/ros/humble/lib/x86_64-linux-gnu:/opt/ros/humble/lib /usr/bin/cmake --install /home/renato/ws_sensor_combined/build/dual_wrench_publisher_pkg
[3.360s] DEBUG:colcon.colcon_core.event_handler.log_command:Invoked command in '/home/renato/ws_sensor_combined/build/load_cell_publisher_pkg' returned '0': CMAKE_PREFIX_PATH=/home/renato/ws_sensor_combined/install/px4_msgs:/home/renato/ws_sensor_combined/install/sensor_driver_pkg:/home/renato/ws_sensor_combined/install/px4_ros_com:/home/renato/ws_sensor_combined/install/load_cell_publisher_pkg:/home/renato/ws_sensor_combined/install/dual_wrench_publisher_pkg:/home/renato/ws_sensor_combined/install/apply_link_wrench_pkg:/home/renato/bridge_ws/install/test_ros_gz_bridge:/home/renato/bridge_ws/install/ros_ign_interfaces:/home/renato/bridge_ws/install/ros_ign:/home/renato/bridge_ws/install/ros_ign_image:/home/renato/bridge_ws/install/ros_ign_gazebo_demos:/home/renato/bridge_ws/install/ros_ign_gazebo:/home/renato/bridge_ws/install/ros_ign_bridge:/home/renato/bridge_ws/install/ros_gz:/home/renato/bridge_ws/install/ros_gz_sim_demos:/home/renato/bridge_ws/install/ros_gz_sim:/home/renato/bridge_ws/install/ros_gz_image:/home/renato/bridge_ws/install/ros_gz_bridge:/home/renato/bridge_ws/install/ros_gz_interfaces:/opt/ros/humble LD_LIBRARY_PATH=/home/renato/ws_sensor_combined/install/px4_msgs/lib:/home/renato/ws_sensor_combined/install/px4_ros_com/lib:/home/renato/bridge_ws/install/ros_ign_interfaces/lib:/home/renato/bridge_ws/install/ros_gz_sim/lib:/home/renato/bridge_ws/install/ros_gz_bridge/lib:/home/renato/bridge_ws/install/ros_gz_interfaces/lib:/opt/ros/humble/opt/rviz_ogre_vendor/lib:/opt/ros/humble/lib/x86_64-linux-gnu:/opt/ros/humble/lib /usr/bin/cmake --build /home/renato/ws_sensor_combined/build/load_cell_publisher_pkg -- -j20 -l20
[3.363s] DEBUG:colcon.colcon_core.event_handler.log_command:Invoking command in '/home/renato/ws_sensor_combined/build/load_cell_publisher_pkg': CMAKE_PREFIX_PATH=/home/renato/ws_sensor_combined/install/px4_msgs:/home/renato/ws_sensor_combined/install/sensor_driver_pkg:/home/renato/ws_sensor_combined/install/px4_ros_com:/home/renato/ws_sensor_combined/install/load_cell_publisher_pkg:/home/renato/ws_sensor_combined/install/dual_wrench_publisher_pkg:/home/renato/ws_sensor_combined/install/apply_link_wrench_pkg:/home/renato/bridge_ws/install/test_ros_gz_bridge:/home/renato/bridge_ws/install/ros_ign_interfaces:/home/renato/bridge_ws/install/ros_ign:/home/renato/bridge_ws/install/ros_ign_image:/home/renato/bridge_ws/install/ros_ign_gazebo_demos:/home/renato/bridge_ws/install/ros_ign_gazebo:/home/renato/bridge_ws/install/ros_ign_bridge:/home/renato/bridge_ws/install/ros_gz:/home/renato/bridge_ws/install/ros_gz_sim_demos:/home/renato/bridge_ws/install/ros_gz_sim:/home/renato/bridge_ws/install/ros_gz_image:/home/renato/bridge_ws/install/ros_gz_bridge:/home/renato/bridge_ws/install/ros_gz_interfaces:/opt/ros/humble LD_LIBRARY_PATH=/home/renato/ws_sensor_combined/install/px4_msgs/lib:/home/renato/ws_sensor_combined/install/px4_ros_com/lib:/home/renato/bridge_ws/install/ros_ign_interfaces/lib:/home/renato/bridge_ws/install/ros_gz_sim/lib:/home/renato/bridge_ws/install/ros_gz_bridge/lib:/home/renato/bridge_ws/install/ros_gz_interfaces/lib:/opt/ros/humble/opt/rviz_ogre_vendor/lib:/opt/ros/humble/lib/x86_64-linux-gnu:/opt/ros/humble/lib /usr/bin/cmake --install /home/renato/ws_sensor_combined/build/load_cell_publisher_pkg
[3.381s] DEBUG:colcon.colcon_core.event_handler.log_command:Invoked command in '/home/renato/ws_sensor_combined/build/sensor_driver_pkg' returned '0': CMAKE_PREFIX_PATH=/home/renato/ws_sensor_combined/install/px4_msgs:/home/renato/ws_sensor_combined/install/sensor_driver_pkg:/home/renato/ws_sensor_combined/install/px4_ros_com:/home/renato/ws_sensor_combined/install/load_cell_publisher_pkg:/home/renato/ws_sensor_combined/install/dual_wrench_publisher_pkg:/home/renato/ws_sensor_combined/install/apply_link_wrench_pkg:/home/renato/bridge_ws/install/test_ros_gz_bridge:/home/renato/bridge_ws/install/ros_ign_interfaces:/home/renato/bridge_ws/install/ros_ign:/home/renato/bridge_ws/install/ros_ign_image:/home/renato/bridge_ws/install/ros_ign_gazebo_demos:/home/renato/bridge_ws/install/ros_ign_gazebo:/home/renato/bridge_ws/install/ros_ign_bridge:/home/renato/bridge_ws/install/ros_gz:/home/renato/bridge_ws/install/ros_gz_sim_demos:/home/renato/bridge_ws/install/ros_gz_sim:/home/renato/bridge_ws/install/ros_gz_image:/home/renato/bridge_ws/install/ros_gz_bridge:/home/renato/bridge_ws/install/ros_gz_interfaces:/opt/ros/humble LD_LIBRARY_PATH=/home/renato/ws_sensor_combined/install/px4_msgs/lib:/home/renato/ws_sensor_combined/install/px4_ros_com/lib:/home/renato/bridge_ws/install/ros_ign_interfaces/lib:/home/renato/bridge_ws/install/ros_gz_sim/lib:/home/renato/bridge_ws/install/ros_gz_bridge/lib:/home/renato/bridge_ws/install/ros_gz_interfaces/lib:/opt/ros/humble/opt/rviz_ogre_vendor/lib:/opt/ros/humble/lib/x86_64-linux-gnu:/opt/ros/humble/lib /usr/bin/cmake --build /home/renato/ws_sensor_combined/build/sensor_driver_pkg -- -j20 -l20
[3.383s] DEBUG:colcon.colcon_core.event_handler.log_command:Invoking command in '/home/renato/ws_sensor_combined/build/sensor_driver_pkg': CMAKE_PREFIX_PATH=/home/renato/ws_sensor_combined/install/px4_msgs:/home/renato/ws_sensor_combined/install/sensor_driver_pkg:/home/renato/ws_sensor_combined/install/px4_ros_com:/home/renato/ws_sensor_combined/install/load_cell_publisher_pkg:/home/renato/ws_sensor_combined/install/dual_wrench_publisher_pkg:/home/renato/ws_sensor_combined/install/apply_link_wrench_pkg:/home/renato/bridge_ws/install/test_ros_gz_bridge:/home/renato/bridge_ws/install/ros_ign_interfaces:/home/renato/bridge_ws/install/ros_ign:/home/renato/bridge_ws/install/ros_ign_image:/home/renato/bridge_ws/install/ros_ign_gazebo_demos:/home/renato/bridge_ws/install/ros_ign_gazebo:/home/renato/bridge_ws/install/ros_ign_bridge:/home/renato/bridge_ws/install/ros_gz:/home/renato/bridge_ws/install/ros_gz_sim_demos:/home/renato/bridge_ws/install/ros_gz_sim:/home/renato/bridge_ws/install/ros_gz_image:/home/renato/bridge_ws/install/ros_gz_bridge:/home/renato/bridge_ws/install/ros_gz_interfaces:/opt/ros/humble LD_LIBRARY_PATH=/home/renato/ws_sensor_combined/install/px4_msgs/lib:/home/renato/ws_sensor_combined/install/px4_ros_com/lib:/home/renato/bridge_ws/install/ros_ign_interfaces/lib:/home/renato/bridge_ws/install/ros_gz_sim/lib:/home/renato/bridge_ws/install/ros_gz_bridge/lib:/home/renato/bridge_ws/install/ros_gz_interfaces/lib:/opt/ros/humble/opt/rviz_ogre_vendor/lib:/opt/ros/humble/lib/x86_64-linux-gnu:/opt/ros/humble/lib /usr/bin/cmake --install /home/renato/ws_sensor_combined/build/sensor_driver_pkg
[3.396s] Level 1:colcon.colcon_core.environment:create_environment_scripts_only(dual_wrench_publisher_pkg)
[3.397s] Level 1:colcon.colcon_core.environment:checking '/home/renato/ws_sensor_combined/install/dual_wrench_publisher_pkg' for CMake module files
[3.398s] DEBUG:colcon.colcon_core.event_handler.log_command:Invoked command in '/home/renato/ws_sensor_combined/build/dual_wrench_publisher_pkg' returned '0': CMAKE_PREFIX_PATH=/home/renato/ws_sensor_combined/install/px4_msgs:/home/renato/ws_sensor_combined/install/sensor_driver_pkg:/home/renato/ws_sensor_combined/install/px4_ros_com:/home/renato/ws_sensor_combined/install/load_cell_publisher_pkg:/home/renato/ws_sensor_combined/install/dual_wrench_publisher_pkg:/home/renato/ws_sensor_combined/install/apply_link_wrench_pkg:/home/renato/bridge_ws/install/test_ros_gz_bridge:/home/renato/bridge_ws/install/ros_ign_interfaces:/home/renato/bridge_ws/install/ros_ign:/home/renato/bridge_ws/install/ros_ign_image:/home/renato/bridge_ws/install/ros_ign_gazebo_demos:/home/renato/bridge_ws/install/ros_ign_gazebo:/home/renato/bridge_ws/install/ros_ign_bridge:/home/renato/bridge_ws/install/ros_gz:/home/renato/bridge_ws/install/ros_gz_sim_demos:/home/renato/bridge_ws/install/ros_gz_sim:/home/renato/bridge_ws/install/ros_gz_image:/home/renato/bridge_ws/install/ros_gz_bridge:/home/renato/bridge_ws/install/ros_gz_interfaces:/opt/ros/humble LD_LIBRARY_PATH=/home/renato/ws_sensor_combined/install/px4_msgs/lib:/home/renato/ws_sensor_combined/install/px4_ros_com/lib:/home/renato/bridge_ws/install/ros_ign_interfaces/lib:/home/renato/bridge_ws/install/ros_gz_sim/lib:/home/renato/bridge_ws/install/ros_gz_bridge/lib:/home/renato/bridge_ws/install/ros_gz_interfaces/lib:/opt/ros/humble/opt/rviz_ogre_vendor/lib:/opt/ros/humble/lib/x86_64-linux-gnu:/opt/ros/humble/lib /usr/bin/cmake --install /home/renato/ws_sensor_combined/build/dual_wrench_publisher_pkg
[3.399s] Level 1:colcon.colcon_core.environment:checking '/home/renato/ws_sensor_combined/install/dual_wrench_publisher_pkg' for CMake config files
[3.402s] Level 1:colcon.colcon_core.shell:create_environment_hook('dual_wrench_publisher_pkg', 'cmake_prefix_path')
[3.403s] INFO:colcon.colcon_core.shell:Creating environment hook '/home/renato/ws_sensor_combined/install/dual_wrench_publisher_pkg/share/dual_wrench_publisher_pkg/hook/cmake_prefix_path.ps1'
[3.404s] INFO:colcon.colcon_core.shell:Creating environment descriptor '/home/renato/ws_sensor_combined/install/dual_wrench_publisher_pkg/share/dual_wrench_publisher_pkg/hook/cmake_prefix_path.dsv'
[3.404s] INFO:colcon.colcon_core.shell:Creating environment hook '/home/renato/ws_sensor_combined/install/dual_wrench_publisher_pkg/share/dual_wrench_publisher_pkg/hook/cmake_prefix_path.sh'
[3.405s] Level 1:colcon.colcon_core.environment:checking '/home/renato/ws_sensor_combined/install/dual_wrench_publisher_pkg/lib'
[3.405s] Level 1:colcon.colcon_core.environment:checking '/home/renato/ws_sensor_combined/install/dual_wrench_publisher_pkg/bin'
[3.405s] Level 1:colcon.colcon_core.environment:checking '/home/renato/ws_sensor_combined/install/dual_wrench_publisher_pkg/lib/pkgconfig/dual_wrench_publisher_pkg.pc'
[3.406s] Level 1:colcon.colcon_core.environment:checking '/home/renato/ws_sensor_combined/install/dual_wrench_publisher_pkg/lib/python3.10/site-packages'
[3.406s] Level 1:colcon.colcon_core.environment:checking '/home/renato/ws_sensor_combined/install/dual_wrench_publisher_pkg/bin'
[3.407s] INFO:colcon.colcon_core.shell:Creating package script '/home/renato/ws_sensor_combined/install/dual_wrench_publisher_pkg/share/dual_wrench_publisher_pkg/package.ps1'
[3.407s] INFO:colcon.colcon_core.shell:Creating package descriptor '/home/renato/ws_sensor_combined/install/dual_wrench_publisher_pkg/share/dual_wrench_publisher_pkg/package.dsv'
[3.408s] INFO:colcon.colcon_core.shell:Creating package script '/home/renato/ws_sensor_combined/install/dual_wrench_publisher_pkg/share/dual_wrench_publisher_pkg/package.sh'
[3.409s] INFO:colcon.colcon_core.shell:Creating package script '/home/renato/ws_sensor_combined/install/dual_wrench_publisher_pkg/share/dual_wrench_publisher_pkg/package.bash'
[3.410s] INFO:colcon.colcon_core.shell:Creating package script '/home/renato/ws_sensor_combined/install/dual_wrench_publisher_pkg/share/dual_wrench_publisher_pkg/package.zsh'
[3.410s] Level 1:colcon.colcon_core.environment:create_file_with_runtime_dependencies(/home/renato/ws_sensor_combined/install/dual_wrench_publisher_pkg/share/colcon-core/packages/dual_wrench_publisher_pkg)
[3.411s] Level 1:colcon.colcon_core.environment:create_environment_scripts_only(dual_wrench_publisher_pkg)
[3.411s] Level 1:colcon.colcon_core.environment:checking '/home/renato/ws_sensor_combined/install/dual_wrench_publisher_pkg' for CMake module files
[3.412s] Level 1:colcon.colcon_core.environment:checking '/home/renato/ws_sensor_combined/install/dual_wrench_publisher_pkg' for CMake config files
[3.412s] Level 1:colcon.colcon_core.shell:create_environment_hook('dual_wrench_publisher_pkg', 'cmake_prefix_path')
[3.413s] INFO:colcon.colcon_core.shell:Creating environment hook '/home/renato/ws_sensor_combined/install/dual_wrench_publisher_pkg/share/dual_wrench_publisher_pkg/hook/cmake_prefix_path.ps1'
[3.415s] INFO:colcon.colcon_core.shell:Creating environment descriptor '/home/renato/ws_sensor_combined/install/dual_wrench_publisher_pkg/share/dual_wrench_publisher_pkg/hook/cmake_prefix_path.dsv'
[3.416s] INFO:colcon.colcon_core.shell:Creating environment hook '/home/renato/ws_sensor_combined/install/dual_wrench_publisher_pkg/share/dual_wrench_publisher_pkg/hook/cmake_prefix_path.sh'
[3.418s] Level 1:colcon.colcon_core.environment:checking '/home/renato/ws_sensor_combined/install/dual_wrench_publisher_pkg/lib'
[3.418s] Level 1:colcon.colcon_core.environment:checking '/home/renato/ws_sensor_combined/install/dual_wrench_publisher_pkg/bin'
[3.419s] Level 1:colcon.colcon_core.environment:checking '/home/renato/ws_sensor_combined/install/dual_wrench_publisher_pkg/lib/pkgconfig/dual_wrench_publisher_pkg.pc'
[3.419s] Level 1:colcon.colcon_core.environment:checking '/home/renato/ws_sensor_combined/install/dual_wrench_publisher_pkg/lib/python3.10/site-packages'
[3.420s] Level 1:colcon.colcon_core.environment:checking '/home/renato/ws_sensor_combined/install/dual_wrench_publisher_pkg/bin'
[3.420s] INFO:colcon.colcon_core.shell:Creating package script '/home/renato/ws_sensor_combined/install/dual_wrench_publisher_pkg/share/dual_wrench_publisher_pkg/package.ps1'
[3.421s] INFO:colcon.colcon_core.shell:Creating package descriptor '/home/renato/ws_sensor_combined/install/dual_wrench_publisher_pkg/share/dual_wrench_publisher_pkg/package.dsv'
[3.423s] INFO:colcon.colcon_core.shell:Creating package script '/home/renato/ws_sensor_combined/install/dual_wrench_publisher_pkg/share/dual_wrench_publisher_pkg/package.sh'
[3.424s] INFO:colcon.colcon_core.shell:Creating package script '/home/renato/ws_sensor_combined/install/dual_wrench_publisher_pkg/share/dual_wrench_publisher_pkg/package.bash'
[3.425s] INFO:colcon.colcon_core.shell:Creating package script '/home/renato/ws_sensor_combined/install/dual_wrench_publisher_pkg/share/dual_wrench_publisher_pkg/package.zsh'
[3.426s] Level 1:colcon.colcon_core.environment:create_file_with_runtime_dependencies(/home/renato/ws_sensor_combined/install/dual_wrench_publisher_pkg/share/colcon-core/packages/dual_wrench_publisher_pkg)
[3.429s] Level 1:colcon.colcon_core.environment:create_environment_scripts_only(load_cell_publisher_pkg)
[3.430s] Level 1:colcon.colcon_core.environment:checking '/home/renato/ws_sensor_combined/install/load_cell_publisher_pkg' for CMake module files
[3.431s] DEBUG:colcon.colcon_core.event_handler.log_command:Invoked command in '/home/renato/ws_sensor_combined/build/load_cell_publisher_pkg' returned '0': CMAKE_PREFIX_PATH=/home/renato/ws_sensor_combined/install/px4_msgs:/home/renato/ws_sensor_combined/install/sensor_driver_pkg:/home/renato/ws_sensor_combined/install/px4_ros_com:/home/renato/ws_sensor_combined/install/load_cell_publisher_pkg:/home/renato/ws_sensor_combined/install/dual_wrench_publisher_pkg:/home/renato/ws_sensor_combined/install/apply_link_wrench_pkg:/home/renato/bridge_ws/install/test_ros_gz_bridge:/home/renato/bridge_ws/install/ros_ign_interfaces:/home/renato/bridge_ws/install/ros_ign:/home/renato/bridge_ws/install/ros_ign_image:/home/renato/bridge_ws/install/ros_ign_gazebo_demos:/home/renato/bridge_ws/install/ros_ign_gazebo:/home/renato/bridge_ws/install/ros_ign_bridge:/home/renato/bridge_ws/install/ros_gz:/home/renato/bridge_ws/install/ros_gz_sim_demos:/home/renato/bridge_ws/install/ros_gz_sim:/home/renato/bridge_ws/install/ros_gz_image:/home/renato/bridge_ws/install/ros_gz_bridge:/home/renato/bridge_ws/install/ros_gz_interfaces:/opt/ros/humble LD_LIBRARY_PATH=/home/renato/ws_sensor_combined/install/px4_msgs/lib:/home/renato/ws_sensor_combined/install/px4_ros_com/lib:/home/renato/bridge_ws/install/ros_ign_interfaces/lib:/home/renato/bridge_ws/install/ros_gz_sim/lib:/home/renato/bridge_ws/install/ros_gz_bridge/lib:/home/renato/bridge_ws/install/ros_gz_interfaces/lib:/opt/ros/humble/opt/rviz_ogre_vendor/lib:/opt/ros/humble/lib/x86_64-linux-gnu:/opt/ros/humble/lib /usr/bin/cmake --install /home/renato/ws_sensor_combined/build/load_cell_publisher_pkg
[3.431s] Level 1:colcon.colcon_core.environment:checking '/home/renato/ws_sensor_combined/install/load_cell_publisher_pkg' for CMake config files
[3.432s] Level 1:colcon.colcon_core.shell:create_environment_hook('load_cell_publisher_pkg', 'cmake_prefix_path')
[3.432s] INFO:colcon.colcon_core.shell:Creating environment hook '/home/renato/ws_sensor_combined/install/load_cell_publisher_pkg/share/load_cell_publisher_pkg/hook/cmake_prefix_path.ps1'
[3.433s] INFO:colcon.colcon_core.shell:Creating environment descriptor '/home/renato/ws_sensor_combined/install/load_cell_publisher_pkg/share/load_cell_publisher_pkg/hook/cmake_prefix_path.dsv'
[3.434s] INFO:colcon.colcon_core.shell:Creating environment hook '/home/renato/ws_sensor_combined/install/load_cell_publisher_pkg/share/load_cell_publisher_pkg/hook/cmake_prefix_path.sh'
[3.435s] Level 1:colcon.colcon_core.environment:checking '/home/renato/ws_sensor_combined/install/load_cell_publisher_pkg/lib'
[3.435s] Level 1:colcon.colcon_core.environment:checking '/home/renato/ws_sensor_combined/install/load_cell_publisher_pkg/bin'
[3.435s] Level 1:colcon.colcon_core.environment:checking '/home/renato/ws_sensor_combined/install/load_cell_publisher_pkg/lib/pkgconfig/load_cell_publisher_pkg.pc'
[3.435s] Level 1:colcon.colcon_core.environment:checking '/home/renato/ws_sensor_combined/install/load_cell_publisher_pkg/lib/python3.10/site-packages'
[3.435s] Level 1:colcon.colcon_core.environment:checking '/home/renato/ws_sensor_combined/install/load_cell_publisher_pkg/bin'
[3.436s] INFO:colcon.colcon_core.shell:Creating package script '/home/renato/ws_sensor_combined/install/load_cell_publisher_pkg/share/load_cell_publisher_pkg/package.ps1'
[3.437s] INFO:colcon.colcon_core.shell:Creating package descriptor '/home/renato/ws_sensor_combined/install/load_cell_publisher_pkg/share/load_cell_publisher_pkg/package.dsv'
[3.437s] INFO:colcon.colcon_core.shell:Creating package script '/home/renato/ws_sensor_combined/install/load_cell_publisher_pkg/share/load_cell_publisher_pkg/package.sh'
[3.438s] INFO:colcon.colcon_core.shell:Creating package script '/home/renato/ws_sensor_combined/install/load_cell_publisher_pkg/share/load_cell_publisher_pkg/package.bash'
[3.438s] INFO:colcon.colcon_core.shell:Creating package script '/home/renato/ws_sensor_combined/install/load_cell_publisher_pkg/share/load_cell_publisher_pkg/package.zsh'
[3.439s] Level 1:colcon.colcon_core.environment:create_file_with_runtime_dependencies(/home/renato/ws_sensor_combined/install/load_cell_publisher_pkg/share/colcon-core/packages/load_cell_publisher_pkg)
[3.440s] Level 1:colcon.colcon_core.environment:create_environment_scripts_only(load_cell_publisher_pkg)
[3.440s] Level 1:colcon.colcon_core.environment:checking '/home/renato/ws_sensor_combined/install/load_cell_publisher_pkg' for CMake module files
[3.441s] Level 1:colcon.colcon_core.environment:checking '/home/renato/ws_sensor_combined/install/load_cell_publisher_pkg' for CMake config files
[3.441s] Level 1:colcon.colcon_core.shell:create_environment_hook('load_cell_publisher_pkg', 'cmake_prefix_path')
[3.441s] INFO:colcon.colcon_core.shell:Creating environment hook '/home/renato/ws_sensor_combined/install/load_cell_publisher_pkg/share/load_cell_publisher_pkg/hook/cmake_prefix_path.ps1'
[3.442s] INFO:colcon.colcon_core.shell:Creating environment descriptor '/home/renato/ws_sensor_combined/install/load_cell_publisher_pkg/share/load_cell_publisher_pkg/hook/cmake_prefix_path.dsv'
[3.442s] INFO:colcon.colcon_core.shell:Creating environment hook '/home/renato/ws_sensor_combined/install/load_cell_publisher_pkg/share/load_cell_publisher_pkg/hook/cmake_prefix_path.sh'
[3.443s] Level 1:colcon.colcon_core.environment:checking '/home/renato/ws_sensor_combined/install/load_cell_publisher_pkg/lib'
[3.443s] Level 1:colcon.colcon_core.environment:checking '/home/renato/ws_sensor_combined/install/load_cell_publisher_pkg/bin'
[3.443s] Level 1:colcon.colcon_core.environment:checking '/home/renato/ws_sensor_combined/install/load_cell_publisher_pkg/lib/pkgconfig/load_cell_publisher_pkg.pc'
[3.444s] Level 1:colcon.colcon_core.environment:checking '/home/renato/ws_sensor_combined/install/load_cell_publisher_pkg/lib/python3.10/site-packages'
[3.444s] Level 1:colcon.colcon_core.environment:checking '/home/renato/ws_sensor_combined/install/load_cell_publisher_pkg/bin'
[3.444s] INFO:colcon.colcon_core.shell:Creating package script '/home/renato/ws_sensor_combined/install/load_cell_publisher_pkg/share/load_cell_publisher_pkg/package.ps1'
[3.445s] INFO:colcon.colcon_core.shell:Creating package descriptor '/home/renato/ws_sensor_combined/install/load_cell_publisher_pkg/share/load_cell_publisher_pkg/package.dsv'
[3.446s] INFO:colcon.colcon_core.shell:Creating package script '/home/renato/ws_sensor_combined/install/load_cell_publisher_pkg/share/load_cell_publisher_pkg/package.sh'
[3.446s] INFO:colcon.colcon_core.shell:Creating package script '/home/renato/ws_sensor_combined/install/load_cell_publisher_pkg/share/load_cell_publisher_pkg/package.bash'
[3.448s] INFO:colcon.colcon_core.shell:Creating package script '/home/renato/ws_sensor_combined/install/load_cell_publisher_pkg/share/load_cell_publisher_pkg/package.zsh'
[3.449s] Level 1:colcon.colcon_core.environment:create_file_with_runtime_dependencies(/home/renato/ws_sensor_combined/install/load_cell_publisher_pkg/share/colcon-core/packages/load_cell_publisher_pkg)
[3.449s] Level 1:colcon.colcon_core.environment:create_environment_scripts_only(sensor_driver_pkg)
[3.450s] Level 1:colcon.colcon_core.environment:checking '/home/renato/ws_sensor_combined/install/sensor_driver_pkg' for CMake module files
[3.452s] DEBUG:colcon.colcon_core.event_handler.log_command:Invoked command in '/home/renato/ws_sensor_combined/build/sensor_driver_pkg' returned '0': CMAKE_PREFIX_PATH=/home/renato/ws_sensor_combined/install/px4_msgs:/home/renato/ws_sensor_combined/install/sensor_driver_pkg:/home/renato/ws_sensor_combined/install/px4_ros_com:/home/renato/ws_sensor_combined/install/load_cell_publisher_pkg:/home/renato/ws_sensor_combined/install/dual_wrench_publisher_pkg:/home/renato/ws_sensor_combined/install/apply_link_wrench_pkg:/home/renato/bridge_ws/install/test_ros_gz_bridge:/home/renato/bridge_ws/install/ros_ign_interfaces:/home/renato/bridge_ws/install/ros_ign:/home/renato/bridge_ws/install/ros_ign_image:/home/renato/bridge_ws/install/ros_ign_gazebo_demos:/home/renato/bridge_ws/install/ros_ign_gazebo:/home/renato/bridge_ws/install/ros_ign_bridge:/home/renato/bridge_ws/install/ros_gz:/home/renato/bridge_ws/install/ros_gz_sim_demos:/home/renato/bridge_ws/install/ros_gz_sim:/home/renato/bridge_ws/install/ros_gz_image:/home/renato/bridge_ws/install/ros_gz_bridge:/home/renato/bridge_ws/install/ros_gz_interfaces:/opt/ros/humble LD_LIBRARY_PATH=/home/renato/ws_sensor_combined/install/px4_msgs/lib:/home/renato/ws_sensor_combined/install/px4_ros_com/lib:/home/renato/bridge_ws/install/ros_ign_interfaces/lib:/home/renato/bridge_ws/install/ros_gz_sim/lib:/home/renato/bridge_ws/install/ros_gz_bridge/lib:/home/renato/bridge_ws/install/ros_gz_interfaces/lib:/opt/ros/humble/opt/rviz_ogre_vendor/lib:/opt/ros/humble/lib/x86_64-linux-gnu:/opt/ros/humble/lib /usr/bin/cmake --install /home/renato/ws_sensor_combined/build/sensor_driver_pkg
[3.452s] Level 1:colcon.colcon_core.environment:checking '/home/renato/ws_sensor_combined/install/sensor_driver_pkg' for CMake config files
[3.452s] Level 1:colcon.colcon_core.shell:create_environment_hook('sensor_driver_pkg', 'cmake_prefix_path')
[3.453s] INFO:colcon.colcon_core.shell:Creating environment hook '/home/renato/ws_sensor_combined/install/sensor_driver_pkg/share/sensor_driver_pkg/hook/cmake_prefix_path.ps1'
[3.453s] INFO:colcon.colcon_core.shell:Creating environment descriptor '/home/renato/ws_sensor_combined/install/sensor_driver_pkg/share/sensor_driver_pkg/hook/cmake_prefix_path.dsv'
[3.454s] INFO:colcon.colcon_core.shell:Creating environment hook '/home/renato/ws_sensor_combined/install/sensor_driver_pkg/share/sensor_driver_pkg/hook/cmake_prefix_path.sh'
[3.455s] Level 1:colcon.colcon_core.environment:checking '/home/renato/ws_sensor_combined/install/sensor_driver_pkg/lib'
[3.455s] Level 1:colcon.colcon_core.environment:checking '/home/renato/ws_sensor_combined/install/sensor_driver_pkg/bin'
[3.455s] Level 1:colcon.colcon_core.environment:checking '/home/renato/ws_sensor_combined/install/sensor_driver_pkg/lib/pkgconfig/sensor_driver_pkg.pc'
[3.455s] Level 1:colcon.colcon_core.environment:checking '/home/renato/ws_sensor_combined/install/sensor_driver_pkg/lib/python3.10/site-packages'
[3.456s] Level 1:colcon.colcon_core.environment:checking '/home/renato/ws_sensor_combined/install/sensor_driver_pkg/bin'
[3.456s] INFO:colcon.colcon_core.shell:Creating package script '/home/renato/ws_sensor_combined/install/sensor_driver_pkg/share/sensor_driver_pkg/package.ps1'
[3.457s] INFO:colcon.colcon_core.shell:Creating package descriptor '/home/renato/ws_sensor_combined/install/sensor_driver_pkg/share/sensor_driver_pkg/package.dsv'
[3.457s] INFO:colcon.colcon_core.shell:Creating package script '/home/renato/ws_sensor_combined/install/sensor_driver_pkg/share/sensor_driver_pkg/package.sh'
[3.458s] INFO:colcon.colcon_core.shell:Creating package script '/home/renato/ws_sensor_combined/install/sensor_driver_pkg/share/sensor_driver_pkg/package.bash'
[3.458s] INFO:colcon.colcon_core.shell:Creating package script '/home/renato/ws_sensor_combined/install/sensor_driver_pkg/share/sensor_driver_pkg/package.zsh'
[3.459s] Level 1:colcon.colcon_core.environment:create_file_with_runtime_dependencies(/home/renato/ws_sensor_combined/install/sensor_driver_pkg/share/colcon-core/packages/sensor_driver_pkg)
[3.459s] Level 1:colcon.colcon_core.environment:create_environment_scripts_only(sensor_driver_pkg)
[3.460s] Level 1:colcon.colcon_core.environment:checking '/home/renato/ws_sensor_combined/install/sensor_driver_pkg' for CMake module files
[3.460s] Level 1:colcon.colcon_core.environment:checking '/home/renato/ws_sensor_combined/install/sensor_driver_pkg' for CMake config files
[3.461s] Level 1:colcon.colcon_core.shell:create_environment_hook('sensor_driver_pkg', 'cmake_prefix_path')
[3.461s] INFO:colcon.colcon_core.shell:Creating environment hook '/home/renato/ws_sensor_combined/install/sensor_driver_pkg/share/sensor_driver_pkg/hook/cmake_prefix_path.ps1'
[3.462s] INFO:colcon.colcon_core.shell:Creating environment descriptor '/home/renato/ws_sensor_combined/install/sensor_driver_pkg/share/sensor_driver_pkg/hook/cmake_prefix_path.dsv'
[3.462s] INFO:colcon.colcon_core.shell:Creating environment hook '/home/renato/ws_sensor_combined/install/sensor_driver_pkg/share/sensor_driver_pkg/hook/cmake_prefix_path.sh'
[3.463s] Level 1:colcon.colcon_core.environment:checking '/home/renato/ws_sensor_combined/install/sensor_driver_pkg/lib'
[3.463s] Level 1:colcon.colcon_core.environment:checking '/home/renato/ws_sensor_combined/install/sensor_driver_pkg/bin'
[3.463s] Level 1:colcon.colcon_core.environment:checking '/home/renato/ws_sensor_combined/install/sensor_driver_pkg/lib/pkgconfig/sensor_driver_pkg.pc'
[3.464s] Level 1:colcon.colcon_core.environment:checking '/home/renato/ws_sensor_combined/install/sensor_driver_pkg/lib/python3.10/site-packages'
[3.464s] Level 1:colcon.colcon_core.environment:checking '/home/renato/ws_sensor_combined/install/sensor_driver_pkg/bin'
[3.464s] INFO:colcon.colcon_core.shell:Creating package script '/home/renato/ws_sensor_combined/install/sensor_driver_pkg/share/sensor_driver_pkg/package.ps1'
[3.466s] INFO:colcon.colcon_core.shell:Creating package descriptor '/home/renato/ws_sensor_combined/install/sensor_driver_pkg/share/sensor_driver_pkg/package.dsv'
[3.467s] INFO:colcon.colcon_core.shell:Creating package script '/home/renato/ws_sensor_combined/install/sensor_driver_pkg/share/sensor_driver_pkg/package.sh'
[3.467s] INFO:colcon.colcon_core.shell:Creating package script '/home/renato/ws_sensor_combined/install/sensor_driver_pkg/share/sensor_driver_pkg/package.bash'
[3.468s] INFO:colcon.colcon_core.shell:Creating package script '/home/renato/ws_sensor_combined/install/sensor_driver_pkg/share/sensor_driver_pkg/package.zsh'
[3.468s] Level 1:colcon.colcon_core.environment:create_file_with_runtime_dependencies(/home/renato/ws_sensor_combined/install/sensor_driver_pkg/share/colcon-core/packages/sensor_driver_pkg)
[4.063s] DEBUG:colcon.colcon_core.event_handler.log_command:Invoked command in '/home/renato/ws_sensor_combined/build/px4_ros_com' returned '0': CMAKE_PREFIX_PATH=/home/renato/ws_sensor_combined/install/px4_msgs:/home/renato/ws_sensor_combined/install/sensor_driver_pkg:/home/renato/ws_sensor_combined/install/px4_ros_com:/home/renato/ws_sensor_combined/install/load_cell_publisher_pkg:/home/renato/ws_sensor_combined/install/dual_wrench_publisher_pkg:/home/renato/ws_sensor_combined/install/apply_link_wrench_pkg:/home/renato/bridge_ws/install/test_ros_gz_bridge:/home/renato/bridge_ws/install/ros_ign_interfaces:/home/renato/bridge_ws/install/ros_ign:/home/renato/bridge_ws/install/ros_ign_image:/home/renato/bridge_ws/install/ros_ign_gazebo_demos:/home/renato/bridge_ws/install/ros_ign_gazebo:/home/renato/bridge_ws/install/ros_ign_bridge:/home/renato/bridge_ws/install/ros_gz:/home/renato/bridge_ws/install/ros_gz_sim_demos:/home/renato/bridge_ws/install/ros_gz_sim:/home/renato/bridge_ws/install/ros_gz_image:/home/renato/bridge_ws/install/ros_gz_bridge:/home/renato/bridge_ws/install/ros_gz_interfaces:/opt/ros/humble LD_LIBRARY_PATH=/home/renato/ws_sensor_combined/install/px4_msgs/lib:/home/renato/ws_sensor_combined/install/px4_ros_com/lib:/home/renato/bridge_ws/install/ros_ign_interfaces/lib:/home/renato/bridge_ws/install/ros_gz_sim/lib:/home/renato/bridge_ws/install/ros_gz_bridge/lib:/home/renato/bridge_ws/install/ros_gz_interfaces/lib:/opt/ros/humble/opt/rviz_ogre_vendor/lib:/opt/ros/humble/lib/x86_64-linux-gnu:/opt/ros/humble/lib /usr/bin/cmake --build /home/renato/ws_sensor_combined/build/px4_ros_com -- -j20 -l20
[4.066s] DEBUG:colcon.colcon_core.event_handler.log_command:Invoking command in '/home/renato/ws_sensor_combined/build/px4_ros_com': CMAKE_PREFIX_PATH=/home/renato/ws_sensor_combined/install/px4_msgs:/home/renato/ws_sensor_combined/install/sensor_driver_pkg:/home/renato/ws_sensor_combined/install/px4_ros_com:/home/renato/ws_sensor_combined/install/load_cell_publisher_pkg:/home/renato/ws_sensor_combined/install/dual_wrench_publisher_pkg:/home/renato/ws_sensor_combined/install/apply_link_wrench_pkg:/home/renato/bridge_ws/install/test_ros_gz_bridge:/home/renato/bridge_ws/install/ros_ign_interfaces:/home/renato/bridge_ws/install/ros_ign:/home/renato/bridge_ws/install/ros_ign_image:/home/renato/bridge_ws/install/ros_ign_gazebo_demos:/home/renato/bridge_ws/install/ros_ign_gazebo:/home/renato/bridge_ws/install/ros_ign_bridge:/home/renato/bridge_ws/install/ros_gz:/home/renato/bridge_ws/install/ros_gz_sim_demos:/home/renato/bridge_ws/install/ros_gz_sim:/home/renato/bridge_ws/install/ros_gz_image:/home/renato/bridge_ws/install/ros_gz_bridge:/home/renato/bridge_ws/install/ros_gz_interfaces:/opt/ros/humble LD_LIBRARY_PATH=/home/renato/ws_sensor_combined/install/px4_msgs/lib:/home/renato/ws_sensor_combined/install/px4_ros_com/lib:/home/renato/bridge_ws/install/ros_ign_interfaces/lib:/home/renato/bridge_ws/install/ros_gz_sim/lib:/home/renato/bridge_ws/install/ros_gz_bridge/lib:/home/renato/bridge_ws/install/ros_gz_interfaces/lib:/opt/ros/humble/opt/rviz_ogre_vendor/lib:/opt/ros/humble/lib/x86_64-linux-gnu:/opt/ros/humble/lib /usr/bin/cmake --install /home/renato/ws_sensor_combined/build/px4_ros_com
[4.178s] Level 1:colcon.colcon_core.environment:create_environment_scripts_only(px4_ros_com)
[4.178s] Level 1:colcon.colcon_core.environment:checking '/home/renato/ws_sensor_combined/install/px4_ros_com' for CMake module files
[4.179s] DEBUG:colcon.colcon_core.event_handler.log_command:Invoked command in '/home/renato/ws_sensor_combined/build/px4_ros_com' returned '0': CMAKE_PREFIX_PATH=/home/renato/ws_sensor_combined/install/px4_msgs:/home/renato/ws_sensor_combined/install/sensor_driver_pkg:/home/renato/ws_sensor_combined/install/px4_ros_com:/home/renato/ws_sensor_combined/install/load_cell_publisher_pkg:/home/renato/ws_sensor_combined/install/dual_wrench_publisher_pkg:/home/renato/ws_sensor_combined/install/apply_link_wrench_pkg:/home/renato/bridge_ws/install/test_ros_gz_bridge:/home/renato/bridge_ws/install/ros_ign_interfaces:/home/renato/bridge_ws/install/ros_ign:/home/renato/bridge_ws/install/ros_ign_image:/home/renato/bridge_ws/install/ros_ign_gazebo_demos:/home/renato/bridge_ws/install/ros_ign_gazebo:/home/renato/bridge_ws/install/ros_ign_bridge:/home/renato/bridge_ws/install/ros_gz:/home/renato/bridge_ws/install/ros_gz_sim_demos:/home/renato/bridge_ws/install/ros_gz_sim:/home/renato/bridge_ws/install/ros_gz_image:/home/renato/bridge_ws/install/ros_gz_bridge:/home/renato/bridge_ws/install/ros_gz_interfaces:/opt/ros/humble LD_LIBRARY_PATH=/home/renato/ws_sensor_combined/install/px4_msgs/lib:/home/renato/ws_sensor_combined/install/px4_ros_com/lib:/home/renato/bridge_ws/install/ros_ign_interfaces/lib:/home/renato/bridge_ws/install/ros_gz_sim/lib:/home/renato/bridge_ws/install/ros_gz_bridge/lib:/home/renato/bridge_ws/install/ros_gz_interfaces/lib:/opt/ros/humble/opt/rviz_ogre_vendor/lib:/opt/ros/humble/lib/x86_64-linux-gnu:/opt/ros/humble/lib /usr/bin/cmake --install /home/renato/ws_sensor_combined/build/px4_ros_com
[4.180s] Level 1:colcon.colcon_core.environment:checking '/home/renato/ws_sensor_combined/install/px4_ros_com' for CMake config files
[4.181s] Level 1:colcon.colcon_core.shell:create_environment_hook('px4_ros_com', 'cmake_prefix_path')
[4.182s] INFO:colcon.colcon_core.shell:Creating environment hook '/home/renato/ws_sensor_combined/install/px4_ros_com/share/px4_ros_com/hook/cmake_prefix_path.ps1'
[4.182s] INFO:colcon.colcon_core.shell:Creating environment descriptor '/home/renato/ws_sensor_combined/install/px4_ros_com/share/px4_ros_com/hook/cmake_prefix_path.dsv'
[4.183s] INFO:colcon.colcon_core.shell:Creating environment hook '/home/renato/ws_sensor_combined/install/px4_ros_com/share/px4_ros_com/hook/cmake_prefix_path.sh'
[4.184s] Level 1:colcon.colcon_core.environment:checking '/home/renato/ws_sensor_combined/install/px4_ros_com/lib'
[4.184s] Level 1:colcon.colcon_core.shell:create_environment_hook('px4_ros_com', 'ld_library_path_lib')
[4.185s] INFO:colcon.colcon_core.shell:Creating environment hook '/home/renato/ws_sensor_combined/install/px4_ros_com/share/px4_ros_com/hook/ld_library_path_lib.ps1'
[4.185s] INFO:colcon.colcon_core.shell:Creating environment descriptor '/home/renato/ws_sensor_combined/install/px4_ros_com/share/px4_ros_com/hook/ld_library_path_lib.dsv'
[4.186s] INFO:colcon.colcon_core.shell:Creating environment hook '/home/renato/ws_sensor_combined/install/px4_ros_com/share/px4_ros_com/hook/ld_library_path_lib.sh'
[4.186s] Level 1:colcon.colcon_core.environment:checking '/home/renato/ws_sensor_combined/install/px4_ros_com/bin'
[4.186s] Level 1:colcon.colcon_core.environment:checking '/home/renato/ws_sensor_combined/install/px4_ros_com/lib/pkgconfig/px4_ros_com.pc'
[4.187s] Level 1:colcon.colcon_core.environment:checking '/home/renato/ws_sensor_combined/install/px4_ros_com/lib/python3.10/site-packages'
[4.187s] Level 1:colcon.colcon_core.environment:checking '/home/renato/ws_sensor_combined/install/px4_ros_com/bin'
[4.188s] INFO:colcon.colcon_core.shell:Creating package script '/home/renato/ws_sensor_combined/install/px4_ros_com/share/px4_ros_com/package.ps1'
[4.188s] INFO:colcon.colcon_core.shell:Creating package descriptor '/home/renato/ws_sensor_combined/install/px4_ros_com/share/px4_ros_com/package.dsv'
[4.189s] INFO:colcon.colcon_core.shell:Creating package script '/home/renato/ws_sensor_combined/install/px4_ros_com/share/px4_ros_com/package.sh'
[4.189s] INFO:colcon.colcon_core.shell:Creating package script '/home/renato/ws_sensor_combined/install/px4_ros_com/share/px4_ros_com/package.bash'
[4.190s] INFO:colcon.colcon_core.shell:Creating package script '/home/renato/ws_sensor_combined/install/px4_ros_com/share/px4_ros_com/package.zsh'
[4.191s] Level 1:colcon.colcon_core.environment:create_file_with_runtime_dependencies(/home/renato/ws_sensor_combined/install/px4_ros_com/share/colcon-core/packages/px4_ros_com)
[4.191s] Level 1:colcon.colcon_core.environment:create_environment_scripts_only(px4_ros_com)
[4.192s] Level 1:colcon.colcon_core.environment:checking '/home/renato/ws_sensor_combined/install/px4_ros_com' for CMake module files
[4.192s] Level 1:colcon.colcon_core.environment:checking '/home/renato/ws_sensor_combined/install/px4_ros_com' for CMake config files
[4.193s] Level 1:colcon.colcon_core.shell:create_environment_hook('px4_ros_com', 'cmake_prefix_path')
[4.193s] INFO:colcon.colcon_core.shell:Creating environment hook '/home/renato/ws_sensor_combined/install/px4_ros_com/share/px4_ros_com/hook/cmake_prefix_path.ps1'
[4.194s] INFO:colcon.colcon_core.shell:Creating environment descriptor '/home/renato/ws_sensor_combined/install/px4_ros_com/share/px4_ros_com/hook/cmake_prefix_path.dsv'
[4.194s] INFO:colcon.colcon_core.shell:Creating environment hook '/home/renato/ws_sensor_combined/install/px4_ros_com/share/px4_ros_com/hook/cmake_prefix_path.sh'
[4.195s] Level 1:colcon.colcon_core.environment:checking '/home/renato/ws_sensor_combined/install/px4_ros_com/lib'
[4.195s] Level 1:colcon.colcon_core.shell:create_environment_hook('px4_ros_com', 'ld_library_path_lib')
[4.195s] INFO:colcon.colcon_core.shell:Creating environment hook '/home/renato/ws_sensor_combined/install/px4_ros_com/share/px4_ros_com/hook/ld_library_path_lib.ps1'
[4.196s] INFO:colcon.colcon_core.shell:Creating environment descriptor '/home/renato/ws_sensor_combined/install/px4_ros_com/share/px4_ros_com/hook/ld_library_path_lib.dsv'
[4.196s] INFO:colcon.colcon_core.shell:Creating environment hook '/home/renato/ws_sensor_combined/install/px4_ros_com/share/px4_ros_com/hook/ld_library_path_lib.sh'
[4.197s] Level 1:colcon.colcon_core.environment:checking '/home/renato/ws_sensor_combined/install/px4_ros_com/bin'
[4.197s] Level 1:colcon.colcon_core.environment:checking '/home/renato/ws_sensor_combined/install/px4_ros_com/lib/pkgconfig/px4_ros_com.pc'
[4.197s] Level 1:colcon.colcon_core.environment:checking '/home/renato/ws_sensor_combined/install/px4_ros_com/lib/python3.10/site-packages'
[4.198s] Level 1:colcon.colcon_core.environment:checking '/home/renato/ws_sensor_combined/install/px4_ros_com/bin'
[4.198s] INFO:colcon.colcon_core.shell:Creating package script '/home/renato/ws_sensor_combined/install/px4_ros_com/share/px4_ros_com/package.ps1'
[4.199s] INFO:colcon.colcon_core.shell:Creating package descriptor '/home/renato/ws_sensor_combined/install/px4_ros_com/share/px4_ros_com/package.dsv'
[4.200s] INFO:colcon.colcon_core.shell:Creating package script '/home/renato/ws_sensor_combined/install/px4_ros_com/share/px4_ros_com/package.sh'
[4.200s] INFO:colcon.colcon_core.shell:Creating package script '/home/renato/ws_sensor_combined/install/px4_ros_com/share/px4_ros_com/package.bash'
[4.201s] INFO:colcon.colcon_core.shell:Creating package script '/home/renato/ws_sensor_combined/install/px4_ros_com/share/px4_ros_com/package.zsh'
[4.201s] Level 1:colcon.colcon_core.environment:create_file_with_runtime_dependencies(/home/renato/ws_sensor_combined/install/px4_ros_com/share/colcon-core/packages/px4_ros_com)
[7.661s] DEBUG:colcon.colcon_core.event_handler.log_command:Invoked command in '/home/renato/ws_sensor_combined/build/apply_link_wrench_pkg' returned '0': CMAKE_PREFIX_PATH=${CMAKE_PREFIX_PATH}:/opt/ros/humble /usr/bin/cmake --build /home/renato/ws_sensor_combined/build/apply_link_wrench_pkg -- -j20 -l20
[7.663s] DEBUG:colcon.colcon_core.event_handler.log_command:Invoking command in '/home/renato/ws_sensor_combined/build/apply_link_wrench_pkg': CMAKE_PREFIX_PATH=${CMAKE_PREFIX_PATH}:/opt/ros/humble /usr/bin/cmake --install /home/renato/ws_sensor_combined/build/apply_link_wrench_pkg
[7.696s] Level 1:colcon.colcon_core.environment:create_environment_scripts_only(apply_link_wrench_pkg)
[7.697s] Level 1:colcon.colcon_core.environment:checking '/home/renato/ws_sensor_combined/install/apply_link_wrench_pkg' for CMake module files
[7.698s] DEBUG:colcon.colcon_core.event_handler.log_command:Invoked command in '/home/renato/ws_sensor_combined/build/apply_link_wrench_pkg' returned '0': CMAKE_PREFIX_PATH=${CMAKE_PREFIX_PATH}:/opt/ros/humble /usr/bin/cmake --install /home/renato/ws_sensor_combined/build/apply_link_wrench_pkg
[7.699s] Level 1:colcon.colcon_core.environment:checking '/home/renato/ws_sensor_combined/install/apply_link_wrench_pkg' for CMake config files
[7.700s] Level 1:colcon.colcon_core.shell:create_environment_hook('apply_link_wrench_pkg', 'cmake_prefix_path')
[7.700s] INFO:colcon.colcon_core.shell:Creating environment hook '/home/renato/ws_sensor_combined/install/apply_link_wrench_pkg/share/apply_link_wrench_pkg/hook/cmake_prefix_path.ps1'
[7.701s] INFO:colcon.colcon_core.shell:Creating environment descriptor '/home/renato/ws_sensor_combined/install/apply_link_wrench_pkg/share/apply_link_wrench_pkg/hook/cmake_prefix_path.dsv'
[7.701s] INFO:colcon.colcon_core.shell:Creating environment hook '/home/renato/ws_sensor_combined/install/apply_link_wrench_pkg/share/apply_link_wrench_pkg/hook/cmake_prefix_path.sh'
[7.702s] Level 1:colcon.colcon_core.environment:checking '/home/renato/ws_sensor_combined/install/apply_link_wrench_pkg/lib'
[7.702s] Level 1:colcon.colcon_core.environment:checking '/home/renato/ws_sensor_combined/install/apply_link_wrench_pkg/bin'
[7.702s] Level 1:colcon.colcon_core.environment:checking '/home/renato/ws_sensor_combined/install/apply_link_wrench_pkg/lib/pkgconfig/apply_link_wrench_pkg.pc'
[7.703s] Level 1:colcon.colcon_core.environment:checking '/home/renato/ws_sensor_combined/install/apply_link_wrench_pkg/lib/python3.10/site-packages'
[7.703s] Level 1:colcon.colcon_core.environment:checking '/home/renato/ws_sensor_combined/install/apply_link_wrench_pkg/bin'
[7.703s] INFO:colcon.colcon_core.shell:Creating package script '/home/renato/ws_sensor_combined/install/apply_link_wrench_pkg/share/apply_link_wrench_pkg/package.ps1'
[7.704s] INFO:colcon.colcon_core.shell:Creating package descriptor '/home/renato/ws_sensor_combined/install/apply_link_wrench_pkg/share/apply_link_wrench_pkg/package.dsv'
[7.705s] INFO:colcon.colcon_core.shell:Creating package script '/home/renato/ws_sensor_combined/install/apply_link_wrench_pkg/share/apply_link_wrench_pkg/package.sh'
[7.705s] INFO:colcon.colcon_core.shell:Creating package script '/home/renato/ws_sensor_combined/install/apply_link_wrench_pkg/share/apply_link_wrench_pkg/package.bash'
[7.706s] INFO:colcon.colcon_core.shell:Creating package script '/home/renato/ws_sensor_combined/install/apply_link_wrench_pkg/share/apply_link_wrench_pkg/package.zsh'
[7.706s] Level 1:colcon.colcon_core.environment:create_file_with_runtime_dependencies(/home/renato/ws_sensor_combined/install/apply_link_wrench_pkg/share/colcon-core/packages/apply_link_wrench_pkg)
[7.707s] Level 1:colcon.colcon_core.environment:create_environment_scripts_only(apply_link_wrench_pkg)
[7.707s] Level 1:colcon.colcon_core.environment:checking '/home/renato/ws_sensor_combined/install/apply_link_wrench_pkg' for CMake module files
[7.708s] Level 1:colcon.colcon_core.environment:checking '/home/renato/ws_sensor_combined/install/apply_link_wrench_pkg' for CMake config files
[7.708s] Level 1:colcon.colcon_core.shell:create_environment_hook('apply_link_wrench_pkg', 'cmake_prefix_path')
[7.709s] INFO:colcon.colcon_core.shell:Creating environment hook '/home/renato/ws_sensor_combined/install/apply_link_wrench_pkg/share/apply_link_wrench_pkg/hook/cmake_prefix_path.ps1'
[7.709s] INFO:colcon.colcon_core.shell:Creating environment descriptor '/home/renato/ws_sensor_combined/install/apply_link_wrench_pkg/share/apply_link_wrench_pkg/hook/cmake_prefix_path.dsv'
[7.710s] INFO:colcon.colcon_core.shell:Creating environment hook '/home/renato/ws_sensor_combined/install/apply_link_wrench_pkg/share/apply_link_wrench_pkg/hook/cmake_prefix_path.sh'
[7.711s] Level 1:colcon.colcon_core.environment:checking '/home/renato/ws_sensor_combined/install/apply_link_wrench_pkg/lib'
[7.711s] Level 1:colcon.colcon_core.environment:checking '/home/renato/ws_sensor_combined/install/apply_link_wrench_pkg/bin'
[7.711s] Level 1:colcon.colcon_core.environment:checking '/home/renato/ws_sensor_combined/install/apply_link_wrench_pkg/lib/pkgconfig/apply_link_wrench_pkg.pc'
[7.711s] Level 1:colcon.colcon_core.environment:checking '/home/renato/ws_sensor_combined/install/apply_link_wrench_pkg/lib/python3.10/site-packages'
[7.711s] Level 1:colcon.colcon_core.environment:checking '/home/renato/ws_sensor_combined/install/apply_link_wrench_pkg/bin'
[7.712s] INFO:colcon.colcon_core.shell:Creating package script '/home/renato/ws_sensor_combined/install/apply_link_wrench_pkg/share/apply_link_wrench_pkg/package.ps1'
[7.713s] INFO:colcon.colcon_core.shell:Creating package descriptor '/home/renato/ws_sensor_combined/install/apply_link_wrench_pkg/share/apply_link_wrench_pkg/package.dsv'
[7.713s] INFO:colcon.colcon_core.shell:Creating package script '/home/renato/ws_sensor_combined/install/apply_link_wrench_pkg/share/apply_link_wrench_pkg/package.sh'
[7.714s] INFO:colcon.colcon_core.shell:Creating package script '/home/renato/ws_sensor_combined/install/apply_link_wrench_pkg/share/apply_link_wrench_pkg/package.bash'
[7.714s] INFO:colcon.colcon_core.shell:Creating package script '/home/renato/ws_sensor_combined/install/apply_link_wrench_pkg/share/apply_link_wrench_pkg/package.zsh'
[7.715s] Level 1:colcon.colcon_core.environment:create_file_with_runtime_dependencies(/home/renato/ws_sensor_combined/install/apply_link_wrench_pkg/share/colcon-core/packages/apply_link_wrench_pkg)
[7.715s] DEBUG:colcon.colcon_parallel_executor.executor.parallel:closing loop
[7.715s] DEBUG:colcon.colcon_parallel_executor.executor.parallel:loop closed
[7.715s] DEBUG:colcon.colcon_parallel_executor.executor.parallel:run_until_complete finished with '0'
[7.715s] DEBUG:colcon.colcon_core.event_reactor:joining thread
[7.724s] INFO:colcon.colcon_core.plugin_system:Skipping extension 'colcon_notification.desktop_notification.terminal_notifier': Not used on non-Darwin systems
[7.724s] INFO:colcon.colcon_core.plugin_system:Skipping extension 'colcon_notification.desktop_notification.win32': Not used on non-Windows systems
[7.724s] INFO:colcon.colcon_notification.desktop_notification:Sending desktop notification using 'notify2'
[7.744s] DEBUG:colcon.colcon_core.event_reactor:joined thread
[7.744s] INFO:colcon.colcon_core.shell:Creating prefix script '/home/renato/ws_sensor_combined/install/local_setup.ps1'
[7.746s] INFO:colcon.colcon_core.shell:Creating prefix util module '/home/renato/ws_sensor_combined/install/_local_setup_util_ps1.py'
[7.748s] INFO:colcon.colcon_core.shell:Creating prefix chain script '/home/renato/ws_sensor_combined/install/setup.ps1'
[7.750s] INFO:colcon.colcon_core.shell:Creating prefix script '/home/renato/ws_sensor_combined/install/local_setup.sh'
[7.751s] INFO:colcon.colcon_core.shell:Creating prefix util module '/home/renato/ws_sensor_combined/install/_local_setup_util_sh.py'
[7.752s] INFO:colcon.colcon_core.shell:Creating prefix chain script '/home/renato/ws_sensor_combined/install/setup.sh'
[7.754s] INFO:colcon.colcon_core.shell:Creating prefix script '/home/renato/ws_sensor_combined/install/local_setup.bash'
[7.755s] INFO:colcon.colcon_core.shell:Creating prefix chain script '/home/renato/ws_sensor_combined/install/setup.bash'
[7.757s] INFO:colcon.colcon_core.shell:Creating prefix script '/home/renato/ws_sensor_combined/install/local_setup.zsh'
[7.758s] INFO:colcon.colcon_core.shell:Creating prefix chain script '/home/renato/ws_sensor_combined/install/setup.zsh'
