[0.009s] Invoking command in '/home/renato/ws_sensor_combined/build/end_effector_pkg': CMAKE_PREFIX_PATH=${CMAKE_PREFIX_PATH}:/opt/ros/humble /usr/bin/cmake --build /home/renato/ws_sensor_combined/build/end_effector_pkg -- -j20 -l20
[0.042s] [35m[1mConsolidate compiler generated dependencies of target force_controlled_joint_node[0m
[0.055s] [ 50%] [32mBuilding CXX object CMakeFiles/force_controlled_joint_node.dir/src/force_controlled_joint_node.cpp.o[0m
[6.016s] [100%] [32m[1mLinking CXX executable force_controlled_joint_node[0m
[6.297s] [100%] Built target force_controlled_joint_node
[6.311s] Invoked command in '/home/renato/ws_sensor_combined/build/end_effector_pkg' returned '0': CMAKE_PREFIX_PATH=${CMAKE_PREFIX_PATH}:/opt/ros/humble /usr/bin/cmake --build /home/renato/ws_sensor_combined/build/end_effector_pkg -- -j20 -l20
[6.312s] Invoking command in '/home/renato/ws_sensor_combined/build/end_effector_pkg': CMAKE_PREFIX_PATH=${CMAKE_PREFIX_PATH}:/opt/ros/humble /usr/bin/cmake --install /home/renato/ws_sensor_combined/build/end_effector_pkg
[6.321s] -- Install configuration: ""
[6.321s] -- Installing: /home/renato/ws_sensor_combined/install/end_effector_pkg/lib/end_effector_pkg/force_controlled_joint_node
[6.324s] -- Set runtime path of "/home/renato/ws_sensor_combined/install/end_effector_pkg/lib/end_effector_pkg/force_controlled_joint_node" to ""
[6.325s] -- Up-to-date: /home/renato/ws_sensor_combined/install/end_effector_pkg/share/ament_index/resource_index/package_run_dependencies/end_effector_pkg
[6.325s] -- Up-to-date: /home/renato/ws_sensor_combined/install/end_effector_pkg/share/ament_index/resource_index/parent_prefix_path/end_effector_pkg
[6.325s] -- Up-to-date: /home/renato/ws_sensor_combined/install/end_effector_pkg/share/end_effector_pkg/environment/ament_prefix_path.sh
[6.325s] -- Up-to-date: /home/renato/ws_sensor_combined/install/end_effector_pkg/share/end_effector_pkg/environment/ament_prefix_path.dsv
[6.325s] -- Up-to-date: /home/renato/ws_sensor_combined/install/end_effector_pkg/share/end_effector_pkg/environment/path.sh
[6.325s] -- Up-to-date: /home/renato/ws_sensor_combined/install/end_effector_pkg/share/end_effector_pkg/environment/path.dsv
[6.325s] -- Up-to-date: /home/renato/ws_sensor_combined/install/end_effector_pkg/share/end_effector_pkg/local_setup.bash
[6.326s] -- Up-to-date: /home/renato/ws_sensor_combined/install/end_effector_pkg/share/end_effector_pkg/local_setup.sh
[6.326s] -- Up-to-date: /home/renato/ws_sensor_combined/install/end_effector_pkg/share/end_effector_pkg/local_setup.zsh
[6.326s] -- Up-to-date: /home/renato/ws_sensor_combined/install/end_effector_pkg/share/end_effector_pkg/local_setup.dsv
[6.326s] -- Installing: /home/renato/ws_sensor_combined/install/end_effector_pkg/share/end_effector_pkg/package.dsv
[6.326s] -- Up-to-date: /home/renato/ws_sensor_combined/install/end_effector_pkg/share/ament_index/resource_index/packages/end_effector_pkg
[6.326s] -- Up-to-date: /home/renato/ws_sensor_combined/install/end_effector_pkg/share/end_effector_pkg/cmake/end_effector_pkgConfig.cmake
[6.326s] -- Up-to-date: /home/renato/ws_sensor_combined/install/end_effector_pkg/share/end_effector_pkg/cmake/end_effector_pkgConfig-version.cmake
[6.326s] -- Up-to-date: /home/renato/ws_sensor_combined/install/end_effector_pkg/share/end_effector_pkg/package.xml
[6.328s] Invoked command in '/home/renato/ws_sensor_combined/build/end_effector_pkg' returned '0': CMAKE_PREFIX_PATH=${CMAKE_PREFIX_PATH}:/opt/ros/humble /usr/bin/cmake --install /home/renato/ws_sensor_combined/build/end_effector_pkg
