[0.008s] Invoking command in '/home/renato/ws_sensor_combined/build/apply_link_wrench_pkg': CMAKE_PREFIX_PATH=${CMAKE_PREFIX_PATH}:/opt/ros/humble /usr/bin/cmake --build /home/renato/ws_sensor_combined/build/apply_link_wrench_pkg -- -j20 -l20
[0.041s] [35m[1mConsolidate compiler generated dependencies of target apply_link_wrench[0m
[0.052s] [ 50%] [32mBuilding CXX object CMakeFiles/apply_link_wrench.dir/src/apply_link_wrench.cpp.o[0m
[2.721s] [100%] [32m[1mLinking CXX executable apply_link_wrench[0m
[2.853s] [100%] Built target apply_link_wrench
[2.867s] Invoked command in '/home/renato/ws_sensor_combined/build/apply_link_wrench_pkg' returned '0': CMAKE_PREFIX_PATH=${CMAKE_PREFIX_PATH}:/opt/ros/humble /usr/bin/cmake --build /home/renato/ws_sensor_combined/build/apply_link_wrench_pkg -- -j20 -l20
[2.869s] Invoking command in '/home/renato/ws_sensor_combined/build/apply_link_wrench_pkg': CMAKE_PREFIX_PATH=${CMAKE_PREFIX_PATH}:/opt/ros/humble /usr/bin/cmake --install /home/renato/ws_sensor_combined/build/apply_link_wrench_pkg
[2.876s] -- Install configuration: ""
[2.876s] -- Installing: /home/renato/ws_sensor_combined/install/apply_link_wrench_pkg/lib/apply_link_wrench_pkg/apply_link_wrench
[2.877s] -- Set runtime path of "/home/renato/ws_sensor_combined/install/apply_link_wrench_pkg/lib/apply_link_wrench_pkg/apply_link_wrench" to ""
[2.878s] -- Up-to-date: /home/renato/ws_sensor_combined/install/apply_link_wrench_pkg/share/ament_index/resource_index/package_run_dependencies/apply_link_wrench_pkg
[2.878s] -- Up-to-date: /home/renato/ws_sensor_combined/install/apply_link_wrench_pkg/share/ament_index/resource_index/parent_prefix_path/apply_link_wrench_pkg
[2.878s] -- Up-to-date: /home/renato/ws_sensor_combined/install/apply_link_wrench_pkg/share/apply_link_wrench_pkg/environment/ament_prefix_path.sh
[2.878s] -- Up-to-date: /home/renato/ws_sensor_combined/install/apply_link_wrench_pkg/share/apply_link_wrench_pkg/environment/ament_prefix_path.dsv
[2.878s] -- Up-to-date: /home/renato/ws_sensor_combined/install/apply_link_wrench_pkg/share/apply_link_wrench_pkg/environment/path.sh
[2.878s] -- Up-to-date: /home/renato/ws_sensor_combined/install/apply_link_wrench_pkg/share/apply_link_wrench_pkg/environment/path.dsv
[2.878s] -- Up-to-date: /home/renato/ws_sensor_combined/install/apply_link_wrench_pkg/share/apply_link_wrench_pkg/local_setup.bash
[2.878s] -- Up-to-date: /home/renato/ws_sensor_combined/install/apply_link_wrench_pkg/share/apply_link_wrench_pkg/local_setup.sh
[2.878s] -- Up-to-date: /home/renato/ws_sensor_combined/install/apply_link_wrench_pkg/share/apply_link_wrench_pkg/local_setup.zsh
[2.878s] -- Up-to-date: /home/renato/ws_sensor_combined/install/apply_link_wrench_pkg/share/apply_link_wrench_pkg/local_setup.dsv
[2.878s] -- Installing: /home/renato/ws_sensor_combined/install/apply_link_wrench_pkg/share/apply_link_wrench_pkg/package.dsv
[2.878s] -- Up-to-date: /home/renato/ws_sensor_combined/install/apply_link_wrench_pkg/share/ament_index/resource_index/packages/apply_link_wrench_pkg
[2.878s] -- Up-to-date: /home/renato/ws_sensor_combined/install/apply_link_wrench_pkg/share/apply_link_wrench_pkg/cmake/apply_link_wrench_pkgConfig.cmake
[2.878s] -- Up-to-date: /home/renato/ws_sensor_combined/install/apply_link_wrench_pkg/share/apply_link_wrench_pkg/cmake/apply_link_wrench_pkgConfig-version.cmake
[2.878s] -- Up-to-date: /home/renato/ws_sensor_combined/install/apply_link_wrench_pkg/share/apply_link_wrench_pkg/package.xml
[2.880s] Invoked command in '/home/renato/ws_sensor_combined/build/apply_link_wrench_pkg' returned '0': CMAKE_PREFIX_PATH=${CMAKE_PREFIX_PATH}:/opt/ros/humble /usr/bin/cmake --install /home/renato/ws_sensor_combined/build/apply_link_wrench_pkg
