[0.113s] DEBUG:colcon:Command line arguments: ['/usr/bin/colcon', 'build']
[0.113s] DEBUG:colcon:Parsed command line arguments: Namespace(log_base=None, log_level=None, verb_name='build', build_base='build', install_base='install', merge_install=False, symlink_install=False, test_result_base=None, continue_on_error=False, executor='parallel', parallel_workers=20, event_handlers=None, ignore_user_meta=False, metas=['./colcon.meta'], base_paths=['.'], packages_ignore=None, packages_ignore_regex=None, paths=None, packages_up_to=None, packages_up_to_regex=None, packages_above=None, packages_above_and_dependencies=None, packages_above_depth=None, packages_select_by_dep=None, packages_skip_by_dep=None, packages_skip_up_to=None, packages_select_build_failed=False, packages_skip_build_finished=False, packages_select_test_failures=False, packages_skip_test_passed=False, packages_select=None, packages_skip=None, packages_select_regex=None, packages_skip_regex=None, packages_start=None, packages_end=None, allow_overriding=[], cmake_args=None, cmake_target=None, cmake_target_skip_unavailable=False, cmake_clean_cache=False, cmake_clean_first=False, cmake_force_configure=False, ament_cmake_args=None, catkin_cmake_args=None, catkin_skip_building_tests=False, mixin_files=None, mixin=None, verb_parser=<colcon_mixin.mixin.mixin_argument.MixinArgumentDecorator object at 0x77b7ffa0f100>, verb_extension=<colcon_core.verb.build.BuildVerb object at 0x77b7ffb94700>, main=<bound method BuildVerb.main of <colcon_core.verb.build.BuildVerb object at 0x77b7ffb94700>>, mixin_verb=('build',))
[0.369s] Level 1:colcon.colcon_core.package_discovery:discover_packages(colcon_meta) check parameters
[0.369s] Level 1:colcon.colcon_core.package_discovery:discover_packages(recursive) check parameters
[0.369s] Level 1:colcon.colcon_core.package_discovery:discover_packages(ignore) check parameters
[0.369s] Level 1:colcon.colcon_core.package_discovery:discover_packages(path) check parameters
[0.369s] Level 1:colcon.colcon_core.package_discovery:discover_packages(colcon_meta) discover
[0.369s] Level 1:colcon.colcon_core.package_discovery:discover_packages(recursive) discover
[0.369s] INFO:colcon.colcon_core.package_discovery:Crawling recursively for packages in '/home/renato/ws_sensor_combined'
[0.369s] Level 1:colcon.colcon_core.package_identification:_identify(.) by extensions ['ignore', 'ignore_ament_install']
[0.369s] Level 1:colcon.colcon_core.package_identification:_identify(.) by extension 'ignore'
[0.369s] Level 1:colcon.colcon_core.package_identification:_identify(.) by extension 'ignore_ament_install'
[0.369s] Level 1:colcon.colcon_core.package_identification:_identify(.) by extensions ['colcon_pkg']
[0.369s] Level 1:colcon.colcon_core.package_identification:_identify(.) by extension 'colcon_pkg'
[0.370s] Level 1:colcon.colcon_core.package_identification:_identify(.) by extensions ['colcon_meta']
[0.370s] Level 1:colcon.colcon_core.package_identification:_identify(.) by extension 'colcon_meta'
[0.370s] Level 1:colcon.colcon_core.package_identification:_identify(.) by extensions ['ros']
[0.370s] Level 1:colcon.colcon_core.package_identification:_identify(.) by extension 'ros'
[0.384s] Level 1:colcon.colcon_core.package_identification:_identify(.) by extensions ['cmake', 'python']
[0.384s] Level 1:colcon.colcon_core.package_identification:_identify(.) by extension 'cmake'
[0.384s] Level 1:colcon.colcon_core.package_identification:_identify(.) by extension 'python'
[0.384s] Level 1:colcon.colcon_core.package_identification:_identify(.) by extensions ['python_setup_py']
[0.384s] Level 1:colcon.colcon_core.package_identification:_identify(.) by extension 'python_setup_py'
[0.384s] Level 1:colcon.colcon_core.package_identification:_identify(build) by extensions ['ignore', 'ignore_ament_install']
[0.384s] Level 1:colcon.colcon_core.package_identification:_identify(build) by extension 'ignore'
[0.384s] Level 1:colcon.colcon_core.package_identification:_identify(build) ignored
[0.384s] Level 1:colcon.colcon_core.package_identification:_identify(install) by extensions ['ignore', 'ignore_ament_install']
[0.384s] Level 1:colcon.colcon_core.package_identification:_identify(install) by extension 'ignore'
[0.384s] Level 1:colcon.colcon_core.package_identification:_identify(install) ignored
[0.384s] Level 1:colcon.colcon_core.package_identification:_identify(log) by extensions ['ignore', 'ignore_ament_install']
[0.385s] Level 1:colcon.colcon_core.package_identification:_identify(log) by extension 'ignore'
[0.385s] Level 1:colcon.colcon_core.package_identification:_identify(log) ignored
[0.385s] Level 1:colcon.colcon_core.package_identification:_identify(src) by extensions ['ignore', 'ignore_ament_install']
[0.385s] Level 1:colcon.colcon_core.package_identification:_identify(src) by extension 'ignore'
[0.385s] Level 1:colcon.colcon_core.package_identification:_identify(src) by extension 'ignore_ament_install'
[0.385s] Level 1:colcon.colcon_core.package_identification:_identify(src) by extensions ['colcon_pkg']
[0.385s] Level 1:colcon.colcon_core.package_identification:_identify(src) by extension 'colcon_pkg'
[0.385s] Level 1:colcon.colcon_core.package_identification:_identify(src) by extensions ['colcon_meta']
[0.385s] Level 1:colcon.colcon_core.package_identification:_identify(src) by extension 'colcon_meta'
[0.385s] Level 1:colcon.colcon_core.package_identification:_identify(src) by extensions ['ros']
[0.385s] Level 1:colcon.colcon_core.package_identification:_identify(src) by extension 'ros'
[0.385s] Level 1:colcon.colcon_core.package_identification:_identify(src) by extensions ['cmake', 'python']
[0.385s] Level 1:colcon.colcon_core.package_identification:_identify(src) by extension 'cmake'
[0.385s] Level 1:colcon.colcon_core.package_identification:_identify(src) by extension 'python'
[0.385s] Level 1:colcon.colcon_core.package_identification:_identify(src) by extensions ['python_setup_py']
[0.385s] Level 1:colcon.colcon_core.package_identification:_identify(src) by extension 'python_setup_py'
[0.385s] Level 1:colcon.colcon_core.package_identification:_identify(src/apply_link_wrench_pkg) by extensions ['ignore', 'ignore_ament_install']
[0.385s] Level 1:colcon.colcon_core.package_identification:_identify(src/apply_link_wrench_pkg) by extension 'ignore'
[0.385s] Level 1:colcon.colcon_core.package_identification:_identify(src/apply_link_wrench_pkg) by extension 'ignore_ament_install'
[0.385s] Level 1:colcon.colcon_core.package_identification:_identify(src/apply_link_wrench_pkg) by extensions ['colcon_pkg']
[0.385s] Level 1:colcon.colcon_core.package_identification:_identify(src/apply_link_wrench_pkg) by extension 'colcon_pkg'
[0.385s] Level 1:colcon.colcon_core.package_identification:_identify(src/apply_link_wrench_pkg) by extensions ['colcon_meta']
[0.385s] Level 1:colcon.colcon_core.package_identification:_identify(src/apply_link_wrench_pkg) by extension 'colcon_meta'
[0.385s] Level 1:colcon.colcon_core.package_identification:_identify(src/apply_link_wrench_pkg) by extensions ['ros']
[0.385s] Level 1:colcon.colcon_core.package_identification:_identify(src/apply_link_wrench_pkg) by extension 'ros'
[0.389s] DEBUG:colcon.colcon_core.package_identification:Package 'src/apply_link_wrench_pkg' with type 'ros.ament_cmake' and name 'apply_link_wrench_pkg'
[0.389s] Level 1:colcon.colcon_core.package_identification:_identify(src/dual_wrench_publisher_pkg) by extensions ['ignore', 'ignore_ament_install']
[0.389s] Level 1:colcon.colcon_core.package_identification:_identify(src/dual_wrench_publisher_pkg) by extension 'ignore'
[0.389s] Level 1:colcon.colcon_core.package_identification:_identify(src/dual_wrench_publisher_pkg) by extension 'ignore_ament_install'
[0.389s] Level 1:colcon.colcon_core.package_identification:_identify(src/dual_wrench_publisher_pkg) by extensions ['colcon_pkg']
[0.389s] Level 1:colcon.colcon_core.package_identification:_identify(src/dual_wrench_publisher_pkg) by extension 'colcon_pkg'
[0.389s] Level 1:colcon.colcon_core.package_identification:_identify(src/dual_wrench_publisher_pkg) by extensions ['colcon_meta']
[0.389s] Level 1:colcon.colcon_core.package_identification:_identify(src/dual_wrench_publisher_pkg) by extension 'colcon_meta'
[0.390s] Level 1:colcon.colcon_core.package_identification:_identify(src/dual_wrench_publisher_pkg) by extensions ['ros']
[0.390s] Level 1:colcon.colcon_core.package_identification:_identify(src/dual_wrench_publisher_pkg) by extension 'ros'
[0.390s] DEBUG:colcon.colcon_core.package_identification:Package 'src/dual_wrench_publisher_pkg' with type 'ros.ament_cmake' and name 'dual_wrench_publisher_pkg'
[0.390s] Level 1:colcon.colcon_core.package_identification:_identify(src/end_effector_pkg) by extensions ['ignore', 'ignore_ament_install']
[0.391s] Level 1:colcon.colcon_core.package_identification:_identify(src/end_effector_pkg) by extension 'ignore'
[0.391s] Level 1:colcon.colcon_core.package_identification:_identify(src/end_effector_pkg) by extension 'ignore_ament_install'
[0.391s] Level 1:colcon.colcon_core.package_identification:_identify(src/end_effector_pkg) by extensions ['colcon_pkg']
[0.391s] Level 1:colcon.colcon_core.package_identification:_identify(src/end_effector_pkg) by extension 'colcon_pkg'
[0.391s] Level 1:colcon.colcon_core.package_identification:_identify(src/end_effector_pkg) by extensions ['colcon_meta']
[0.391s] Level 1:colcon.colcon_core.package_identification:_identify(src/end_effector_pkg) by extension 'colcon_meta'
[0.391s] Level 1:colcon.colcon_core.package_identification:_identify(src/end_effector_pkg) by extensions ['ros']
[0.391s] Level 1:colcon.colcon_core.package_identification:_identify(src/end_effector_pkg) by extension 'ros'
[0.391s] DEBUG:colcon.colcon_core.package_identification:Package 'src/end_effector_pkg' with type 'ros.ament_cmake' and name 'end_effector_pkg'
[0.392s] Level 1:colcon.colcon_core.package_identification:_identify(src/gazebo_cable) by extensions ['ignore', 'ignore_ament_install']
[0.392s] Level 1:colcon.colcon_core.package_identification:_identify(src/gazebo_cable) by extension 'ignore'
[0.392s] Level 1:colcon.colcon_core.package_identification:_identify(src/gazebo_cable) by extension 'ignore_ament_install'
[0.392s] Level 1:colcon.colcon_core.package_identification:_identify(src/gazebo_cable) by extensions ['colcon_pkg']
[0.392s] Level 1:colcon.colcon_core.package_identification:_identify(src/gazebo_cable) by extension 'colcon_pkg'
[0.392s] Level 1:colcon.colcon_core.package_identification:_identify(src/gazebo_cable) by extensions ['colcon_meta']
[0.392s] Level 1:colcon.colcon_core.package_identification:_identify(src/gazebo_cable) by extension 'colcon_meta'
[0.392s] Level 1:colcon.colcon_core.package_identification:_identify(src/gazebo_cable) by extensions ['ros']
[0.392s] Level 1:colcon.colcon_core.package_identification:_identify(src/gazebo_cable) by extension 'ros'
[0.393s] DEBUG:colcon.colcon_core.package_identification:Package 'src/gazebo_cable' with type 'ros.ament_cmake' and name 'gazebo_cable'
[0.393s] Level 1:colcon.colcon_core.package_identification:_identify(src/load_cell_publisher_pkg) by extensions ['ignore', 'ignore_ament_install']
[0.393s] Level 1:colcon.colcon_core.package_identification:_identify(src/load_cell_publisher_pkg) by extension 'ignore'
[0.393s] Level 1:colcon.colcon_core.package_identification:_identify(src/load_cell_publisher_pkg) by extension 'ignore_ament_install'
[0.393s] Level 1:colcon.colcon_core.package_identification:_identify(src/load_cell_publisher_pkg) by extensions ['colcon_pkg']
[0.393s] Level 1:colcon.colcon_core.package_identification:_identify(src/load_cell_publisher_pkg) by extension 'colcon_pkg'
[0.393s] Level 1:colcon.colcon_core.package_identification:_identify(src/load_cell_publisher_pkg) by extensions ['colcon_meta']
[0.393s] Level 1:colcon.colcon_core.package_identification:_identify(src/load_cell_publisher_pkg) by extension 'colcon_meta'
[0.393s] Level 1:colcon.colcon_core.package_identification:_identify(src/load_cell_publisher_pkg) by extensions ['ros']
[0.393s] Level 1:colcon.colcon_core.package_identification:_identify(src/load_cell_publisher_pkg) by extension 'ros'
[0.394s] DEBUG:colcon.colcon_core.package_identification:Package 'src/load_cell_publisher_pkg' with type 'ros.ament_cmake' and name 'load_cell_publisher_pkg'
[0.394s] Level 1:colcon.colcon_core.package_identification:_identify(src/px4_msgs) by extensions ['ignore', 'ignore_ament_install']
[0.394s] Level 1:colcon.colcon_core.package_identification:_identify(src/px4_msgs) by extension 'ignore'
[0.394s] Level 1:colcon.colcon_core.package_identification:_identify(src/px4_msgs) by extension 'ignore_ament_install'
[0.394s] Level 1:colcon.colcon_core.package_identification:_identify(src/px4_msgs) by extensions ['colcon_pkg']
[0.394s] Level 1:colcon.colcon_core.package_identification:_identify(src/px4_msgs) by extension 'colcon_pkg'
[0.394s] Level 1:colcon.colcon_core.package_identification:_identify(src/px4_msgs) by extensions ['colcon_meta']
[0.394s] Level 1:colcon.colcon_core.package_identification:_identify(src/px4_msgs) by extension 'colcon_meta'
[0.394s] Level 1:colcon.colcon_core.package_identification:_identify(src/px4_msgs) by extensions ['ros']
[0.394s] Level 1:colcon.colcon_core.package_identification:_identify(src/px4_msgs) by extension 'ros'
[0.395s] DEBUG:colcon.colcon_core.package_identification:Package 'src/px4_msgs' with type 'ros.ament_cmake' and name 'px4_msgs'
[0.395s] Level 1:colcon.colcon_core.package_identification:_identify(src/sensor_driver_pkg) by extensions ['ignore', 'ignore_ament_install']
[0.395s] Level 1:colcon.colcon_core.package_identification:_identify(src/sensor_driver_pkg) by extension 'ignore'
[0.395s] Level 1:colcon.colcon_core.package_identification:_identify(src/sensor_driver_pkg) by extension 'ignore_ament_install'
[0.395s] Level 1:colcon.colcon_core.package_identification:_identify(src/sensor_driver_pkg) by extensions ['colcon_pkg']
[0.395s] Level 1:colcon.colcon_core.package_identification:_identify(src/sensor_driver_pkg) by extension 'colcon_pkg'
[0.395s] Level 1:colcon.colcon_core.package_identification:_identify(src/sensor_driver_pkg) by extensions ['colcon_meta']
[0.395s] Level 1:colcon.colcon_core.package_identification:_identify(src/sensor_driver_pkg) by extension 'colcon_meta'
[0.395s] Level 1:colcon.colcon_core.package_identification:_identify(src/sensor_driver_pkg) by extensions ['ros']
[0.395s] Level 1:colcon.colcon_core.package_identification:_identify(src/sensor_driver_pkg) by extension 'ros'
[0.396s] DEBUG:colcon.colcon_core.package_identification:Package 'src/sensor_driver_pkg' with type 'ros.ament_cmake' and name 'sensor_driver_pkg'
[0.396s] Level 1:colcon.colcon_core.package_identification:_identify(src/trajectory_planner) by extensions ['ignore', 'ignore_ament_install']
[0.397s] Level 1:colcon.colcon_core.package_identification:_identify(src/trajectory_planner) by extension 'ignore'
[0.397s] Level 1:colcon.colcon_core.package_identification:_identify(src/trajectory_planner) by extension 'ignore_ament_install'
[0.397s] Level 1:colcon.colcon_core.package_identification:_identify(src/trajectory_planner) by extensions ['colcon_pkg']
[0.397s] Level 1:colcon.colcon_core.package_identification:_identify(src/trajectory_planner) by extension 'colcon_pkg'
[0.397s] Level 1:colcon.colcon_core.package_identification:_identify(src/trajectory_planner) by extensions ['colcon_meta']
[0.397s] Level 1:colcon.colcon_core.package_identification:_identify(src/trajectory_planner) by extension 'colcon_meta'
[0.397s] Level 1:colcon.colcon_core.package_identification:_identify(src/trajectory_planner) by extensions ['ros']
[0.397s] Level 1:colcon.colcon_core.package_identification:_identify(src/trajectory_planner) by extension 'ros'
[0.398s] DEBUG:colcon.colcon_core.package_identification:Package 'src/trajectory_planner' with type 'ros.ament_cmake' and name 'trajectory_planner'
[0.398s] Level 1:colcon.colcon_core.package_discovery:discover_packages(recursive) using defaults
[0.398s] Level 1:colcon.colcon_core.package_discovery:discover_packages(ignore) discover
[0.398s] Level 1:colcon.colcon_core.package_discovery:discover_packages(ignore) using defaults
[0.398s] Level 1:colcon.colcon_core.package_discovery:discover_packages(path) discover
[0.398s] Level 1:colcon.colcon_core.package_discovery:discover_packages(path) using defaults
[0.423s] Level 1:colcon.colcon_core.package_discovery:discover_packages(prefix_path) check parameters
[0.423s] Level 1:colcon.colcon_core.package_discovery:discover_packages(prefix_path) discover
[0.426s] DEBUG:colcon.colcon_installed_package_information.package_discovery:Found 13 installed packages in /home/renato/bridge_ws/install
[0.426s] DEBUG:colcon.colcon_installed_package_information.package_discovery:Found 8 installed packages in /home/renato/ws_sensor_combined/install
[0.427s] DEBUG:colcon.colcon_installed_package_information.package_discovery:Found 285 installed packages in /opt/ros/humble
[0.429s] Level 1:colcon.colcon_core.package_discovery:discover_packages(prefix_path) using defaults
[0.465s] Level 5:colcon.colcon_core.verb:set package 'end_effector_pkg' build argument 'cmake_args' from command line to 'None'
[0.465s] Level 5:colcon.colcon_core.verb:set package 'end_effector_pkg' build argument 'cmake_target' from command line to 'None'
[0.465s] Level 5:colcon.colcon_core.verb:set package 'end_effector_pkg' build argument 'cmake_target_skip_unavailable' from command line to 'False'
[0.465s] Level 5:colcon.colcon_core.verb:set package 'end_effector_pkg' build argument 'cmake_clean_cache' from command line to 'False'
[0.465s] Level 5:colcon.colcon_core.verb:set package 'end_effector_pkg' build argument 'cmake_clean_first' from command line to 'False'
[0.465s] Level 5:colcon.colcon_core.verb:set package 'end_effector_pkg' build argument 'cmake_force_configure' from command line to 'False'
[0.465s] Level 5:colcon.colcon_core.verb:set package 'end_effector_pkg' build argument 'ament_cmake_args' from command line to 'None'
[0.465s] Level 5:colcon.colcon_core.verb:set package 'end_effector_pkg' build argument 'catkin_cmake_args' from command line to 'None'
[0.465s] Level 5:colcon.colcon_core.verb:set package 'end_effector_pkg' build argument 'catkin_skip_building_tests' from command line to 'False'
[0.465s] DEBUG:colcon.colcon_core.verb:Building package 'end_effector_pkg' with the following arguments: {'ament_cmake_args': None, 'build_base': '/home/renato/ws_sensor_combined/build/end_effector_pkg', 'catkin_cmake_args': None, 'catkin_skip_building_tests': False, 'cmake_args': None, 'cmake_clean_cache': False, 'cmake_clean_first': False, 'cmake_force_configure': False, 'cmake_target': None, 'cmake_target_skip_unavailable': False, 'install_base': '/home/renato/ws_sensor_combined/install/end_effector_pkg', 'merge_install': False, 'path': '/home/renato/ws_sensor_combined/src/end_effector_pkg', 'symlink_install': False, 'test_result_base': None}
[0.466s] Level 5:colcon.colcon_core.verb:set package 'gazebo_cable' build argument 'cmake_args' from command line to 'None'
[0.466s] Level 5:colcon.colcon_core.verb:set package 'gazebo_cable' build argument 'cmake_target' from command line to 'None'
[0.466s] Level 5:colcon.colcon_core.verb:set package 'gazebo_cable' build argument 'cmake_target_skip_unavailable' from command line to 'False'
[0.466s] Level 5:colcon.colcon_core.verb:set package 'gazebo_cable' build argument 'cmake_clean_cache' from command line to 'False'
[0.466s] Level 5:colcon.colcon_core.verb:set package 'gazebo_cable' build argument 'cmake_clean_first' from command line to 'False'
[0.466s] Level 5:colcon.colcon_core.verb:set package 'gazebo_cable' build argument 'cmake_force_configure' from command line to 'False'
[0.466s] Level 5:colcon.colcon_core.verb:set package 'gazebo_cable' build argument 'ament_cmake_args' from command line to 'None'
[0.466s] Level 5:colcon.colcon_core.verb:set package 'gazebo_cable' build argument 'catkin_cmake_args' from command line to 'None'
[0.466s] Level 5:colcon.colcon_core.verb:set package 'gazebo_cable' build argument 'catkin_skip_building_tests' from command line to 'False'
[0.466s] DEBUG:colcon.colcon_core.verb:Building package 'gazebo_cable' with the following arguments: {'ament_cmake_args': None, 'build_base': '/home/renato/ws_sensor_combined/build/gazebo_cable', 'catkin_cmake_args': None, 'catkin_skip_building_tests': False, 'cmake_args': None, 'cmake_clean_cache': False, 'cmake_clean_first': False, 'cmake_force_configure': False, 'cmake_target': None, 'cmake_target_skip_unavailable': False, 'install_base': '/home/renato/ws_sensor_combined/install/gazebo_cable', 'merge_install': False, 'path': '/home/renato/ws_sensor_combined/src/gazebo_cable', 'symlink_install': False, 'test_result_base': None}
[0.466s] Level 5:colcon.colcon_core.verb:set package 'px4_msgs' build argument 'cmake_args' from command line to 'None'
[0.466s] Level 5:colcon.colcon_core.verb:set package 'px4_msgs' build argument 'cmake_target' from command line to 'None'
[0.466s] Level 5:colcon.colcon_core.verb:set package 'px4_msgs' build argument 'cmake_target_skip_unavailable' from command line to 'False'
[0.466s] Level 5:colcon.colcon_core.verb:set package 'px4_msgs' build argument 'cmake_clean_cache' from command line to 'False'
[0.466s] Level 5:colcon.colcon_core.verb:set package 'px4_msgs' build argument 'cmake_clean_first' from command line to 'False'
[0.466s] Level 5:colcon.colcon_core.verb:set package 'px4_msgs' build argument 'cmake_force_configure' from command line to 'False'
[0.466s] Level 5:colcon.colcon_core.verb:set package 'px4_msgs' build argument 'ament_cmake_args' from command line to 'None'
[0.466s] Level 5:colcon.colcon_core.verb:set package 'px4_msgs' build argument 'catkin_cmake_args' from command line to 'None'
[0.467s] Level 5:colcon.colcon_core.verb:set package 'px4_msgs' build argument 'catkin_skip_building_tests' from command line to 'False'
[0.467s] DEBUG:colcon.colcon_core.verb:Building package 'px4_msgs' with the following arguments: {'ament_cmake_args': None, 'build_base': '/home/renato/ws_sensor_combined/build/px4_msgs', 'catkin_cmake_args': None, 'catkin_skip_building_tests': False, 'cmake_args': None, 'cmake_clean_cache': False, 'cmake_clean_first': False, 'cmake_force_configure': False, 'cmake_target': None, 'cmake_target_skip_unavailable': False, 'install_base': '/home/renato/ws_sensor_combined/install/px4_msgs', 'merge_install': False, 'path': '/home/renato/ws_sensor_combined/src/px4_msgs', 'symlink_install': False, 'test_result_base': None}
[0.467s] Level 5:colcon.colcon_core.verb:set package 'apply_link_wrench_pkg' build argument 'cmake_args' from command line to 'None'
[0.467s] Level 5:colcon.colcon_core.verb:set package 'apply_link_wrench_pkg' build argument 'cmake_target' from command line to 'None'
[0.467s] Level 5:colcon.colcon_core.verb:set package 'apply_link_wrench_pkg' build argument 'cmake_target_skip_unavailable' from command line to 'False'
[0.467s] Level 5:colcon.colcon_core.verb:set package 'apply_link_wrench_pkg' build argument 'cmake_clean_cache' from command line to 'False'
[0.467s] Level 5:colcon.colcon_core.verb:set package 'apply_link_wrench_pkg' build argument 'cmake_clean_first' from command line to 'False'
[0.467s] Level 5:colcon.colcon_core.verb:set package 'apply_link_wrench_pkg' build argument 'cmake_force_configure' from command line to 'False'
[0.467s] Level 5:colcon.colcon_core.verb:set package 'apply_link_wrench_pkg' build argument 'ament_cmake_args' from command line to 'None'
[0.467s] Level 5:colcon.colcon_core.verb:set package 'apply_link_wrench_pkg' build argument 'catkin_cmake_args' from command line to 'None'
[0.467s] Level 5:colcon.colcon_core.verb:set package 'apply_link_wrench_pkg' build argument 'catkin_skip_building_tests' from command line to 'False'
[0.467s] DEBUG:colcon.colcon_core.verb:Building package 'apply_link_wrench_pkg' with the following arguments: {'ament_cmake_args': None, 'build_base': '/home/renato/ws_sensor_combined/build/apply_link_wrench_pkg', 'catkin_cmake_args': None, 'catkin_skip_building_tests': False, 'cmake_args': None, 'cmake_clean_cache': False, 'cmake_clean_first': False, 'cmake_force_configure': False, 'cmake_target': None, 'cmake_target_skip_unavailable': False, 'install_base': '/home/renato/ws_sensor_combined/install/apply_link_wrench_pkg', 'merge_install': False, 'path': '/home/renato/ws_sensor_combined/src/apply_link_wrench_pkg', 'symlink_install': False, 'test_result_base': None}
[0.467s] Level 5:colcon.colcon_core.verb:set package 'dual_wrench_publisher_pkg' build argument 'cmake_args' from command line to 'None'
[0.467s] Level 5:colcon.colcon_core.verb:set package 'dual_wrench_publisher_pkg' build argument 'cmake_target' from command line to 'None'
[0.467s] Level 5:colcon.colcon_core.verb:set package 'dual_wrench_publisher_pkg' build argument 'cmake_target_skip_unavailable' from command line to 'False'
[0.467s] Level 5:colcon.colcon_core.verb:set package 'dual_wrench_publisher_pkg' build argument 'cmake_clean_cache' from command line to 'False'
[0.467s] Level 5:colcon.colcon_core.verb:set package 'dual_wrench_publisher_pkg' build argument 'cmake_clean_first' from command line to 'False'
[0.467s] Level 5:colcon.colcon_core.verb:set package 'dual_wrench_publisher_pkg' build argument 'cmake_force_configure' from command line to 'False'
[0.467s] Level 5:colcon.colcon_core.verb:set package 'dual_wrench_publisher_pkg' build argument 'ament_cmake_args' from command line to 'None'
[0.467s] Level 5:colcon.colcon_core.verb:set package 'dual_wrench_publisher_pkg' build argument 'catkin_cmake_args' from command line to 'None'
[0.468s] Level 5:colcon.colcon_core.verb:set package 'dual_wrench_publisher_pkg' build argument 'catkin_skip_building_tests' from command line to 'False'
[0.468s] DEBUG:colcon.colcon_core.verb:Building package 'dual_wrench_publisher_pkg' with the following arguments: {'ament_cmake_args': None, 'build_base': '/home/renato/ws_sensor_combined/build/dual_wrench_publisher_pkg', 'catkin_cmake_args': None, 'catkin_skip_building_tests': False, 'cmake_args': None, 'cmake_clean_cache': False, 'cmake_clean_first': False, 'cmake_force_configure': False, 'cmake_target': None, 'cmake_target_skip_unavailable': False, 'install_base': '/home/renato/ws_sensor_combined/install/dual_wrench_publisher_pkg', 'merge_install': False, 'path': '/home/renato/ws_sensor_combined/src/dual_wrench_publisher_pkg', 'symlink_install': False, 'test_result_base': None}
[0.468s] Level 5:colcon.colcon_core.verb:set package 'load_cell_publisher_pkg' build argument 'cmake_args' from command line to 'None'
[0.468s] Level 5:colcon.colcon_core.verb:set package 'load_cell_publisher_pkg' build argument 'cmake_target' from command line to 'None'
[0.468s] Level 5:colcon.colcon_core.verb:set package 'load_cell_publisher_pkg' build argument 'cmake_target_skip_unavailable' from command line to 'False'
[0.468s] Level 5:colcon.colcon_core.verb:set package 'load_cell_publisher_pkg' build argument 'cmake_clean_cache' from command line to 'False'
[0.468s] Level 5:colcon.colcon_core.verb:set package 'load_cell_publisher_pkg' build argument 'cmake_clean_first' from command line to 'False'
[0.468s] Level 5:colcon.colcon_core.verb:set package 'load_cell_publisher_pkg' build argument 'cmake_force_configure' from command line to 'False'
[0.468s] Level 5:colcon.colcon_core.verb:set package 'load_cell_publisher_pkg' build argument 'ament_cmake_args' from command line to 'None'
[0.468s] Level 5:colcon.colcon_core.verb:set package 'load_cell_publisher_pkg' build argument 'catkin_cmake_args' from command line to 'None'
[0.468s] Level 5:colcon.colcon_core.verb:set package 'load_cell_publisher_pkg' build argument 'catkin_skip_building_tests' from command line to 'False'
[0.468s] DEBUG:colcon.colcon_core.verb:Building package 'load_cell_publisher_pkg' with the following arguments: {'ament_cmake_args': None, 'build_base': '/home/renato/ws_sensor_combined/build/load_cell_publisher_pkg', 'catkin_cmake_args': None, 'catkin_skip_building_tests': False, 'cmake_args': None, 'cmake_clean_cache': False, 'cmake_clean_first': False, 'cmake_force_configure': False, 'cmake_target': None, 'cmake_target_skip_unavailable': False, 'install_base': '/home/renato/ws_sensor_combined/install/load_cell_publisher_pkg', 'merge_install': False, 'path': '/home/renato/ws_sensor_combined/src/load_cell_publisher_pkg', 'symlink_install': False, 'test_result_base': None}
[0.468s] Level 5:colcon.colcon_core.verb:set package 'sensor_driver_pkg' build argument 'cmake_args' from command line to 'None'
[0.468s] Level 5:colcon.colcon_core.verb:set package 'sensor_driver_pkg' build argument 'cmake_target' from command line to 'None'
[0.468s] Level 5:colcon.colcon_core.verb:set package 'sensor_driver_pkg' build argument 'cmake_target_skip_unavailable' from command line to 'False'
[0.468s] Level 5:colcon.colcon_core.verb:set package 'sensor_driver_pkg' build argument 'cmake_clean_cache' from command line to 'False'
[0.468s] Level 5:colcon.colcon_core.verb:set package 'sensor_driver_pkg' build argument 'cmake_clean_first' from command line to 'False'
[0.468s] Level 5:colcon.colcon_core.verb:set package 'sensor_driver_pkg' build argument 'cmake_force_configure' from command line to 'False'
[0.468s] Level 5:colcon.colcon_core.verb:set package 'sensor_driver_pkg' build argument 'ament_cmake_args' from command line to 'None'
[0.468s] Level 5:colcon.colcon_core.verb:set package 'sensor_driver_pkg' build argument 'catkin_cmake_args' from command line to 'None'
[0.469s] Level 5:colcon.colcon_core.verb:set package 'sensor_driver_pkg' build argument 'catkin_skip_building_tests' from command line to 'False'
[0.469s] DEBUG:colcon.colcon_core.verb:Building package 'sensor_driver_pkg' with the following arguments: {'ament_cmake_args': None, 'build_base': '/home/renato/ws_sensor_combined/build/sensor_driver_pkg', 'catkin_cmake_args': None, 'catkin_skip_building_tests': False, 'cmake_args': None, 'cmake_clean_cache': False, 'cmake_clean_first': False, 'cmake_force_configure': False, 'cmake_target': None, 'cmake_target_skip_unavailable': False, 'install_base': '/home/renato/ws_sensor_combined/install/sensor_driver_pkg', 'merge_install': False, 'path': '/home/renato/ws_sensor_combined/src/sensor_driver_pkg', 'symlink_install': False, 'test_result_base': None}
[0.469s] Level 5:colcon.colcon_core.verb:set package 'trajectory_planner' build argument 'cmake_args' from command line to 'None'
[0.469s] Level 5:colcon.colcon_core.verb:set package 'trajectory_planner' build argument 'cmake_target' from command line to 'None'
[0.469s] Level 5:colcon.colcon_core.verb:set package 'trajectory_planner' build argument 'cmake_target_skip_unavailable' from command line to 'False'
[0.469s] Level 5:colcon.colcon_core.verb:set package 'trajectory_planner' build argument 'cmake_clean_cache' from command line to 'False'
[0.469s] Level 5:colcon.colcon_core.verb:set package 'trajectory_planner' build argument 'cmake_clean_first' from command line to 'False'
[0.469s] Level 5:colcon.colcon_core.verb:set package 'trajectory_planner' build argument 'cmake_force_configure' from command line to 'False'
[0.469s] Level 5:colcon.colcon_core.verb:set package 'trajectory_planner' build argument 'ament_cmake_args' from command line to 'None'
[0.469s] Level 5:colcon.colcon_core.verb:set package 'trajectory_planner' build argument 'catkin_cmake_args' from command line to 'None'
[0.469s] Level 5:colcon.colcon_core.verb:set package 'trajectory_planner' build argument 'catkin_skip_building_tests' from command line to 'False'
[0.469s] DEBUG:colcon.colcon_core.verb:Building package 'trajectory_planner' with the following arguments: {'ament_cmake_args': None, 'build_base': '/home/renato/ws_sensor_combined/build/trajectory_planner', 'catkin_cmake_args': None, 'catkin_skip_building_tests': False, 'cmake_args': None, 'cmake_clean_cache': False, 'cmake_clean_first': False, 'cmake_force_configure': False, 'cmake_target': None, 'cmake_target_skip_unavailable': False, 'install_base': '/home/renato/ws_sensor_combined/install/trajectory_planner', 'merge_install': False, 'path': '/home/renato/ws_sensor_combined/src/trajectory_planner', 'symlink_install': False, 'test_result_base': None}
[0.469s] INFO:colcon.colcon_core.executor:Executing jobs using 'parallel' executor
[0.470s] DEBUG:colcon.colcon_parallel_executor.executor.parallel:run_until_complete
[0.470s] INFO:colcon.colcon_ros.task.ament_cmake.build:Building ROS package in '/home/renato/ws_sensor_combined/src/px4_msgs' with build type 'ament_cmake'
[0.471s] INFO:colcon.colcon_cmake.task.cmake.build:Building CMake package in '/home/renato/ws_sensor_combined/src/px4_msgs'
[0.473s] INFO:colcon.colcon_core.plugin_system:Skipping extension 'colcon_core.shell.bat': Not used on non-Windows systems
[0.473s] INFO:colcon.colcon_core.shell:Skip shell extension 'powershell' for command environment: Not usable outside of PowerShell
[0.473s] DEBUG:colcon.colcon_core.shell:Skip shell extension 'dsv' for command environment
[0.478s] INFO:colcon.colcon_ros.task.ament_cmake.build:Building ROS package in '/home/renato/ws_sensor_combined/src/end_effector_pkg' with build type 'ament_cmake'
[0.478s] INFO:colcon.colcon_cmake.task.cmake.build:Building CMake package in '/home/renato/ws_sensor_combined/src/end_effector_pkg'
[0.478s] INFO:colcon.colcon_core.shell:Skip shell extension 'powershell' for command environment: Not usable outside of PowerShell
[0.478s] DEBUG:colcon.colcon_core.shell:Skip shell extension 'dsv' for command environment
[0.482s] INFO:colcon.colcon_ros.task.ament_cmake.build:Building ROS package in '/home/renato/ws_sensor_combined/src/gazebo_cable' with build type 'ament_cmake'
[0.482s] INFO:colcon.colcon_cmake.task.cmake.build:Building CMake package in '/home/renato/ws_sensor_combined/src/gazebo_cable'
[0.483s] INFO:colcon.colcon_core.shell:Skip shell extension 'powershell' for command environment: Not usable outside of PowerShell
[0.483s] DEBUG:colcon.colcon_core.shell:Skip shell extension 'dsv' for command environment
[0.497s] DEBUG:colcon.colcon_core.event_handler.log_command:Invoking command in '/home/renato/ws_sensor_combined/build/px4_msgs': CMAKE_PREFIX_PATH=${CMAKE_PREFIX_PATH}:/opt/ros/humble /usr/bin/cmake --build /home/renato/ws_sensor_combined/build/px4_msgs -- -j20 -l20
[0.500s] DEBUG:colcon.colcon_core.event_handler.log_command:Invoking command in '/home/renato/ws_sensor_combined/build/end_effector_pkg': CMAKE_PREFIX_PATH=${CMAKE_PREFIX_PATH}:/opt/ros/humble /usr/bin/cmake /home/renato/ws_sensor_combined/src/end_effector_pkg -DCMAKE_INSTALL_PREFIX=/home/renato/ws_sensor_combined/install/end_effector_pkg
[0.504s] DEBUG:colcon.colcon_core.event_handler.log_command:Invoking command in '/home/renato/ws_sensor_combined/build/gazebo_cable': CMAKE_PREFIX_PATH=${CMAKE_PREFIX_PATH}:/opt/ros/humble /usr/bin/cmake --build /home/renato/ws_sensor_combined/build/gazebo_cable -- -j20 -l20
[0.609s] DEBUG:colcon.colcon_core.event_handler.log_command:Invoked command in '/home/renato/ws_sensor_combined/build/gazebo_cable' returned '0': CMAKE_PREFIX_PATH=${CMAKE_PREFIX_PATH}:/opt/ros/humble /usr/bin/cmake --build /home/renato/ws_sensor_combined/build/gazebo_cable -- -j20 -l20
[0.626s] DEBUG:colcon.colcon_core.event_handler.log_command:Invoking command in '/home/renato/ws_sensor_combined/build/gazebo_cable': CMAKE_PREFIX_PATH=${CMAKE_PREFIX_PATH}:/opt/ros/humble /usr/bin/cmake --install /home/renato/ws_sensor_combined/build/gazebo_cable
[0.662s] Level 1:colcon.colcon_core.environment:create_environment_scripts_only(gazebo_cable)
[0.662s] DEBUG:colcon.colcon_core.event_handler.log_command:Invoked command in '/home/renato/ws_sensor_combined/build/gazebo_cable' returned '0': CMAKE_PREFIX_PATH=${CMAKE_PREFIX_PATH}:/opt/ros/humble /usr/bin/cmake --install /home/renato/ws_sensor_combined/build/gazebo_cable
[0.666s] Level 1:colcon.colcon_core.environment:checking '/home/renato/ws_sensor_combined/install/gazebo_cable' for CMake module files
[0.667s] Level 1:colcon.colcon_core.environment:checking '/home/renato/ws_sensor_combined/install/gazebo_cable' for CMake config files
[0.667s] Level 1:colcon.colcon_core.shell:create_environment_hook('gazebo_cable', 'cmake_prefix_path')
[0.667s] INFO:colcon.colcon_core.shell:Creating environment hook '/home/renato/ws_sensor_combined/install/gazebo_cable/share/gazebo_cable/hook/cmake_prefix_path.ps1'
[0.668s] INFO:colcon.colcon_core.shell:Creating environment descriptor '/home/renato/ws_sensor_combined/install/gazebo_cable/share/gazebo_cable/hook/cmake_prefix_path.dsv'
[0.669s] INFO:colcon.colcon_core.shell:Creating environment hook '/home/renato/ws_sensor_combined/install/gazebo_cable/share/gazebo_cable/hook/cmake_prefix_path.sh'
[0.671s] Level 1:colcon.colcon_core.environment:checking '/home/renato/ws_sensor_combined/install/gazebo_cable/lib'
[0.671s] Level 1:colcon.colcon_core.environment:checking '/home/renato/ws_sensor_combined/install/gazebo_cable/bin'
[0.671s] Level 1:colcon.colcon_core.environment:checking '/home/renato/ws_sensor_combined/install/gazebo_cable/lib/pkgconfig/gazebo_cable.pc'
[0.672s] Level 1:colcon.colcon_core.environment:checking '/home/renato/ws_sensor_combined/install/gazebo_cable/lib/python3.10/site-packages'
[0.672s] Level 1:colcon.colcon_core.environment:checking '/home/renato/ws_sensor_combined/install/gazebo_cable/bin'
[0.672s] INFO:colcon.colcon_core.shell:Creating package script '/home/renato/ws_sensor_combined/install/gazebo_cable/share/gazebo_cable/package.ps1'
[0.674s] INFO:colcon.colcon_core.shell:Creating package descriptor '/home/renato/ws_sensor_combined/install/gazebo_cable/share/gazebo_cable/package.dsv'
[0.674s] INFO:colcon.colcon_core.shell:Creating package script '/home/renato/ws_sensor_combined/install/gazebo_cable/share/gazebo_cable/package.sh'
[0.675s] INFO:colcon.colcon_core.shell:Creating package script '/home/renato/ws_sensor_combined/install/gazebo_cable/share/gazebo_cable/package.bash'
[0.676s] INFO:colcon.colcon_core.shell:Creating package script '/home/renato/ws_sensor_combined/install/gazebo_cable/share/gazebo_cable/package.zsh'
[0.678s] Level 1:colcon.colcon_core.environment:create_file_with_runtime_dependencies(/home/renato/ws_sensor_combined/install/gazebo_cable/share/colcon-core/packages/gazebo_cable)
[0.679s] Level 1:colcon.colcon_core.environment:create_environment_scripts_only(gazebo_cable)
[0.679s] Level 1:colcon.colcon_core.environment:checking '/home/renato/ws_sensor_combined/install/gazebo_cable' for CMake module files
[0.680s] Level 1:colcon.colcon_core.environment:checking '/home/renato/ws_sensor_combined/install/gazebo_cable' for CMake config files
[0.680s] Level 1:colcon.colcon_core.shell:create_environment_hook('gazebo_cable', 'cmake_prefix_path')
[0.681s] INFO:colcon.colcon_core.shell:Creating environment hook '/home/renato/ws_sensor_combined/install/gazebo_cable/share/gazebo_cable/hook/cmake_prefix_path.ps1'
[0.682s] INFO:colcon.colcon_core.shell:Creating environment descriptor '/home/renato/ws_sensor_combined/install/gazebo_cable/share/gazebo_cable/hook/cmake_prefix_path.dsv'
[0.682s] INFO:colcon.colcon_core.shell:Creating environment hook '/home/renato/ws_sensor_combined/install/gazebo_cable/share/gazebo_cable/hook/cmake_prefix_path.sh'
[0.683s] Level 1:colcon.colcon_core.environment:checking '/home/renato/ws_sensor_combined/install/gazebo_cable/lib'
[0.683s] Level 1:colcon.colcon_core.environment:checking '/home/renato/ws_sensor_combined/install/gazebo_cable/bin'
[0.683s] Level 1:colcon.colcon_core.environment:checking '/home/renato/ws_sensor_combined/install/gazebo_cable/lib/pkgconfig/gazebo_cable.pc'
[0.684s] Level 1:colcon.colcon_core.environment:checking '/home/renato/ws_sensor_combined/install/gazebo_cable/lib/python3.10/site-packages'
[0.684s] Level 1:colcon.colcon_core.environment:checking '/home/renato/ws_sensor_combined/install/gazebo_cable/bin'
[0.684s] INFO:colcon.colcon_core.shell:Creating package script '/home/renato/ws_sensor_combined/install/gazebo_cable/share/gazebo_cable/package.ps1'
[0.685s] INFO:colcon.colcon_core.shell:Creating package descriptor '/home/renato/ws_sensor_combined/install/gazebo_cable/share/gazebo_cable/package.dsv'
[0.686s] INFO:colcon.colcon_core.shell:Creating package script '/home/renato/ws_sensor_combined/install/gazebo_cable/share/gazebo_cable/package.sh'
[0.686s] INFO:colcon.colcon_core.shell:Creating package script '/home/renato/ws_sensor_combined/install/gazebo_cable/share/gazebo_cable/package.bash'
[0.687s] INFO:colcon.colcon_core.shell:Creating package script '/home/renato/ws_sensor_combined/install/gazebo_cable/share/gazebo_cable/package.zsh'
[0.688s] Level 1:colcon.colcon_core.environment:create_file_with_runtime_dependencies(/home/renato/ws_sensor_combined/install/gazebo_cable/share/colcon-core/packages/gazebo_cable)
[1.100s] DEBUG:colcon.colcon_core.event_handler.log_command:Invoked command in '/home/renato/ws_sensor_combined/build/end_effector_pkg' returned '1': CMAKE_PREFIX_PATH=${CMAKE_PREFIX_PATH}:/opt/ros/humble /usr/bin/cmake /home/renato/ws_sensor_combined/src/end_effector_pkg -DCMAKE_INSTALL_PREFIX=/home/renato/ws_sensor_combined/install/end_effector_pkg
[1.120s] Level 1:colcon.colcon_core.environment:create_environment_scripts_only(end_effector_pkg)
[1.120s] Level 1:colcon.colcon_core.environment:checking '/home/renato/ws_sensor_combined/install/end_effector_pkg' for CMake module files
[1.121s] Level 1:colcon.colcon_core.environment:checking '/home/renato/ws_sensor_combined/install/end_effector_pkg' for CMake config files
[1.122s] Level 1:colcon.colcon_core.environment:checking '/home/renato/ws_sensor_combined/install/end_effector_pkg/bin'
[1.122s] Level 1:colcon.colcon_core.environment:checking '/home/renato/ws_sensor_combined/install/end_effector_pkg/lib/pkgconfig/end_effector_pkg.pc'
[1.122s] Level 1:colcon.colcon_core.environment:checking '/home/renato/ws_sensor_combined/install/end_effector_pkg/lib/python3.10/site-packages'
[1.123s] Level 1:colcon.colcon_core.environment:checking '/home/renato/ws_sensor_combined/install/end_effector_pkg/bin'
[1.123s] INFO:colcon.colcon_core.shell:Creating package script '/home/renato/ws_sensor_combined/install/end_effector_pkg/share/end_effector_pkg/package.ps1'
[1.124s] INFO:colcon.colcon_core.shell:Creating package descriptor '/home/renato/ws_sensor_combined/install/end_effector_pkg/share/end_effector_pkg/package.dsv'
[1.125s] INFO:colcon.colcon_core.shell:Creating package script '/home/renato/ws_sensor_combined/install/end_effector_pkg/share/end_effector_pkg/package.sh'
[1.126s] INFO:colcon.colcon_core.shell:Creating package script '/home/renato/ws_sensor_combined/install/end_effector_pkg/share/end_effector_pkg/package.bash'
[1.126s] INFO:colcon.colcon_core.shell:Creating package script '/home/renato/ws_sensor_combined/install/end_effector_pkg/share/end_effector_pkg/package.zsh'
[1.127s] Level 1:colcon.colcon_core.environment:create_file_with_runtime_dependencies(/home/renato/ws_sensor_combined/install/end_effector_pkg/share/colcon-core/packages/end_effector_pkg)
[1.876s] DEBUG:colcon.colcon_parallel_executor.executor.parallel:closing loop
[1.876s] DEBUG:colcon.colcon_parallel_executor.executor.parallel:loop closed
[1.876s] DEBUG:colcon.colcon_parallel_executor.executor.parallel:run_until_complete finished with '1'
[1.876s] DEBUG:colcon.colcon_core.event_reactor:joining thread
[1.884s] INFO:colcon.colcon_core.plugin_system:Skipping extension 'colcon_notification.desktop_notification.terminal_notifier': Not used on non-Darwin systems
[1.884s] INFO:colcon.colcon_core.plugin_system:Skipping extension 'colcon_notification.desktop_notification.win32': Not used on non-Windows systems
[1.885s] INFO:colcon.colcon_notification.desktop_notification:Sending desktop notification using 'notify2'
[1.901s] DEBUG:colcon.colcon_core.event_reactor:joined thread
[1.902s] INFO:colcon.colcon_core.shell:Creating prefix script '/home/renato/ws_sensor_combined/install/local_setup.ps1'
[1.904s] INFO:colcon.colcon_core.shell:Creating prefix util module '/home/renato/ws_sensor_combined/install/_local_setup_util_ps1.py'
[1.906s] INFO:colcon.colcon_core.shell:Creating prefix chain script '/home/renato/ws_sensor_combined/install/setup.ps1'
[1.909s] INFO:colcon.colcon_core.shell:Creating prefix script '/home/renato/ws_sensor_combined/install/local_setup.sh'
[1.909s] INFO:colcon.colcon_core.shell:Creating prefix util module '/home/renato/ws_sensor_combined/install/_local_setup_util_sh.py'
[1.910s] INFO:colcon.colcon_core.shell:Creating prefix chain script '/home/renato/ws_sensor_combined/install/setup.sh'
[1.913s] INFO:colcon.colcon_core.shell:Creating prefix script '/home/renato/ws_sensor_combined/install/local_setup.bash'
[1.914s] INFO:colcon.colcon_core.shell:Creating prefix chain script '/home/renato/ws_sensor_combined/install/setup.bash'
[1.916s] INFO:colcon.colcon_core.shell:Creating prefix script '/home/renato/ws_sensor_combined/install/local_setup.zsh'
[1.917s] INFO:colcon.colcon_core.shell:Creating prefix chain script '/home/renato/ws_sensor_combined/install/setup.zsh'
