[0.263s] DEBUG:colcon:Command line arguments: ['/usr/bin/colcon', 'build']
[0.263s] DEBUG:colcon:Parsed command line arguments: Namespace(log_base=None, log_level=None, verb_name='build', build_base='build', install_base='install', merge_install=False, symlink_install=False, test_result_base=None, continue_on_error=False, executor='parallel', parallel_workers=20, event_handlers=None, ignore_user_meta=False, metas=['./colcon.meta'], base_paths=['.'], packages_ignore=None, packages_ignore_regex=None, paths=None, packages_up_to=None, packages_up_to_regex=None, packages_above=None, packages_above_and_dependencies=None, packages_above_depth=None, packages_select_by_dep=None, packages_skip_by_dep=None, packages_skip_up_to=None, packages_select_build_failed=False, packages_skip_build_finished=False, packages_select_test_failures=False, packages_skip_test_passed=False, packages_select=None, packages_skip=None, packages_select_regex=None, packages_skip_regex=None, packages_start=None, packages_end=None, allow_overriding=[], cmake_args=None, cmake_target=None, cmake_target_skip_unavailable=False, cmake_clean_cache=False, cmake_clean_first=False, cmake_force_configure=False, ament_cmake_args=None, catkin_cmake_args=None, catkin_skip_building_tests=False, mixin_files=None, mixin=None, verb_parser=<colcon_mixin.mixin.mixin_argument.MixinArgumentDecorator object at 0x707d7a11f370>, verb_extension=<colcon_core.verb.build.BuildVerb object at 0x707d7a2882e0>, main=<bound method BuildVerb.main of <colcon_core.verb.build.BuildVerb object at 0x707d7a2882e0>>, mixin_verb=('build',))
[0.850s] Level 1:colcon.colcon_core.package_discovery:discover_packages(colcon_meta) check parameters
[0.850s] Level 1:colcon.colcon_core.package_discovery:discover_packages(recursive) check parameters
[0.850s] Level 1:colcon.colcon_core.package_discovery:discover_packages(ignore) check parameters
[0.850s] Level 1:colcon.colcon_core.package_discovery:discover_packages(path) check parameters
[0.850s] Level 1:colcon.colcon_core.package_discovery:discover_packages(colcon_meta) discover
[0.851s] Level 1:colcon.colcon_core.package_discovery:discover_packages(recursive) discover
[0.851s] INFO:colcon.colcon_core.package_discovery:Crawling recursively for packages in '/home/renato/ws_sensor_combined'
[0.851s] Level 1:colcon.colcon_core.package_identification:_identify(.) by extensions ['ignore', 'ignore_ament_install']
[0.851s] Level 1:colcon.colcon_core.package_identification:_identify(.) by extension 'ignore'
[0.851s] Level 1:colcon.colcon_core.package_identification:_identify(.) by extension 'ignore_ament_install'
[0.851s] Level 1:colcon.colcon_core.package_identification:_identify(.) by extensions ['colcon_pkg']
[0.851s] Level 1:colcon.colcon_core.package_identification:_identify(.) by extension 'colcon_pkg'
[0.851s] Level 1:colcon.colcon_core.package_identification:_identify(.) by extensions ['colcon_meta']
[0.851s] Level 1:colcon.colcon_core.package_identification:_identify(.) by extension 'colcon_meta'
[0.852s] Level 1:colcon.colcon_core.package_identification:_identify(.) by extensions ['ros']
[0.852s] Level 1:colcon.colcon_core.package_identification:_identify(.) by extension 'ros'
[0.881s] Level 1:colcon.colcon_core.package_identification:_identify(.) by extensions ['cmake', 'python']
[0.881s] Level 1:colcon.colcon_core.package_identification:_identify(.) by extension 'cmake'
[0.881s] Level 1:colcon.colcon_core.package_identification:_identify(.) by extension 'python'
[0.881s] Level 1:colcon.colcon_core.package_identification:_identify(.) by extensions ['python_setup_py']
[0.882s] Level 1:colcon.colcon_core.package_identification:_identify(.) by extension 'python_setup_py'
[0.882s] Level 1:colcon.colcon_core.package_identification:_identify(build) by extensions ['ignore', 'ignore_ament_install']
[0.882s] Level 1:colcon.colcon_core.package_identification:_identify(build) by extension 'ignore'
[0.882s] Level 1:colcon.colcon_core.package_identification:_identify(build) ignored
[0.882s] Level 1:colcon.colcon_core.package_identification:_identify(install) by extensions ['ignore', 'ignore_ament_install']
[0.882s] Level 1:colcon.colcon_core.package_identification:_identify(install) by extension 'ignore'
[0.883s] Level 1:colcon.colcon_core.package_identification:_identify(install) ignored
[0.883s] Level 1:colcon.colcon_core.package_identification:_identify(log) by extensions ['ignore', 'ignore_ament_install']
[0.883s] Level 1:colcon.colcon_core.package_identification:_identify(log) by extension 'ignore'
[0.883s] Level 1:colcon.colcon_core.package_identification:_identify(log) ignored
[0.883s] Level 1:colcon.colcon_core.package_identification:_identify(src) by extensions ['ignore', 'ignore_ament_install']
[0.883s] Level 1:colcon.colcon_core.package_identification:_identify(src) by extension 'ignore'
[0.883s] Level 1:colcon.colcon_core.package_identification:_identify(src) by extension 'ignore_ament_install'
[0.884s] Level 1:colcon.colcon_core.package_identification:_identify(src) by extensions ['colcon_pkg']
[0.884s] Level 1:colcon.colcon_core.package_identification:_identify(src) by extension 'colcon_pkg'
[0.884s] Level 1:colcon.colcon_core.package_identification:_identify(src) by extensions ['colcon_meta']
[0.884s] Level 1:colcon.colcon_core.package_identification:_identify(src) by extension 'colcon_meta'
[0.884s] Level 1:colcon.colcon_core.package_identification:_identify(src) by extensions ['ros']
[0.884s] Level 1:colcon.colcon_core.package_identification:_identify(src) by extension 'ros'
[0.884s] Level 1:colcon.colcon_core.package_identification:_identify(src) by extensions ['cmake', 'python']
[0.884s] Level 1:colcon.colcon_core.package_identification:_identify(src) by extension 'cmake'
[0.884s] Level 1:colcon.colcon_core.package_identification:_identify(src) by extension 'python'
[0.884s] Level 1:colcon.colcon_core.package_identification:_identify(src) by extensions ['python_setup_py']
[0.884s] Level 1:colcon.colcon_core.package_identification:_identify(src) by extension 'python_setup_py'
[0.884s] Level 1:colcon.colcon_core.package_identification:_identify(src/apply_link_wrench_pkg) by extensions ['ignore', 'ignore_ament_install']
[0.884s] Level 1:colcon.colcon_core.package_identification:_identify(src/apply_link_wrench_pkg) by extension 'ignore'
[0.885s] Level 1:colcon.colcon_core.package_identification:_identify(src/apply_link_wrench_pkg) by extension 'ignore_ament_install'
[0.885s] Level 1:colcon.colcon_core.package_identification:_identify(src/apply_link_wrench_pkg) by extensions ['colcon_pkg']
[0.885s] Level 1:colcon.colcon_core.package_identification:_identify(src/apply_link_wrench_pkg) by extension 'colcon_pkg'
[0.885s] Level 1:colcon.colcon_core.package_identification:_identify(src/apply_link_wrench_pkg) by extensions ['colcon_meta']
[0.885s] Level 1:colcon.colcon_core.package_identification:_identify(src/apply_link_wrench_pkg) by extension 'colcon_meta'
[0.885s] Level 1:colcon.colcon_core.package_identification:_identify(src/apply_link_wrench_pkg) by extensions ['ros']
[0.885s] Level 1:colcon.colcon_core.package_identification:_identify(src/apply_link_wrench_pkg) by extension 'ros'
[0.891s] DEBUG:colcon.colcon_core.package_identification:Package 'src/apply_link_wrench_pkg' with type 'ros.ament_cmake' and name 'apply_link_wrench_pkg'
[0.891s] Level 1:colcon.colcon_core.package_identification:_identify(src/dual_wrench_publisher_pkg) by extensions ['ignore', 'ignore_ament_install']
[0.892s] Level 1:colcon.colcon_core.package_identification:_identify(src/dual_wrench_publisher_pkg) by extension 'ignore'
[0.892s] Level 1:colcon.colcon_core.package_identification:_identify(src/dual_wrench_publisher_pkg) by extension 'ignore_ament_install'
[0.892s] Level 1:colcon.colcon_core.package_identification:_identify(src/dual_wrench_publisher_pkg) by extensions ['colcon_pkg']
[0.892s] Level 1:colcon.colcon_core.package_identification:_identify(src/dual_wrench_publisher_pkg) by extension 'colcon_pkg'
[0.892s] Level 1:colcon.colcon_core.package_identification:_identify(src/dual_wrench_publisher_pkg) by extensions ['colcon_meta']
[0.892s] Level 1:colcon.colcon_core.package_identification:_identify(src/dual_wrench_publisher_pkg) by extension 'colcon_meta'
[0.892s] Level 1:colcon.colcon_core.package_identification:_identify(src/dual_wrench_publisher_pkg) by extensions ['ros']
[0.892s] Level 1:colcon.colcon_core.package_identification:_identify(src/dual_wrench_publisher_pkg) by extension 'ros'
[0.894s] DEBUG:colcon.colcon_core.package_identification:Package 'src/dual_wrench_publisher_pkg' with type 'ros.ament_cmake' and name 'dual_wrench_publisher_pkg'
[0.894s] Level 1:colcon.colcon_core.package_identification:_identify(src/load_cell_publisher_pkg) by extensions ['ignore', 'ignore_ament_install']
[0.894s] Level 1:colcon.colcon_core.package_identification:_identify(src/load_cell_publisher_pkg) by extension 'ignore'
[0.894s] Level 1:colcon.colcon_core.package_identification:_identify(src/load_cell_publisher_pkg) by extension 'ignore_ament_install'
[0.894s] Level 1:colcon.colcon_core.package_identification:_identify(src/load_cell_publisher_pkg) by extensions ['colcon_pkg']
[0.894s] Level 1:colcon.colcon_core.package_identification:_identify(src/load_cell_publisher_pkg) by extension 'colcon_pkg'
[0.894s] Level 1:colcon.colcon_core.package_identification:_identify(src/load_cell_publisher_pkg) by extensions ['colcon_meta']
[0.894s] Level 1:colcon.colcon_core.package_identification:_identify(src/load_cell_publisher_pkg) by extension 'colcon_meta'
[0.895s] Level 1:colcon.colcon_core.package_identification:_identify(src/load_cell_publisher_pkg) by extensions ['ros']
[0.895s] Level 1:colcon.colcon_core.package_identification:_identify(src/load_cell_publisher_pkg) by extension 'ros'
[0.896s] DEBUG:colcon.colcon_core.package_identification:Package 'src/load_cell_publisher_pkg' with type 'ros.ament_cmake' and name 'load_cell_publisher_pkg'
[0.896s] Level 1:colcon.colcon_core.package_identification:_identify(src/px4_msgs) by extensions ['ignore', 'ignore_ament_install']
[0.896s] Level 1:colcon.colcon_core.package_identification:_identify(src/px4_msgs) by extension 'ignore'
[0.896s] Level 1:colcon.colcon_core.package_identification:_identify(src/px4_msgs) by extension 'ignore_ament_install'
[0.896s] Level 1:colcon.colcon_core.package_identification:_identify(src/px4_msgs) by extensions ['colcon_pkg']
[0.896s] Level 1:colcon.colcon_core.package_identification:_identify(src/px4_msgs) by extension 'colcon_pkg'
[0.897s] Level 1:colcon.colcon_core.package_identification:_identify(src/px4_msgs) by extensions ['colcon_meta']
[0.897s] Level 1:colcon.colcon_core.package_identification:_identify(src/px4_msgs) by extension 'colcon_meta'
[0.897s] Level 1:colcon.colcon_core.package_identification:_identify(src/px4_msgs) by extensions ['ros']
[0.897s] Level 1:colcon.colcon_core.package_identification:_identify(src/px4_msgs) by extension 'ros'
[0.898s] DEBUG:colcon.colcon_core.package_identification:Package 'src/px4_msgs' with type 'ros.ament_cmake' and name 'px4_msgs'
[0.899s] Level 1:colcon.colcon_core.package_identification:_identify(src/px4_ros_com) by extensions ['ignore', 'ignore_ament_install']
[0.899s] Level 1:colcon.colcon_core.package_identification:_identify(src/px4_ros_com) by extension 'ignore'
[0.899s] Level 1:colcon.colcon_core.package_identification:_identify(src/px4_ros_com) by extension 'ignore_ament_install'
[0.899s] Level 1:colcon.colcon_core.package_identification:_identify(src/px4_ros_com) by extensions ['colcon_pkg']
[0.899s] Level 1:colcon.colcon_core.package_identification:_identify(src/px4_ros_com) by extension 'colcon_pkg'
[0.899s] Level 1:colcon.colcon_core.package_identification:_identify(src/px4_ros_com) by extensions ['colcon_meta']
[0.899s] Level 1:colcon.colcon_core.package_identification:_identify(src/px4_ros_com) by extension 'colcon_meta'
[0.899s] Level 1:colcon.colcon_core.package_identification:_identify(src/px4_ros_com) by extensions ['ros']
[0.899s] Level 1:colcon.colcon_core.package_identification:_identify(src/px4_ros_com) by extension 'ros'
[0.902s] DEBUG:colcon.colcon_core.package_identification:Package 'src/px4_ros_com' with type 'ros.ament_cmake' and name 'px4_ros_com'
[0.902s] Level 1:colcon.colcon_core.package_identification:_identify(src/sensor_driver_pkg) by extensions ['ignore', 'ignore_ament_install']
[0.902s] Level 1:colcon.colcon_core.package_identification:_identify(src/sensor_driver_pkg) by extension 'ignore'
[0.902s] Level 1:colcon.colcon_core.package_identification:_identify(src/sensor_driver_pkg) by extension 'ignore_ament_install'
[0.902s] Level 1:colcon.colcon_core.package_identification:_identify(src/sensor_driver_pkg) by extensions ['colcon_pkg']
[0.902s] Level 1:colcon.colcon_core.package_identification:_identify(src/sensor_driver_pkg) by extension 'colcon_pkg'
[0.902s] Level 1:colcon.colcon_core.package_identification:_identify(src/sensor_driver_pkg) by extensions ['colcon_meta']
[0.902s] Level 1:colcon.colcon_core.package_identification:_identify(src/sensor_driver_pkg) by extension 'colcon_meta'
[0.902s] Level 1:colcon.colcon_core.package_identification:_identify(src/sensor_driver_pkg) by extensions ['ros']
[0.902s] Level 1:colcon.colcon_core.package_identification:_identify(src/sensor_driver_pkg) by extension 'ros'
[0.904s] DEBUG:colcon.colcon_core.package_identification:Package 'src/sensor_driver_pkg' with type 'ros.ament_cmake' and name 'sensor_driver_pkg'
[0.904s] Level 1:colcon.colcon_core.package_discovery:discover_packages(recursive) using defaults
[0.904s] Level 1:colcon.colcon_core.package_discovery:discover_packages(ignore) discover
[0.904s] Level 1:colcon.colcon_core.package_discovery:discover_packages(ignore) using defaults
[0.904s] Level 1:colcon.colcon_core.package_discovery:discover_packages(path) discover
[0.904s] Level 1:colcon.colcon_core.package_discovery:discover_packages(path) using defaults
[0.953s] Level 1:colcon.colcon_core.package_discovery:discover_packages(prefix_path) check parameters
[0.954s] Level 1:colcon.colcon_core.package_discovery:discover_packages(prefix_path) discover
[0.959s] DEBUG:colcon.colcon_installed_package_information.package_discovery:Found 13 installed packages in /home/renato/bridge_ws/install
[0.960s] DEBUG:colcon.colcon_installed_package_information.package_discovery:Found 6 installed packages in /home/renato/ws_sensor_combined/install
[0.963s] DEBUG:colcon.colcon_installed_package_information.package_discovery:Found 284 installed packages in /opt/ros/humble
[0.965s] Level 1:colcon.colcon_core.package_discovery:discover_packages(prefix_path) using defaults
[1.037s] Level 5:colcon.colcon_core.verb:set package 'apply_link_wrench_pkg' build argument 'cmake_args' from command line to 'None'
[1.037s] Level 5:colcon.colcon_core.verb:set package 'apply_link_wrench_pkg' build argument 'cmake_target' from command line to 'None'
[1.037s] Level 5:colcon.colcon_core.verb:set package 'apply_link_wrench_pkg' build argument 'cmake_target_skip_unavailable' from command line to 'False'
[1.037s] Level 5:colcon.colcon_core.verb:set package 'apply_link_wrench_pkg' build argument 'cmake_clean_cache' from command line to 'False'
[1.037s] Level 5:colcon.colcon_core.verb:set package 'apply_link_wrench_pkg' build argument 'cmake_clean_first' from command line to 'False'
[1.037s] Level 5:colcon.colcon_core.verb:set package 'apply_link_wrench_pkg' build argument 'cmake_force_configure' from command line to 'False'
[1.037s] Level 5:colcon.colcon_core.verb:set package 'apply_link_wrench_pkg' build argument 'ament_cmake_args' from command line to 'None'
[1.037s] Level 5:colcon.colcon_core.verb:set package 'apply_link_wrench_pkg' build argument 'catkin_cmake_args' from command line to 'None'
[1.037s] Level 5:colcon.colcon_core.verb:set package 'apply_link_wrench_pkg' build argument 'catkin_skip_building_tests' from command line to 'False'
[1.037s] DEBUG:colcon.colcon_core.verb:Building package 'apply_link_wrench_pkg' with the following arguments: {'ament_cmake_args': None, 'build_base': '/home/renato/ws_sensor_combined/build/apply_link_wrench_pkg', 'catkin_cmake_args': None, 'catkin_skip_building_tests': False, 'cmake_args': None, 'cmake_clean_cache': False, 'cmake_clean_first': False, 'cmake_force_configure': False, 'cmake_target': None, 'cmake_target_skip_unavailable': False, 'install_base': '/home/renato/ws_sensor_combined/install/apply_link_wrench_pkg', 'merge_install': False, 'path': '/home/renato/ws_sensor_combined/src/apply_link_wrench_pkg', 'symlink_install': False, 'test_result_base': None}
[1.038s] Level 5:colcon.colcon_core.verb:set package 'px4_msgs' build argument 'cmake_args' from command line to 'None'
[1.038s] Level 5:colcon.colcon_core.verb:set package 'px4_msgs' build argument 'cmake_target' from command line to 'None'
[1.038s] Level 5:colcon.colcon_core.verb:set package 'px4_msgs' build argument 'cmake_target_skip_unavailable' from command line to 'False'
[1.038s] Level 5:colcon.colcon_core.verb:set package 'px4_msgs' build argument 'cmake_clean_cache' from command line to 'False'
[1.038s] Level 5:colcon.colcon_core.verb:set package 'px4_msgs' build argument 'cmake_clean_first' from command line to 'False'
[1.038s] Level 5:colcon.colcon_core.verb:set package 'px4_msgs' build argument 'cmake_force_configure' from command line to 'False'
[1.038s] Level 5:colcon.colcon_core.verb:set package 'px4_msgs' build argument 'ament_cmake_args' from command line to 'None'
[1.038s] Level 5:colcon.colcon_core.verb:set package 'px4_msgs' build argument 'catkin_cmake_args' from command line to 'None'
[1.038s] Level 5:colcon.colcon_core.verb:set package 'px4_msgs' build argument 'catkin_skip_building_tests' from command line to 'False'
[1.038s] DEBUG:colcon.colcon_core.verb:Building package 'px4_msgs' with the following arguments: {'ament_cmake_args': None, 'build_base': '/home/renato/ws_sensor_combined/build/px4_msgs', 'catkin_cmake_args': None, 'catkin_skip_building_tests': False, 'cmake_args': None, 'cmake_clean_cache': False, 'cmake_clean_first': False, 'cmake_force_configure': False, 'cmake_target': None, 'cmake_target_skip_unavailable': False, 'install_base': '/home/renato/ws_sensor_combined/install/px4_msgs', 'merge_install': False, 'path': '/home/renato/ws_sensor_combined/src/px4_msgs', 'symlink_install': False, 'test_result_base': None}
[1.039s] Level 5:colcon.colcon_core.verb:set package 'dual_wrench_publisher_pkg' build argument 'cmake_args' from command line to 'None'
[1.039s] Level 5:colcon.colcon_core.verb:set package 'dual_wrench_publisher_pkg' build argument 'cmake_target' from command line to 'None'
[1.039s] Level 5:colcon.colcon_core.verb:set package 'dual_wrench_publisher_pkg' build argument 'cmake_target_skip_unavailable' from command line to 'False'
[1.039s] Level 5:colcon.colcon_core.verb:set package 'dual_wrench_publisher_pkg' build argument 'cmake_clean_cache' from command line to 'False'
[1.039s] Level 5:colcon.colcon_core.verb:set package 'dual_wrench_publisher_pkg' build argument 'cmake_clean_first' from command line to 'False'
[1.039s] Level 5:colcon.colcon_core.verb:set package 'dual_wrench_publisher_pkg' build argument 'cmake_force_configure' from command line to 'False'
[1.039s] Level 5:colcon.colcon_core.verb:set package 'dual_wrench_publisher_pkg' build argument 'ament_cmake_args' from command line to 'None'
[1.039s] Level 5:colcon.colcon_core.verb:set package 'dual_wrench_publisher_pkg' build argument 'catkin_cmake_args' from command line to 'None'
[1.039s] Level 5:colcon.colcon_core.verb:set package 'dual_wrench_publisher_pkg' build argument 'catkin_skip_building_tests' from command line to 'False'
[1.039s] DEBUG:colcon.colcon_core.verb:Building package 'dual_wrench_publisher_pkg' with the following arguments: {'ament_cmake_args': None, 'build_base': '/home/renato/ws_sensor_combined/build/dual_wrench_publisher_pkg', 'catkin_cmake_args': None, 'catkin_skip_building_tests': False, 'cmake_args': None, 'cmake_clean_cache': False, 'cmake_clean_first': False, 'cmake_force_configure': False, 'cmake_target': None, 'cmake_target_skip_unavailable': False, 'install_base': '/home/renato/ws_sensor_combined/install/dual_wrench_publisher_pkg', 'merge_install': False, 'path': '/home/renato/ws_sensor_combined/src/dual_wrench_publisher_pkg', 'symlink_install': False, 'test_result_base': None}
[1.040s] Level 5:colcon.colcon_core.verb:set package 'load_cell_publisher_pkg' build argument 'cmake_args' from command line to 'None'
[1.040s] Level 5:colcon.colcon_core.verb:set package 'load_cell_publisher_pkg' build argument 'cmake_target' from command line to 'None'
[1.040s] Level 5:colcon.colcon_core.verb:set package 'load_cell_publisher_pkg' build argument 'cmake_target_skip_unavailable' from command line to 'False'
[1.040s] Level 5:colcon.colcon_core.verb:set package 'load_cell_publisher_pkg' build argument 'cmake_clean_cache' from command line to 'False'
[1.040s] Level 5:colcon.colcon_core.verb:set package 'load_cell_publisher_pkg' build argument 'cmake_clean_first' from command line to 'False'
[1.040s] Level 5:colcon.colcon_core.verb:set package 'load_cell_publisher_pkg' build argument 'cmake_force_configure' from command line to 'False'
[1.040s] Level 5:colcon.colcon_core.verb:set package 'load_cell_publisher_pkg' build argument 'ament_cmake_args' from command line to 'None'
[1.040s] Level 5:colcon.colcon_core.verb:set package 'load_cell_publisher_pkg' build argument 'catkin_cmake_args' from command line to 'None'
[1.040s] Level 5:colcon.colcon_core.verb:set package 'load_cell_publisher_pkg' build argument 'catkin_skip_building_tests' from command line to 'False'
[1.041s] DEBUG:colcon.colcon_core.verb:Building package 'load_cell_publisher_pkg' with the following arguments: {'ament_cmake_args': None, 'build_base': '/home/renato/ws_sensor_combined/build/load_cell_publisher_pkg', 'catkin_cmake_args': None, 'catkin_skip_building_tests': False, 'cmake_args': None, 'cmake_clean_cache': False, 'cmake_clean_first': False, 'cmake_force_configure': False, 'cmake_target': None, 'cmake_target_skip_unavailable': False, 'install_base': '/home/renato/ws_sensor_combined/install/load_cell_publisher_pkg', 'merge_install': False, 'path': '/home/renato/ws_sensor_combined/src/load_cell_publisher_pkg', 'symlink_install': False, 'test_result_base': None}
[1.041s] Level 5:colcon.colcon_core.verb:set package 'px4_ros_com' build argument 'cmake_args' from command line to 'None'
[1.041s] Level 5:colcon.colcon_core.verb:set package 'px4_ros_com' build argument 'cmake_target' from command line to 'None'
[1.041s] Level 5:colcon.colcon_core.verb:set package 'px4_ros_com' build argument 'cmake_target_skip_unavailable' from command line to 'False'
[1.041s] Level 5:colcon.colcon_core.verb:set package 'px4_ros_com' build argument 'cmake_clean_cache' from command line to 'False'
[1.041s] Level 5:colcon.colcon_core.verb:set package 'px4_ros_com' build argument 'cmake_clean_first' from command line to 'False'
[1.041s] Level 5:colcon.colcon_core.verb:set package 'px4_ros_com' build argument 'cmake_force_configure' from command line to 'False'
[1.041s] Level 5:colcon.colcon_core.verb:set package 'px4_ros_com' build argument 'ament_cmake_args' from command line to 'None'
[1.041s] Level 5:colcon.colcon_core.verb:set package 'px4_ros_com' build argument 'catkin_cmake_args' from command line to 'None'
[1.041s] Level 5:colcon.colcon_core.verb:set package 'px4_ros_com' build argument 'catkin_skip_building_tests' from command line to 'False'
[1.041s] DEBUG:colcon.colcon_core.verb:Building package 'px4_ros_com' with the following arguments: {'ament_cmake_args': None, 'build_base': '/home/renato/ws_sensor_combined/build/px4_ros_com', 'catkin_cmake_args': None, 'catkin_skip_building_tests': False, 'cmake_args': None, 'cmake_clean_cache': False, 'cmake_clean_first': False, 'cmake_force_configure': False, 'cmake_target': None, 'cmake_target_skip_unavailable': False, 'install_base': '/home/renato/ws_sensor_combined/install/px4_ros_com', 'merge_install': False, 'path': '/home/renato/ws_sensor_combined/src/px4_ros_com', 'symlink_install': False, 'test_result_base': None}
[1.042s] Level 5:colcon.colcon_core.verb:set package 'sensor_driver_pkg' build argument 'cmake_args' from command line to 'None'
[1.042s] Level 5:colcon.colcon_core.verb:set package 'sensor_driver_pkg' build argument 'cmake_target' from command line to 'None'
[1.042s] Level 5:colcon.colcon_core.verb:set package 'sensor_driver_pkg' build argument 'cmake_target_skip_unavailable' from command line to 'False'
[1.042s] Level 5:colcon.colcon_core.verb:set package 'sensor_driver_pkg' build argument 'cmake_clean_cache' from command line to 'False'
[1.042s] Level 5:colcon.colcon_core.verb:set package 'sensor_driver_pkg' build argument 'cmake_clean_first' from command line to 'False'
[1.042s] Level 5:colcon.colcon_core.verb:set package 'sensor_driver_pkg' build argument 'cmake_force_configure' from command line to 'False'
[1.042s] Level 5:colcon.colcon_core.verb:set package 'sensor_driver_pkg' build argument 'ament_cmake_args' from command line to 'None'
[1.042s] Level 5:colcon.colcon_core.verb:set package 'sensor_driver_pkg' build argument 'catkin_cmake_args' from command line to 'None'
[1.042s] Level 5:colcon.colcon_core.verb:set package 'sensor_driver_pkg' build argument 'catkin_skip_building_tests' from command line to 'False'
[1.042s] DEBUG:colcon.colcon_core.verb:Building package 'sensor_driver_pkg' with the following arguments: {'ament_cmake_args': None, 'build_base': '/home/renato/ws_sensor_combined/build/sensor_driver_pkg', 'catkin_cmake_args': None, 'catkin_skip_building_tests': False, 'cmake_args': None, 'cmake_clean_cache': False, 'cmake_clean_first': False, 'cmake_force_configure': False, 'cmake_target': None, 'cmake_target_skip_unavailable': False, 'install_base': '/home/renato/ws_sensor_combined/install/sensor_driver_pkg', 'merge_install': False, 'path': '/home/renato/ws_sensor_combined/src/sensor_driver_pkg', 'symlink_install': False, 'test_result_base': None}
[1.043s] INFO:colcon.colcon_core.executor:Executing jobs using 'parallel' executor
[1.045s] DEBUG:colcon.colcon_parallel_executor.executor.parallel:run_until_complete
[1.045s] INFO:colcon.colcon_ros.task.ament_cmake.build:Building ROS package in '/home/renato/ws_sensor_combined/src/px4_msgs' with build type 'ament_cmake'
[1.046s] INFO:colcon.colcon_cmake.task.cmake.build:Building CMake package in '/home/renato/ws_sensor_combined/src/px4_msgs'
[1.050s] INFO:colcon.colcon_core.plugin_system:Skipping extension 'colcon_core.shell.bat': Not used on non-Windows systems
[1.051s] INFO:colcon.colcon_core.shell:Skip shell extension 'powershell' for command environment: Not usable outside of PowerShell
[1.051s] DEBUG:colcon.colcon_core.shell:Skip shell extension 'dsv' for command environment
[1.059s] INFO:colcon.colcon_ros.task.ament_cmake.build:Building ROS package in '/home/renato/ws_sensor_combined/src/apply_link_wrench_pkg' with build type 'ament_cmake'
[1.060s] INFO:colcon.colcon_cmake.task.cmake.build:Building CMake package in '/home/renato/ws_sensor_combined/src/apply_link_wrench_pkg'
[1.060s] INFO:colcon.colcon_core.shell:Skip shell extension 'powershell' for command environment: Not usable outside of PowerShell
[1.060s] DEBUG:colcon.colcon_core.shell:Skip shell extension 'dsv' for command environment
[1.073s] DEBUG:colcon.colcon_core.event_handler.log_command:Invoking command in '/home/renato/ws_sensor_combined/build/px4_msgs': CMAKE_PREFIX_PATH=${CMAKE_PREFIX_PATH}:/opt/ros/humble /usr/bin/cmake --build /home/renato/ws_sensor_combined/build/px4_msgs -- -j20 -l20
[1.085s] DEBUG:colcon.colcon_core.event_handler.log_command:Invoking command in '/home/renato/ws_sensor_combined/build/apply_link_wrench_pkg': CMAKE_PREFIX_PATH=${CMAKE_PREFIX_PATH}:/opt/ros/humble /usr/bin/cmake --build /home/renato/ws_sensor_combined/build/apply_link_wrench_pkg -- -j20 -l20
[3.099s] DEBUG:colcon.colcon_core.event_handler.log_command:Invoked command in '/home/renato/ws_sensor_combined/build/px4_msgs' returned '0': CMAKE_PREFIX_PATH=${CMAKE_PREFIX_PATH}:/opt/ros/humble /usr/bin/cmake --build /home/renato/ws_sensor_combined/build/px4_msgs -- -j20 -l20
[3.119s] DEBUG:colcon.colcon_core.event_handler.log_command:Invoking command in '/home/renato/ws_sensor_combined/build/px4_msgs': CMAKE_PREFIX_PATH=${CMAKE_PREFIX_PATH}:/opt/ros/humble /usr/bin/cmake --install /home/renato/ws_sensor_combined/build/px4_msgs
[4.356s] Level 1:colcon.colcon_core.environment:create_environment_scripts_only(px4_msgs)
[4.357s] DEBUG:colcon.colcon_core.event_handler.log_command:Invoked command in '/home/renato/ws_sensor_combined/build/px4_msgs' returned '0': CMAKE_PREFIX_PATH=${CMAKE_PREFIX_PATH}:/opt/ros/humble /usr/bin/cmake --install /home/renato/ws_sensor_combined/build/px4_msgs
[4.365s] Level 1:colcon.colcon_core.environment:checking '/home/renato/ws_sensor_combined/install/px4_msgs' for CMake module files
[4.366s] Level 1:colcon.colcon_core.environment:checking '/home/renato/ws_sensor_combined/install/px4_msgs' for CMake config files
[4.393s] Level 1:colcon.colcon_core.shell:create_environment_hook('px4_msgs', 'cmake_prefix_path')
[4.394s] INFO:colcon.colcon_core.shell:Creating environment hook '/home/renato/ws_sensor_combined/install/px4_msgs/share/px4_msgs/hook/cmake_prefix_path.ps1'
[4.395s] INFO:colcon.colcon_core.shell:Creating environment descriptor '/home/renato/ws_sensor_combined/install/px4_msgs/share/px4_msgs/hook/cmake_prefix_path.dsv'
[4.396s] INFO:colcon.colcon_core.shell:Creating environment hook '/home/renato/ws_sensor_combined/install/px4_msgs/share/px4_msgs/hook/cmake_prefix_path.sh'
[4.398s] Level 1:colcon.colcon_core.environment:checking '/home/renato/ws_sensor_combined/install/px4_msgs/lib'
[4.398s] Level 1:colcon.colcon_core.shell:create_environment_hook('px4_msgs', 'ld_library_path_lib')
[4.399s] INFO:colcon.colcon_core.shell:Creating environment hook '/home/renato/ws_sensor_combined/install/px4_msgs/share/px4_msgs/hook/ld_library_path_lib.ps1'
[4.400s] INFO:colcon.colcon_core.shell:Creating environment descriptor '/home/renato/ws_sensor_combined/install/px4_msgs/share/px4_msgs/hook/ld_library_path_lib.dsv'
[4.401s] INFO:colcon.colcon_core.shell:Creating environment hook '/home/renato/ws_sensor_combined/install/px4_msgs/share/px4_msgs/hook/ld_library_path_lib.sh'
[4.402s] Level 1:colcon.colcon_core.environment:checking '/home/renato/ws_sensor_combined/install/px4_msgs/bin'
[4.402s] Level 1:colcon.colcon_core.environment:checking '/home/renato/ws_sensor_combined/install/px4_msgs/lib/pkgconfig/px4_msgs.pc'
[4.402s] Level 1:colcon.colcon_core.environment:checking '/home/renato/ws_sensor_combined/install/px4_msgs/lib/python3.10/site-packages'
[4.403s] Level 1:colcon.colcon_core.environment:checking '/home/renato/ws_sensor_combined/install/px4_msgs/bin'
[4.404s] INFO:colcon.colcon_core.shell:Creating package script '/home/renato/ws_sensor_combined/install/px4_msgs/share/px4_msgs/package.ps1'
[4.406s] INFO:colcon.colcon_core.shell:Creating package descriptor '/home/renato/ws_sensor_combined/install/px4_msgs/share/px4_msgs/package.dsv'
[4.407s] INFO:colcon.colcon_core.shell:Creating package script '/home/renato/ws_sensor_combined/install/px4_msgs/share/px4_msgs/package.sh'
[4.409s] INFO:colcon.colcon_core.shell:Creating package script '/home/renato/ws_sensor_combined/install/px4_msgs/share/px4_msgs/package.bash'
[4.411s] INFO:colcon.colcon_core.shell:Creating package script '/home/renato/ws_sensor_combined/install/px4_msgs/share/px4_msgs/package.zsh'
[4.412s] Level 1:colcon.colcon_core.environment:create_file_with_runtime_dependencies(/home/renato/ws_sensor_combined/install/px4_msgs/share/colcon-core/packages/px4_msgs)
[4.414s] Level 1:colcon.colcon_core.environment:create_environment_scripts_only(px4_msgs)
[4.414s] Level 1:colcon.colcon_core.environment:checking '/home/renato/ws_sensor_combined/install/px4_msgs' for CMake module files
[4.415s] Level 1:colcon.colcon_core.environment:checking '/home/renato/ws_sensor_combined/install/px4_msgs' for CMake config files
[4.438s] Level 1:colcon.colcon_core.shell:create_environment_hook('px4_msgs', 'cmake_prefix_path')
[4.438s] INFO:colcon.colcon_core.shell:Creating environment hook '/home/renato/ws_sensor_combined/install/px4_msgs/share/px4_msgs/hook/cmake_prefix_path.ps1'
[4.439s] INFO:colcon.colcon_core.shell:Creating environment descriptor '/home/renato/ws_sensor_combined/install/px4_msgs/share/px4_msgs/hook/cmake_prefix_path.dsv'
[4.440s] INFO:colcon.colcon_core.shell:Creating environment hook '/home/renato/ws_sensor_combined/install/px4_msgs/share/px4_msgs/hook/cmake_prefix_path.sh'
[4.441s] Level 1:colcon.colcon_core.environment:checking '/home/renato/ws_sensor_combined/install/px4_msgs/lib'
[4.441s] Level 1:colcon.colcon_core.shell:create_environment_hook('px4_msgs', 'ld_library_path_lib')
[4.442s] INFO:colcon.colcon_core.shell:Creating environment hook '/home/renato/ws_sensor_combined/install/px4_msgs/share/px4_msgs/hook/ld_library_path_lib.ps1'
[4.442s] INFO:colcon.colcon_core.shell:Creating environment descriptor '/home/renato/ws_sensor_combined/install/px4_msgs/share/px4_msgs/hook/ld_library_path_lib.dsv'
[4.443s] INFO:colcon.colcon_core.shell:Creating environment hook '/home/renato/ws_sensor_combined/install/px4_msgs/share/px4_msgs/hook/ld_library_path_lib.sh'
[4.443s] Level 1:colcon.colcon_core.environment:checking '/home/renato/ws_sensor_combined/install/px4_msgs/bin'
[4.444s] Level 1:colcon.colcon_core.environment:checking '/home/renato/ws_sensor_combined/install/px4_msgs/lib/pkgconfig/px4_msgs.pc'
[4.444s] Level 1:colcon.colcon_core.environment:checking '/home/renato/ws_sensor_combined/install/px4_msgs/lib/python3.10/site-packages'
[4.444s] Level 1:colcon.colcon_core.environment:checking '/home/renato/ws_sensor_combined/install/px4_msgs/bin'
[4.445s] INFO:colcon.colcon_core.shell:Creating package script '/home/renato/ws_sensor_combined/install/px4_msgs/share/px4_msgs/package.ps1'
[4.446s] INFO:colcon.colcon_core.shell:Creating package descriptor '/home/renato/ws_sensor_combined/install/px4_msgs/share/px4_msgs/package.dsv'
[4.447s] INFO:colcon.colcon_core.shell:Creating package script '/home/renato/ws_sensor_combined/install/px4_msgs/share/px4_msgs/package.sh'
[4.447s] INFO:colcon.colcon_core.shell:Creating package script '/home/renato/ws_sensor_combined/install/px4_msgs/share/px4_msgs/package.bash'
[4.448s] INFO:colcon.colcon_core.shell:Creating package script '/home/renato/ws_sensor_combined/install/px4_msgs/share/px4_msgs/package.zsh'
[4.448s] Level 1:colcon.colcon_core.environment:create_file_with_runtime_dependencies(/home/renato/ws_sensor_combined/install/px4_msgs/share/colcon-core/packages/px4_msgs)
[4.449s] INFO:colcon.colcon_ros.task.ament_cmake.build:Building ROS package in '/home/renato/ws_sensor_combined/src/dual_wrench_publisher_pkg' with build type 'ament_cmake'
[4.449s] INFO:colcon.colcon_cmake.task.cmake.build:Building CMake package in '/home/renato/ws_sensor_combined/src/dual_wrench_publisher_pkg'
[4.449s] INFO:colcon.colcon_core.shell:Skip shell extension 'powershell' for command environment: Not usable outside of PowerShell
[4.449s] DEBUG:colcon.colcon_core.shell:Skip shell extension 'dsv' for command environment
[4.459s] INFO:colcon.colcon_ros.task.ament_cmake.build:Building ROS package in '/home/renato/ws_sensor_combined/src/load_cell_publisher_pkg' with build type 'ament_cmake'
[4.459s] INFO:colcon.colcon_cmake.task.cmake.build:Building CMake package in '/home/renato/ws_sensor_combined/src/load_cell_publisher_pkg'
[4.460s] INFO:colcon.colcon_core.shell:Skip shell extension 'powershell' for command environment: Not usable outside of PowerShell
[4.460s] DEBUG:colcon.colcon_core.shell:Skip shell extension 'dsv' for command environment
[4.473s] INFO:colcon.colcon_ros.task.ament_cmake.build:Building ROS package in '/home/renato/ws_sensor_combined/src/px4_ros_com' with build type 'ament_cmake'
[4.473s] INFO:colcon.colcon_cmake.task.cmake.build:Building CMake package in '/home/renato/ws_sensor_combined/src/px4_ros_com'
[4.474s] INFO:colcon.colcon_core.shell:Skip shell extension 'powershell' for command environment: Not usable outside of PowerShell
[4.474s] DEBUG:colcon.colcon_core.shell:Skip shell extension 'dsv' for command environment
[4.485s] INFO:colcon.colcon_ros.task.ament_cmake.build:Building ROS package in '/home/renato/ws_sensor_combined/src/sensor_driver_pkg' with build type 'ament_cmake'
[4.485s] INFO:colcon.colcon_cmake.task.cmake.build:Building CMake package in '/home/renato/ws_sensor_combined/src/sensor_driver_pkg'
[4.485s] INFO:colcon.colcon_core.shell:Skip shell extension 'powershell' for command environment: Not usable outside of PowerShell
[4.486s] DEBUG:colcon.colcon_core.shell:Skip shell extension 'dsv' for command environment
[4.504s] DEBUG:colcon.colcon_core.event_handler.log_command:Invoking command in '/home/renato/ws_sensor_combined/build/dual_wrench_publisher_pkg': CMAKE_PREFIX_PATH=/home/renato/ws_sensor_combined/install/px4_msgs:/home/renato/ws_sensor_combined/install/sensor_driver_pkg:/home/renato/ws_sensor_combined/install/px4_ros_com:/home/renato/ws_sensor_combined/install/load_cell_publisher_pkg:/home/renato/ws_sensor_combined/install/dual_wrench_publisher_pkg:/home/renato/ws_sensor_combined/install/apply_link_wrench_pkg:/home/renato/bridge_ws/install/test_ros_gz_bridge:/home/renato/bridge_ws/install/ros_ign_interfaces:/home/renato/bridge_ws/install/ros_ign:/home/renato/bridge_ws/install/ros_ign_image:/home/renato/bridge_ws/install/ros_ign_gazebo_demos:/home/renato/bridge_ws/install/ros_ign_gazebo:/home/renato/bridge_ws/install/ros_ign_bridge:/home/renato/bridge_ws/install/ros_gz:/home/renato/bridge_ws/install/ros_gz_sim_demos:/home/renato/bridge_ws/install/ros_gz_sim:/home/renato/bridge_ws/install/ros_gz_image:/home/renato/bridge_ws/install/ros_gz_bridge:/home/renato/bridge_ws/install/ros_gz_interfaces:/opt/ros/humble LD_LIBRARY_PATH=/home/renato/ws_sensor_combined/install/px4_msgs/lib:/home/renato/ws_sensor_combined/install/px4_ros_com/lib:/home/renato/bridge_ws/install/ros_ign_interfaces/lib:/home/renato/bridge_ws/install/ros_gz_sim/lib:/home/renato/bridge_ws/install/ros_gz_bridge/lib:/home/renato/bridge_ws/install/ros_gz_interfaces/lib:/opt/ros/humble/opt/rviz_ogre_vendor/lib:/opt/ros/humble/lib/x86_64-linux-gnu:/opt/ros/humble/lib /usr/bin/cmake --build /home/renato/ws_sensor_combined/build/dual_wrench_publisher_pkg -- -j20 -l20
[4.511s] DEBUG:colcon.colcon_core.event_handler.log_command:Invoking command in '/home/renato/ws_sensor_combined/build/load_cell_publisher_pkg': CMAKE_PREFIX_PATH=/home/renato/ws_sensor_combined/install/px4_msgs:/home/renato/ws_sensor_combined/install/sensor_driver_pkg:/home/renato/ws_sensor_combined/install/px4_ros_com:/home/renato/ws_sensor_combined/install/load_cell_publisher_pkg:/home/renato/ws_sensor_combined/install/dual_wrench_publisher_pkg:/home/renato/ws_sensor_combined/install/apply_link_wrench_pkg:/home/renato/bridge_ws/install/test_ros_gz_bridge:/home/renato/bridge_ws/install/ros_ign_interfaces:/home/renato/bridge_ws/install/ros_ign:/home/renato/bridge_ws/install/ros_ign_image:/home/renato/bridge_ws/install/ros_ign_gazebo_demos:/home/renato/bridge_ws/install/ros_ign_gazebo:/home/renato/bridge_ws/install/ros_ign_bridge:/home/renato/bridge_ws/install/ros_gz:/home/renato/bridge_ws/install/ros_gz_sim_demos:/home/renato/bridge_ws/install/ros_gz_sim:/home/renato/bridge_ws/install/ros_gz_image:/home/renato/bridge_ws/install/ros_gz_bridge:/home/renato/bridge_ws/install/ros_gz_interfaces:/opt/ros/humble LD_LIBRARY_PATH=/home/renato/ws_sensor_combined/install/px4_msgs/lib:/home/renato/ws_sensor_combined/install/px4_ros_com/lib:/home/renato/bridge_ws/install/ros_ign_interfaces/lib:/home/renato/bridge_ws/install/ros_gz_sim/lib:/home/renato/bridge_ws/install/ros_gz_bridge/lib:/home/renato/bridge_ws/install/ros_gz_interfaces/lib:/opt/ros/humble/opt/rviz_ogre_vendor/lib:/opt/ros/humble/lib/x86_64-linux-gnu:/opt/ros/humble/lib /usr/bin/cmake --build /home/renato/ws_sensor_combined/build/load_cell_publisher_pkg -- -j20 -l20
[4.519s] DEBUG:colcon.colcon_core.event_handler.log_command:Invoking command in '/home/renato/ws_sensor_combined/build/px4_ros_com': CMAKE_PREFIX_PATH=/home/renato/ws_sensor_combined/install/px4_msgs:/home/renato/ws_sensor_combined/install/sensor_driver_pkg:/home/renato/ws_sensor_combined/install/px4_ros_com:/home/renato/ws_sensor_combined/install/load_cell_publisher_pkg:/home/renato/ws_sensor_combined/install/dual_wrench_publisher_pkg:/home/renato/ws_sensor_combined/install/apply_link_wrench_pkg:/home/renato/bridge_ws/install/test_ros_gz_bridge:/home/renato/bridge_ws/install/ros_ign_interfaces:/home/renato/bridge_ws/install/ros_ign:/home/renato/bridge_ws/install/ros_ign_image:/home/renato/bridge_ws/install/ros_ign_gazebo_demos:/home/renato/bridge_ws/install/ros_ign_gazebo:/home/renato/bridge_ws/install/ros_ign_bridge:/home/renato/bridge_ws/install/ros_gz:/home/renato/bridge_ws/install/ros_gz_sim_demos:/home/renato/bridge_ws/install/ros_gz_sim:/home/renato/bridge_ws/install/ros_gz_image:/home/renato/bridge_ws/install/ros_gz_bridge:/home/renato/bridge_ws/install/ros_gz_interfaces:/opt/ros/humble LD_LIBRARY_PATH=/home/renato/ws_sensor_combined/install/px4_msgs/lib:/home/renato/ws_sensor_combined/install/px4_ros_com/lib:/home/renato/bridge_ws/install/ros_ign_interfaces/lib:/home/renato/bridge_ws/install/ros_gz_sim/lib:/home/renato/bridge_ws/install/ros_gz_bridge/lib:/home/renato/bridge_ws/install/ros_gz_interfaces/lib:/opt/ros/humble/opt/rviz_ogre_vendor/lib:/opt/ros/humble/lib/x86_64-linux-gnu:/opt/ros/humble/lib /usr/bin/cmake --build /home/renato/ws_sensor_combined/build/px4_ros_com -- -j20 -l20
[4.529s] DEBUG:colcon.colcon_core.event_handler.log_command:Invoking command in '/home/renato/ws_sensor_combined/build/sensor_driver_pkg': CMAKE_PREFIX_PATH=/home/renato/ws_sensor_combined/install/px4_msgs:/home/renato/ws_sensor_combined/install/sensor_driver_pkg:/home/renato/ws_sensor_combined/install/px4_ros_com:/home/renato/ws_sensor_combined/install/load_cell_publisher_pkg:/home/renato/ws_sensor_combined/install/dual_wrench_publisher_pkg:/home/renato/ws_sensor_combined/install/apply_link_wrench_pkg:/home/renato/bridge_ws/install/test_ros_gz_bridge:/home/renato/bridge_ws/install/ros_ign_interfaces:/home/renato/bridge_ws/install/ros_ign:/home/renato/bridge_ws/install/ros_ign_image:/home/renato/bridge_ws/install/ros_ign_gazebo_demos:/home/renato/bridge_ws/install/ros_ign_gazebo:/home/renato/bridge_ws/install/ros_ign_bridge:/home/renato/bridge_ws/install/ros_gz:/home/renato/bridge_ws/install/ros_gz_sim_demos:/home/renato/bridge_ws/install/ros_gz_sim:/home/renato/bridge_ws/install/ros_gz_image:/home/renato/bridge_ws/install/ros_gz_bridge:/home/renato/bridge_ws/install/ros_gz_interfaces:/opt/ros/humble LD_LIBRARY_PATH=/home/renato/ws_sensor_combined/install/px4_msgs/lib:/home/renato/ws_sensor_combined/install/px4_ros_com/lib:/home/renato/bridge_ws/install/ros_ign_interfaces/lib:/home/renato/bridge_ws/install/ros_gz_sim/lib:/home/renato/bridge_ws/install/ros_gz_bridge/lib:/home/renato/bridge_ws/install/ros_gz_interfaces/lib:/opt/ros/humble/opt/rviz_ogre_vendor/lib:/opt/ros/humble/lib/x86_64-linux-gnu:/opt/ros/humble/lib /usr/bin/cmake --build /home/renato/ws_sensor_combined/build/sensor_driver_pkg -- -j20 -l20
[4.649s] DEBUG:colcon.colcon_core.event_handler.log_command:Invoked command in '/home/renato/ws_sensor_combined/build/load_cell_publisher_pkg' returned '0': CMAKE_PREFIX_PATH=/home/renato/ws_sensor_combined/install/px4_msgs:/home/renato/ws_sensor_combined/install/sensor_driver_pkg:/home/renato/ws_sensor_combined/install/px4_ros_com:/home/renato/ws_sensor_combined/install/load_cell_publisher_pkg:/home/renato/ws_sensor_combined/install/dual_wrench_publisher_pkg:/home/renato/ws_sensor_combined/install/apply_link_wrench_pkg:/home/renato/bridge_ws/install/test_ros_gz_bridge:/home/renato/bridge_ws/install/ros_ign_interfaces:/home/renato/bridge_ws/install/ros_ign:/home/renato/bridge_ws/install/ros_ign_image:/home/renato/bridge_ws/install/ros_ign_gazebo_demos:/home/renato/bridge_ws/install/ros_ign_gazebo:/home/renato/bridge_ws/install/ros_ign_bridge:/home/renato/bridge_ws/install/ros_gz:/home/renato/bridge_ws/install/ros_gz_sim_demos:/home/renato/bridge_ws/install/ros_gz_sim:/home/renato/bridge_ws/install/ros_gz_image:/home/renato/bridge_ws/install/ros_gz_bridge:/home/renato/bridge_ws/install/ros_gz_interfaces:/opt/ros/humble LD_LIBRARY_PATH=/home/renato/ws_sensor_combined/install/px4_msgs/lib:/home/renato/ws_sensor_combined/install/px4_ros_com/lib:/home/renato/bridge_ws/install/ros_ign_interfaces/lib:/home/renato/bridge_ws/install/ros_gz_sim/lib:/home/renato/bridge_ws/install/ros_gz_bridge/lib:/home/renato/bridge_ws/install/ros_gz_interfaces/lib:/opt/ros/humble/opt/rviz_ogre_vendor/lib:/opt/ros/humble/lib/x86_64-linux-gnu:/opt/ros/humble/lib /usr/bin/cmake --build /home/renato/ws_sensor_combined/build/load_cell_publisher_pkg -- -j20 -l20
[4.655s] DEBUG:colcon.colcon_core.event_handler.log_command:Invoking command in '/home/renato/ws_sensor_combined/build/load_cell_publisher_pkg': CMAKE_PREFIX_PATH=/home/renato/ws_sensor_combined/install/px4_msgs:/home/renato/ws_sensor_combined/install/sensor_driver_pkg:/home/renato/ws_sensor_combined/install/px4_ros_com:/home/renato/ws_sensor_combined/install/load_cell_publisher_pkg:/home/renato/ws_sensor_combined/install/dual_wrench_publisher_pkg:/home/renato/ws_sensor_combined/install/apply_link_wrench_pkg:/home/renato/bridge_ws/install/test_ros_gz_bridge:/home/renato/bridge_ws/install/ros_ign_interfaces:/home/renato/bridge_ws/install/ros_ign:/home/renato/bridge_ws/install/ros_ign_image:/home/renato/bridge_ws/install/ros_ign_gazebo_demos:/home/renato/bridge_ws/install/ros_ign_gazebo:/home/renato/bridge_ws/install/ros_ign_bridge:/home/renato/bridge_ws/install/ros_gz:/home/renato/bridge_ws/install/ros_gz_sim_demos:/home/renato/bridge_ws/install/ros_gz_sim:/home/renato/bridge_ws/install/ros_gz_image:/home/renato/bridge_ws/install/ros_gz_bridge:/home/renato/bridge_ws/install/ros_gz_interfaces:/opt/ros/humble LD_LIBRARY_PATH=/home/renato/ws_sensor_combined/install/px4_msgs/lib:/home/renato/ws_sensor_combined/install/px4_ros_com/lib:/home/renato/bridge_ws/install/ros_ign_interfaces/lib:/home/renato/bridge_ws/install/ros_gz_sim/lib:/home/renato/bridge_ws/install/ros_gz_bridge/lib:/home/renato/bridge_ws/install/ros_gz_interfaces/lib:/opt/ros/humble/opt/rviz_ogre_vendor/lib:/opt/ros/humble/lib/x86_64-linux-gnu:/opt/ros/humble/lib /usr/bin/cmake --install /home/renato/ws_sensor_combined/build/load_cell_publisher_pkg
[4.658s] DEBUG:colcon.colcon_core.event_handler.log_command:Invoked command in '/home/renato/ws_sensor_combined/build/dual_wrench_publisher_pkg' returned '0': CMAKE_PREFIX_PATH=/home/renato/ws_sensor_combined/install/px4_msgs:/home/renato/ws_sensor_combined/install/sensor_driver_pkg:/home/renato/ws_sensor_combined/install/px4_ros_com:/home/renato/ws_sensor_combined/install/load_cell_publisher_pkg:/home/renato/ws_sensor_combined/install/dual_wrench_publisher_pkg:/home/renato/ws_sensor_combined/install/apply_link_wrench_pkg:/home/renato/bridge_ws/install/test_ros_gz_bridge:/home/renato/bridge_ws/install/ros_ign_interfaces:/home/renato/bridge_ws/install/ros_ign:/home/renato/bridge_ws/install/ros_ign_image:/home/renato/bridge_ws/install/ros_ign_gazebo_demos:/home/renato/bridge_ws/install/ros_ign_gazebo:/home/renato/bridge_ws/install/ros_ign_bridge:/home/renato/bridge_ws/install/ros_gz:/home/renato/bridge_ws/install/ros_gz_sim_demos:/home/renato/bridge_ws/install/ros_gz_sim:/home/renato/bridge_ws/install/ros_gz_image:/home/renato/bridge_ws/install/ros_gz_bridge:/home/renato/bridge_ws/install/ros_gz_interfaces:/opt/ros/humble LD_LIBRARY_PATH=/home/renato/ws_sensor_combined/install/px4_msgs/lib:/home/renato/ws_sensor_combined/install/px4_ros_com/lib:/home/renato/bridge_ws/install/ros_ign_interfaces/lib:/home/renato/bridge_ws/install/ros_gz_sim/lib:/home/renato/bridge_ws/install/ros_gz_bridge/lib:/home/renato/bridge_ws/install/ros_gz_interfaces/lib:/opt/ros/humble/opt/rviz_ogre_vendor/lib:/opt/ros/humble/lib/x86_64-linux-gnu:/opt/ros/humble/lib /usr/bin/cmake --build /home/renato/ws_sensor_combined/build/dual_wrench_publisher_pkg -- -j20 -l20
[4.662s] DEBUG:colcon.colcon_core.event_handler.log_command:Invoking command in '/home/renato/ws_sensor_combined/build/dual_wrench_publisher_pkg': CMAKE_PREFIX_PATH=/home/renato/ws_sensor_combined/install/px4_msgs:/home/renato/ws_sensor_combined/install/sensor_driver_pkg:/home/renato/ws_sensor_combined/install/px4_ros_com:/home/renato/ws_sensor_combined/install/load_cell_publisher_pkg:/home/renato/ws_sensor_combined/install/dual_wrench_publisher_pkg:/home/renato/ws_sensor_combined/install/apply_link_wrench_pkg:/home/renato/bridge_ws/install/test_ros_gz_bridge:/home/renato/bridge_ws/install/ros_ign_interfaces:/home/renato/bridge_ws/install/ros_ign:/home/renato/bridge_ws/install/ros_ign_image:/home/renato/bridge_ws/install/ros_ign_gazebo_demos:/home/renato/bridge_ws/install/ros_ign_gazebo:/home/renato/bridge_ws/install/ros_ign_bridge:/home/renato/bridge_ws/install/ros_gz:/home/renato/bridge_ws/install/ros_gz_sim_demos:/home/renato/bridge_ws/install/ros_gz_sim:/home/renato/bridge_ws/install/ros_gz_image:/home/renato/bridge_ws/install/ros_gz_bridge:/home/renato/bridge_ws/install/ros_gz_interfaces:/opt/ros/humble LD_LIBRARY_PATH=/home/renato/ws_sensor_combined/install/px4_msgs/lib:/home/renato/ws_sensor_combined/install/px4_ros_com/lib:/home/renato/bridge_ws/install/ros_ign_interfaces/lib:/home/renato/bridge_ws/install/ros_gz_sim/lib:/home/renato/bridge_ws/install/ros_gz_bridge/lib:/home/renato/bridge_ws/install/ros_gz_interfaces/lib:/opt/ros/humble/opt/rviz_ogre_vendor/lib:/opt/ros/humble/lib/x86_64-linux-gnu:/opt/ros/humble/lib /usr/bin/cmake --install /home/renato/ws_sensor_combined/build/dual_wrench_publisher_pkg
[4.685s] DEBUG:colcon.colcon_core.event_handler.log_command:Invoked command in '/home/renato/ws_sensor_combined/build/sensor_driver_pkg' returned '0': CMAKE_PREFIX_PATH=/home/renato/ws_sensor_combined/install/px4_msgs:/home/renato/ws_sensor_combined/install/sensor_driver_pkg:/home/renato/ws_sensor_combined/install/px4_ros_com:/home/renato/ws_sensor_combined/install/load_cell_publisher_pkg:/home/renato/ws_sensor_combined/install/dual_wrench_publisher_pkg:/home/renato/ws_sensor_combined/install/apply_link_wrench_pkg:/home/renato/bridge_ws/install/test_ros_gz_bridge:/home/renato/bridge_ws/install/ros_ign_interfaces:/home/renato/bridge_ws/install/ros_ign:/home/renato/bridge_ws/install/ros_ign_image:/home/renato/bridge_ws/install/ros_ign_gazebo_demos:/home/renato/bridge_ws/install/ros_ign_gazebo:/home/renato/bridge_ws/install/ros_ign_bridge:/home/renato/bridge_ws/install/ros_gz:/home/renato/bridge_ws/install/ros_gz_sim_demos:/home/renato/bridge_ws/install/ros_gz_sim:/home/renato/bridge_ws/install/ros_gz_image:/home/renato/bridge_ws/install/ros_gz_bridge:/home/renato/bridge_ws/install/ros_gz_interfaces:/opt/ros/humble LD_LIBRARY_PATH=/home/renato/ws_sensor_combined/install/px4_msgs/lib:/home/renato/ws_sensor_combined/install/px4_ros_com/lib:/home/renato/bridge_ws/install/ros_ign_interfaces/lib:/home/renato/bridge_ws/install/ros_gz_sim/lib:/home/renato/bridge_ws/install/ros_gz_bridge/lib:/home/renato/bridge_ws/install/ros_gz_interfaces/lib:/opt/ros/humble/opt/rviz_ogre_vendor/lib:/opt/ros/humble/lib/x86_64-linux-gnu:/opt/ros/humble/lib /usr/bin/cmake --build /home/renato/ws_sensor_combined/build/sensor_driver_pkg -- -j20 -l20
[4.688s] DEBUG:colcon.colcon_core.event_handler.log_command:Invoking command in '/home/renato/ws_sensor_combined/build/sensor_driver_pkg': CMAKE_PREFIX_PATH=/home/renato/ws_sensor_combined/install/px4_msgs:/home/renato/ws_sensor_combined/install/sensor_driver_pkg:/home/renato/ws_sensor_combined/install/px4_ros_com:/home/renato/ws_sensor_combined/install/load_cell_publisher_pkg:/home/renato/ws_sensor_combined/install/dual_wrench_publisher_pkg:/home/renato/ws_sensor_combined/install/apply_link_wrench_pkg:/home/renato/bridge_ws/install/test_ros_gz_bridge:/home/renato/bridge_ws/install/ros_ign_interfaces:/home/renato/bridge_ws/install/ros_ign:/home/renato/bridge_ws/install/ros_ign_image:/home/renato/bridge_ws/install/ros_ign_gazebo_demos:/home/renato/bridge_ws/install/ros_ign_gazebo:/home/renato/bridge_ws/install/ros_ign_bridge:/home/renato/bridge_ws/install/ros_gz:/home/renato/bridge_ws/install/ros_gz_sim_demos:/home/renato/bridge_ws/install/ros_gz_sim:/home/renato/bridge_ws/install/ros_gz_image:/home/renato/bridge_ws/install/ros_gz_bridge:/home/renato/bridge_ws/install/ros_gz_interfaces:/opt/ros/humble LD_LIBRARY_PATH=/home/renato/ws_sensor_combined/install/px4_msgs/lib:/home/renato/ws_sensor_combined/install/px4_ros_com/lib:/home/renato/bridge_ws/install/ros_ign_interfaces/lib:/home/renato/bridge_ws/install/ros_gz_sim/lib:/home/renato/bridge_ws/install/ros_gz_bridge/lib:/home/renato/bridge_ws/install/ros_gz_interfaces/lib:/opt/ros/humble/opt/rviz_ogre_vendor/lib:/opt/ros/humble/lib/x86_64-linux-gnu:/opt/ros/humble/lib /usr/bin/cmake --install /home/renato/ws_sensor_combined/build/sensor_driver_pkg
[4.698s] Level 1:colcon.colcon_core.environment:create_environment_scripts_only(load_cell_publisher_pkg)
[4.699s] Level 1:colcon.colcon_core.environment:checking '/home/renato/ws_sensor_combined/install/load_cell_publisher_pkg' for CMake module files
[4.701s] DEBUG:colcon.colcon_core.event_handler.log_command:Invoked command in '/home/renato/ws_sensor_combined/build/load_cell_publisher_pkg' returned '0': CMAKE_PREFIX_PATH=/home/renato/ws_sensor_combined/install/px4_msgs:/home/renato/ws_sensor_combined/install/sensor_driver_pkg:/home/renato/ws_sensor_combined/install/px4_ros_com:/home/renato/ws_sensor_combined/install/load_cell_publisher_pkg:/home/renato/ws_sensor_combined/install/dual_wrench_publisher_pkg:/home/renato/ws_sensor_combined/install/apply_link_wrench_pkg:/home/renato/bridge_ws/install/test_ros_gz_bridge:/home/renato/bridge_ws/install/ros_ign_interfaces:/home/renato/bridge_ws/install/ros_ign:/home/renato/bridge_ws/install/ros_ign_image:/home/renato/bridge_ws/install/ros_ign_gazebo_demos:/home/renato/bridge_ws/install/ros_ign_gazebo:/home/renato/bridge_ws/install/ros_ign_bridge:/home/renato/bridge_ws/install/ros_gz:/home/renato/bridge_ws/install/ros_gz_sim_demos:/home/renato/bridge_ws/install/ros_gz_sim:/home/renato/bridge_ws/install/ros_gz_image:/home/renato/bridge_ws/install/ros_gz_bridge:/home/renato/bridge_ws/install/ros_gz_interfaces:/opt/ros/humble LD_LIBRARY_PATH=/home/renato/ws_sensor_combined/install/px4_msgs/lib:/home/renato/ws_sensor_combined/install/px4_ros_com/lib:/home/renato/bridge_ws/install/ros_ign_interfaces/lib:/home/renato/bridge_ws/install/ros_gz_sim/lib:/home/renato/bridge_ws/install/ros_gz_bridge/lib:/home/renato/bridge_ws/install/ros_gz_interfaces/lib:/opt/ros/humble/opt/rviz_ogre_vendor/lib:/opt/ros/humble/lib/x86_64-linux-gnu:/opt/ros/humble/lib /usr/bin/cmake --install /home/renato/ws_sensor_combined/build/load_cell_publisher_pkg
[4.703s] Level 1:colcon.colcon_core.environment:checking '/home/renato/ws_sensor_combined/install/load_cell_publisher_pkg' for CMake config files
[4.705s] Level 1:colcon.colcon_core.shell:create_environment_hook('load_cell_publisher_pkg', 'cmake_prefix_path')
[4.706s] INFO:colcon.colcon_core.shell:Creating environment hook '/home/renato/ws_sensor_combined/install/load_cell_publisher_pkg/share/load_cell_publisher_pkg/hook/cmake_prefix_path.ps1'
[4.708s] INFO:colcon.colcon_core.shell:Creating environment descriptor '/home/renato/ws_sensor_combined/install/load_cell_publisher_pkg/share/load_cell_publisher_pkg/hook/cmake_prefix_path.dsv'
[4.709s] INFO:colcon.colcon_core.shell:Creating environment hook '/home/renato/ws_sensor_combined/install/load_cell_publisher_pkg/share/load_cell_publisher_pkg/hook/cmake_prefix_path.sh'
[4.711s] Level 1:colcon.colcon_core.environment:checking '/home/renato/ws_sensor_combined/install/load_cell_publisher_pkg/lib'
[4.711s] Level 1:colcon.colcon_core.environment:checking '/home/renato/ws_sensor_combined/install/load_cell_publisher_pkg/bin'
[4.711s] Level 1:colcon.colcon_core.environment:checking '/home/renato/ws_sensor_combined/install/load_cell_publisher_pkg/lib/pkgconfig/load_cell_publisher_pkg.pc'
[4.712s] Level 1:colcon.colcon_core.environment:checking '/home/renato/ws_sensor_combined/install/load_cell_publisher_pkg/lib/python3.10/site-packages'
[4.712s] Level 1:colcon.colcon_core.environment:checking '/home/renato/ws_sensor_combined/install/load_cell_publisher_pkg/bin'
[4.713s] INFO:colcon.colcon_core.shell:Creating package script '/home/renato/ws_sensor_combined/install/load_cell_publisher_pkg/share/load_cell_publisher_pkg/package.ps1'
[4.715s] INFO:colcon.colcon_core.shell:Creating package descriptor '/home/renato/ws_sensor_combined/install/load_cell_publisher_pkg/share/load_cell_publisher_pkg/package.dsv'
[4.716s] INFO:colcon.colcon_core.shell:Creating package script '/home/renato/ws_sensor_combined/install/load_cell_publisher_pkg/share/load_cell_publisher_pkg/package.sh'
[4.716s] INFO:colcon.colcon_core.shell:Creating package script '/home/renato/ws_sensor_combined/install/load_cell_publisher_pkg/share/load_cell_publisher_pkg/package.bash'
[4.717s] INFO:colcon.colcon_core.shell:Creating package script '/home/renato/ws_sensor_combined/install/load_cell_publisher_pkg/share/load_cell_publisher_pkg/package.zsh'
[4.718s] Level 1:colcon.colcon_core.environment:create_file_with_runtime_dependencies(/home/renato/ws_sensor_combined/install/load_cell_publisher_pkg/share/colcon-core/packages/load_cell_publisher_pkg)
[4.720s] Level 1:colcon.colcon_core.environment:create_environment_scripts_only(load_cell_publisher_pkg)
[4.721s] Level 1:colcon.colcon_core.environment:checking '/home/renato/ws_sensor_combined/install/load_cell_publisher_pkg' for CMake module files
[4.722s] Level 1:colcon.colcon_core.environment:checking '/home/renato/ws_sensor_combined/install/load_cell_publisher_pkg' for CMake config files
[4.722s] Level 1:colcon.colcon_core.shell:create_environment_hook('load_cell_publisher_pkg', 'cmake_prefix_path')
[4.723s] INFO:colcon.colcon_core.shell:Creating environment hook '/home/renato/ws_sensor_combined/install/load_cell_publisher_pkg/share/load_cell_publisher_pkg/hook/cmake_prefix_path.ps1'
[4.725s] INFO:colcon.colcon_core.shell:Creating environment descriptor '/home/renato/ws_sensor_combined/install/load_cell_publisher_pkg/share/load_cell_publisher_pkg/hook/cmake_prefix_path.dsv'
[4.726s] INFO:colcon.colcon_core.shell:Creating environment hook '/home/renato/ws_sensor_combined/install/load_cell_publisher_pkg/share/load_cell_publisher_pkg/hook/cmake_prefix_path.sh'
[4.727s] Level 1:colcon.colcon_core.environment:checking '/home/renato/ws_sensor_combined/install/load_cell_publisher_pkg/lib'
[4.727s] Level 1:colcon.colcon_core.environment:checking '/home/renato/ws_sensor_combined/install/load_cell_publisher_pkg/bin'
[4.727s] Level 1:colcon.colcon_core.environment:checking '/home/renato/ws_sensor_combined/install/load_cell_publisher_pkg/lib/pkgconfig/load_cell_publisher_pkg.pc'
[4.728s] Level 1:colcon.colcon_core.environment:checking '/home/renato/ws_sensor_combined/install/load_cell_publisher_pkg/lib/python3.10/site-packages'
[4.728s] Level 1:colcon.colcon_core.environment:checking '/home/renato/ws_sensor_combined/install/load_cell_publisher_pkg/bin'
[4.728s] INFO:colcon.colcon_core.shell:Creating package script '/home/renato/ws_sensor_combined/install/load_cell_publisher_pkg/share/load_cell_publisher_pkg/package.ps1'
[4.729s] INFO:colcon.colcon_core.shell:Creating package descriptor '/home/renato/ws_sensor_combined/install/load_cell_publisher_pkg/share/load_cell_publisher_pkg/package.dsv'
[4.730s] INFO:colcon.colcon_core.shell:Creating package script '/home/renato/ws_sensor_combined/install/load_cell_publisher_pkg/share/load_cell_publisher_pkg/package.sh'
[4.731s] INFO:colcon.colcon_core.shell:Creating package script '/home/renato/ws_sensor_combined/install/load_cell_publisher_pkg/share/load_cell_publisher_pkg/package.bash'
[4.731s] INFO:colcon.colcon_core.shell:Creating package script '/home/renato/ws_sensor_combined/install/load_cell_publisher_pkg/share/load_cell_publisher_pkg/package.zsh'
[4.732s] Level 1:colcon.colcon_core.environment:create_file_with_runtime_dependencies(/home/renato/ws_sensor_combined/install/load_cell_publisher_pkg/share/colcon-core/packages/load_cell_publisher_pkg)
[4.734s] Level 1:colcon.colcon_core.environment:create_environment_scripts_only(sensor_driver_pkg)
[4.735s] Level 1:colcon.colcon_core.environment:checking '/home/renato/ws_sensor_combined/install/sensor_driver_pkg' for CMake module files
[4.737s] DEBUG:colcon.colcon_core.event_handler.log_command:Invoked command in '/home/renato/ws_sensor_combined/build/sensor_driver_pkg' returned '0': CMAKE_PREFIX_PATH=/home/renato/ws_sensor_combined/install/px4_msgs:/home/renato/ws_sensor_combined/install/sensor_driver_pkg:/home/renato/ws_sensor_combined/install/px4_ros_com:/home/renato/ws_sensor_combined/install/load_cell_publisher_pkg:/home/renato/ws_sensor_combined/install/dual_wrench_publisher_pkg:/home/renato/ws_sensor_combined/install/apply_link_wrench_pkg:/home/renato/bridge_ws/install/test_ros_gz_bridge:/home/renato/bridge_ws/install/ros_ign_interfaces:/home/renato/bridge_ws/install/ros_ign:/home/renato/bridge_ws/install/ros_ign_image:/home/renato/bridge_ws/install/ros_ign_gazebo_demos:/home/renato/bridge_ws/install/ros_ign_gazebo:/home/renato/bridge_ws/install/ros_ign_bridge:/home/renato/bridge_ws/install/ros_gz:/home/renato/bridge_ws/install/ros_gz_sim_demos:/home/renato/bridge_ws/install/ros_gz_sim:/home/renato/bridge_ws/install/ros_gz_image:/home/renato/bridge_ws/install/ros_gz_bridge:/home/renato/bridge_ws/install/ros_gz_interfaces:/opt/ros/humble LD_LIBRARY_PATH=/home/renato/ws_sensor_combined/install/px4_msgs/lib:/home/renato/ws_sensor_combined/install/px4_ros_com/lib:/home/renato/bridge_ws/install/ros_ign_interfaces/lib:/home/renato/bridge_ws/install/ros_gz_sim/lib:/home/renato/bridge_ws/install/ros_gz_bridge/lib:/home/renato/bridge_ws/install/ros_gz_interfaces/lib:/opt/ros/humble/opt/rviz_ogre_vendor/lib:/opt/ros/humble/lib/x86_64-linux-gnu:/opt/ros/humble/lib /usr/bin/cmake --install /home/renato/ws_sensor_combined/build/sensor_driver_pkg
[4.737s] Level 1:colcon.colcon_core.environment:checking '/home/renato/ws_sensor_combined/install/sensor_driver_pkg' for CMake config files
[4.738s] Level 1:colcon.colcon_core.shell:create_environment_hook('sensor_driver_pkg', 'cmake_prefix_path')
[4.738s] INFO:colcon.colcon_core.shell:Creating environment hook '/home/renato/ws_sensor_combined/install/sensor_driver_pkg/share/sensor_driver_pkg/hook/cmake_prefix_path.ps1'
[4.739s] INFO:colcon.colcon_core.shell:Creating environment descriptor '/home/renato/ws_sensor_combined/install/sensor_driver_pkg/share/sensor_driver_pkg/hook/cmake_prefix_path.dsv'
[4.740s] INFO:colcon.colcon_core.shell:Creating environment hook '/home/renato/ws_sensor_combined/install/sensor_driver_pkg/share/sensor_driver_pkg/hook/cmake_prefix_path.sh'
[4.741s] Level 1:colcon.colcon_core.environment:checking '/home/renato/ws_sensor_combined/install/sensor_driver_pkg/lib'
[4.741s] Level 1:colcon.colcon_core.environment:checking '/home/renato/ws_sensor_combined/install/sensor_driver_pkg/bin'
[4.741s] Level 1:colcon.colcon_core.environment:checking '/home/renato/ws_sensor_combined/install/sensor_driver_pkg/lib/pkgconfig/sensor_driver_pkg.pc'
[4.742s] Level 1:colcon.colcon_core.environment:checking '/home/renato/ws_sensor_combined/install/sensor_driver_pkg/lib/python3.10/site-packages'
[4.742s] Level 1:colcon.colcon_core.environment:checking '/home/renato/ws_sensor_combined/install/sensor_driver_pkg/bin'
[4.743s] INFO:colcon.colcon_core.shell:Creating package script '/home/renato/ws_sensor_combined/install/sensor_driver_pkg/share/sensor_driver_pkg/package.ps1'
[4.743s] INFO:colcon.colcon_core.shell:Creating package descriptor '/home/renato/ws_sensor_combined/install/sensor_driver_pkg/share/sensor_driver_pkg/package.dsv'
[4.744s] INFO:colcon.colcon_core.shell:Creating package script '/home/renato/ws_sensor_combined/install/sensor_driver_pkg/share/sensor_driver_pkg/package.sh'
[4.745s] INFO:colcon.colcon_core.shell:Creating package script '/home/renato/ws_sensor_combined/install/sensor_driver_pkg/share/sensor_driver_pkg/package.bash'
[4.745s] INFO:colcon.colcon_core.shell:Creating package script '/home/renato/ws_sensor_combined/install/sensor_driver_pkg/share/sensor_driver_pkg/package.zsh'
[4.746s] Level 1:colcon.colcon_core.environment:create_file_with_runtime_dependencies(/home/renato/ws_sensor_combined/install/sensor_driver_pkg/share/colcon-core/packages/sensor_driver_pkg)
[4.747s] Level 1:colcon.colcon_core.environment:create_environment_scripts_only(sensor_driver_pkg)
[4.747s] Level 1:colcon.colcon_core.environment:checking '/home/renato/ws_sensor_combined/install/sensor_driver_pkg' for CMake module files
[4.748s] Level 1:colcon.colcon_core.environment:checking '/home/renato/ws_sensor_combined/install/sensor_driver_pkg' for CMake config files
[4.748s] Level 1:colcon.colcon_core.shell:create_environment_hook('sensor_driver_pkg', 'cmake_prefix_path')
[4.748s] INFO:colcon.colcon_core.shell:Creating environment hook '/home/renato/ws_sensor_combined/install/sensor_driver_pkg/share/sensor_driver_pkg/hook/cmake_prefix_path.ps1'
[4.749s] INFO:colcon.colcon_core.shell:Creating environment descriptor '/home/renato/ws_sensor_combined/install/sensor_driver_pkg/share/sensor_driver_pkg/hook/cmake_prefix_path.dsv'
[4.750s] INFO:colcon.colcon_core.shell:Creating environment hook '/home/renato/ws_sensor_combined/install/sensor_driver_pkg/share/sensor_driver_pkg/hook/cmake_prefix_path.sh'
[4.750s] Level 1:colcon.colcon_core.environment:checking '/home/renato/ws_sensor_combined/install/sensor_driver_pkg/lib'
[4.751s] Level 1:colcon.colcon_core.environment:checking '/home/renato/ws_sensor_combined/install/sensor_driver_pkg/bin'
[4.751s] Level 1:colcon.colcon_core.environment:checking '/home/renato/ws_sensor_combined/install/sensor_driver_pkg/lib/pkgconfig/sensor_driver_pkg.pc'
[4.751s] Level 1:colcon.colcon_core.environment:checking '/home/renato/ws_sensor_combined/install/sensor_driver_pkg/lib/python3.10/site-packages'
[4.752s] Level 1:colcon.colcon_core.environment:checking '/home/renato/ws_sensor_combined/install/sensor_driver_pkg/bin'
[4.752s] INFO:colcon.colcon_core.shell:Creating package script '/home/renato/ws_sensor_combined/install/sensor_driver_pkg/share/sensor_driver_pkg/package.ps1'
[4.754s] INFO:colcon.colcon_core.shell:Creating package descriptor '/home/renato/ws_sensor_combined/install/sensor_driver_pkg/share/sensor_driver_pkg/package.dsv'
[4.755s] INFO:colcon.colcon_core.shell:Creating package script '/home/renato/ws_sensor_combined/install/sensor_driver_pkg/share/sensor_driver_pkg/package.sh'
[4.756s] INFO:colcon.colcon_core.shell:Creating package script '/home/renato/ws_sensor_combined/install/sensor_driver_pkg/share/sensor_driver_pkg/package.bash'
[4.756s] INFO:colcon.colcon_core.shell:Creating package script '/home/renato/ws_sensor_combined/install/sensor_driver_pkg/share/sensor_driver_pkg/package.zsh'
[4.757s] Level 1:colcon.colcon_core.environment:create_file_with_runtime_dependencies(/home/renato/ws_sensor_combined/install/sensor_driver_pkg/share/colcon-core/packages/sensor_driver_pkg)
[4.758s] Level 1:colcon.colcon_core.environment:create_environment_scripts_only(dual_wrench_publisher_pkg)
[4.758s] Level 1:colcon.colcon_core.environment:checking '/home/renato/ws_sensor_combined/install/dual_wrench_publisher_pkg' for CMake module files
[4.760s] DEBUG:colcon.colcon_core.event_handler.log_command:Invoked command in '/home/renato/ws_sensor_combined/build/dual_wrench_publisher_pkg' returned '0': CMAKE_PREFIX_PATH=/home/renato/ws_sensor_combined/install/px4_msgs:/home/renato/ws_sensor_combined/install/sensor_driver_pkg:/home/renato/ws_sensor_combined/install/px4_ros_com:/home/renato/ws_sensor_combined/install/load_cell_publisher_pkg:/home/renato/ws_sensor_combined/install/dual_wrench_publisher_pkg:/home/renato/ws_sensor_combined/install/apply_link_wrench_pkg:/home/renato/bridge_ws/install/test_ros_gz_bridge:/home/renato/bridge_ws/install/ros_ign_interfaces:/home/renato/bridge_ws/install/ros_ign:/home/renato/bridge_ws/install/ros_ign_image:/home/renato/bridge_ws/install/ros_ign_gazebo_demos:/home/renato/bridge_ws/install/ros_ign_gazebo:/home/renato/bridge_ws/install/ros_ign_bridge:/home/renato/bridge_ws/install/ros_gz:/home/renato/bridge_ws/install/ros_gz_sim_demos:/home/renato/bridge_ws/install/ros_gz_sim:/home/renato/bridge_ws/install/ros_gz_image:/home/renato/bridge_ws/install/ros_gz_bridge:/home/renato/bridge_ws/install/ros_gz_interfaces:/opt/ros/humble LD_LIBRARY_PATH=/home/renato/ws_sensor_combined/install/px4_msgs/lib:/home/renato/ws_sensor_combined/install/px4_ros_com/lib:/home/renato/bridge_ws/install/ros_ign_interfaces/lib:/home/renato/bridge_ws/install/ros_gz_sim/lib:/home/renato/bridge_ws/install/ros_gz_bridge/lib:/home/renato/bridge_ws/install/ros_gz_interfaces/lib:/opt/ros/humble/opt/rviz_ogre_vendor/lib:/opt/ros/humble/lib/x86_64-linux-gnu:/opt/ros/humble/lib /usr/bin/cmake --install /home/renato/ws_sensor_combined/build/dual_wrench_publisher_pkg
[4.760s] Level 1:colcon.colcon_core.environment:checking '/home/renato/ws_sensor_combined/install/dual_wrench_publisher_pkg' for CMake config files
[4.761s] Level 1:colcon.colcon_core.shell:create_environment_hook('dual_wrench_publisher_pkg', 'cmake_prefix_path')
[4.762s] INFO:colcon.colcon_core.shell:Creating environment hook '/home/renato/ws_sensor_combined/install/dual_wrench_publisher_pkg/share/dual_wrench_publisher_pkg/hook/cmake_prefix_path.ps1'
[4.763s] INFO:colcon.colcon_core.shell:Creating environment descriptor '/home/renato/ws_sensor_combined/install/dual_wrench_publisher_pkg/share/dual_wrench_publisher_pkg/hook/cmake_prefix_path.dsv'
[4.763s] INFO:colcon.colcon_core.shell:Creating environment hook '/home/renato/ws_sensor_combined/install/dual_wrench_publisher_pkg/share/dual_wrench_publisher_pkg/hook/cmake_prefix_path.sh'
[4.764s] Level 1:colcon.colcon_core.environment:checking '/home/renato/ws_sensor_combined/install/dual_wrench_publisher_pkg/lib'
[4.764s] Level 1:colcon.colcon_core.environment:checking '/home/renato/ws_sensor_combined/install/dual_wrench_publisher_pkg/bin'
[4.764s] Level 1:colcon.colcon_core.environment:checking '/home/renato/ws_sensor_combined/install/dual_wrench_publisher_pkg/lib/pkgconfig/dual_wrench_publisher_pkg.pc'
[4.765s] Level 1:colcon.colcon_core.environment:checking '/home/renato/ws_sensor_combined/install/dual_wrench_publisher_pkg/lib/python3.10/site-packages'
[4.765s] Level 1:colcon.colcon_core.environment:checking '/home/renato/ws_sensor_combined/install/dual_wrench_publisher_pkg/bin'
[4.766s] INFO:colcon.colcon_core.shell:Creating package script '/home/renato/ws_sensor_combined/install/dual_wrench_publisher_pkg/share/dual_wrench_publisher_pkg/package.ps1'
[4.766s] INFO:colcon.colcon_core.shell:Creating package descriptor '/home/renato/ws_sensor_combined/install/dual_wrench_publisher_pkg/share/dual_wrench_publisher_pkg/package.dsv'
[4.768s] INFO:colcon.colcon_core.shell:Creating package script '/home/renato/ws_sensor_combined/install/dual_wrench_publisher_pkg/share/dual_wrench_publisher_pkg/package.sh'
[4.769s] INFO:colcon.colcon_core.shell:Creating package script '/home/renato/ws_sensor_combined/install/dual_wrench_publisher_pkg/share/dual_wrench_publisher_pkg/package.bash'
[4.770s] INFO:colcon.colcon_core.shell:Creating package script '/home/renato/ws_sensor_combined/install/dual_wrench_publisher_pkg/share/dual_wrench_publisher_pkg/package.zsh'
[4.771s] Level 1:colcon.colcon_core.environment:create_file_with_runtime_dependencies(/home/renato/ws_sensor_combined/install/dual_wrench_publisher_pkg/share/colcon-core/packages/dual_wrench_publisher_pkg)
[4.772s] Level 1:colcon.colcon_core.environment:create_environment_scripts_only(dual_wrench_publisher_pkg)
[4.773s] Level 1:colcon.colcon_core.environment:checking '/home/renato/ws_sensor_combined/install/dual_wrench_publisher_pkg' for CMake module files
[4.774s] Level 1:colcon.colcon_core.environment:checking '/home/renato/ws_sensor_combined/install/dual_wrench_publisher_pkg' for CMake config files
[4.775s] Level 1:colcon.colcon_core.shell:create_environment_hook('dual_wrench_publisher_pkg', 'cmake_prefix_path')
[4.775s] INFO:colcon.colcon_core.shell:Creating environment hook '/home/renato/ws_sensor_combined/install/dual_wrench_publisher_pkg/share/dual_wrench_publisher_pkg/hook/cmake_prefix_path.ps1'
[4.776s] INFO:colcon.colcon_core.shell:Creating environment descriptor '/home/renato/ws_sensor_combined/install/dual_wrench_publisher_pkg/share/dual_wrench_publisher_pkg/hook/cmake_prefix_path.dsv'
[4.777s] INFO:colcon.colcon_core.shell:Creating environment hook '/home/renato/ws_sensor_combined/install/dual_wrench_publisher_pkg/share/dual_wrench_publisher_pkg/hook/cmake_prefix_path.sh'
[4.780s] Level 1:colcon.colcon_core.environment:checking '/home/renato/ws_sensor_combined/install/dual_wrench_publisher_pkg/lib'
[4.780s] Level 1:colcon.colcon_core.environment:checking '/home/renato/ws_sensor_combined/install/dual_wrench_publisher_pkg/bin'
[4.780s] Level 1:colcon.colcon_core.environment:checking '/home/renato/ws_sensor_combined/install/dual_wrench_publisher_pkg/lib/pkgconfig/dual_wrench_publisher_pkg.pc'
[4.781s] Level 1:colcon.colcon_core.environment:checking '/home/renato/ws_sensor_combined/install/dual_wrench_publisher_pkg/lib/python3.10/site-packages'
[4.781s] Level 1:colcon.colcon_core.environment:checking '/home/renato/ws_sensor_combined/install/dual_wrench_publisher_pkg/bin'
[4.782s] INFO:colcon.colcon_core.shell:Creating package script '/home/renato/ws_sensor_combined/install/dual_wrench_publisher_pkg/share/dual_wrench_publisher_pkg/package.ps1'
[4.783s] INFO:colcon.colcon_core.shell:Creating package descriptor '/home/renato/ws_sensor_combined/install/dual_wrench_publisher_pkg/share/dual_wrench_publisher_pkg/package.dsv'
[4.785s] INFO:colcon.colcon_core.shell:Creating package script '/home/renato/ws_sensor_combined/install/dual_wrench_publisher_pkg/share/dual_wrench_publisher_pkg/package.sh'
[4.786s] INFO:colcon.colcon_core.shell:Creating package script '/home/renato/ws_sensor_combined/install/dual_wrench_publisher_pkg/share/dual_wrench_publisher_pkg/package.bash'
[4.787s] INFO:colcon.colcon_core.shell:Creating package script '/home/renato/ws_sensor_combined/install/dual_wrench_publisher_pkg/share/dual_wrench_publisher_pkg/package.zsh'
[4.788s] Level 1:colcon.colcon_core.environment:create_file_with_runtime_dependencies(/home/renato/ws_sensor_combined/install/dual_wrench_publisher_pkg/share/colcon-core/packages/dual_wrench_publisher_pkg)
[5.586s] DEBUG:colcon.colcon_core.event_handler.log_command:Invoked command in '/home/renato/ws_sensor_combined/build/px4_ros_com' returned '0': CMAKE_PREFIX_PATH=/home/renato/ws_sensor_combined/install/px4_msgs:/home/renato/ws_sensor_combined/install/sensor_driver_pkg:/home/renato/ws_sensor_combined/install/px4_ros_com:/home/renato/ws_sensor_combined/install/load_cell_publisher_pkg:/home/renato/ws_sensor_combined/install/dual_wrench_publisher_pkg:/home/renato/ws_sensor_combined/install/apply_link_wrench_pkg:/home/renato/bridge_ws/install/test_ros_gz_bridge:/home/renato/bridge_ws/install/ros_ign_interfaces:/home/renato/bridge_ws/install/ros_ign:/home/renato/bridge_ws/install/ros_ign_image:/home/renato/bridge_ws/install/ros_ign_gazebo_demos:/home/renato/bridge_ws/install/ros_ign_gazebo:/home/renato/bridge_ws/install/ros_ign_bridge:/home/renato/bridge_ws/install/ros_gz:/home/renato/bridge_ws/install/ros_gz_sim_demos:/home/renato/bridge_ws/install/ros_gz_sim:/home/renato/bridge_ws/install/ros_gz_image:/home/renato/bridge_ws/install/ros_gz_bridge:/home/renato/bridge_ws/install/ros_gz_interfaces:/opt/ros/humble LD_LIBRARY_PATH=/home/renato/ws_sensor_combined/install/px4_msgs/lib:/home/renato/ws_sensor_combined/install/px4_ros_com/lib:/home/renato/bridge_ws/install/ros_ign_interfaces/lib:/home/renato/bridge_ws/install/ros_gz_sim/lib:/home/renato/bridge_ws/install/ros_gz_bridge/lib:/home/renato/bridge_ws/install/ros_gz_interfaces/lib:/opt/ros/humble/opt/rviz_ogre_vendor/lib:/opt/ros/humble/lib/x86_64-linux-gnu:/opt/ros/humble/lib /usr/bin/cmake --build /home/renato/ws_sensor_combined/build/px4_ros_com -- -j20 -l20
[5.591s] DEBUG:colcon.colcon_core.event_handler.log_command:Invoking command in '/home/renato/ws_sensor_combined/build/px4_ros_com': CMAKE_PREFIX_PATH=/home/renato/ws_sensor_combined/install/px4_msgs:/home/renato/ws_sensor_combined/install/sensor_driver_pkg:/home/renato/ws_sensor_combined/install/px4_ros_com:/home/renato/ws_sensor_combined/install/load_cell_publisher_pkg:/home/renato/ws_sensor_combined/install/dual_wrench_publisher_pkg:/home/renato/ws_sensor_combined/install/apply_link_wrench_pkg:/home/renato/bridge_ws/install/test_ros_gz_bridge:/home/renato/bridge_ws/install/ros_ign_interfaces:/home/renato/bridge_ws/install/ros_ign:/home/renato/bridge_ws/install/ros_ign_image:/home/renato/bridge_ws/install/ros_ign_gazebo_demos:/home/renato/bridge_ws/install/ros_ign_gazebo:/home/renato/bridge_ws/install/ros_ign_bridge:/home/renato/bridge_ws/install/ros_gz:/home/renato/bridge_ws/install/ros_gz_sim_demos:/home/renato/bridge_ws/install/ros_gz_sim:/home/renato/bridge_ws/install/ros_gz_image:/home/renato/bridge_ws/install/ros_gz_bridge:/home/renato/bridge_ws/install/ros_gz_interfaces:/opt/ros/humble LD_LIBRARY_PATH=/home/renato/ws_sensor_combined/install/px4_msgs/lib:/home/renato/ws_sensor_combined/install/px4_ros_com/lib:/home/renato/bridge_ws/install/ros_ign_interfaces/lib:/home/renato/bridge_ws/install/ros_gz_sim/lib:/home/renato/bridge_ws/install/ros_gz_bridge/lib:/home/renato/bridge_ws/install/ros_gz_interfaces/lib:/opt/ros/humble/opt/rviz_ogre_vendor/lib:/opt/ros/humble/lib/x86_64-linux-gnu:/opt/ros/humble/lib /usr/bin/cmake --install /home/renato/ws_sensor_combined/build/px4_ros_com
[5.733s] Level 1:colcon.colcon_core.environment:create_environment_scripts_only(px4_ros_com)
[5.734s] Level 1:colcon.colcon_core.environment:checking '/home/renato/ws_sensor_combined/install/px4_ros_com' for CMake module files
[5.734s] DEBUG:colcon.colcon_core.event_handler.log_command:Invoked command in '/home/renato/ws_sensor_combined/build/px4_ros_com' returned '0': CMAKE_PREFIX_PATH=/home/renato/ws_sensor_combined/install/px4_msgs:/home/renato/ws_sensor_combined/install/sensor_driver_pkg:/home/renato/ws_sensor_combined/install/px4_ros_com:/home/renato/ws_sensor_combined/install/load_cell_publisher_pkg:/home/renato/ws_sensor_combined/install/dual_wrench_publisher_pkg:/home/renato/ws_sensor_combined/install/apply_link_wrench_pkg:/home/renato/bridge_ws/install/test_ros_gz_bridge:/home/renato/bridge_ws/install/ros_ign_interfaces:/home/renato/bridge_ws/install/ros_ign:/home/renato/bridge_ws/install/ros_ign_image:/home/renato/bridge_ws/install/ros_ign_gazebo_demos:/home/renato/bridge_ws/install/ros_ign_gazebo:/home/renato/bridge_ws/install/ros_ign_bridge:/home/renato/bridge_ws/install/ros_gz:/home/renato/bridge_ws/install/ros_gz_sim_demos:/home/renato/bridge_ws/install/ros_gz_sim:/home/renato/bridge_ws/install/ros_gz_image:/home/renato/bridge_ws/install/ros_gz_bridge:/home/renato/bridge_ws/install/ros_gz_interfaces:/opt/ros/humble LD_LIBRARY_PATH=/home/renato/ws_sensor_combined/install/px4_msgs/lib:/home/renato/ws_sensor_combined/install/px4_ros_com/lib:/home/renato/bridge_ws/install/ros_ign_interfaces/lib:/home/renato/bridge_ws/install/ros_gz_sim/lib:/home/renato/bridge_ws/install/ros_gz_bridge/lib:/home/renato/bridge_ws/install/ros_gz_interfaces/lib:/opt/ros/humble/opt/rviz_ogre_vendor/lib:/opt/ros/humble/lib/x86_64-linux-gnu:/opt/ros/humble/lib /usr/bin/cmake --install /home/renato/ws_sensor_combined/build/px4_ros_com
[5.735s] Level 1:colcon.colcon_core.environment:checking '/home/renato/ws_sensor_combined/install/px4_ros_com' for CMake config files
[5.736s] Level 1:colcon.colcon_core.shell:create_environment_hook('px4_ros_com', 'cmake_prefix_path')
[5.736s] INFO:colcon.colcon_core.shell:Creating environment hook '/home/renato/ws_sensor_combined/install/px4_ros_com/share/px4_ros_com/hook/cmake_prefix_path.ps1'
[5.737s] INFO:colcon.colcon_core.shell:Creating environment descriptor '/home/renato/ws_sensor_combined/install/px4_ros_com/share/px4_ros_com/hook/cmake_prefix_path.dsv'
[5.738s] INFO:colcon.colcon_core.shell:Creating environment hook '/home/renato/ws_sensor_combined/install/px4_ros_com/share/px4_ros_com/hook/cmake_prefix_path.sh'
[5.739s] Level 1:colcon.colcon_core.environment:checking '/home/renato/ws_sensor_combined/install/px4_ros_com/lib'
[5.739s] Level 1:colcon.colcon_core.shell:create_environment_hook('px4_ros_com', 'ld_library_path_lib')
[5.740s] INFO:colcon.colcon_core.shell:Creating environment hook '/home/renato/ws_sensor_combined/install/px4_ros_com/share/px4_ros_com/hook/ld_library_path_lib.ps1'
[5.740s] INFO:colcon.colcon_core.shell:Creating environment descriptor '/home/renato/ws_sensor_combined/install/px4_ros_com/share/px4_ros_com/hook/ld_library_path_lib.dsv'
[5.741s] INFO:colcon.colcon_core.shell:Creating environment hook '/home/renato/ws_sensor_combined/install/px4_ros_com/share/px4_ros_com/hook/ld_library_path_lib.sh'
[5.742s] Level 1:colcon.colcon_core.environment:checking '/home/renato/ws_sensor_combined/install/px4_ros_com/bin'
[5.742s] Level 1:colcon.colcon_core.environment:checking '/home/renato/ws_sensor_combined/install/px4_ros_com/lib/pkgconfig/px4_ros_com.pc'
[5.742s] Level 1:colcon.colcon_core.environment:checking '/home/renato/ws_sensor_combined/install/px4_ros_com/lib/python3.10/site-packages'
[5.743s] Level 1:colcon.colcon_core.environment:checking '/home/renato/ws_sensor_combined/install/px4_ros_com/bin'
[5.743s] INFO:colcon.colcon_core.shell:Creating package script '/home/renato/ws_sensor_combined/install/px4_ros_com/share/px4_ros_com/package.ps1'
[5.744s] INFO:colcon.colcon_core.shell:Creating package descriptor '/home/renato/ws_sensor_combined/install/px4_ros_com/share/px4_ros_com/package.dsv'
[5.745s] INFO:colcon.colcon_core.shell:Creating package script '/home/renato/ws_sensor_combined/install/px4_ros_com/share/px4_ros_com/package.sh'
[5.745s] INFO:colcon.colcon_core.shell:Creating package script '/home/renato/ws_sensor_combined/install/px4_ros_com/share/px4_ros_com/package.bash'
[5.746s] INFO:colcon.colcon_core.shell:Creating package script '/home/renato/ws_sensor_combined/install/px4_ros_com/share/px4_ros_com/package.zsh'
[5.746s] Level 1:colcon.colcon_core.environment:create_file_with_runtime_dependencies(/home/renato/ws_sensor_combined/install/px4_ros_com/share/colcon-core/packages/px4_ros_com)
[5.748s] Level 1:colcon.colcon_core.environment:create_environment_scripts_only(px4_ros_com)
[5.748s] Level 1:colcon.colcon_core.environment:checking '/home/renato/ws_sensor_combined/install/px4_ros_com' for CMake module files
[5.749s] Level 1:colcon.colcon_core.environment:checking '/home/renato/ws_sensor_combined/install/px4_ros_com' for CMake config files
[5.749s] Level 1:colcon.colcon_core.shell:create_environment_hook('px4_ros_com', 'cmake_prefix_path')
[5.750s] INFO:colcon.colcon_core.shell:Creating environment hook '/home/renato/ws_sensor_combined/install/px4_ros_com/share/px4_ros_com/hook/cmake_prefix_path.ps1'
[5.751s] INFO:colcon.colcon_core.shell:Creating environment descriptor '/home/renato/ws_sensor_combined/install/px4_ros_com/share/px4_ros_com/hook/cmake_prefix_path.dsv'
[5.751s] INFO:colcon.colcon_core.shell:Creating environment hook '/home/renato/ws_sensor_combined/install/px4_ros_com/share/px4_ros_com/hook/cmake_prefix_path.sh'
[5.752s] Level 1:colcon.colcon_core.environment:checking '/home/renato/ws_sensor_combined/install/px4_ros_com/lib'
[5.753s] Level 1:colcon.colcon_core.shell:create_environment_hook('px4_ros_com', 'ld_library_path_lib')
[5.753s] INFO:colcon.colcon_core.shell:Creating environment hook '/home/renato/ws_sensor_combined/install/px4_ros_com/share/px4_ros_com/hook/ld_library_path_lib.ps1'
[5.754s] INFO:colcon.colcon_core.shell:Creating environment descriptor '/home/renato/ws_sensor_combined/install/px4_ros_com/share/px4_ros_com/hook/ld_library_path_lib.dsv'
[5.754s] INFO:colcon.colcon_core.shell:Creating environment hook '/home/renato/ws_sensor_combined/install/px4_ros_com/share/px4_ros_com/hook/ld_library_path_lib.sh'
[5.755s] Level 1:colcon.colcon_core.environment:checking '/home/renato/ws_sensor_combined/install/px4_ros_com/bin'
[5.755s] Level 1:colcon.colcon_core.environment:checking '/home/renato/ws_sensor_combined/install/px4_ros_com/lib/pkgconfig/px4_ros_com.pc'
[5.755s] Level 1:colcon.colcon_core.environment:checking '/home/renato/ws_sensor_combined/install/px4_ros_com/lib/python3.10/site-packages'
[5.756s] Level 1:colcon.colcon_core.environment:checking '/home/renato/ws_sensor_combined/install/px4_ros_com/bin'
[5.756s] INFO:colcon.colcon_core.shell:Creating package script '/home/renato/ws_sensor_combined/install/px4_ros_com/share/px4_ros_com/package.ps1'
[5.757s] INFO:colcon.colcon_core.shell:Creating package descriptor '/home/renato/ws_sensor_combined/install/px4_ros_com/share/px4_ros_com/package.dsv'
[5.758s] INFO:colcon.colcon_core.shell:Creating package script '/home/renato/ws_sensor_combined/install/px4_ros_com/share/px4_ros_com/package.sh'
[5.759s] INFO:colcon.colcon_core.shell:Creating package script '/home/renato/ws_sensor_combined/install/px4_ros_com/share/px4_ros_com/package.bash'
[5.759s] INFO:colcon.colcon_core.shell:Creating package script '/home/renato/ws_sensor_combined/install/px4_ros_com/share/px4_ros_com/package.zsh'
[5.760s] Level 1:colcon.colcon_core.environment:create_file_with_runtime_dependencies(/home/renato/ws_sensor_combined/install/px4_ros_com/share/colcon-core/packages/px4_ros_com)
[10.361s] DEBUG:colcon.colcon_core.event_handler.log_command:Invoked command in '/home/renato/ws_sensor_combined/build/apply_link_wrench_pkg' returned '0': CMAKE_PREFIX_PATH=${CMAKE_PREFIX_PATH}:/opt/ros/humble /usr/bin/cmake --build /home/renato/ws_sensor_combined/build/apply_link_wrench_pkg -- -j20 -l20
[10.366s] DEBUG:colcon.colcon_core.event_handler.log_command:Invoking command in '/home/renato/ws_sensor_combined/build/apply_link_wrench_pkg': CMAKE_PREFIX_PATH=${CMAKE_PREFIX_PATH}:/opt/ros/humble /usr/bin/cmake --install /home/renato/ws_sensor_combined/build/apply_link_wrench_pkg
[10.417s] Level 1:colcon.colcon_core.environment:create_environment_scripts_only(apply_link_wrench_pkg)
[10.418s] Level 1:colcon.colcon_core.environment:checking '/home/renato/ws_sensor_combined/install/apply_link_wrench_pkg' for CMake module files
[10.419s] DEBUG:colcon.colcon_core.event_handler.log_command:Invoked command in '/home/renato/ws_sensor_combined/build/apply_link_wrench_pkg' returned '0': CMAKE_PREFIX_PATH=${CMAKE_PREFIX_PATH}:/opt/ros/humble /usr/bin/cmake --install /home/renato/ws_sensor_combined/build/apply_link_wrench_pkg
[10.420s] Level 1:colcon.colcon_core.environment:checking '/home/renato/ws_sensor_combined/install/apply_link_wrench_pkg' for CMake config files
[10.421s] Level 1:colcon.colcon_core.shell:create_environment_hook('apply_link_wrench_pkg', 'cmake_prefix_path')
[10.421s] INFO:colcon.colcon_core.shell:Creating environment hook '/home/renato/ws_sensor_combined/install/apply_link_wrench_pkg/share/apply_link_wrench_pkg/hook/cmake_prefix_path.ps1'
[10.422s] INFO:colcon.colcon_core.shell:Creating environment descriptor '/home/renato/ws_sensor_combined/install/apply_link_wrench_pkg/share/apply_link_wrench_pkg/hook/cmake_prefix_path.dsv'
[10.423s] INFO:colcon.colcon_core.shell:Creating environment hook '/home/renato/ws_sensor_combined/install/apply_link_wrench_pkg/share/apply_link_wrench_pkg/hook/cmake_prefix_path.sh'
[10.424s] Level 1:colcon.colcon_core.environment:checking '/home/renato/ws_sensor_combined/install/apply_link_wrench_pkg/lib'
[10.424s] Level 1:colcon.colcon_core.environment:checking '/home/renato/ws_sensor_combined/install/apply_link_wrench_pkg/bin'
[10.424s] Level 1:colcon.colcon_core.environment:checking '/home/renato/ws_sensor_combined/install/apply_link_wrench_pkg/lib/pkgconfig/apply_link_wrench_pkg.pc'
[10.425s] Level 1:colcon.colcon_core.environment:checking '/home/renato/ws_sensor_combined/install/apply_link_wrench_pkg/lib/python3.10/site-packages'
[10.425s] Level 1:colcon.colcon_core.environment:checking '/home/renato/ws_sensor_combined/install/apply_link_wrench_pkg/bin'
[10.426s] INFO:colcon.colcon_core.shell:Creating package script '/home/renato/ws_sensor_combined/install/apply_link_wrench_pkg/share/apply_link_wrench_pkg/package.ps1'
[10.427s] INFO:colcon.colcon_core.shell:Creating package descriptor '/home/renato/ws_sensor_combined/install/apply_link_wrench_pkg/share/apply_link_wrench_pkg/package.dsv'
[10.428s] INFO:colcon.colcon_core.shell:Creating package script '/home/renato/ws_sensor_combined/install/apply_link_wrench_pkg/share/apply_link_wrench_pkg/package.sh'
[10.428s] INFO:colcon.colcon_core.shell:Creating package script '/home/renato/ws_sensor_combined/install/apply_link_wrench_pkg/share/apply_link_wrench_pkg/package.bash'
[10.429s] INFO:colcon.colcon_core.shell:Creating package script '/home/renato/ws_sensor_combined/install/apply_link_wrench_pkg/share/apply_link_wrench_pkg/package.zsh'
[10.430s] Level 1:colcon.colcon_core.environment:create_file_with_runtime_dependencies(/home/renato/ws_sensor_combined/install/apply_link_wrench_pkg/share/colcon-core/packages/apply_link_wrench_pkg)
[10.431s] Level 1:colcon.colcon_core.environment:create_environment_scripts_only(apply_link_wrench_pkg)
[10.431s] Level 1:colcon.colcon_core.environment:checking '/home/renato/ws_sensor_combined/install/apply_link_wrench_pkg' for CMake module files
[10.432s] Level 1:colcon.colcon_core.environment:checking '/home/renato/ws_sensor_combined/install/apply_link_wrench_pkg' for CMake config files
[10.432s] Level 1:colcon.colcon_core.shell:create_environment_hook('apply_link_wrench_pkg', 'cmake_prefix_path')
[10.433s] INFO:colcon.colcon_core.shell:Creating environment hook '/home/renato/ws_sensor_combined/install/apply_link_wrench_pkg/share/apply_link_wrench_pkg/hook/cmake_prefix_path.ps1'
[10.433s] INFO:colcon.colcon_core.shell:Creating environment descriptor '/home/renato/ws_sensor_combined/install/apply_link_wrench_pkg/share/apply_link_wrench_pkg/hook/cmake_prefix_path.dsv'
[10.434s] INFO:colcon.colcon_core.shell:Creating environment hook '/home/renato/ws_sensor_combined/install/apply_link_wrench_pkg/share/apply_link_wrench_pkg/hook/cmake_prefix_path.sh'
[10.435s] Level 1:colcon.colcon_core.environment:checking '/home/renato/ws_sensor_combined/install/apply_link_wrench_pkg/lib'
[10.435s] Level 1:colcon.colcon_core.environment:checking '/home/renato/ws_sensor_combined/install/apply_link_wrench_pkg/bin'
[10.435s] Level 1:colcon.colcon_core.environment:checking '/home/renato/ws_sensor_combined/install/apply_link_wrench_pkg/lib/pkgconfig/apply_link_wrench_pkg.pc'
[10.436s] Level 1:colcon.colcon_core.environment:checking '/home/renato/ws_sensor_combined/install/apply_link_wrench_pkg/lib/python3.10/site-packages'
[10.436s] Level 1:colcon.colcon_core.environment:checking '/home/renato/ws_sensor_combined/install/apply_link_wrench_pkg/bin'
[10.437s] INFO:colcon.colcon_core.shell:Creating package script '/home/renato/ws_sensor_combined/install/apply_link_wrench_pkg/share/apply_link_wrench_pkg/package.ps1'
[10.438s] INFO:colcon.colcon_core.shell:Creating package descriptor '/home/renato/ws_sensor_combined/install/apply_link_wrench_pkg/share/apply_link_wrench_pkg/package.dsv'
[10.438s] INFO:colcon.colcon_core.shell:Creating package script '/home/renato/ws_sensor_combined/install/apply_link_wrench_pkg/share/apply_link_wrench_pkg/package.sh'
[10.439s] INFO:colcon.colcon_core.shell:Creating package script '/home/renato/ws_sensor_combined/install/apply_link_wrench_pkg/share/apply_link_wrench_pkg/package.bash'
[10.440s] INFO:colcon.colcon_core.shell:Creating package script '/home/renato/ws_sensor_combined/install/apply_link_wrench_pkg/share/apply_link_wrench_pkg/package.zsh'
[10.441s] Level 1:colcon.colcon_core.environment:create_file_with_runtime_dependencies(/home/renato/ws_sensor_combined/install/apply_link_wrench_pkg/share/colcon-core/packages/apply_link_wrench_pkg)
[10.442s] DEBUG:colcon.colcon_parallel_executor.executor.parallel:closing loop
[10.442s] DEBUG:colcon.colcon_parallel_executor.executor.parallel:loop closed
[10.442s] DEBUG:colcon.colcon_parallel_executor.executor.parallel:run_until_complete finished with '0'
[10.442s] DEBUG:colcon.colcon_core.event_reactor:joining thread
[10.459s] INFO:colcon.colcon_core.plugin_system:Skipping extension 'colcon_notification.desktop_notification.terminal_notifier': Not used on non-Darwin systems
[10.460s] INFO:colcon.colcon_core.plugin_system:Skipping extension 'colcon_notification.desktop_notification.win32': Not used on non-Windows systems
[10.460s] INFO:colcon.colcon_notification.desktop_notification:Sending desktop notification using 'notify2'
[10.493s] DEBUG:colcon.colcon_core.event_reactor:joined thread
[10.493s] INFO:colcon.colcon_core.shell:Creating prefix script '/home/renato/ws_sensor_combined/install/local_setup.ps1'
[10.495s] INFO:colcon.colcon_core.shell:Creating prefix util module '/home/renato/ws_sensor_combined/install/_local_setup_util_ps1.py'
[10.498s] INFO:colcon.colcon_core.shell:Creating prefix chain script '/home/renato/ws_sensor_combined/install/setup.ps1'
[10.501s] INFO:colcon.colcon_core.shell:Creating prefix script '/home/renato/ws_sensor_combined/install/local_setup.sh'
[10.502s] INFO:colcon.colcon_core.shell:Creating prefix util module '/home/renato/ws_sensor_combined/install/_local_setup_util_sh.py'
[10.503s] INFO:colcon.colcon_core.shell:Creating prefix chain script '/home/renato/ws_sensor_combined/install/setup.sh'
[10.506s] INFO:colcon.colcon_core.shell:Creating prefix script '/home/renato/ws_sensor_combined/install/local_setup.bash'
[10.507s] INFO:colcon.colcon_core.shell:Creating prefix chain script '/home/renato/ws_sensor_combined/install/setup.bash'
[10.510s] INFO:colcon.colcon_core.shell:Creating prefix script '/home/renato/ws_sensor_combined/install/local_setup.zsh'
[10.512s] INFO:colcon.colcon_core.shell:Creating prefix chain script '/home/renato/ws_sensor_combined/install/setup.zsh'
