[0.021s] Invoking command in '/home/renato/ws_sensor_combined/build/sensor_driver_pkg': CMAKE_PREFIX_PATH=/home/renato/ws_sensor_combined/install/px4_msgs:/home/renato/ws_sensor_combined/install/sensor_driver_pkg:/home/renato/ws_sensor_combined/install/px4_ros_com:/home/renato/ws_sensor_combined/install/load_cell_publisher_pkg:/home/renato/ws_sensor_combined/install/dual_wrench_publisher_pkg:/home/renato/ws_sensor_combined/install/apply_link_wrench_pkg:/home/renato/bridge_ws/install/test_ros_gz_bridge:/home/renato/bridge_ws/install/ros_ign_interfaces:/home/renato/bridge_ws/install/ros_ign:/home/renato/bridge_ws/install/ros_ign_image:/home/renato/bridge_ws/install/ros_ign_gazebo_demos:/home/renato/bridge_ws/install/ros_ign_gazebo:/home/renato/bridge_ws/install/ros_ign_bridge:/home/renato/bridge_ws/install/ros_gz:/home/renato/bridge_ws/install/ros_gz_sim_demos:/home/renato/bridge_ws/install/ros_gz_sim:/home/renato/bridge_ws/install/ros_gz_image:/home/renato/bridge_ws/install/ros_gz_bridge:/home/renato/bridge_ws/install/ros_gz_interfaces:/opt/ros/humble LD_LIBRARY_PATH=/home/renato/ws_sensor_combined/install/px4_msgs/lib:/home/renato/ws_sensor_combined/install/px4_ros_com/lib:/home/renato/bridge_ws/install/ros_ign_interfaces/lib:/home/renato/bridge_ws/install/ros_gz_sim/lib:/home/renato/bridge_ws/install/ros_gz_bridge/lib:/home/renato/bridge_ws/install/ros_gz_interfaces/lib:/opt/ros/humble/opt/rviz_ogre_vendor/lib:/opt/ros/humble/lib/x86_64-linux-gnu:/opt/ros/humble/lib /usr/bin/cmake /home/renato/ws_sensor_combined/src/sensor_driver_pkg -DCMAKE_INSTALL_PREFIX=/home/renato/ws_sensor_combined/install/sensor_driver_pkg
[0.108s] -- The C compiler identification is GNU 11.4.0
[0.197s] -- The CXX compiler identification is GNU 11.4.0
[0.208s] -- Detecting C compiler ABI info
[0.322s] -- Detecting C compiler ABI info - done
[0.339s] -- Check for working C compiler: /usr/bin/cc - skipped
[0.339s] -- Detecting C compile features
[0.340s] -- Detecting C compile features - done
[0.346s] -- Detecting CXX compiler ABI info
[0.474s] -- Detecting CXX compiler ABI info - done
[0.491s] -- Check for working CXX compiler: /usr/bin/c++ - skipped
[0.491s] -- Detecting CXX compile features
[0.491s] -- Detecting CXX compile features - done
[0.495s] -- Found ament_cmake: 1.3.11 (/opt/ros/humble/share/ament_cmake/cmake)
[1.589s] -- Found Python3: /usr/bin/python3 (found version "3.10.12") found components: Interpreter 
[1.747s] -- Found rclcpp: 16.0.11 (/opt/ros/humble/share/rclcpp/cmake)
[1.830s] -- Found rosidl_generator_c: 3.1.6 (/opt/ros/humble/share/rosidl_generator_c/cmake)
[1.839s] -- Found rosidl_adapter: 3.1.6 (/opt/ros/humble/share/rosidl_adapter/cmake)
[1.853s] -- Found rosidl_generator_cpp: 3.1.6 (/opt/ros/humble/share/rosidl_generator_cpp/cmake)
[1.875s] -- Using all available rosidl_typesupport_c: rosidl_typesupport_fastrtps_c;rosidl_typesupport_introspection_c
[1.904s] -- Using all available rosidl_typesupport_cpp: rosidl_typesupport_fastrtps_cpp;rosidl_typesupport_introspection_cpp
[1.986s] -- Found rmw_implementation_cmake: 6.1.2 (/opt/ros/humble/share/rmw_implementation_cmake/cmake)
[1.992s] -- Found rmw_fastrtps_cpp: 6.2.7 (/opt/ros/humble/share/rmw_fastrtps_cpp/cmake)
[2.150s] -- Found OpenSSL: /usr/lib/x86_64-linux-gnu/libcrypto.so (found version "3.0.2")  
[2.203s] -- Found FastRTPS: /opt/ros/humble/include  
[2.286s] -- Using RMW implementation 'rmw_fastrtps_cpp' as default
[2.302s] -- Looking for pthread.h
[2.423s] -- Looking for pthread.h - found
[2.424s] -- Performing Test CMAKE_HAVE_LIBC_PTHREAD
[2.549s] -- Performing Test CMAKE_HAVE_LIBC_PTHREAD - Success
[2.551s] -- Found Threads: TRUE  
[2.643s] -- Found geometry_msgs: 4.2.4 (/opt/ros/humble/share/geometry_msgs/cmake)
[2.664s] -- Found px4_msgs: 2.0.1 (/home/renato/ws_sensor_combined/install/px4_msgs/share/px4_msgs/cmake)
[2.807s] -- Configuring done
[2.832s] -- Generating done
[2.843s] -- Build files have been written to: /home/renato/ws_sensor_combined/build/sensor_driver_pkg
[2.858s] Invoked command in '/home/renato/ws_sensor_combined/build/sensor_driver_pkg' returned '0': CMAKE_PREFIX_PATH=/home/renato/ws_sensor_combined/install/px4_msgs:/home/renato/ws_sensor_combined/install/sensor_driver_pkg:/home/renato/ws_sensor_combined/install/px4_ros_com:/home/renato/ws_sensor_combined/install/load_cell_publisher_pkg:/home/renato/ws_sensor_combined/install/dual_wrench_publisher_pkg:/home/renato/ws_sensor_combined/install/apply_link_wrench_pkg:/home/renato/bridge_ws/install/test_ros_gz_bridge:/home/renato/bridge_ws/install/ros_ign_interfaces:/home/renato/bridge_ws/install/ros_ign:/home/renato/bridge_ws/install/ros_ign_image:/home/renato/bridge_ws/install/ros_ign_gazebo_demos:/home/renato/bridge_ws/install/ros_ign_gazebo:/home/renato/bridge_ws/install/ros_ign_bridge:/home/renato/bridge_ws/install/ros_gz:/home/renato/bridge_ws/install/ros_gz_sim_demos:/home/renato/bridge_ws/install/ros_gz_sim:/home/renato/bridge_ws/install/ros_gz_image:/home/renato/bridge_ws/install/ros_gz_bridge:/home/renato/bridge_ws/install/ros_gz_interfaces:/opt/ros/humble LD_LIBRARY_PATH=/home/renato/ws_sensor_combined/install/px4_msgs/lib:/home/renato/ws_sensor_combined/install/px4_ros_com/lib:/home/renato/bridge_ws/install/ros_ign_interfaces/lib:/home/renato/bridge_ws/install/ros_gz_sim/lib:/home/renato/bridge_ws/install/ros_gz_bridge/lib:/home/renato/bridge_ws/install/ros_gz_interfaces/lib:/opt/ros/humble/opt/rviz_ogre_vendor/lib:/opt/ros/humble/lib/x86_64-linux-gnu:/opt/ros/humble/lib /usr/bin/cmake /home/renato/ws_sensor_combined/src/sensor_driver_pkg -DCMAKE_INSTALL_PREFIX=/home/renato/ws_sensor_combined/install/sensor_driver_pkg
[2.860s] Invoking command in '/home/renato/ws_sensor_combined/build/sensor_driver_pkg': CMAKE_PREFIX_PATH=/home/renato/ws_sensor_combined/install/px4_msgs:/home/renato/ws_sensor_combined/install/sensor_driver_pkg:/home/renato/ws_sensor_combined/install/px4_ros_com:/home/renato/ws_sensor_combined/install/load_cell_publisher_pkg:/home/renato/ws_sensor_combined/install/dual_wrench_publisher_pkg:/home/renato/ws_sensor_combined/install/apply_link_wrench_pkg:/home/renato/bridge_ws/install/test_ros_gz_bridge:/home/renato/bridge_ws/install/ros_ign_interfaces:/home/renato/bridge_ws/install/ros_ign:/home/renato/bridge_ws/install/ros_ign_image:/home/renato/bridge_ws/install/ros_ign_gazebo_demos:/home/renato/bridge_ws/install/ros_ign_gazebo:/home/renato/bridge_ws/install/ros_ign_bridge:/home/renato/bridge_ws/install/ros_gz:/home/renato/bridge_ws/install/ros_gz_sim_demos:/home/renato/bridge_ws/install/ros_gz_sim:/home/renato/bridge_ws/install/ros_gz_image:/home/renato/bridge_ws/install/ros_gz_bridge:/home/renato/bridge_ws/install/ros_gz_interfaces:/opt/ros/humble LD_LIBRARY_PATH=/home/renato/ws_sensor_combined/install/px4_msgs/lib:/home/renato/ws_sensor_combined/install/px4_ros_com/lib:/home/renato/bridge_ws/install/ros_ign_interfaces/lib:/home/renato/bridge_ws/install/ros_gz_sim/lib:/home/renato/bridge_ws/install/ros_gz_bridge/lib:/home/renato/bridge_ws/install/ros_gz_interfaces/lib:/opt/ros/humble/opt/rviz_ogre_vendor/lib:/opt/ros/humble/lib/x86_64-linux-gnu:/opt/ros/humble/lib /usr/bin/cmake --build /home/renato/ws_sensor_combined/build/sensor_driver_pkg -- -j20 -l20
[2.944s] [ 12%] [32mBuilding CXX object CMakeFiles/sensor_driver_flamingo_node.dir/src/sensor_driver_flamingo_node.cpp.o[0m
[2.945s] [ 25%] [32mBuilding CXX object CMakeFiles/sensor_driver_bias_computation_node.dir/src/sensor_driver_bias_computation_node.cpp.o[0m
[2.949s] [ 37%] [32mBuilding CXX object CMakeFiles/sensor_driver_node.dir/src/sensor_driver_node.cpp.o[0m
[2.949s] [ 50%] [32mBuilding CXX object CMakeFiles/sensor_driver_gz_node.dir/src/sensor_driver_gz_node.cpp.o[0m
[10.012s] [ 62%] [32m[1mLinking CXX executable sensor_driver_flamingo_node[0m
[10.055s] [ 75%] [32m[1mLinking CXX executable sensor_driver_node[0m
[10.357s] [ 75%] Built target sensor_driver_flamingo_node
[10.466s] [ 75%] Built target sensor_driver_node
[15.681s] [ 87%] [32m[1mLinking CXX executable sensor_driver_bias_computation_node[0m
[16.056s] [100%] [32m[1mLinking CXX executable sensor_driver_gz_node[0m
[16.323s] [100%] Built target sensor_driver_bias_computation_node
[16.680s] [100%] Built target sensor_driver_gz_node
[16.698s] Invoked command in '/home/renato/ws_sensor_combined/build/sensor_driver_pkg' returned '0': CMAKE_PREFIX_PATH=/home/renato/ws_sensor_combined/install/px4_msgs:/home/renato/ws_sensor_combined/install/sensor_driver_pkg:/home/renato/ws_sensor_combined/install/px4_ros_com:/home/renato/ws_sensor_combined/install/load_cell_publisher_pkg:/home/renato/ws_sensor_combined/install/dual_wrench_publisher_pkg:/home/renato/ws_sensor_combined/install/apply_link_wrench_pkg:/home/renato/bridge_ws/install/test_ros_gz_bridge:/home/renato/bridge_ws/install/ros_ign_interfaces:/home/renato/bridge_ws/install/ros_ign:/home/renato/bridge_ws/install/ros_ign_image:/home/renato/bridge_ws/install/ros_ign_gazebo_demos:/home/renato/bridge_ws/install/ros_ign_gazebo:/home/renato/bridge_ws/install/ros_ign_bridge:/home/renato/bridge_ws/install/ros_gz:/home/renato/bridge_ws/install/ros_gz_sim_demos:/home/renato/bridge_ws/install/ros_gz_sim:/home/renato/bridge_ws/install/ros_gz_image:/home/renato/bridge_ws/install/ros_gz_bridge:/home/renato/bridge_ws/install/ros_gz_interfaces:/opt/ros/humble LD_LIBRARY_PATH=/home/renato/ws_sensor_combined/install/px4_msgs/lib:/home/renato/ws_sensor_combined/install/px4_ros_com/lib:/home/renato/bridge_ws/install/ros_ign_interfaces/lib:/home/renato/bridge_ws/install/ros_gz_sim/lib:/home/renato/bridge_ws/install/ros_gz_bridge/lib:/home/renato/bridge_ws/install/ros_gz_interfaces/lib:/opt/ros/humble/opt/rviz_ogre_vendor/lib:/opt/ros/humble/lib/x86_64-linux-gnu:/opt/ros/humble/lib /usr/bin/cmake --build /home/renato/ws_sensor_combined/build/sensor_driver_pkg -- -j20 -l20
[16.700s] Invoking command in '/home/renato/ws_sensor_combined/build/sensor_driver_pkg': CMAKE_PREFIX_PATH=/home/renato/ws_sensor_combined/install/px4_msgs:/home/renato/ws_sensor_combined/install/sensor_driver_pkg:/home/renato/ws_sensor_combined/install/px4_ros_com:/home/renato/ws_sensor_combined/install/load_cell_publisher_pkg:/home/renato/ws_sensor_combined/install/dual_wrench_publisher_pkg:/home/renato/ws_sensor_combined/install/apply_link_wrench_pkg:/home/renato/bridge_ws/install/test_ros_gz_bridge:/home/renato/bridge_ws/install/ros_ign_interfaces:/home/renato/bridge_ws/install/ros_ign:/home/renato/bridge_ws/install/ros_ign_image:/home/renato/bridge_ws/install/ros_ign_gazebo_demos:/home/renato/bridge_ws/install/ros_ign_gazebo:/home/renato/bridge_ws/install/ros_ign_bridge:/home/renato/bridge_ws/install/ros_gz:/home/renato/bridge_ws/install/ros_gz_sim_demos:/home/renato/bridge_ws/install/ros_gz_sim:/home/renato/bridge_ws/install/ros_gz_image:/home/renato/bridge_ws/install/ros_gz_bridge:/home/renato/bridge_ws/install/ros_gz_interfaces:/opt/ros/humble LD_LIBRARY_PATH=/home/renato/ws_sensor_combined/install/px4_msgs/lib:/home/renato/ws_sensor_combined/install/px4_ros_com/lib:/home/renato/bridge_ws/install/ros_ign_interfaces/lib:/home/renato/bridge_ws/install/ros_gz_sim/lib:/home/renato/bridge_ws/install/ros_gz_bridge/lib:/home/renato/bridge_ws/install/ros_gz_interfaces/lib:/opt/ros/humble/opt/rviz_ogre_vendor/lib:/opt/ros/humble/lib/x86_64-linux-gnu:/opt/ros/humble/lib /usr/bin/cmake --install /home/renato/ws_sensor_combined/build/sensor_driver_pkg
[16.712s] -- Install configuration: ""
[16.712s] -- Installing: /home/renato/ws_sensor_combined/install/sensor_driver_pkg/lib/sensor_driver_pkg/sensor_driver_node
[16.713s] -- Set runtime path of "/home/renato/ws_sensor_combined/install/sensor_driver_pkg/lib/sensor_driver_pkg/sensor_driver_node" to ""
[16.713s] -- Installing: /home/renato/ws_sensor_combined/install/sensor_driver_pkg/lib/sensor_driver_pkg/sensor_driver_flamingo_node
[16.715s] -- Set runtime path of "/home/renato/ws_sensor_combined/install/sensor_driver_pkg/lib/sensor_driver_pkg/sensor_driver_flamingo_node" to ""
[16.715s] -- Installing: /home/renato/ws_sensor_combined/install/sensor_driver_pkg/lib/sensor_driver_pkg/sensor_driver_gz_node
[16.719s] -- Set runtime path of "/home/renato/ws_sensor_combined/install/sensor_driver_pkg/lib/sensor_driver_pkg/sensor_driver_gz_node" to ""
[16.719s] -- Installing: /home/renato/ws_sensor_combined/install/sensor_driver_pkg/lib/sensor_driver_pkg/sensor_driver_bias_computation_node
[16.723s] -- Set runtime path of "/home/renato/ws_sensor_combined/install/sensor_driver_pkg/lib/sensor_driver_pkg/sensor_driver_bias_computation_node" to ""
[16.724s] -- Installing: /home/renato/ws_sensor_combined/install/sensor_driver_pkg/share/ament_index/resource_index/package_run_dependencies/sensor_driver_pkg
[16.724s] -- Installing: /home/renato/ws_sensor_combined/install/sensor_driver_pkg/share/ament_index/resource_index/parent_prefix_path/sensor_driver_pkg
[16.724s] -- Installing: /home/renato/ws_sensor_combined/install/sensor_driver_pkg/share/sensor_driver_pkg/environment/ament_prefix_path.sh
[16.724s] -- Installing: /home/renato/ws_sensor_combined/install/sensor_driver_pkg/share/sensor_driver_pkg/environment/ament_prefix_path.dsv
[16.724s] -- Installing: /home/renato/ws_sensor_combined/install/sensor_driver_pkg/share/sensor_driver_pkg/environment/path.sh
[16.725s] -- Installing: /home/renato/ws_sensor_combined/install/sensor_driver_pkg/share/sensor_driver_pkg/environment/path.dsv
[16.725s] -- Installing: /home/renato/ws_sensor_combined/install/sensor_driver_pkg/share/sensor_driver_pkg/local_setup.bash
[16.725s] -- Installing: /home/renato/ws_sensor_combined/install/sensor_driver_pkg/share/sensor_driver_pkg/local_setup.sh
[16.725s] -- Installing: /home/renato/ws_sensor_combined/install/sensor_driver_pkg/share/sensor_driver_pkg/local_setup.zsh
[16.725s] -- Installing: /home/renato/ws_sensor_combined/install/sensor_driver_pkg/share/sensor_driver_pkg/local_setup.dsv
[16.726s] -- Installing: /home/renato/ws_sensor_combined/install/sensor_driver_pkg/share/sensor_driver_pkg/package.dsv
[16.726s] -- Installing: /home/renato/ws_sensor_combined/install/sensor_driver_pkg/share/ament_index/resource_index/packages/sensor_driver_pkg
[16.726s] -- Installing: /home/renato/ws_sensor_combined/install/sensor_driver_pkg/share/sensor_driver_pkg/cmake/sensor_driver_pkgConfig.cmake
[16.726s] -- Installing: /home/renato/ws_sensor_combined/install/sensor_driver_pkg/share/sensor_driver_pkg/cmake/sensor_driver_pkgConfig-version.cmake
[16.726s] -- Installing: /home/renato/ws_sensor_combined/install/sensor_driver_pkg/share/sensor_driver_pkg/package.xml
[16.729s] Invoked command in '/home/renato/ws_sensor_combined/build/sensor_driver_pkg' returned '0': CMAKE_PREFIX_PATH=/home/renato/ws_sensor_combined/install/px4_msgs:/home/renato/ws_sensor_combined/install/sensor_driver_pkg:/home/renato/ws_sensor_combined/install/px4_ros_com:/home/renato/ws_sensor_combined/install/load_cell_publisher_pkg:/home/renato/ws_sensor_combined/install/dual_wrench_publisher_pkg:/home/renato/ws_sensor_combined/install/apply_link_wrench_pkg:/home/renato/bridge_ws/install/test_ros_gz_bridge:/home/renato/bridge_ws/install/ros_ign_interfaces:/home/renato/bridge_ws/install/ros_ign:/home/renato/bridge_ws/install/ros_ign_image:/home/renato/bridge_ws/install/ros_ign_gazebo_demos:/home/renato/bridge_ws/install/ros_ign_gazebo:/home/renato/bridge_ws/install/ros_ign_bridge:/home/renato/bridge_ws/install/ros_gz:/home/renato/bridge_ws/install/ros_gz_sim_demos:/home/renato/bridge_ws/install/ros_gz_sim:/home/renato/bridge_ws/install/ros_gz_image:/home/renato/bridge_ws/install/ros_gz_bridge:/home/renato/bridge_ws/install/ros_gz_interfaces:/opt/ros/humble LD_LIBRARY_PATH=/home/renato/ws_sensor_combined/install/px4_msgs/lib:/home/renato/ws_sensor_combined/install/px4_ros_com/lib:/home/renato/bridge_ws/install/ros_ign_interfaces/lib:/home/renato/bridge_ws/install/ros_gz_sim/lib:/home/renato/bridge_ws/install/ros_gz_bridge/lib:/home/renato/bridge_ws/install/ros_gz_interfaces/lib:/opt/ros/humble/opt/rviz_ogre_vendor/lib:/opt/ros/humble/lib/x86_64-linux-gnu:/opt/ros/humble/lib /usr/bin/cmake --install /home/renato/ws_sensor_combined/build/sensor_driver_pkg
