[0.145s] DEBUG:colcon:Command line arguments: ['/usr/bin/colcon', 'build', '--symlink-install']
[0.145s] DEBUG:colcon:Parsed command line arguments: Namespace(log_base=None, log_level=None, verb_name='build', build_base='build', install_base='install', merge_install=False, symlink_install=True, test_result_base=None, continue_on_error=False, executor='parallel', parallel_workers=20, event_handlers=None, ignore_user_meta=False, metas=['./colcon.meta'], base_paths=['.'], packages_ignore=None, packages_ignore_regex=None, paths=None, packages_up_to=None, packages_up_to_regex=None, packages_above=None, packages_above_and_dependencies=None, packages_above_depth=None, packages_select_by_dep=None, packages_skip_by_dep=None, packages_skip_up_to=None, packages_select_build_failed=False, packages_skip_build_finished=False, packages_select_test_failures=False, packages_skip_test_passed=False, packages_select=None, packages_skip=None, packages_select_regex=None, packages_skip_regex=None, packages_start=None, packages_end=None, allow_overriding=[], cmake_args=None, cmake_target=None, cmake_target_skip_unavailable=False, cmake_clean_cache=False, cmake_clean_first=False, cmake_force_configure=False, ament_cmake_args=None, catkin_cmake_args=None, catkin_skip_building_tests=False, mixin_files=None, mixin=None, verb_parser=<colcon_mixin.mixin.mixin_argument.MixinArgumentDecorator object at 0x769c4ff2f730>, verb_extension=<colcon_core.verb.build.BuildVerb object at 0x769c500746a0>, main=<bound method BuildVerb.main of <colcon_core.verb.build.BuildVerb object at 0x769c500746a0>>, mixin_verb=('build',))
[0.408s] Level 1:colcon.colcon_core.package_discovery:discover_packages(colcon_meta) check parameters
[0.409s] Level 1:colcon.colcon_core.package_discovery:discover_packages(recursive) check parameters
[0.409s] Level 1:colcon.colcon_core.package_discovery:discover_packages(ignore) check parameters
[0.409s] Level 1:colcon.colcon_core.package_discovery:discover_packages(path) check parameters
[0.409s] Level 1:colcon.colcon_core.package_discovery:discover_packages(colcon_meta) discover
[0.409s] Level 1:colcon.colcon_core.package_discovery:discover_packages(recursive) discover
[0.409s] INFO:colcon.colcon_core.package_discovery:Crawling recursively for packages in '/home/renato/ws_sensor_combined'
[0.409s] Level 1:colcon.colcon_core.package_identification:_identify(.) by extensions ['ignore', 'ignore_ament_install']
[0.409s] Level 1:colcon.colcon_core.package_identification:_identify(.) by extension 'ignore'
[0.409s] Level 1:colcon.colcon_core.package_identification:_identify(.) by extension 'ignore_ament_install'
[0.409s] Level 1:colcon.colcon_core.package_identification:_identify(.) by extensions ['colcon_pkg']
[0.409s] Level 1:colcon.colcon_core.package_identification:_identify(.) by extension 'colcon_pkg'
[0.410s] Level 1:colcon.colcon_core.package_identification:_identify(.) by extensions ['colcon_meta']
[0.410s] Level 1:colcon.colcon_core.package_identification:_identify(.) by extension 'colcon_meta'
[0.410s] Level 1:colcon.colcon_core.package_identification:_identify(.) by extensions ['ros']
[0.410s] Level 1:colcon.colcon_core.package_identification:_identify(.) by extension 'ros'
[0.430s] Level 1:colcon.colcon_core.package_identification:_identify(.) by extensions ['cmake', 'python']
[0.430s] Level 1:colcon.colcon_core.package_identification:_identify(.) by extension 'cmake'
[0.430s] Level 1:colcon.colcon_core.package_identification:_identify(.) by extension 'python'
[0.430s] Level 1:colcon.colcon_core.package_identification:_identify(.) by extensions ['python_setup_py']
[0.430s] Level 1:colcon.colcon_core.package_identification:_identify(.) by extension 'python_setup_py'
[0.431s] Level 1:colcon.colcon_core.package_identification:_identify(build) by extensions ['ignore', 'ignore_ament_install']
[0.431s] Level 1:colcon.colcon_core.package_identification:_identify(build) by extension 'ignore'
[0.431s] Level 1:colcon.colcon_core.package_identification:_identify(build) ignored
[0.431s] Level 1:colcon.colcon_core.package_identification:_identify(install) by extensions ['ignore', 'ignore_ament_install']
[0.431s] Level 1:colcon.colcon_core.package_identification:_identify(install) by extension 'ignore'
[0.431s] Level 1:colcon.colcon_core.package_identification:_identify(install) ignored
[0.431s] Level 1:colcon.colcon_core.package_identification:_identify(log) by extensions ['ignore', 'ignore_ament_install']
[0.431s] Level 1:colcon.colcon_core.package_identification:_identify(log) by extension 'ignore'
[0.431s] Level 1:colcon.colcon_core.package_identification:_identify(log) ignored
[0.431s] Level 1:colcon.colcon_core.package_identification:_identify(src) by extensions ['ignore', 'ignore_ament_install']
[0.432s] Level 1:colcon.colcon_core.package_identification:_identify(src) by extension 'ignore'
[0.432s] Level 1:colcon.colcon_core.package_identification:_identify(src) by extension 'ignore_ament_install'
[0.432s] Level 1:colcon.colcon_core.package_identification:_identify(src) by extensions ['colcon_pkg']
[0.432s] Level 1:colcon.colcon_core.package_identification:_identify(src) by extension 'colcon_pkg'
[0.432s] Level 1:colcon.colcon_core.package_identification:_identify(src) by extensions ['colcon_meta']
[0.432s] Level 1:colcon.colcon_core.package_identification:_identify(src) by extension 'colcon_meta'
[0.432s] Level 1:colcon.colcon_core.package_identification:_identify(src) by extensions ['ros']
[0.432s] Level 1:colcon.colcon_core.package_identification:_identify(src) by extension 'ros'
[0.432s] Level 1:colcon.colcon_core.package_identification:_identify(src) by extensions ['cmake', 'python']
[0.432s] Level 1:colcon.colcon_core.package_identification:_identify(src) by extension 'cmake'
[0.432s] Level 1:colcon.colcon_core.package_identification:_identify(src) by extension 'python'
[0.432s] Level 1:colcon.colcon_core.package_identification:_identify(src) by extensions ['python_setup_py']
[0.432s] Level 1:colcon.colcon_core.package_identification:_identify(src) by extension 'python_setup_py'
[0.432s] Level 1:colcon.colcon_core.package_identification:_identify(src/apply_link_wrench_pkg) by extensions ['ignore', 'ignore_ament_install']
[0.432s] Level 1:colcon.colcon_core.package_identification:_identify(src/apply_link_wrench_pkg) by extension 'ignore'
[0.432s] Level 1:colcon.colcon_core.package_identification:_identify(src/apply_link_wrench_pkg) by extension 'ignore_ament_install'
[0.432s] Level 1:colcon.colcon_core.package_identification:_identify(src/apply_link_wrench_pkg) by extensions ['colcon_pkg']
[0.433s] Level 1:colcon.colcon_core.package_identification:_identify(src/apply_link_wrench_pkg) by extension 'colcon_pkg'
[0.433s] Level 1:colcon.colcon_core.package_identification:_identify(src/apply_link_wrench_pkg) by extensions ['colcon_meta']
[0.433s] Level 1:colcon.colcon_core.package_identification:_identify(src/apply_link_wrench_pkg) by extension 'colcon_meta'
[0.433s] Level 1:colcon.colcon_core.package_identification:_identify(src/apply_link_wrench_pkg) by extensions ['ros']
[0.433s] Level 1:colcon.colcon_core.package_identification:_identify(src/apply_link_wrench_pkg) by extension 'ros'
[0.436s] DEBUG:colcon.colcon_core.package_identification:Package 'src/apply_link_wrench_pkg' with type 'ros.ament_cmake' and name 'apply_link_wrench_pkg'
[0.437s] Level 1:colcon.colcon_core.package_identification:_identify(src/dual_wrench_publisher_pkg) by extensions ['ignore', 'ignore_ament_install']
[0.437s] Level 1:colcon.colcon_core.package_identification:_identify(src/dual_wrench_publisher_pkg) by extension 'ignore'
[0.437s] Level 1:colcon.colcon_core.package_identification:_identify(src/dual_wrench_publisher_pkg) by extension 'ignore_ament_install'
[0.437s] Level 1:colcon.colcon_core.package_identification:_identify(src/dual_wrench_publisher_pkg) by extensions ['colcon_pkg']
[0.437s] Level 1:colcon.colcon_core.package_identification:_identify(src/dual_wrench_publisher_pkg) by extension 'colcon_pkg'
[0.437s] Level 1:colcon.colcon_core.package_identification:_identify(src/dual_wrench_publisher_pkg) by extensions ['colcon_meta']
[0.437s] Level 1:colcon.colcon_core.package_identification:_identify(src/dual_wrench_publisher_pkg) by extension 'colcon_meta'
[0.437s] Level 1:colcon.colcon_core.package_identification:_identify(src/dual_wrench_publisher_pkg) by extensions ['ros']
[0.437s] Level 1:colcon.colcon_core.package_identification:_identify(src/dual_wrench_publisher_pkg) by extension 'ros'
[0.438s] DEBUG:colcon.colcon_core.package_identification:Package 'src/dual_wrench_publisher_pkg' with type 'ros.ament_cmake' and name 'dual_wrench_publisher_pkg'
[0.438s] Level 1:colcon.colcon_core.package_identification:_identify(src/load_cell_publisher_pkg) by extensions ['ignore', 'ignore_ament_install']
[0.438s] Level 1:colcon.colcon_core.package_identification:_identify(src/load_cell_publisher_pkg) by extension 'ignore'
[0.438s] Level 1:colcon.colcon_core.package_identification:_identify(src/load_cell_publisher_pkg) by extension 'ignore_ament_install'
[0.439s] Level 1:colcon.colcon_core.package_identification:_identify(src/load_cell_publisher_pkg) by extensions ['colcon_pkg']
[0.439s] Level 1:colcon.colcon_core.package_identification:_identify(src/load_cell_publisher_pkg) by extension 'colcon_pkg'
[0.439s] Level 1:colcon.colcon_core.package_identification:_identify(src/load_cell_publisher_pkg) by extensions ['colcon_meta']
[0.439s] Level 1:colcon.colcon_core.package_identification:_identify(src/load_cell_publisher_pkg) by extension 'colcon_meta'
[0.439s] Level 1:colcon.colcon_core.package_identification:_identify(src/load_cell_publisher_pkg) by extensions ['ros']
[0.439s] Level 1:colcon.colcon_core.package_identification:_identify(src/load_cell_publisher_pkg) by extension 'ros'
[0.440s] DEBUG:colcon.colcon_core.package_identification:Package 'src/load_cell_publisher_pkg' with type 'ros.ament_cmake' and name 'load_cell_publisher_pkg'
[0.440s] Level 1:colcon.colcon_core.package_identification:_identify(src/px4_msgs) by extensions ['ignore', 'ignore_ament_install']
[0.440s] Level 1:colcon.colcon_core.package_identification:_identify(src/px4_msgs) by extension 'ignore'
[0.440s] Level 1:colcon.colcon_core.package_identification:_identify(src/px4_msgs) by extension 'ignore_ament_install'
[0.440s] Level 1:colcon.colcon_core.package_identification:_identify(src/px4_msgs) by extensions ['colcon_pkg']
[0.440s] Level 1:colcon.colcon_core.package_identification:_identify(src/px4_msgs) by extension 'colcon_pkg'
[0.440s] Level 1:colcon.colcon_core.package_identification:_identify(src/px4_msgs) by extensions ['colcon_meta']
[0.440s] Level 1:colcon.colcon_core.package_identification:_identify(src/px4_msgs) by extension 'colcon_meta'
[0.440s] Level 1:colcon.colcon_core.package_identification:_identify(src/px4_msgs) by extensions ['ros']
[0.440s] Level 1:colcon.colcon_core.package_identification:_identify(src/px4_msgs) by extension 'ros'
[0.441s] DEBUG:colcon.colcon_core.package_identification:Package 'src/px4_msgs' with type 'ros.ament_cmake' and name 'px4_msgs'
[0.441s] Level 1:colcon.colcon_core.package_identification:_identify(src/px4_ros_com) by extensions ['ignore', 'ignore_ament_install']
[0.442s] Level 1:colcon.colcon_core.package_identification:_identify(src/px4_ros_com) by extension 'ignore'
[0.442s] Level 1:colcon.colcon_core.package_identification:_identify(src/px4_ros_com) by extension 'ignore_ament_install'
[0.442s] Level 1:colcon.colcon_core.package_identification:_identify(src/px4_ros_com) by extensions ['colcon_pkg']
[0.442s] Level 1:colcon.colcon_core.package_identification:_identify(src/px4_ros_com) by extension 'colcon_pkg'
[0.442s] Level 1:colcon.colcon_core.package_identification:_identify(src/px4_ros_com) by extensions ['colcon_meta']
[0.442s] Level 1:colcon.colcon_core.package_identification:_identify(src/px4_ros_com) by extension 'colcon_meta'
[0.442s] Level 1:colcon.colcon_core.package_identification:_identify(src/px4_ros_com) by extensions ['ros']
[0.442s] Level 1:colcon.colcon_core.package_identification:_identify(src/px4_ros_com) by extension 'ros'
[0.443s] DEBUG:colcon.colcon_core.package_identification:Package 'src/px4_ros_com' with type 'ros.ament_cmake' and name 'px4_ros_com'
[0.444s] Level 1:colcon.colcon_core.package_identification:_identify(src/sensor_driver_pkg) by extensions ['ignore', 'ignore_ament_install']
[0.444s] Level 1:colcon.colcon_core.package_identification:_identify(src/sensor_driver_pkg) by extension 'ignore'
[0.444s] Level 1:colcon.colcon_core.package_identification:_identify(src/sensor_driver_pkg) by extension 'ignore_ament_install'
[0.444s] Level 1:colcon.colcon_core.package_identification:_identify(src/sensor_driver_pkg) by extensions ['colcon_pkg']
[0.444s] Level 1:colcon.colcon_core.package_identification:_identify(src/sensor_driver_pkg) by extension 'colcon_pkg'
[0.444s] Level 1:colcon.colcon_core.package_identification:_identify(src/sensor_driver_pkg) by extensions ['colcon_meta']
[0.444s] Level 1:colcon.colcon_core.package_identification:_identify(src/sensor_driver_pkg) by extension 'colcon_meta'
[0.444s] Level 1:colcon.colcon_core.package_identification:_identify(src/sensor_driver_pkg) by extensions ['ros']
[0.444s] Level 1:colcon.colcon_core.package_identification:_identify(src/sensor_driver_pkg) by extension 'ros'
[0.445s] DEBUG:colcon.colcon_core.package_identification:Package 'src/sensor_driver_pkg' with type 'ros.ament_cmake' and name 'sensor_driver_pkg'
[0.445s] Level 1:colcon.colcon_core.package_discovery:discover_packages(recursive) using defaults
[0.445s] Level 1:colcon.colcon_core.package_discovery:discover_packages(ignore) discover
[0.445s] Level 1:colcon.colcon_core.package_discovery:discover_packages(ignore) using defaults
[0.445s] Level 1:colcon.colcon_core.package_discovery:discover_packages(path) discover
[0.445s] Level 1:colcon.colcon_core.package_discovery:discover_packages(path) using defaults
[0.476s] Level 1:colcon.colcon_core.package_discovery:discover_packages(prefix_path) check parameters
[0.476s] Level 1:colcon.colcon_core.package_discovery:discover_packages(prefix_path) discover
[0.477s] WARNING:colcon.colcon_ros.prefix_path.ament:The path '/home/renato/ws_sensor_combined/install/px4_ros_com' in the environment variable AMENT_PREFIX_PATH doesn't exist
[0.477s] WARNING:colcon.colcon_ros.prefix_path.ament:The path '/home/renato/ws_sensor_combined/install/load_cell_publisher_pkg' in the environment variable AMENT_PREFIX_PATH doesn't exist
[0.478s] WARNING:colcon.colcon_ros.prefix_path.ament:The path '/home/renato/ws_sensor_combined/install/dual_wrench_publisher_pkg' in the environment variable AMENT_PREFIX_PATH doesn't exist
[0.478s] WARNING:colcon.colcon_ros.prefix_path.catkin:The path '/home/renato/ws_sensor_combined/install/px4_ros_com' in the environment variable CMAKE_PREFIX_PATH doesn't exist
[0.478s] WARNING:colcon.colcon_ros.prefix_path.catkin:The path '/home/renato/ws_sensor_combined/install/load_cell_publisher_pkg' in the environment variable CMAKE_PREFIX_PATH doesn't exist
[0.478s] WARNING:colcon.colcon_ros.prefix_path.catkin:The path '/home/renato/ws_sensor_combined/install/dual_wrench_publisher_pkg' in the environment variable CMAKE_PREFIX_PATH doesn't exist
[0.479s] DEBUG:colcon.colcon_installed_package_information.package_discovery:Found 3 installed packages in /home/renato/ws_sensor_combined/install
[0.480s] DEBUG:colcon.colcon_installed_package_information.package_discovery:Found 13 installed packages in /home/renato/bridge_ws/install
[0.482s] DEBUG:colcon.colcon_installed_package_information.package_discovery:Found 284 installed packages in /opt/ros/humble
[0.484s] Level 1:colcon.colcon_core.package_discovery:discover_packages(prefix_path) using defaults
[0.527s] Level 5:colcon.colcon_core.verb:set package 'apply_link_wrench_pkg' build argument 'cmake_args' from command line to 'None'
[0.527s] Level 5:colcon.colcon_core.verb:set package 'apply_link_wrench_pkg' build argument 'cmake_target' from command line to 'None'
[0.527s] Level 5:colcon.colcon_core.verb:set package 'apply_link_wrench_pkg' build argument 'cmake_target_skip_unavailable' from command line to 'False'
[0.527s] Level 5:colcon.colcon_core.verb:set package 'apply_link_wrench_pkg' build argument 'cmake_clean_cache' from command line to 'False'
[0.527s] Level 5:colcon.colcon_core.verb:set package 'apply_link_wrench_pkg' build argument 'cmake_clean_first' from command line to 'False'
[0.527s] Level 5:colcon.colcon_core.verb:set package 'apply_link_wrench_pkg' build argument 'cmake_force_configure' from command line to 'False'
[0.527s] Level 5:colcon.colcon_core.verb:set package 'apply_link_wrench_pkg' build argument 'ament_cmake_args' from command line to 'None'
[0.527s] Level 5:colcon.colcon_core.verb:set package 'apply_link_wrench_pkg' build argument 'catkin_cmake_args' from command line to 'None'
[0.527s] Level 5:colcon.colcon_core.verb:set package 'apply_link_wrench_pkg' build argument 'catkin_skip_building_tests' from command line to 'False'
[0.527s] DEBUG:colcon.colcon_core.verb:Building package 'apply_link_wrench_pkg' with the following arguments: {'ament_cmake_args': None, 'build_base': '/home/renato/ws_sensor_combined/build/apply_link_wrench_pkg', 'catkin_cmake_args': None, 'catkin_skip_building_tests': False, 'cmake_args': None, 'cmake_clean_cache': False, 'cmake_clean_first': False, 'cmake_force_configure': False, 'cmake_target': None, 'cmake_target_skip_unavailable': False, 'install_base': '/home/renato/ws_sensor_combined/install/apply_link_wrench_pkg', 'merge_install': False, 'path': '/home/renato/ws_sensor_combined/src/apply_link_wrench_pkg', 'symlink_install': True, 'test_result_base': None}
[0.528s] Level 5:colcon.colcon_core.verb:set package 'px4_msgs' build argument 'cmake_args' from command line to 'None'
[0.528s] Level 5:colcon.colcon_core.verb:set package 'px4_msgs' build argument 'cmake_target' from command line to 'None'
[0.528s] Level 5:colcon.colcon_core.verb:set package 'px4_msgs' build argument 'cmake_target_skip_unavailable' from command line to 'False'
[0.528s] Level 5:colcon.colcon_core.verb:set package 'px4_msgs' build argument 'cmake_clean_cache' from command line to 'False'
[0.528s] Level 5:colcon.colcon_core.verb:set package 'px4_msgs' build argument 'cmake_clean_first' from command line to 'False'
[0.528s] Level 5:colcon.colcon_core.verb:set package 'px4_msgs' build argument 'cmake_force_configure' from command line to 'False'
[0.528s] Level 5:colcon.colcon_core.verb:set package 'px4_msgs' build argument 'ament_cmake_args' from command line to 'None'
[0.528s] Level 5:colcon.colcon_core.verb:set package 'px4_msgs' build argument 'catkin_cmake_args' from command line to 'None'
[0.528s] Level 5:colcon.colcon_core.verb:set package 'px4_msgs' build argument 'catkin_skip_building_tests' from command line to 'False'
[0.528s] DEBUG:colcon.colcon_core.verb:Building package 'px4_msgs' with the following arguments: {'ament_cmake_args': None, 'build_base': '/home/renato/ws_sensor_combined/build/px4_msgs', 'catkin_cmake_args': None, 'catkin_skip_building_tests': False, 'cmake_args': None, 'cmake_clean_cache': False, 'cmake_clean_first': False, 'cmake_force_configure': False, 'cmake_target': None, 'cmake_target_skip_unavailable': False, 'install_base': '/home/renato/ws_sensor_combined/install/px4_msgs', 'merge_install': False, 'path': '/home/renato/ws_sensor_combined/src/px4_msgs', 'symlink_install': True, 'test_result_base': None}
[0.528s] Level 5:colcon.colcon_core.verb:set package 'dual_wrench_publisher_pkg' build argument 'cmake_args' from command line to 'None'
[0.528s] Level 5:colcon.colcon_core.verb:set package 'dual_wrench_publisher_pkg' build argument 'cmake_target' from command line to 'None'
[0.528s] Level 5:colcon.colcon_core.verb:set package 'dual_wrench_publisher_pkg' build argument 'cmake_target_skip_unavailable' from command line to 'False'
[0.528s] Level 5:colcon.colcon_core.verb:set package 'dual_wrench_publisher_pkg' build argument 'cmake_clean_cache' from command line to 'False'
[0.528s] Level 5:colcon.colcon_core.verb:set package 'dual_wrench_publisher_pkg' build argument 'cmake_clean_first' from command line to 'False'
[0.528s] Level 5:colcon.colcon_core.verb:set package 'dual_wrench_publisher_pkg' build argument 'cmake_force_configure' from command line to 'False'
[0.528s] Level 5:colcon.colcon_core.verb:set package 'dual_wrench_publisher_pkg' build argument 'ament_cmake_args' from command line to 'None'
[0.528s] Level 5:colcon.colcon_core.verb:set package 'dual_wrench_publisher_pkg' build argument 'catkin_cmake_args' from command line to 'None'
[0.528s] Level 5:colcon.colcon_core.verb:set package 'dual_wrench_publisher_pkg' build argument 'catkin_skip_building_tests' from command line to 'False'
[0.528s] DEBUG:colcon.colcon_core.verb:Building package 'dual_wrench_publisher_pkg' with the following arguments: {'ament_cmake_args': None, 'build_base': '/home/renato/ws_sensor_combined/build/dual_wrench_publisher_pkg', 'catkin_cmake_args': None, 'catkin_skip_building_tests': False, 'cmake_args': None, 'cmake_clean_cache': False, 'cmake_clean_first': False, 'cmake_force_configure': False, 'cmake_target': None, 'cmake_target_skip_unavailable': False, 'install_base': '/home/renato/ws_sensor_combined/install/dual_wrench_publisher_pkg', 'merge_install': False, 'path': '/home/renato/ws_sensor_combined/src/dual_wrench_publisher_pkg', 'symlink_install': True, 'test_result_base': None}
[0.529s] Level 5:colcon.colcon_core.verb:set package 'load_cell_publisher_pkg' build argument 'cmake_args' from command line to 'None'
[0.529s] Level 5:colcon.colcon_core.verb:set package 'load_cell_publisher_pkg' build argument 'cmake_target' from command line to 'None'
[0.529s] Level 5:colcon.colcon_core.verb:set package 'load_cell_publisher_pkg' build argument 'cmake_target_skip_unavailable' from command line to 'False'
[0.529s] Level 5:colcon.colcon_core.verb:set package 'load_cell_publisher_pkg' build argument 'cmake_clean_cache' from command line to 'False'
[0.529s] Level 5:colcon.colcon_core.verb:set package 'load_cell_publisher_pkg' build argument 'cmake_clean_first' from command line to 'False'
[0.529s] Level 5:colcon.colcon_core.verb:set package 'load_cell_publisher_pkg' build argument 'cmake_force_configure' from command line to 'False'
[0.529s] Level 5:colcon.colcon_core.verb:set package 'load_cell_publisher_pkg' build argument 'ament_cmake_args' from command line to 'None'
[0.529s] Level 5:colcon.colcon_core.verb:set package 'load_cell_publisher_pkg' build argument 'catkin_cmake_args' from command line to 'None'
[0.529s] Level 5:colcon.colcon_core.verb:set package 'load_cell_publisher_pkg' build argument 'catkin_skip_building_tests' from command line to 'False'
[0.529s] DEBUG:colcon.colcon_core.verb:Building package 'load_cell_publisher_pkg' with the following arguments: {'ament_cmake_args': None, 'build_base': '/home/renato/ws_sensor_combined/build/load_cell_publisher_pkg', 'catkin_cmake_args': None, 'catkin_skip_building_tests': False, 'cmake_args': None, 'cmake_clean_cache': False, 'cmake_clean_first': False, 'cmake_force_configure': False, 'cmake_target': None, 'cmake_target_skip_unavailable': False, 'install_base': '/home/renato/ws_sensor_combined/install/load_cell_publisher_pkg', 'merge_install': False, 'path': '/home/renato/ws_sensor_combined/src/load_cell_publisher_pkg', 'symlink_install': True, 'test_result_base': None}
[0.529s] Level 5:colcon.colcon_core.verb:set package 'px4_ros_com' build argument 'cmake_args' from command line to 'None'
[0.529s] Level 5:colcon.colcon_core.verb:set package 'px4_ros_com' build argument 'cmake_target' from command line to 'None'
[0.529s] Level 5:colcon.colcon_core.verb:set package 'px4_ros_com' build argument 'cmake_target_skip_unavailable' from command line to 'False'
[0.529s] Level 5:colcon.colcon_core.verb:set package 'px4_ros_com' build argument 'cmake_clean_cache' from command line to 'False'
[0.529s] Level 5:colcon.colcon_core.verb:set package 'px4_ros_com' build argument 'cmake_clean_first' from command line to 'False'
[0.529s] Level 5:colcon.colcon_core.verb:set package 'px4_ros_com' build argument 'cmake_force_configure' from command line to 'False'
[0.529s] Level 5:colcon.colcon_core.verb:set package 'px4_ros_com' build argument 'ament_cmake_args' from command line to 'None'
[0.529s] Level 5:colcon.colcon_core.verb:set package 'px4_ros_com' build argument 'catkin_cmake_args' from command line to 'None'
[0.529s] Level 5:colcon.colcon_core.verb:set package 'px4_ros_com' build argument 'catkin_skip_building_tests' from command line to 'False'
[0.530s] DEBUG:colcon.colcon_core.verb:Building package 'px4_ros_com' with the following arguments: {'ament_cmake_args': None, 'build_base': '/home/renato/ws_sensor_combined/build/px4_ros_com', 'catkin_cmake_args': None, 'catkin_skip_building_tests': False, 'cmake_args': None, 'cmake_clean_cache': False, 'cmake_clean_first': False, 'cmake_force_configure': False, 'cmake_target': None, 'cmake_target_skip_unavailable': False, 'install_base': '/home/renato/ws_sensor_combined/install/px4_ros_com', 'merge_install': False, 'path': '/home/renato/ws_sensor_combined/src/px4_ros_com', 'symlink_install': True, 'test_result_base': None}
[0.530s] Level 5:colcon.colcon_core.verb:set package 'sensor_driver_pkg' build argument 'cmake_args' from command line to 'None'
[0.530s] Level 5:colcon.colcon_core.verb:set package 'sensor_driver_pkg' build argument 'cmake_target' from command line to 'None'
[0.530s] Level 5:colcon.colcon_core.verb:set package 'sensor_driver_pkg' build argument 'cmake_target_skip_unavailable' from command line to 'False'
[0.530s] Level 5:colcon.colcon_core.verb:set package 'sensor_driver_pkg' build argument 'cmake_clean_cache' from command line to 'False'
[0.530s] Level 5:colcon.colcon_core.verb:set package 'sensor_driver_pkg' build argument 'cmake_clean_first' from command line to 'False'
[0.530s] Level 5:colcon.colcon_core.verb:set package 'sensor_driver_pkg' build argument 'cmake_force_configure' from command line to 'False'
[0.530s] Level 5:colcon.colcon_core.verb:set package 'sensor_driver_pkg' build argument 'ament_cmake_args' from command line to 'None'
[0.530s] Level 5:colcon.colcon_core.verb:set package 'sensor_driver_pkg' build argument 'catkin_cmake_args' from command line to 'None'
[0.530s] Level 5:colcon.colcon_core.verb:set package 'sensor_driver_pkg' build argument 'catkin_skip_building_tests' from command line to 'False'
[0.530s] DEBUG:colcon.colcon_core.verb:Building package 'sensor_driver_pkg' with the following arguments: {'ament_cmake_args': None, 'build_base': '/home/renato/ws_sensor_combined/build/sensor_driver_pkg', 'catkin_cmake_args': None, 'catkin_skip_building_tests': False, 'cmake_args': None, 'cmake_clean_cache': False, 'cmake_clean_first': False, 'cmake_force_configure': False, 'cmake_target': None, 'cmake_target_skip_unavailable': False, 'install_base': '/home/renato/ws_sensor_combined/install/sensor_driver_pkg', 'merge_install': False, 'path': '/home/renato/ws_sensor_combined/src/sensor_driver_pkg', 'symlink_install': True, 'test_result_base': None}
[0.530s] INFO:colcon.colcon_core.executor:Executing jobs using 'parallel' executor
[0.531s] DEBUG:colcon.colcon_parallel_executor.executor.parallel:run_until_complete
[0.532s] INFO:colcon.colcon_ros.task.ament_cmake.build:Building ROS package in '/home/renato/ws_sensor_combined/src/px4_msgs' with build type 'ament_cmake'
[0.532s] INFO:colcon.colcon_cmake.task.cmake.build:Building CMake package in '/home/renato/ws_sensor_combined/src/px4_msgs'
[0.534s] INFO:colcon.colcon_core.plugin_system:Skipping extension 'colcon_core.shell.bat': Not used on non-Windows systems
[0.534s] INFO:colcon.colcon_core.shell:Skip shell extension 'powershell' for command environment: Not usable outside of PowerShell
[0.534s] DEBUG:colcon.colcon_core.shell:Skip shell extension 'dsv' for command environment
[0.538s] INFO:colcon.colcon_ros.task.ament_cmake.build:Building ROS package in '/home/renato/ws_sensor_combined/src/apply_link_wrench_pkg' with build type 'ament_cmake'
[0.539s] INFO:colcon.colcon_cmake.task.cmake.build:Building CMake package in '/home/renato/ws_sensor_combined/src/apply_link_wrench_pkg'
[0.539s] INFO:colcon.colcon_core.shell:Skip shell extension 'powershell' for command environment: Not usable outside of PowerShell
[0.539s] DEBUG:colcon.colcon_core.shell:Skip shell extension 'dsv' for command environment
[0.548s] DEBUG:colcon.colcon_core.event_handler.log_command:Invoking command in '/home/renato/ws_sensor_combined/build/px4_msgs': CMAKE_PREFIX_PATH=${CMAKE_PREFIX_PATH}:/opt/ros/humble /usr/bin/cmake --build /home/renato/ws_sensor_combined/build/px4_msgs -- -j20 -l20
[0.554s] DEBUG:colcon.colcon_core.event_handler.log_command:Invoking command in '/home/renato/ws_sensor_combined/build/apply_link_wrench_pkg': CMAKE_PREFIX_PATH=${CMAKE_PREFIX_PATH}:/opt/ros/humble /usr/bin/cmake --build /home/renato/ws_sensor_combined/build/apply_link_wrench_pkg -- -j20 -l20
[0.652s] DEBUG:colcon.colcon_core.event_handler.log_command:Invoked command in '/home/renato/ws_sensor_combined/build/apply_link_wrench_pkg' returned '0': CMAKE_PREFIX_PATH=${CMAKE_PREFIX_PATH}:/opt/ros/humble /usr/bin/cmake --build /home/renato/ws_sensor_combined/build/apply_link_wrench_pkg -- -j20 -l20
[0.670s] DEBUG:colcon.colcon_core.event_handler.log_command:Invoking command in '/home/renato/ws_sensor_combined/build/apply_link_wrench_pkg': CMAKE_PREFIX_PATH=${CMAKE_PREFIX_PATH}:/opt/ros/humble /usr/bin/cmake --install /home/renato/ws_sensor_combined/build/apply_link_wrench_pkg
[0.696s] Level 1:colcon.colcon_core.environment:create_environment_scripts_only(apply_link_wrench_pkg)
[0.697s] DEBUG:colcon.colcon_core.event_handler.log_command:Invoked command in '/home/renato/ws_sensor_combined/build/apply_link_wrench_pkg' returned '0': CMAKE_PREFIX_PATH=${CMAKE_PREFIX_PATH}:/opt/ros/humble /usr/bin/cmake --install /home/renato/ws_sensor_combined/build/apply_link_wrench_pkg
[0.700s] Level 1:colcon.colcon_core.environment:checking '/home/renato/ws_sensor_combined/install/apply_link_wrench_pkg' for CMake module files
[0.701s] Level 1:colcon.colcon_core.environment:checking '/home/renato/ws_sensor_combined/install/apply_link_wrench_pkg' for CMake config files
[0.701s] Level 1:colcon.colcon_core.shell:create_environment_hook('apply_link_wrench_pkg', 'cmake_prefix_path')
[0.701s] INFO:colcon.colcon_core.shell:Creating environment hook '/home/renato/ws_sensor_combined/install/apply_link_wrench_pkg/share/apply_link_wrench_pkg/hook/cmake_prefix_path.ps1'
[0.702s] INFO:colcon.colcon_core.shell:Creating environment descriptor '/home/renato/ws_sensor_combined/install/apply_link_wrench_pkg/share/apply_link_wrench_pkg/hook/cmake_prefix_path.dsv'
[0.703s] INFO:colcon.colcon_core.shell:Creating environment hook '/home/renato/ws_sensor_combined/install/apply_link_wrench_pkg/share/apply_link_wrench_pkg/hook/cmake_prefix_path.sh'
[0.704s] Level 1:colcon.colcon_core.environment:checking '/home/renato/ws_sensor_combined/install/apply_link_wrench_pkg/lib'
[0.704s] Level 1:colcon.colcon_core.environment:checking '/home/renato/ws_sensor_combined/install/apply_link_wrench_pkg/bin'
[0.704s] Level 1:colcon.colcon_core.environment:checking '/home/renato/ws_sensor_combined/install/apply_link_wrench_pkg/lib/pkgconfig/apply_link_wrench_pkg.pc'
[0.705s] Level 1:colcon.colcon_core.environment:checking '/home/renato/ws_sensor_combined/install/apply_link_wrench_pkg/lib/python3.10/site-packages'
[0.705s] Level 1:colcon.colcon_core.environment:checking '/home/renato/ws_sensor_combined/install/apply_link_wrench_pkg/bin'
[0.705s] INFO:colcon.colcon_core.shell:Creating package script '/home/renato/ws_sensor_combined/install/apply_link_wrench_pkg/share/apply_link_wrench_pkg/package.ps1'
[0.706s] INFO:colcon.colcon_core.shell:Creating package descriptor '/home/renato/ws_sensor_combined/install/apply_link_wrench_pkg/share/apply_link_wrench_pkg/package.dsv'
[0.707s] INFO:colcon.colcon_core.shell:Creating package script '/home/renato/ws_sensor_combined/install/apply_link_wrench_pkg/share/apply_link_wrench_pkg/package.sh'
[0.708s] INFO:colcon.colcon_core.shell:Creating package script '/home/renato/ws_sensor_combined/install/apply_link_wrench_pkg/share/apply_link_wrench_pkg/package.bash'
[0.709s] INFO:colcon.colcon_core.shell:Creating package script '/home/renato/ws_sensor_combined/install/apply_link_wrench_pkg/share/apply_link_wrench_pkg/package.zsh'
[0.710s] Level 1:colcon.colcon_core.environment:create_file_with_runtime_dependencies(/home/renato/ws_sensor_combined/install/apply_link_wrench_pkg/share/colcon-core/packages/apply_link_wrench_pkg)
[0.711s] Level 1:colcon.colcon_core.environment:create_environment_scripts_only(apply_link_wrench_pkg)
[0.711s] Level 1:colcon.colcon_core.environment:checking '/home/renato/ws_sensor_combined/install/apply_link_wrench_pkg' for CMake module files
[0.712s] Level 1:colcon.colcon_core.environment:checking '/home/renato/ws_sensor_combined/install/apply_link_wrench_pkg' for CMake config files
[0.712s] Level 1:colcon.colcon_core.shell:create_environment_hook('apply_link_wrench_pkg', 'cmake_prefix_path')
[0.712s] INFO:colcon.colcon_core.shell:Creating environment hook '/home/renato/ws_sensor_combined/install/apply_link_wrench_pkg/share/apply_link_wrench_pkg/hook/cmake_prefix_path.ps1'
[0.713s] INFO:colcon.colcon_core.shell:Creating environment descriptor '/home/renato/ws_sensor_combined/install/apply_link_wrench_pkg/share/apply_link_wrench_pkg/hook/cmake_prefix_path.dsv'
[0.713s] INFO:colcon.colcon_core.shell:Creating environment hook '/home/renato/ws_sensor_combined/install/apply_link_wrench_pkg/share/apply_link_wrench_pkg/hook/cmake_prefix_path.sh'
[0.714s] Level 1:colcon.colcon_core.environment:checking '/home/renato/ws_sensor_combined/install/apply_link_wrench_pkg/lib'
[0.714s] Level 1:colcon.colcon_core.environment:checking '/home/renato/ws_sensor_combined/install/apply_link_wrench_pkg/bin'
[0.714s] Level 1:colcon.colcon_core.environment:checking '/home/renato/ws_sensor_combined/install/apply_link_wrench_pkg/lib/pkgconfig/apply_link_wrench_pkg.pc'
[0.714s] Level 1:colcon.colcon_core.environment:checking '/home/renato/ws_sensor_combined/install/apply_link_wrench_pkg/lib/python3.10/site-packages'
[0.715s] Level 1:colcon.colcon_core.environment:checking '/home/renato/ws_sensor_combined/install/apply_link_wrench_pkg/bin'
[0.715s] INFO:colcon.colcon_core.shell:Creating package script '/home/renato/ws_sensor_combined/install/apply_link_wrench_pkg/share/apply_link_wrench_pkg/package.ps1'
[0.716s] INFO:colcon.colcon_core.shell:Creating package descriptor '/home/renato/ws_sensor_combined/install/apply_link_wrench_pkg/share/apply_link_wrench_pkg/package.dsv'
[0.716s] INFO:colcon.colcon_core.shell:Creating package script '/home/renato/ws_sensor_combined/install/apply_link_wrench_pkg/share/apply_link_wrench_pkg/package.sh'
[0.717s] INFO:colcon.colcon_core.shell:Creating package script '/home/renato/ws_sensor_combined/install/apply_link_wrench_pkg/share/apply_link_wrench_pkg/package.bash'
[0.717s] INFO:colcon.colcon_core.shell:Creating package script '/home/renato/ws_sensor_combined/install/apply_link_wrench_pkg/share/apply_link_wrench_pkg/package.zsh'
[0.718s] Level 1:colcon.colcon_core.environment:create_file_with_runtime_dependencies(/home/renato/ws_sensor_combined/install/apply_link_wrench_pkg/share/colcon-core/packages/apply_link_wrench_pkg)
[2.264s] DEBUG:colcon.colcon_core.event_handler.log_command:Invoked command in '/home/renato/ws_sensor_combined/build/px4_msgs' returned '0': CMAKE_PREFIX_PATH=${CMAKE_PREFIX_PATH}:/opt/ros/humble /usr/bin/cmake --build /home/renato/ws_sensor_combined/build/px4_msgs -- -j20 -l20
[2.267s] DEBUG:colcon.colcon_core.event_handler.log_command:Invoking command in '/home/renato/ws_sensor_combined/build/px4_msgs': CMAKE_PREFIX_PATH=${CMAKE_PREFIX_PATH}:/opt/ros/humble /usr/bin/cmake --install /home/renato/ws_sensor_combined/build/px4_msgs
[2.871s] Level 1:colcon.colcon_core.environment:create_environment_scripts_only(px4_msgs)
[2.872s] Level 1:colcon.colcon_core.environment:checking '/home/renato/ws_sensor_combined/install/px4_msgs' for CMake module files
[2.872s] DEBUG:colcon.colcon_core.event_handler.log_command:Invoked command in '/home/renato/ws_sensor_combined/build/px4_msgs' returned '0': CMAKE_PREFIX_PATH=${CMAKE_PREFIX_PATH}:/opt/ros/humble /usr/bin/cmake --install /home/renato/ws_sensor_combined/build/px4_msgs
[2.874s] Level 1:colcon.colcon_core.environment:checking '/home/renato/ws_sensor_combined/install/px4_msgs' for CMake config files
[2.894s] Level 1:colcon.colcon_core.shell:create_environment_hook('px4_msgs', 'cmake_prefix_path')
[2.894s] INFO:colcon.colcon_core.shell:Creating environment hook '/home/renato/ws_sensor_combined/install/px4_msgs/share/px4_msgs/hook/cmake_prefix_path.ps1'
[2.895s] INFO:colcon.colcon_core.shell:Creating environment descriptor '/home/renato/ws_sensor_combined/install/px4_msgs/share/px4_msgs/hook/cmake_prefix_path.dsv'
[2.896s] INFO:colcon.colcon_core.shell:Creating environment hook '/home/renato/ws_sensor_combined/install/px4_msgs/share/px4_msgs/hook/cmake_prefix_path.sh'
[2.897s] Level 1:colcon.colcon_core.environment:checking '/home/renato/ws_sensor_combined/install/px4_msgs/lib'
[2.897s] Level 1:colcon.colcon_core.shell:create_environment_hook('px4_msgs', 'ld_library_path_lib')
[2.897s] INFO:colcon.colcon_core.shell:Creating environment hook '/home/renato/ws_sensor_combined/install/px4_msgs/share/px4_msgs/hook/ld_library_path_lib.ps1'
[2.898s] INFO:colcon.colcon_core.shell:Creating environment descriptor '/home/renato/ws_sensor_combined/install/px4_msgs/share/px4_msgs/hook/ld_library_path_lib.dsv'
[2.898s] INFO:colcon.colcon_core.shell:Creating environment hook '/home/renato/ws_sensor_combined/install/px4_msgs/share/px4_msgs/hook/ld_library_path_lib.sh'
[2.899s] Level 1:colcon.colcon_core.environment:checking '/home/renato/ws_sensor_combined/install/px4_msgs/bin'
[2.899s] Level 1:colcon.colcon_core.environment:checking '/home/renato/ws_sensor_combined/install/px4_msgs/lib/pkgconfig/px4_msgs.pc'
[2.899s] Level 1:colcon.colcon_core.environment:checking '/home/renato/ws_sensor_combined/install/px4_msgs/lib/python3.10/site-packages'
[2.900s] Level 1:colcon.colcon_core.environment:checking '/home/renato/ws_sensor_combined/install/px4_msgs/bin'
[2.900s] INFO:colcon.colcon_core.shell:Creating package script '/home/renato/ws_sensor_combined/install/px4_msgs/share/px4_msgs/package.ps1'
[2.901s] INFO:colcon.colcon_core.shell:Creating package descriptor '/home/renato/ws_sensor_combined/install/px4_msgs/share/px4_msgs/package.dsv'
[2.902s] INFO:colcon.colcon_core.shell:Creating package script '/home/renato/ws_sensor_combined/install/px4_msgs/share/px4_msgs/package.sh'
[2.902s] INFO:colcon.colcon_core.shell:Creating package script '/home/renato/ws_sensor_combined/install/px4_msgs/share/px4_msgs/package.bash'
[2.903s] INFO:colcon.colcon_core.shell:Creating package script '/home/renato/ws_sensor_combined/install/px4_msgs/share/px4_msgs/package.zsh'
[2.903s] Level 1:colcon.colcon_core.environment:create_file_with_runtime_dependencies(/home/renato/ws_sensor_combined/install/px4_msgs/share/colcon-core/packages/px4_msgs)
[2.904s] Level 1:colcon.colcon_core.environment:create_environment_scripts_only(px4_msgs)
[2.904s] Level 1:colcon.colcon_core.environment:checking '/home/renato/ws_sensor_combined/install/px4_msgs' for CMake module files
[2.905s] Level 1:colcon.colcon_core.environment:checking '/home/renato/ws_sensor_combined/install/px4_msgs' for CMake config files
[2.925s] Level 1:colcon.colcon_core.shell:create_environment_hook('px4_msgs', 'cmake_prefix_path')
[2.925s] INFO:colcon.colcon_core.shell:Creating environment hook '/home/renato/ws_sensor_combined/install/px4_msgs/share/px4_msgs/hook/cmake_prefix_path.ps1'
[2.926s] INFO:colcon.colcon_core.shell:Creating environment descriptor '/home/renato/ws_sensor_combined/install/px4_msgs/share/px4_msgs/hook/cmake_prefix_path.dsv'
[2.927s] INFO:colcon.colcon_core.shell:Creating environment hook '/home/renato/ws_sensor_combined/install/px4_msgs/share/px4_msgs/hook/cmake_prefix_path.sh'
[2.927s] Level 1:colcon.colcon_core.environment:checking '/home/renato/ws_sensor_combined/install/px4_msgs/lib'
[2.928s] Level 1:colcon.colcon_core.shell:create_environment_hook('px4_msgs', 'ld_library_path_lib')
[2.928s] INFO:colcon.colcon_core.shell:Creating environment hook '/home/renato/ws_sensor_combined/install/px4_msgs/share/px4_msgs/hook/ld_library_path_lib.ps1'
[2.929s] INFO:colcon.colcon_core.shell:Creating environment descriptor '/home/renato/ws_sensor_combined/install/px4_msgs/share/px4_msgs/hook/ld_library_path_lib.dsv'
[2.929s] INFO:colcon.colcon_core.shell:Creating environment hook '/home/renato/ws_sensor_combined/install/px4_msgs/share/px4_msgs/hook/ld_library_path_lib.sh'
[2.929s] Level 1:colcon.colcon_core.environment:checking '/home/renato/ws_sensor_combined/install/px4_msgs/bin'
[2.930s] Level 1:colcon.colcon_core.environment:checking '/home/renato/ws_sensor_combined/install/px4_msgs/lib/pkgconfig/px4_msgs.pc'
[2.930s] Level 1:colcon.colcon_core.environment:checking '/home/renato/ws_sensor_combined/install/px4_msgs/lib/python3.10/site-packages'
[2.930s] Level 1:colcon.colcon_core.environment:checking '/home/renato/ws_sensor_combined/install/px4_msgs/bin'
[2.931s] INFO:colcon.colcon_core.shell:Creating package script '/home/renato/ws_sensor_combined/install/px4_msgs/share/px4_msgs/package.ps1'
[2.931s] INFO:colcon.colcon_core.shell:Creating package descriptor '/home/renato/ws_sensor_combined/install/px4_msgs/share/px4_msgs/package.dsv'
[2.932s] INFO:colcon.colcon_core.shell:Creating package script '/home/renato/ws_sensor_combined/install/px4_msgs/share/px4_msgs/package.sh'
[2.933s] INFO:colcon.colcon_core.shell:Creating package script '/home/renato/ws_sensor_combined/install/px4_msgs/share/px4_msgs/package.bash'
[2.933s] INFO:colcon.colcon_core.shell:Creating package script '/home/renato/ws_sensor_combined/install/px4_msgs/share/px4_msgs/package.zsh'
[2.934s] Level 1:colcon.colcon_core.environment:create_file_with_runtime_dependencies(/home/renato/ws_sensor_combined/install/px4_msgs/share/colcon-core/packages/px4_msgs)
[2.935s] INFO:colcon.colcon_ros.task.ament_cmake.build:Building ROS package in '/home/renato/ws_sensor_combined/src/dual_wrench_publisher_pkg' with build type 'ament_cmake'
[2.935s] INFO:colcon.colcon_cmake.task.cmake.build:Building CMake package in '/home/renato/ws_sensor_combined/src/dual_wrench_publisher_pkg'
[2.935s] INFO:colcon.colcon_core.shell:Skip shell extension 'powershell' for command environment: Not usable outside of PowerShell
[2.935s] DEBUG:colcon.colcon_core.shell:Skip shell extension 'dsv' for command environment
[2.942s] INFO:colcon.colcon_ros.task.ament_cmake.build:Building ROS package in '/home/renato/ws_sensor_combined/src/load_cell_publisher_pkg' with build type 'ament_cmake'
[2.942s] INFO:colcon.colcon_cmake.task.cmake.build:Building CMake package in '/home/renato/ws_sensor_combined/src/load_cell_publisher_pkg'
[2.942s] INFO:colcon.colcon_core.shell:Skip shell extension 'powershell' for command environment: Not usable outside of PowerShell
[2.943s] DEBUG:colcon.colcon_core.shell:Skip shell extension 'dsv' for command environment
[2.948s] INFO:colcon.colcon_ros.task.ament_cmake.build:Building ROS package in '/home/renato/ws_sensor_combined/src/px4_ros_com' with build type 'ament_cmake'
[2.948s] INFO:colcon.colcon_cmake.task.cmake.build:Building CMake package in '/home/renato/ws_sensor_combined/src/px4_ros_com'
[2.949s] INFO:colcon.colcon_core.shell:Skip shell extension 'powershell' for command environment: Not usable outside of PowerShell
[2.949s] DEBUG:colcon.colcon_core.shell:Skip shell extension 'dsv' for command environment
[2.954s] INFO:colcon.colcon_ros.task.ament_cmake.build:Building ROS package in '/home/renato/ws_sensor_combined/src/sensor_driver_pkg' with build type 'ament_cmake'
[2.955s] INFO:colcon.colcon_cmake.task.cmake.build:Building CMake package in '/home/renato/ws_sensor_combined/src/sensor_driver_pkg'
[2.955s] INFO:colcon.colcon_core.shell:Skip shell extension 'powershell' for command environment: Not usable outside of PowerShell
[2.955s] DEBUG:colcon.colcon_core.shell:Skip shell extension 'dsv' for command environment
[2.968s] DEBUG:colcon.colcon_core.event_handler.log_command:Invoking command in '/home/renato/ws_sensor_combined/build/dual_wrench_publisher_pkg': CMAKE_PREFIX_PATH=/home/renato/ws_sensor_combined/install/px4_msgs:/home/renato/ws_sensor_combined/install/sensor_driver_pkg:/home/renato/ws_sensor_combined/install/px4_ros_com:/home/renato/ws_sensor_combined/install/load_cell_publisher_pkg:/home/renato/ws_sensor_combined/install/dual_wrench_publisher_pkg:/home/renato/ws_sensor_combined/install/apply_link_wrench_pkg:/home/renato/bridge_ws/install/test_ros_gz_bridge:/home/renato/bridge_ws/install/ros_ign_interfaces:/home/renato/bridge_ws/install/ros_ign:/home/renato/bridge_ws/install/ros_ign_image:/home/renato/bridge_ws/install/ros_ign_gazebo_demos:/home/renato/bridge_ws/install/ros_ign_gazebo:/home/renato/bridge_ws/install/ros_ign_bridge:/home/renato/bridge_ws/install/ros_gz:/home/renato/bridge_ws/install/ros_gz_sim_demos:/home/renato/bridge_ws/install/ros_gz_sim:/home/renato/bridge_ws/install/ros_gz_image:/home/renato/bridge_ws/install/ros_gz_bridge:/home/renato/bridge_ws/install/ros_gz_interfaces:/opt/ros/humble LD_LIBRARY_PATH=/home/renato/ws_sensor_combined/install/px4_msgs/lib:/home/renato/ws_sensor_combined/install/px4_ros_com/lib:/home/renato/bridge_ws/install/ros_ign_interfaces/lib:/home/renato/bridge_ws/install/ros_gz_sim/lib:/home/renato/bridge_ws/install/ros_gz_bridge/lib:/home/renato/bridge_ws/install/ros_gz_interfaces/lib:/opt/ros/humble/opt/rviz_ogre_vendor/lib:/opt/ros/humble/lib/x86_64-linux-gnu:/opt/ros/humble/lib /usr/bin/cmake --build /home/renato/ws_sensor_combined/build/dual_wrench_publisher_pkg -- -j20 -l20
[2.972s] DEBUG:colcon.colcon_core.event_handler.log_command:Invoking command in '/home/renato/ws_sensor_combined/build/load_cell_publisher_pkg': CMAKE_PREFIX_PATH=/home/renato/ws_sensor_combined/install/px4_msgs:/home/renato/ws_sensor_combined/install/sensor_driver_pkg:/home/renato/ws_sensor_combined/install/px4_ros_com:/home/renato/ws_sensor_combined/install/load_cell_publisher_pkg:/home/renato/ws_sensor_combined/install/dual_wrench_publisher_pkg:/home/renato/ws_sensor_combined/install/apply_link_wrench_pkg:/home/renato/bridge_ws/install/test_ros_gz_bridge:/home/renato/bridge_ws/install/ros_ign_interfaces:/home/renato/bridge_ws/install/ros_ign:/home/renato/bridge_ws/install/ros_ign_image:/home/renato/bridge_ws/install/ros_ign_gazebo_demos:/home/renato/bridge_ws/install/ros_ign_gazebo:/home/renato/bridge_ws/install/ros_ign_bridge:/home/renato/bridge_ws/install/ros_gz:/home/renato/bridge_ws/install/ros_gz_sim_demos:/home/renato/bridge_ws/install/ros_gz_sim:/home/renato/bridge_ws/install/ros_gz_image:/home/renato/bridge_ws/install/ros_gz_bridge:/home/renato/bridge_ws/install/ros_gz_interfaces:/opt/ros/humble LD_LIBRARY_PATH=/home/renato/ws_sensor_combined/install/px4_msgs/lib:/home/renato/ws_sensor_combined/install/px4_ros_com/lib:/home/renato/bridge_ws/install/ros_ign_interfaces/lib:/home/renato/bridge_ws/install/ros_gz_sim/lib:/home/renato/bridge_ws/install/ros_gz_bridge/lib:/home/renato/bridge_ws/install/ros_gz_interfaces/lib:/opt/ros/humble/opt/rviz_ogre_vendor/lib:/opt/ros/humble/lib/x86_64-linux-gnu:/opt/ros/humble/lib /usr/bin/cmake --build /home/renato/ws_sensor_combined/build/load_cell_publisher_pkg -- -j20 -l20
[2.975s] DEBUG:colcon.colcon_core.event_handler.log_command:Invoking command in '/home/renato/ws_sensor_combined/build/px4_ros_com': CMAKE_PREFIX_PATH=/home/renato/ws_sensor_combined/install/px4_msgs:/home/renato/ws_sensor_combined/install/sensor_driver_pkg:/home/renato/ws_sensor_combined/install/px4_ros_com:/home/renato/ws_sensor_combined/install/load_cell_publisher_pkg:/home/renato/ws_sensor_combined/install/dual_wrench_publisher_pkg:/home/renato/ws_sensor_combined/install/apply_link_wrench_pkg:/home/renato/bridge_ws/install/test_ros_gz_bridge:/home/renato/bridge_ws/install/ros_ign_interfaces:/home/renato/bridge_ws/install/ros_ign:/home/renato/bridge_ws/install/ros_ign_image:/home/renato/bridge_ws/install/ros_ign_gazebo_demos:/home/renato/bridge_ws/install/ros_ign_gazebo:/home/renato/bridge_ws/install/ros_ign_bridge:/home/renato/bridge_ws/install/ros_gz:/home/renato/bridge_ws/install/ros_gz_sim_demos:/home/renato/bridge_ws/install/ros_gz_sim:/home/renato/bridge_ws/install/ros_gz_image:/home/renato/bridge_ws/install/ros_gz_bridge:/home/renato/bridge_ws/install/ros_gz_interfaces:/opt/ros/humble LD_LIBRARY_PATH=/home/renato/ws_sensor_combined/install/px4_msgs/lib:/home/renato/ws_sensor_combined/install/px4_ros_com/lib:/home/renato/bridge_ws/install/ros_ign_interfaces/lib:/home/renato/bridge_ws/install/ros_gz_sim/lib:/home/renato/bridge_ws/install/ros_gz_bridge/lib:/home/renato/bridge_ws/install/ros_gz_interfaces/lib:/opt/ros/humble/opt/rviz_ogre_vendor/lib:/opt/ros/humble/lib/x86_64-linux-gnu:/opt/ros/humble/lib /usr/bin/cmake --build /home/renato/ws_sensor_combined/build/px4_ros_com -- -j20 -l20
[2.985s] DEBUG:colcon.colcon_core.event_handler.log_command:Invoking command in '/home/renato/ws_sensor_combined/build/sensor_driver_pkg': CMAKE_PREFIX_PATH=/home/renato/ws_sensor_combined/install/px4_msgs:/home/renato/ws_sensor_combined/install/sensor_driver_pkg:/home/renato/ws_sensor_combined/install/px4_ros_com:/home/renato/ws_sensor_combined/install/load_cell_publisher_pkg:/home/renato/ws_sensor_combined/install/dual_wrench_publisher_pkg:/home/renato/ws_sensor_combined/install/apply_link_wrench_pkg:/home/renato/bridge_ws/install/test_ros_gz_bridge:/home/renato/bridge_ws/install/ros_ign_interfaces:/home/renato/bridge_ws/install/ros_ign:/home/renato/bridge_ws/install/ros_ign_image:/home/renato/bridge_ws/install/ros_ign_gazebo_demos:/home/renato/bridge_ws/install/ros_ign_gazebo:/home/renato/bridge_ws/install/ros_ign_bridge:/home/renato/bridge_ws/install/ros_gz:/home/renato/bridge_ws/install/ros_gz_sim_demos:/home/renato/bridge_ws/install/ros_gz_sim:/home/renato/bridge_ws/install/ros_gz_image:/home/renato/bridge_ws/install/ros_gz_bridge:/home/renato/bridge_ws/install/ros_gz_interfaces:/opt/ros/humble LD_LIBRARY_PATH=/home/renato/ws_sensor_combined/install/px4_msgs/lib:/home/renato/ws_sensor_combined/install/px4_ros_com/lib:/home/renato/bridge_ws/install/ros_ign_interfaces/lib:/home/renato/bridge_ws/install/ros_gz_sim/lib:/home/renato/bridge_ws/install/ros_gz_bridge/lib:/home/renato/bridge_ws/install/ros_gz_interfaces/lib:/opt/ros/humble/opt/rviz_ogre_vendor/lib:/opt/ros/humble/lib/x86_64-linux-gnu:/opt/ros/humble/lib /usr/bin/cmake /home/renato/ws_sensor_combined/src/sensor_driver_pkg -DAMENT_CMAKE_SYMLINK_INSTALL=1 -DCMAKE_INSTALL_PREFIX=/home/renato/ws_sensor_combined/install/sensor_driver_pkg
[4.093s] DEBUG:colcon.colcon_core.event_handler.log_command:Invoked command in '/home/renato/ws_sensor_combined/build/sensor_driver_pkg' returned '0': CMAKE_PREFIX_PATH=/home/renato/ws_sensor_combined/install/px4_msgs:/home/renato/ws_sensor_combined/install/sensor_driver_pkg:/home/renato/ws_sensor_combined/install/px4_ros_com:/home/renato/ws_sensor_combined/install/load_cell_publisher_pkg:/home/renato/ws_sensor_combined/install/dual_wrench_publisher_pkg:/home/renato/ws_sensor_combined/install/apply_link_wrench_pkg:/home/renato/bridge_ws/install/test_ros_gz_bridge:/home/renato/bridge_ws/install/ros_ign_interfaces:/home/renato/bridge_ws/install/ros_ign:/home/renato/bridge_ws/install/ros_ign_image:/home/renato/bridge_ws/install/ros_ign_gazebo_demos:/home/renato/bridge_ws/install/ros_ign_gazebo:/home/renato/bridge_ws/install/ros_ign_bridge:/home/renato/bridge_ws/install/ros_gz:/home/renato/bridge_ws/install/ros_gz_sim_demos:/home/renato/bridge_ws/install/ros_gz_sim:/home/renato/bridge_ws/install/ros_gz_image:/home/renato/bridge_ws/install/ros_gz_bridge:/home/renato/bridge_ws/install/ros_gz_interfaces:/opt/ros/humble LD_LIBRARY_PATH=/home/renato/ws_sensor_combined/install/px4_msgs/lib:/home/renato/ws_sensor_combined/install/px4_ros_com/lib:/home/renato/bridge_ws/install/ros_ign_interfaces/lib:/home/renato/bridge_ws/install/ros_gz_sim/lib:/home/renato/bridge_ws/install/ros_gz_bridge/lib:/home/renato/bridge_ws/install/ros_gz_interfaces/lib:/opt/ros/humble/opt/rviz_ogre_vendor/lib:/opt/ros/humble/lib/x86_64-linux-gnu:/opt/ros/humble/lib /usr/bin/cmake /home/renato/ws_sensor_combined/src/sensor_driver_pkg -DAMENT_CMAKE_SYMLINK_INSTALL=1 -DCMAKE_INSTALL_PREFIX=/home/renato/ws_sensor_combined/install/sensor_driver_pkg
[4.096s] DEBUG:colcon.colcon_core.event_handler.log_command:Invoking command in '/home/renato/ws_sensor_combined/build/sensor_driver_pkg': CMAKE_PREFIX_PATH=/home/renato/ws_sensor_combined/install/px4_msgs:/home/renato/ws_sensor_combined/install/sensor_driver_pkg:/home/renato/ws_sensor_combined/install/px4_ros_com:/home/renato/ws_sensor_combined/install/load_cell_publisher_pkg:/home/renato/ws_sensor_combined/install/dual_wrench_publisher_pkg:/home/renato/ws_sensor_combined/install/apply_link_wrench_pkg:/home/renato/bridge_ws/install/test_ros_gz_bridge:/home/renato/bridge_ws/install/ros_ign_interfaces:/home/renato/bridge_ws/install/ros_ign:/home/renato/bridge_ws/install/ros_ign_image:/home/renato/bridge_ws/install/ros_ign_gazebo_demos:/home/renato/bridge_ws/install/ros_ign_gazebo:/home/renato/bridge_ws/install/ros_ign_bridge:/home/renato/bridge_ws/install/ros_gz:/home/renato/bridge_ws/install/ros_gz_sim_demos:/home/renato/bridge_ws/install/ros_gz_sim:/home/renato/bridge_ws/install/ros_gz_image:/home/renato/bridge_ws/install/ros_gz_bridge:/home/renato/bridge_ws/install/ros_gz_interfaces:/opt/ros/humble LD_LIBRARY_PATH=/home/renato/ws_sensor_combined/install/px4_msgs/lib:/home/renato/ws_sensor_combined/install/px4_ros_com/lib:/home/renato/bridge_ws/install/ros_ign_interfaces/lib:/home/renato/bridge_ws/install/ros_gz_sim/lib:/home/renato/bridge_ws/install/ros_gz_bridge/lib:/home/renato/bridge_ws/install/ros_gz_interfaces/lib:/opt/ros/humble/opt/rviz_ogre_vendor/lib:/opt/ros/humble/lib/x86_64-linux-gnu:/opt/ros/humble/lib /usr/bin/cmake --build /home/renato/ws_sensor_combined/build/sensor_driver_pkg -- -j20 -l20
[12.481s] DEBUG:colcon.colcon_core.event_handler.log_command:Invoked command in '/home/renato/ws_sensor_combined/build/load_cell_publisher_pkg' returned '0': CMAKE_PREFIX_PATH=/home/renato/ws_sensor_combined/install/px4_msgs:/home/renato/ws_sensor_combined/install/sensor_driver_pkg:/home/renato/ws_sensor_combined/install/px4_ros_com:/home/renato/ws_sensor_combined/install/load_cell_publisher_pkg:/home/renato/ws_sensor_combined/install/dual_wrench_publisher_pkg:/home/renato/ws_sensor_combined/install/apply_link_wrench_pkg:/home/renato/bridge_ws/install/test_ros_gz_bridge:/home/renato/bridge_ws/install/ros_ign_interfaces:/home/renato/bridge_ws/install/ros_ign:/home/renato/bridge_ws/install/ros_ign_image:/home/renato/bridge_ws/install/ros_ign_gazebo_demos:/home/renato/bridge_ws/install/ros_ign_gazebo:/home/renato/bridge_ws/install/ros_ign_bridge:/home/renato/bridge_ws/install/ros_gz:/home/renato/bridge_ws/install/ros_gz_sim_demos:/home/renato/bridge_ws/install/ros_gz_sim:/home/renato/bridge_ws/install/ros_gz_image:/home/renato/bridge_ws/install/ros_gz_bridge:/home/renato/bridge_ws/install/ros_gz_interfaces:/opt/ros/humble LD_LIBRARY_PATH=/home/renato/ws_sensor_combined/install/px4_msgs/lib:/home/renato/ws_sensor_combined/install/px4_ros_com/lib:/home/renato/bridge_ws/install/ros_ign_interfaces/lib:/home/renato/bridge_ws/install/ros_gz_sim/lib:/home/renato/bridge_ws/install/ros_gz_bridge/lib:/home/renato/bridge_ws/install/ros_gz_interfaces/lib:/opt/ros/humble/opt/rviz_ogre_vendor/lib:/opt/ros/humble/lib/x86_64-linux-gnu:/opt/ros/humble/lib /usr/bin/cmake --build /home/renato/ws_sensor_combined/build/load_cell_publisher_pkg -- -j20 -l20
[12.485s] DEBUG:colcon.colcon_core.event_handler.log_command:Invoking command in '/home/renato/ws_sensor_combined/build/load_cell_publisher_pkg': CMAKE_PREFIX_PATH=/home/renato/ws_sensor_combined/install/px4_msgs:/home/renato/ws_sensor_combined/install/sensor_driver_pkg:/home/renato/ws_sensor_combined/install/px4_ros_com:/home/renato/ws_sensor_combined/install/load_cell_publisher_pkg:/home/renato/ws_sensor_combined/install/dual_wrench_publisher_pkg:/home/renato/ws_sensor_combined/install/apply_link_wrench_pkg:/home/renato/bridge_ws/install/test_ros_gz_bridge:/home/renato/bridge_ws/install/ros_ign_interfaces:/home/renato/bridge_ws/install/ros_ign:/home/renato/bridge_ws/install/ros_ign_image:/home/renato/bridge_ws/install/ros_ign_gazebo_demos:/home/renato/bridge_ws/install/ros_ign_gazebo:/home/renato/bridge_ws/install/ros_ign_bridge:/home/renato/bridge_ws/install/ros_gz:/home/renato/bridge_ws/install/ros_gz_sim_demos:/home/renato/bridge_ws/install/ros_gz_sim:/home/renato/bridge_ws/install/ros_gz_image:/home/renato/bridge_ws/install/ros_gz_bridge:/home/renato/bridge_ws/install/ros_gz_interfaces:/opt/ros/humble LD_LIBRARY_PATH=/home/renato/ws_sensor_combined/install/px4_msgs/lib:/home/renato/ws_sensor_combined/install/px4_ros_com/lib:/home/renato/bridge_ws/install/ros_ign_interfaces/lib:/home/renato/bridge_ws/install/ros_gz_sim/lib:/home/renato/bridge_ws/install/ros_gz_bridge/lib:/home/renato/bridge_ws/install/ros_gz_interfaces/lib:/opt/ros/humble/opt/rviz_ogre_vendor/lib:/opt/ros/humble/lib/x86_64-linux-gnu:/opt/ros/humble/lib /usr/bin/cmake --install /home/renato/ws_sensor_combined/build/load_cell_publisher_pkg
[12.809s] Level 1:colcon.colcon_core.environment:create_environment_scripts_only(load_cell_publisher_pkg)
[12.811s] Level 1:colcon.colcon_core.environment:checking '/home/renato/ws_sensor_combined/install/load_cell_publisher_pkg' for CMake module files
[12.811s] DEBUG:colcon.colcon_core.event_handler.log_command:Invoked command in '/home/renato/ws_sensor_combined/build/load_cell_publisher_pkg' returned '0': CMAKE_PREFIX_PATH=/home/renato/ws_sensor_combined/install/px4_msgs:/home/renato/ws_sensor_combined/install/sensor_driver_pkg:/home/renato/ws_sensor_combined/install/px4_ros_com:/home/renato/ws_sensor_combined/install/load_cell_publisher_pkg:/home/renato/ws_sensor_combined/install/dual_wrench_publisher_pkg:/home/renato/ws_sensor_combined/install/apply_link_wrench_pkg:/home/renato/bridge_ws/install/test_ros_gz_bridge:/home/renato/bridge_ws/install/ros_ign_interfaces:/home/renato/bridge_ws/install/ros_ign:/home/renato/bridge_ws/install/ros_ign_image:/home/renato/bridge_ws/install/ros_ign_gazebo_demos:/home/renato/bridge_ws/install/ros_ign_gazebo:/home/renato/bridge_ws/install/ros_ign_bridge:/home/renato/bridge_ws/install/ros_gz:/home/renato/bridge_ws/install/ros_gz_sim_demos:/home/renato/bridge_ws/install/ros_gz_sim:/home/renato/bridge_ws/install/ros_gz_image:/home/renato/bridge_ws/install/ros_gz_bridge:/home/renato/bridge_ws/install/ros_gz_interfaces:/opt/ros/humble LD_LIBRARY_PATH=/home/renato/ws_sensor_combined/install/px4_msgs/lib:/home/renato/ws_sensor_combined/install/px4_ros_com/lib:/home/renato/bridge_ws/install/ros_ign_interfaces/lib:/home/renato/bridge_ws/install/ros_gz_sim/lib:/home/renato/bridge_ws/install/ros_gz_bridge/lib:/home/renato/bridge_ws/install/ros_gz_interfaces/lib:/opt/ros/humble/opt/rviz_ogre_vendor/lib:/opt/ros/humble/lib/x86_64-linux-gnu:/opt/ros/humble/lib /usr/bin/cmake --install /home/renato/ws_sensor_combined/build/load_cell_publisher_pkg
[12.812s] Level 1:colcon.colcon_core.environment:checking '/home/renato/ws_sensor_combined/install/load_cell_publisher_pkg' for CMake config files
[12.813s] Level 1:colcon.colcon_core.shell:create_environment_hook('load_cell_publisher_pkg', 'cmake_prefix_path')
[12.813s] INFO:colcon.colcon_core.shell:Creating environment hook '/home/renato/ws_sensor_combined/install/load_cell_publisher_pkg/share/load_cell_publisher_pkg/hook/cmake_prefix_path.ps1'
[12.814s] INFO:colcon.colcon_core.shell:Creating environment descriptor '/home/renato/ws_sensor_combined/install/load_cell_publisher_pkg/share/load_cell_publisher_pkg/hook/cmake_prefix_path.dsv'
[12.815s] INFO:colcon.colcon_core.shell:Creating environment hook '/home/renato/ws_sensor_combined/install/load_cell_publisher_pkg/share/load_cell_publisher_pkg/hook/cmake_prefix_path.sh'
[12.816s] Level 1:colcon.colcon_core.environment:checking '/home/renato/ws_sensor_combined/install/load_cell_publisher_pkg/lib'
[12.817s] Level 1:colcon.colcon_core.environment:checking '/home/renato/ws_sensor_combined/install/load_cell_publisher_pkg/bin'
[12.817s] Level 1:colcon.colcon_core.environment:checking '/home/renato/ws_sensor_combined/install/load_cell_publisher_pkg/lib/pkgconfig/load_cell_publisher_pkg.pc'
[12.817s] Level 1:colcon.colcon_core.environment:checking '/home/renato/ws_sensor_combined/install/load_cell_publisher_pkg/lib/python3.10/site-packages'
[12.818s] Level 1:colcon.colcon_core.environment:checking '/home/renato/ws_sensor_combined/install/load_cell_publisher_pkg/bin'
[12.819s] INFO:colcon.colcon_core.shell:Creating package script '/home/renato/ws_sensor_combined/install/load_cell_publisher_pkg/share/load_cell_publisher_pkg/package.ps1'
[12.820s] INFO:colcon.colcon_core.shell:Creating package descriptor '/home/renato/ws_sensor_combined/install/load_cell_publisher_pkg/share/load_cell_publisher_pkg/package.dsv'
[12.820s] INFO:colcon.colcon_core.shell:Creating package script '/home/renato/ws_sensor_combined/install/load_cell_publisher_pkg/share/load_cell_publisher_pkg/package.sh'
[12.821s] INFO:colcon.colcon_core.shell:Creating package script '/home/renato/ws_sensor_combined/install/load_cell_publisher_pkg/share/load_cell_publisher_pkg/package.bash'
[12.822s] INFO:colcon.colcon_core.shell:Creating package script '/home/renato/ws_sensor_combined/install/load_cell_publisher_pkg/share/load_cell_publisher_pkg/package.zsh'
[12.823s] Level 1:colcon.colcon_core.environment:create_file_with_runtime_dependencies(/home/renato/ws_sensor_combined/install/load_cell_publisher_pkg/share/colcon-core/packages/load_cell_publisher_pkg)
[12.824s] Level 1:colcon.colcon_core.environment:create_environment_scripts_only(load_cell_publisher_pkg)
[12.825s] Level 1:colcon.colcon_core.environment:checking '/home/renato/ws_sensor_combined/install/load_cell_publisher_pkg' for CMake module files
[12.826s] Level 1:colcon.colcon_core.environment:checking '/home/renato/ws_sensor_combined/install/load_cell_publisher_pkg' for CMake config files
[12.826s] Level 1:colcon.colcon_core.shell:create_environment_hook('load_cell_publisher_pkg', 'cmake_prefix_path')
[12.827s] INFO:colcon.colcon_core.shell:Creating environment hook '/home/renato/ws_sensor_combined/install/load_cell_publisher_pkg/share/load_cell_publisher_pkg/hook/cmake_prefix_path.ps1'
[12.828s] INFO:colcon.colcon_core.shell:Creating environment descriptor '/home/renato/ws_sensor_combined/install/load_cell_publisher_pkg/share/load_cell_publisher_pkg/hook/cmake_prefix_path.dsv'
[12.829s] INFO:colcon.colcon_core.shell:Creating environment hook '/home/renato/ws_sensor_combined/install/load_cell_publisher_pkg/share/load_cell_publisher_pkg/hook/cmake_prefix_path.sh'
[12.830s] Level 1:colcon.colcon_core.environment:checking '/home/renato/ws_sensor_combined/install/load_cell_publisher_pkg/lib'
[12.830s] Level 1:colcon.colcon_core.environment:checking '/home/renato/ws_sensor_combined/install/load_cell_publisher_pkg/bin'
[12.830s] Level 1:colcon.colcon_core.environment:checking '/home/renato/ws_sensor_combined/install/load_cell_publisher_pkg/lib/pkgconfig/load_cell_publisher_pkg.pc'
[12.831s] Level 1:colcon.colcon_core.environment:checking '/home/renato/ws_sensor_combined/install/load_cell_publisher_pkg/lib/python3.10/site-packages'
[12.831s] Level 1:colcon.colcon_core.environment:checking '/home/renato/ws_sensor_combined/install/load_cell_publisher_pkg/bin'
[12.832s] INFO:colcon.colcon_core.shell:Creating package script '/home/renato/ws_sensor_combined/install/load_cell_publisher_pkg/share/load_cell_publisher_pkg/package.ps1'
[12.833s] INFO:colcon.colcon_core.shell:Creating package descriptor '/home/renato/ws_sensor_combined/install/load_cell_publisher_pkg/share/load_cell_publisher_pkg/package.dsv'
[12.835s] INFO:colcon.colcon_core.shell:Creating package script '/home/renato/ws_sensor_combined/install/load_cell_publisher_pkg/share/load_cell_publisher_pkg/package.sh'
[12.836s] INFO:colcon.colcon_core.shell:Creating package script '/home/renato/ws_sensor_combined/install/load_cell_publisher_pkg/share/load_cell_publisher_pkg/package.bash'
[12.837s] INFO:colcon.colcon_core.shell:Creating package script '/home/renato/ws_sensor_combined/install/load_cell_publisher_pkg/share/load_cell_publisher_pkg/package.zsh'
[12.837s] Level 1:colcon.colcon_core.environment:create_file_with_runtime_dependencies(/home/renato/ws_sensor_combined/install/load_cell_publisher_pkg/share/colcon-core/packages/load_cell_publisher_pkg)
[15.167s] DEBUG:colcon.colcon_core.event_handler.log_command:Invoked command in '/home/renato/ws_sensor_combined/build/dual_wrench_publisher_pkg' returned '0': CMAKE_PREFIX_PATH=/home/renato/ws_sensor_combined/install/px4_msgs:/home/renato/ws_sensor_combined/install/sensor_driver_pkg:/home/renato/ws_sensor_combined/install/px4_ros_com:/home/renato/ws_sensor_combined/install/load_cell_publisher_pkg:/home/renato/ws_sensor_combined/install/dual_wrench_publisher_pkg:/home/renato/ws_sensor_combined/install/apply_link_wrench_pkg:/home/renato/bridge_ws/install/test_ros_gz_bridge:/home/renato/bridge_ws/install/ros_ign_interfaces:/home/renato/bridge_ws/install/ros_ign:/home/renato/bridge_ws/install/ros_ign_image:/home/renato/bridge_ws/install/ros_ign_gazebo_demos:/home/renato/bridge_ws/install/ros_ign_gazebo:/home/renato/bridge_ws/install/ros_ign_bridge:/home/renato/bridge_ws/install/ros_gz:/home/renato/bridge_ws/install/ros_gz_sim_demos:/home/renato/bridge_ws/install/ros_gz_sim:/home/renato/bridge_ws/install/ros_gz_image:/home/renato/bridge_ws/install/ros_gz_bridge:/home/renato/bridge_ws/install/ros_gz_interfaces:/opt/ros/humble LD_LIBRARY_PATH=/home/renato/ws_sensor_combined/install/px4_msgs/lib:/home/renato/ws_sensor_combined/install/px4_ros_com/lib:/home/renato/bridge_ws/install/ros_ign_interfaces/lib:/home/renato/bridge_ws/install/ros_gz_sim/lib:/home/renato/bridge_ws/install/ros_gz_bridge/lib:/home/renato/bridge_ws/install/ros_gz_interfaces/lib:/opt/ros/humble/opt/rviz_ogre_vendor/lib:/opt/ros/humble/lib/x86_64-linux-gnu:/opt/ros/humble/lib /usr/bin/cmake --build /home/renato/ws_sensor_combined/build/dual_wrench_publisher_pkg -- -j20 -l20
[15.172s] DEBUG:colcon.colcon_core.event_handler.log_command:Invoking command in '/home/renato/ws_sensor_combined/build/dual_wrench_publisher_pkg': CMAKE_PREFIX_PATH=/home/renato/ws_sensor_combined/install/px4_msgs:/home/renato/ws_sensor_combined/install/sensor_driver_pkg:/home/renato/ws_sensor_combined/install/px4_ros_com:/home/renato/ws_sensor_combined/install/load_cell_publisher_pkg:/home/renato/ws_sensor_combined/install/dual_wrench_publisher_pkg:/home/renato/ws_sensor_combined/install/apply_link_wrench_pkg:/home/renato/bridge_ws/install/test_ros_gz_bridge:/home/renato/bridge_ws/install/ros_ign_interfaces:/home/renato/bridge_ws/install/ros_ign:/home/renato/bridge_ws/install/ros_ign_image:/home/renato/bridge_ws/install/ros_ign_gazebo_demos:/home/renato/bridge_ws/install/ros_ign_gazebo:/home/renato/bridge_ws/install/ros_ign_bridge:/home/renato/bridge_ws/install/ros_gz:/home/renato/bridge_ws/install/ros_gz_sim_demos:/home/renato/bridge_ws/install/ros_gz_sim:/home/renato/bridge_ws/install/ros_gz_image:/home/renato/bridge_ws/install/ros_gz_bridge:/home/renato/bridge_ws/install/ros_gz_interfaces:/opt/ros/humble LD_LIBRARY_PATH=/home/renato/ws_sensor_combined/install/px4_msgs/lib:/home/renato/ws_sensor_combined/install/px4_ros_com/lib:/home/renato/bridge_ws/install/ros_ign_interfaces/lib:/home/renato/bridge_ws/install/ros_gz_sim/lib:/home/renato/bridge_ws/install/ros_gz_bridge/lib:/home/renato/bridge_ws/install/ros_gz_interfaces/lib:/opt/ros/humble/opt/rviz_ogre_vendor/lib:/opt/ros/humble/lib/x86_64-linux-gnu:/opt/ros/humble/lib /usr/bin/cmake --install /home/renato/ws_sensor_combined/build/dual_wrench_publisher_pkg
[15.430s] Level 1:colcon.colcon_core.environment:create_environment_scripts_only(dual_wrench_publisher_pkg)
[15.431s] Level 1:colcon.colcon_core.environment:checking '/home/renato/ws_sensor_combined/install/dual_wrench_publisher_pkg' for CMake module files
[15.432s] DEBUG:colcon.colcon_core.event_handler.log_command:Invoked command in '/home/renato/ws_sensor_combined/build/dual_wrench_publisher_pkg' returned '0': CMAKE_PREFIX_PATH=/home/renato/ws_sensor_combined/install/px4_msgs:/home/renato/ws_sensor_combined/install/sensor_driver_pkg:/home/renato/ws_sensor_combined/install/px4_ros_com:/home/renato/ws_sensor_combined/install/load_cell_publisher_pkg:/home/renato/ws_sensor_combined/install/dual_wrench_publisher_pkg:/home/renato/ws_sensor_combined/install/apply_link_wrench_pkg:/home/renato/bridge_ws/install/test_ros_gz_bridge:/home/renato/bridge_ws/install/ros_ign_interfaces:/home/renato/bridge_ws/install/ros_ign:/home/renato/bridge_ws/install/ros_ign_image:/home/renato/bridge_ws/install/ros_ign_gazebo_demos:/home/renato/bridge_ws/install/ros_ign_gazebo:/home/renato/bridge_ws/install/ros_ign_bridge:/home/renato/bridge_ws/install/ros_gz:/home/renato/bridge_ws/install/ros_gz_sim_demos:/home/renato/bridge_ws/install/ros_gz_sim:/home/renato/bridge_ws/install/ros_gz_image:/home/renato/bridge_ws/install/ros_gz_bridge:/home/renato/bridge_ws/install/ros_gz_interfaces:/opt/ros/humble LD_LIBRARY_PATH=/home/renato/ws_sensor_combined/install/px4_msgs/lib:/home/renato/ws_sensor_combined/install/px4_ros_com/lib:/home/renato/bridge_ws/install/ros_ign_interfaces/lib:/home/renato/bridge_ws/install/ros_gz_sim/lib:/home/renato/bridge_ws/install/ros_gz_bridge/lib:/home/renato/bridge_ws/install/ros_gz_interfaces/lib:/opt/ros/humble/opt/rviz_ogre_vendor/lib:/opt/ros/humble/lib/x86_64-linux-gnu:/opt/ros/humble/lib /usr/bin/cmake --install /home/renato/ws_sensor_combined/build/dual_wrench_publisher_pkg
[15.433s] Level 1:colcon.colcon_core.environment:checking '/home/renato/ws_sensor_combined/install/dual_wrench_publisher_pkg' for CMake config files
[15.434s] Level 1:colcon.colcon_core.shell:create_environment_hook('dual_wrench_publisher_pkg', 'cmake_prefix_path')
[15.434s] INFO:colcon.colcon_core.shell:Creating environment hook '/home/renato/ws_sensor_combined/install/dual_wrench_publisher_pkg/share/dual_wrench_publisher_pkg/hook/cmake_prefix_path.ps1'
[15.435s] INFO:colcon.colcon_core.shell:Creating environment descriptor '/home/renato/ws_sensor_combined/install/dual_wrench_publisher_pkg/share/dual_wrench_publisher_pkg/hook/cmake_prefix_path.dsv'
[15.436s] INFO:colcon.colcon_core.shell:Creating environment hook '/home/renato/ws_sensor_combined/install/dual_wrench_publisher_pkg/share/dual_wrench_publisher_pkg/hook/cmake_prefix_path.sh'
[15.437s] Level 1:colcon.colcon_core.environment:checking '/home/renato/ws_sensor_combined/install/dual_wrench_publisher_pkg/lib'
[15.437s] Level 1:colcon.colcon_core.environment:checking '/home/renato/ws_sensor_combined/install/dual_wrench_publisher_pkg/bin'
[15.437s] Level 1:colcon.colcon_core.environment:checking '/home/renato/ws_sensor_combined/install/dual_wrench_publisher_pkg/lib/pkgconfig/dual_wrench_publisher_pkg.pc'
[15.437s] Level 1:colcon.colcon_core.environment:checking '/home/renato/ws_sensor_combined/install/dual_wrench_publisher_pkg/lib/python3.10/site-packages'
[15.438s] Level 1:colcon.colcon_core.environment:checking '/home/renato/ws_sensor_combined/install/dual_wrench_publisher_pkg/bin'
[15.438s] INFO:colcon.colcon_core.shell:Creating package script '/home/renato/ws_sensor_combined/install/dual_wrench_publisher_pkg/share/dual_wrench_publisher_pkg/package.ps1'
[15.439s] INFO:colcon.colcon_core.shell:Creating package descriptor '/home/renato/ws_sensor_combined/install/dual_wrench_publisher_pkg/share/dual_wrench_publisher_pkg/package.dsv'
[15.440s] INFO:colcon.colcon_core.shell:Creating package script '/home/renato/ws_sensor_combined/install/dual_wrench_publisher_pkg/share/dual_wrench_publisher_pkg/package.sh'
[15.441s] INFO:colcon.colcon_core.shell:Creating package script '/home/renato/ws_sensor_combined/install/dual_wrench_publisher_pkg/share/dual_wrench_publisher_pkg/package.bash'
[15.442s] INFO:colcon.colcon_core.shell:Creating package script '/home/renato/ws_sensor_combined/install/dual_wrench_publisher_pkg/share/dual_wrench_publisher_pkg/package.zsh'
[15.442s] Level 1:colcon.colcon_core.environment:create_file_with_runtime_dependencies(/home/renato/ws_sensor_combined/install/dual_wrench_publisher_pkg/share/colcon-core/packages/dual_wrench_publisher_pkg)
[15.444s] Level 1:colcon.colcon_core.environment:create_environment_scripts_only(dual_wrench_publisher_pkg)
[15.444s] Level 1:colcon.colcon_core.environment:checking '/home/renato/ws_sensor_combined/install/dual_wrench_publisher_pkg' for CMake module files
[15.445s] Level 1:colcon.colcon_core.environment:checking '/home/renato/ws_sensor_combined/install/dual_wrench_publisher_pkg' for CMake config files
[15.446s] Level 1:colcon.colcon_core.shell:create_environment_hook('dual_wrench_publisher_pkg', 'cmake_prefix_path')
[15.446s] INFO:colcon.colcon_core.shell:Creating environment hook '/home/renato/ws_sensor_combined/install/dual_wrench_publisher_pkg/share/dual_wrench_publisher_pkg/hook/cmake_prefix_path.ps1'
[15.447s] INFO:colcon.colcon_core.shell:Creating environment descriptor '/home/renato/ws_sensor_combined/install/dual_wrench_publisher_pkg/share/dual_wrench_publisher_pkg/hook/cmake_prefix_path.dsv'
[15.448s] INFO:colcon.colcon_core.shell:Creating environment hook '/home/renato/ws_sensor_combined/install/dual_wrench_publisher_pkg/share/dual_wrench_publisher_pkg/hook/cmake_prefix_path.sh'
[15.449s] Level 1:colcon.colcon_core.environment:checking '/home/renato/ws_sensor_combined/install/dual_wrench_publisher_pkg/lib'
[15.449s] Level 1:colcon.colcon_core.environment:checking '/home/renato/ws_sensor_combined/install/dual_wrench_publisher_pkg/bin'
[15.449s] Level 1:colcon.colcon_core.environment:checking '/home/renato/ws_sensor_combined/install/dual_wrench_publisher_pkg/lib/pkgconfig/dual_wrench_publisher_pkg.pc'
[15.449s] Level 1:colcon.colcon_core.environment:checking '/home/renato/ws_sensor_combined/install/dual_wrench_publisher_pkg/lib/python3.10/site-packages'
[15.449s] Level 1:colcon.colcon_core.environment:checking '/home/renato/ws_sensor_combined/install/dual_wrench_publisher_pkg/bin'
[15.450s] INFO:colcon.colcon_core.shell:Creating package script '/home/renato/ws_sensor_combined/install/dual_wrench_publisher_pkg/share/dual_wrench_publisher_pkg/package.ps1'
[15.451s] INFO:colcon.colcon_core.shell:Creating package descriptor '/home/renato/ws_sensor_combined/install/dual_wrench_publisher_pkg/share/dual_wrench_publisher_pkg/package.dsv'
[15.451s] INFO:colcon.colcon_core.shell:Creating package script '/home/renato/ws_sensor_combined/install/dual_wrench_publisher_pkg/share/dual_wrench_publisher_pkg/package.sh'
[15.452s] INFO:colcon.colcon_core.shell:Creating package script '/home/renato/ws_sensor_combined/install/dual_wrench_publisher_pkg/share/dual_wrench_publisher_pkg/package.bash'
[15.452s] INFO:colcon.colcon_core.shell:Creating package script '/home/renato/ws_sensor_combined/install/dual_wrench_publisher_pkg/share/dual_wrench_publisher_pkg/package.zsh'
[15.453s] Level 1:colcon.colcon_core.environment:create_file_with_runtime_dependencies(/home/renato/ws_sensor_combined/install/dual_wrench_publisher_pkg/share/colcon-core/packages/dual_wrench_publisher_pkg)
[18.369s] DEBUG:colcon.colcon_core.event_handler.log_command:Invoked command in '/home/renato/ws_sensor_combined/build/px4_ros_com' returned '0': CMAKE_PREFIX_PATH=/home/renato/ws_sensor_combined/install/px4_msgs:/home/renato/ws_sensor_combined/install/sensor_driver_pkg:/home/renato/ws_sensor_combined/install/px4_ros_com:/home/renato/ws_sensor_combined/install/load_cell_publisher_pkg:/home/renato/ws_sensor_combined/install/dual_wrench_publisher_pkg:/home/renato/ws_sensor_combined/install/apply_link_wrench_pkg:/home/renato/bridge_ws/install/test_ros_gz_bridge:/home/renato/bridge_ws/install/ros_ign_interfaces:/home/renato/bridge_ws/install/ros_ign:/home/renato/bridge_ws/install/ros_ign_image:/home/renato/bridge_ws/install/ros_ign_gazebo_demos:/home/renato/bridge_ws/install/ros_ign_gazebo:/home/renato/bridge_ws/install/ros_ign_bridge:/home/renato/bridge_ws/install/ros_gz:/home/renato/bridge_ws/install/ros_gz_sim_demos:/home/renato/bridge_ws/install/ros_gz_sim:/home/renato/bridge_ws/install/ros_gz_image:/home/renato/bridge_ws/install/ros_gz_bridge:/home/renato/bridge_ws/install/ros_gz_interfaces:/opt/ros/humble LD_LIBRARY_PATH=/home/renato/ws_sensor_combined/install/px4_msgs/lib:/home/renato/ws_sensor_combined/install/px4_ros_com/lib:/home/renato/bridge_ws/install/ros_ign_interfaces/lib:/home/renato/bridge_ws/install/ros_gz_sim/lib:/home/renato/bridge_ws/install/ros_gz_bridge/lib:/home/renato/bridge_ws/install/ros_gz_interfaces/lib:/opt/ros/humble/opt/rviz_ogre_vendor/lib:/opt/ros/humble/lib/x86_64-linux-gnu:/opt/ros/humble/lib /usr/bin/cmake --build /home/renato/ws_sensor_combined/build/px4_ros_com -- -j20 -l20
[18.372s] DEBUG:colcon.colcon_core.event_handler.log_command:Invoking command in '/home/renato/ws_sensor_combined/build/px4_ros_com': CMAKE_PREFIX_PATH=/home/renato/ws_sensor_combined/install/px4_msgs:/home/renato/ws_sensor_combined/install/sensor_driver_pkg:/home/renato/ws_sensor_combined/install/px4_ros_com:/home/renato/ws_sensor_combined/install/load_cell_publisher_pkg:/home/renato/ws_sensor_combined/install/dual_wrench_publisher_pkg:/home/renato/ws_sensor_combined/install/apply_link_wrench_pkg:/home/renato/bridge_ws/install/test_ros_gz_bridge:/home/renato/bridge_ws/install/ros_ign_interfaces:/home/renato/bridge_ws/install/ros_ign:/home/renato/bridge_ws/install/ros_ign_image:/home/renato/bridge_ws/install/ros_ign_gazebo_demos:/home/renato/bridge_ws/install/ros_ign_gazebo:/home/renato/bridge_ws/install/ros_ign_bridge:/home/renato/bridge_ws/install/ros_gz:/home/renato/bridge_ws/install/ros_gz_sim_demos:/home/renato/bridge_ws/install/ros_gz_sim:/home/renato/bridge_ws/install/ros_gz_image:/home/renato/bridge_ws/install/ros_gz_bridge:/home/renato/bridge_ws/install/ros_gz_interfaces:/opt/ros/humble LD_LIBRARY_PATH=/home/renato/ws_sensor_combined/install/px4_msgs/lib:/home/renato/ws_sensor_combined/install/px4_ros_com/lib:/home/renato/bridge_ws/install/ros_ign_interfaces/lib:/home/renato/bridge_ws/install/ros_gz_sim/lib:/home/renato/bridge_ws/install/ros_gz_bridge/lib:/home/renato/bridge_ws/install/ros_gz_interfaces/lib:/opt/ros/humble/opt/rviz_ogre_vendor/lib:/opt/ros/humble/lib/x86_64-linux-gnu:/opt/ros/humble/lib /usr/bin/cmake --install /home/renato/ws_sensor_combined/build/px4_ros_com
[18.966s] Level 1:colcon.colcon_core.environment:create_environment_scripts_only(px4_ros_com)
[18.967s] DEBUG:colcon.colcon_core.event_handler.log_command:Invoked command in '/home/renato/ws_sensor_combined/build/px4_ros_com' returned '0': CMAKE_PREFIX_PATH=/home/renato/ws_sensor_combined/install/px4_msgs:/home/renato/ws_sensor_combined/install/sensor_driver_pkg:/home/renato/ws_sensor_combined/install/px4_ros_com:/home/renato/ws_sensor_combined/install/load_cell_publisher_pkg:/home/renato/ws_sensor_combined/install/dual_wrench_publisher_pkg:/home/renato/ws_sensor_combined/install/apply_link_wrench_pkg:/home/renato/bridge_ws/install/test_ros_gz_bridge:/home/renato/bridge_ws/install/ros_ign_interfaces:/home/renato/bridge_ws/install/ros_ign:/home/renato/bridge_ws/install/ros_ign_image:/home/renato/bridge_ws/install/ros_ign_gazebo_demos:/home/renato/bridge_ws/install/ros_ign_gazebo:/home/renato/bridge_ws/install/ros_ign_bridge:/home/renato/bridge_ws/install/ros_gz:/home/renato/bridge_ws/install/ros_gz_sim_demos:/home/renato/bridge_ws/install/ros_gz_sim:/home/renato/bridge_ws/install/ros_gz_image:/home/renato/bridge_ws/install/ros_gz_bridge:/home/renato/bridge_ws/install/ros_gz_interfaces:/opt/ros/humble LD_LIBRARY_PATH=/home/renato/ws_sensor_combined/install/px4_msgs/lib:/home/renato/ws_sensor_combined/install/px4_ros_com/lib:/home/renato/bridge_ws/install/ros_ign_interfaces/lib:/home/renato/bridge_ws/install/ros_gz_sim/lib:/home/renato/bridge_ws/install/ros_gz_bridge/lib:/home/renato/bridge_ws/install/ros_gz_interfaces/lib:/opt/ros/humble/opt/rviz_ogre_vendor/lib:/opt/ros/humble/lib/x86_64-linux-gnu:/opt/ros/humble/lib /usr/bin/cmake --install /home/renato/ws_sensor_combined/build/px4_ros_com
[18.967s] Level 1:colcon.colcon_core.environment:checking '/home/renato/ws_sensor_combined/install/px4_ros_com' for CMake module files
[18.969s] Level 1:colcon.colcon_core.environment:checking '/home/renato/ws_sensor_combined/install/px4_ros_com' for CMake config files
[18.969s] Level 1:colcon.colcon_core.shell:create_environment_hook('px4_ros_com', 'cmake_prefix_path')
[18.969s] INFO:colcon.colcon_core.shell:Creating environment hook '/home/renato/ws_sensor_combined/install/px4_ros_com/share/px4_ros_com/hook/cmake_prefix_path.ps1'
[18.970s] INFO:colcon.colcon_core.shell:Creating environment descriptor '/home/renato/ws_sensor_combined/install/px4_ros_com/share/px4_ros_com/hook/cmake_prefix_path.dsv'
[18.970s] INFO:colcon.colcon_core.shell:Creating environment hook '/home/renato/ws_sensor_combined/install/px4_ros_com/share/px4_ros_com/hook/cmake_prefix_path.sh'
[18.971s] Level 1:colcon.colcon_core.environment:checking '/home/renato/ws_sensor_combined/install/px4_ros_com/lib'
[18.971s] Level 1:colcon.colcon_core.shell:create_environment_hook('px4_ros_com', 'ld_library_path_lib')
[18.971s] INFO:colcon.colcon_core.shell:Creating environment hook '/home/renato/ws_sensor_combined/install/px4_ros_com/share/px4_ros_com/hook/ld_library_path_lib.ps1'
[18.972s] INFO:colcon.colcon_core.shell:Creating environment descriptor '/home/renato/ws_sensor_combined/install/px4_ros_com/share/px4_ros_com/hook/ld_library_path_lib.dsv'
[18.972s] INFO:colcon.colcon_core.shell:Creating environment hook '/home/renato/ws_sensor_combined/install/px4_ros_com/share/px4_ros_com/hook/ld_library_path_lib.sh'
[18.973s] Level 1:colcon.colcon_core.environment:checking '/home/renato/ws_sensor_combined/install/px4_ros_com/bin'
[18.973s] Level 1:colcon.colcon_core.environment:checking '/home/renato/ws_sensor_combined/install/px4_ros_com/lib/pkgconfig/px4_ros_com.pc'
[18.973s] Level 1:colcon.colcon_core.environment:checking '/home/renato/ws_sensor_combined/install/px4_ros_com/lib/python3.10/site-packages'
[18.973s] Level 1:colcon.colcon_core.environment:checking '/home/renato/ws_sensor_combined/install/px4_ros_com/bin'
[18.974s] INFO:colcon.colcon_core.shell:Creating package script '/home/renato/ws_sensor_combined/install/px4_ros_com/share/px4_ros_com/package.ps1'
[18.974s] INFO:colcon.colcon_core.shell:Creating package descriptor '/home/renato/ws_sensor_combined/install/px4_ros_com/share/px4_ros_com/package.dsv'
[18.975s] INFO:colcon.colcon_core.shell:Creating package script '/home/renato/ws_sensor_combined/install/px4_ros_com/share/px4_ros_com/package.sh'
[18.975s] INFO:colcon.colcon_core.shell:Creating package script '/home/renato/ws_sensor_combined/install/px4_ros_com/share/px4_ros_com/package.bash'
[18.975s] INFO:colcon.colcon_core.shell:Creating package script '/home/renato/ws_sensor_combined/install/px4_ros_com/share/px4_ros_com/package.zsh'
[18.976s] Level 1:colcon.colcon_core.environment:create_file_with_runtime_dependencies(/home/renato/ws_sensor_combined/install/px4_ros_com/share/colcon-core/packages/px4_ros_com)
[18.976s] Level 1:colcon.colcon_core.environment:create_environment_scripts_only(px4_ros_com)
[18.977s] Level 1:colcon.colcon_core.environment:checking '/home/renato/ws_sensor_combined/install/px4_ros_com' for CMake module files
[18.977s] Level 1:colcon.colcon_core.environment:checking '/home/renato/ws_sensor_combined/install/px4_ros_com' for CMake config files
[18.978s] Level 1:colcon.colcon_core.shell:create_environment_hook('px4_ros_com', 'cmake_prefix_path')
[18.978s] INFO:colcon.colcon_core.shell:Creating environment hook '/home/renato/ws_sensor_combined/install/px4_ros_com/share/px4_ros_com/hook/cmake_prefix_path.ps1'
[18.978s] INFO:colcon.colcon_core.shell:Creating environment descriptor '/home/renato/ws_sensor_combined/install/px4_ros_com/share/px4_ros_com/hook/cmake_prefix_path.dsv'
[18.979s] INFO:colcon.colcon_core.shell:Creating environment hook '/home/renato/ws_sensor_combined/install/px4_ros_com/share/px4_ros_com/hook/cmake_prefix_path.sh'
[18.980s] Level 1:colcon.colcon_core.environment:checking '/home/renato/ws_sensor_combined/install/px4_ros_com/lib'
[18.980s] Level 1:colcon.colcon_core.shell:create_environment_hook('px4_ros_com', 'ld_library_path_lib')
[18.980s] INFO:colcon.colcon_core.shell:Creating environment hook '/home/renato/ws_sensor_combined/install/px4_ros_com/share/px4_ros_com/hook/ld_library_path_lib.ps1'
[18.981s] INFO:colcon.colcon_core.shell:Creating environment descriptor '/home/renato/ws_sensor_combined/install/px4_ros_com/share/px4_ros_com/hook/ld_library_path_lib.dsv'
[18.981s] INFO:colcon.colcon_core.shell:Creating environment hook '/home/renato/ws_sensor_combined/install/px4_ros_com/share/px4_ros_com/hook/ld_library_path_lib.sh'
[18.982s] Level 1:colcon.colcon_core.environment:checking '/home/renato/ws_sensor_combined/install/px4_ros_com/bin'
[18.982s] Level 1:colcon.colcon_core.environment:checking '/home/renato/ws_sensor_combined/install/px4_ros_com/lib/pkgconfig/px4_ros_com.pc'
[18.982s] Level 1:colcon.colcon_core.environment:checking '/home/renato/ws_sensor_combined/install/px4_ros_com/lib/python3.10/site-packages'
[18.982s] Level 1:colcon.colcon_core.environment:checking '/home/renato/ws_sensor_combined/install/px4_ros_com/bin'
[18.983s] INFO:colcon.colcon_core.shell:Creating package script '/home/renato/ws_sensor_combined/install/px4_ros_com/share/px4_ros_com/package.ps1'
[18.983s] INFO:colcon.colcon_core.shell:Creating package descriptor '/home/renato/ws_sensor_combined/install/px4_ros_com/share/px4_ros_com/package.dsv'
[18.984s] INFO:colcon.colcon_core.shell:Creating package script '/home/renato/ws_sensor_combined/install/px4_ros_com/share/px4_ros_com/package.sh'
[18.984s] INFO:colcon.colcon_core.shell:Creating package script '/home/renato/ws_sensor_combined/install/px4_ros_com/share/px4_ros_com/package.bash'
[18.985s] INFO:colcon.colcon_core.shell:Creating package script '/home/renato/ws_sensor_combined/install/px4_ros_com/share/px4_ros_com/package.zsh'
[18.985s] Level 1:colcon.colcon_core.environment:create_file_with_runtime_dependencies(/home/renato/ws_sensor_combined/install/px4_ros_com/share/colcon-core/packages/px4_ros_com)
[20.076s] DEBUG:colcon.colcon_core.event_handler.log_command:Invoked command in '/home/renato/ws_sensor_combined/build/sensor_driver_pkg' returned '0': CMAKE_PREFIX_PATH=/home/renato/ws_sensor_combined/install/px4_msgs:/home/renato/ws_sensor_combined/install/sensor_driver_pkg:/home/renato/ws_sensor_combined/install/px4_ros_com:/home/renato/ws_sensor_combined/install/load_cell_publisher_pkg:/home/renato/ws_sensor_combined/install/dual_wrench_publisher_pkg:/home/renato/ws_sensor_combined/install/apply_link_wrench_pkg:/home/renato/bridge_ws/install/test_ros_gz_bridge:/home/renato/bridge_ws/install/ros_ign_interfaces:/home/renato/bridge_ws/install/ros_ign:/home/renato/bridge_ws/install/ros_ign_image:/home/renato/bridge_ws/install/ros_ign_gazebo_demos:/home/renato/bridge_ws/install/ros_ign_gazebo:/home/renato/bridge_ws/install/ros_ign_bridge:/home/renato/bridge_ws/install/ros_gz:/home/renato/bridge_ws/install/ros_gz_sim_demos:/home/renato/bridge_ws/install/ros_gz_sim:/home/renato/bridge_ws/install/ros_gz_image:/home/renato/bridge_ws/install/ros_gz_bridge:/home/renato/bridge_ws/install/ros_gz_interfaces:/opt/ros/humble LD_LIBRARY_PATH=/home/renato/ws_sensor_combined/install/px4_msgs/lib:/home/renato/ws_sensor_combined/install/px4_ros_com/lib:/home/renato/bridge_ws/install/ros_ign_interfaces/lib:/home/renato/bridge_ws/install/ros_gz_sim/lib:/home/renato/bridge_ws/install/ros_gz_bridge/lib:/home/renato/bridge_ws/install/ros_gz_interfaces/lib:/opt/ros/humble/opt/rviz_ogre_vendor/lib:/opt/ros/humble/lib/x86_64-linux-gnu:/opt/ros/humble/lib /usr/bin/cmake --build /home/renato/ws_sensor_combined/build/sensor_driver_pkg -- -j20 -l20
[20.077s] DEBUG:colcon.colcon_core.event_handler.log_command:Invoking command in '/home/renato/ws_sensor_combined/build/sensor_driver_pkg': CMAKE_PREFIX_PATH=/home/renato/ws_sensor_combined/install/px4_msgs:/home/renato/ws_sensor_combined/install/sensor_driver_pkg:/home/renato/ws_sensor_combined/install/px4_ros_com:/home/renato/ws_sensor_combined/install/load_cell_publisher_pkg:/home/renato/ws_sensor_combined/install/dual_wrench_publisher_pkg:/home/renato/ws_sensor_combined/install/apply_link_wrench_pkg:/home/renato/bridge_ws/install/test_ros_gz_bridge:/home/renato/bridge_ws/install/ros_ign_interfaces:/home/renato/bridge_ws/install/ros_ign:/home/renato/bridge_ws/install/ros_ign_image:/home/renato/bridge_ws/install/ros_ign_gazebo_demos:/home/renato/bridge_ws/install/ros_ign_gazebo:/home/renato/bridge_ws/install/ros_ign_bridge:/home/renato/bridge_ws/install/ros_gz:/home/renato/bridge_ws/install/ros_gz_sim_demos:/home/renato/bridge_ws/install/ros_gz_sim:/home/renato/bridge_ws/install/ros_gz_image:/home/renato/bridge_ws/install/ros_gz_bridge:/home/renato/bridge_ws/install/ros_gz_interfaces:/opt/ros/humble LD_LIBRARY_PATH=/home/renato/ws_sensor_combined/install/px4_msgs/lib:/home/renato/ws_sensor_combined/install/px4_ros_com/lib:/home/renato/bridge_ws/install/ros_ign_interfaces/lib:/home/renato/bridge_ws/install/ros_gz_sim/lib:/home/renato/bridge_ws/install/ros_gz_bridge/lib:/home/renato/bridge_ws/install/ros_gz_interfaces/lib:/opt/ros/humble/opt/rviz_ogre_vendor/lib:/opt/ros/humble/lib/x86_64-linux-gnu:/opt/ros/humble/lib /usr/bin/cmake --install /home/renato/ws_sensor_combined/build/sensor_driver_pkg
[20.288s] Level 1:colcon.colcon_core.environment:create_environment_scripts_only(sensor_driver_pkg)
[20.288s] Level 1:colcon.colcon_core.environment:checking '/home/renato/ws_sensor_combined/install/sensor_driver_pkg' for CMake module files
[20.289s] DEBUG:colcon.colcon_core.event_handler.log_command:Invoked command in '/home/renato/ws_sensor_combined/build/sensor_driver_pkg' returned '0': CMAKE_PREFIX_PATH=/home/renato/ws_sensor_combined/install/px4_msgs:/home/renato/ws_sensor_combined/install/sensor_driver_pkg:/home/renato/ws_sensor_combined/install/px4_ros_com:/home/renato/ws_sensor_combined/install/load_cell_publisher_pkg:/home/renato/ws_sensor_combined/install/dual_wrench_publisher_pkg:/home/renato/ws_sensor_combined/install/apply_link_wrench_pkg:/home/renato/bridge_ws/install/test_ros_gz_bridge:/home/renato/bridge_ws/install/ros_ign_interfaces:/home/renato/bridge_ws/install/ros_ign:/home/renato/bridge_ws/install/ros_ign_image:/home/renato/bridge_ws/install/ros_ign_gazebo_demos:/home/renato/bridge_ws/install/ros_ign_gazebo:/home/renato/bridge_ws/install/ros_ign_bridge:/home/renato/bridge_ws/install/ros_gz:/home/renato/bridge_ws/install/ros_gz_sim_demos:/home/renato/bridge_ws/install/ros_gz_sim:/home/renato/bridge_ws/install/ros_gz_image:/home/renato/bridge_ws/install/ros_gz_bridge:/home/renato/bridge_ws/install/ros_gz_interfaces:/opt/ros/humble LD_LIBRARY_PATH=/home/renato/ws_sensor_combined/install/px4_msgs/lib:/home/renato/ws_sensor_combined/install/px4_ros_com/lib:/home/renato/bridge_ws/install/ros_ign_interfaces/lib:/home/renato/bridge_ws/install/ros_gz_sim/lib:/home/renato/bridge_ws/install/ros_gz_bridge/lib:/home/renato/bridge_ws/install/ros_gz_interfaces/lib:/opt/ros/humble/opt/rviz_ogre_vendor/lib:/opt/ros/humble/lib/x86_64-linux-gnu:/opt/ros/humble/lib /usr/bin/cmake --install /home/renato/ws_sensor_combined/build/sensor_driver_pkg
[20.290s] Level 1:colcon.colcon_core.environment:checking '/home/renato/ws_sensor_combined/install/sensor_driver_pkg' for CMake config files
[20.290s] Level 1:colcon.colcon_core.shell:create_environment_hook('sensor_driver_pkg', 'cmake_prefix_path')
[20.290s] INFO:colcon.colcon_core.shell:Creating environment hook '/home/renato/ws_sensor_combined/install/sensor_driver_pkg/share/sensor_driver_pkg/hook/cmake_prefix_path.ps1'
[20.291s] INFO:colcon.colcon_core.shell:Creating environment descriptor '/home/renato/ws_sensor_combined/install/sensor_driver_pkg/share/sensor_driver_pkg/hook/cmake_prefix_path.dsv'
[20.292s] INFO:colcon.colcon_core.shell:Creating environment hook '/home/renato/ws_sensor_combined/install/sensor_driver_pkg/share/sensor_driver_pkg/hook/cmake_prefix_path.sh'
[20.292s] Level 1:colcon.colcon_core.environment:checking '/home/renato/ws_sensor_combined/install/sensor_driver_pkg/lib'
[20.292s] Level 1:colcon.colcon_core.environment:checking '/home/renato/ws_sensor_combined/install/sensor_driver_pkg/bin'
[20.292s] Level 1:colcon.colcon_core.environment:checking '/home/renato/ws_sensor_combined/install/sensor_driver_pkg/lib/pkgconfig/sensor_driver_pkg.pc'
[20.293s] Level 1:colcon.colcon_core.environment:checking '/home/renato/ws_sensor_combined/install/sensor_driver_pkg/lib/python3.10/site-packages'
[20.293s] Level 1:colcon.colcon_core.environment:checking '/home/renato/ws_sensor_combined/install/sensor_driver_pkg/bin'
[20.294s] INFO:colcon.colcon_core.shell:Creating package script '/home/renato/ws_sensor_combined/install/sensor_driver_pkg/share/sensor_driver_pkg/package.ps1'
[20.294s] INFO:colcon.colcon_core.shell:Creating package descriptor '/home/renato/ws_sensor_combined/install/sensor_driver_pkg/share/sensor_driver_pkg/package.dsv'
[20.295s] INFO:colcon.colcon_core.shell:Creating package script '/home/renato/ws_sensor_combined/install/sensor_driver_pkg/share/sensor_driver_pkg/package.sh'
[20.295s] INFO:colcon.colcon_core.shell:Creating package script '/home/renato/ws_sensor_combined/install/sensor_driver_pkg/share/sensor_driver_pkg/package.bash'
[20.296s] INFO:colcon.colcon_core.shell:Creating package script '/home/renato/ws_sensor_combined/install/sensor_driver_pkg/share/sensor_driver_pkg/package.zsh'
[20.296s] Level 1:colcon.colcon_core.environment:create_file_with_runtime_dependencies(/home/renato/ws_sensor_combined/install/sensor_driver_pkg/share/colcon-core/packages/sensor_driver_pkg)
[20.297s] Level 1:colcon.colcon_core.environment:create_environment_scripts_only(sensor_driver_pkg)
[20.297s] Level 1:colcon.colcon_core.environment:checking '/home/renato/ws_sensor_combined/install/sensor_driver_pkg' for CMake module files
[20.298s] Level 1:colcon.colcon_core.environment:checking '/home/renato/ws_sensor_combined/install/sensor_driver_pkg' for CMake config files
[20.298s] Level 1:colcon.colcon_core.shell:create_environment_hook('sensor_driver_pkg', 'cmake_prefix_path')
[20.298s] INFO:colcon.colcon_core.shell:Creating environment hook '/home/renato/ws_sensor_combined/install/sensor_driver_pkg/share/sensor_driver_pkg/hook/cmake_prefix_path.ps1'
[20.299s] INFO:colcon.colcon_core.shell:Creating environment descriptor '/home/renato/ws_sensor_combined/install/sensor_driver_pkg/share/sensor_driver_pkg/hook/cmake_prefix_path.dsv'
[20.299s] INFO:colcon.colcon_core.shell:Creating environment hook '/home/renato/ws_sensor_combined/install/sensor_driver_pkg/share/sensor_driver_pkg/hook/cmake_prefix_path.sh'
[20.300s] Level 1:colcon.colcon_core.environment:checking '/home/renato/ws_sensor_combined/install/sensor_driver_pkg/lib'
[20.300s] Level 1:colcon.colcon_core.environment:checking '/home/renato/ws_sensor_combined/install/sensor_driver_pkg/bin'
[20.300s] Level 1:colcon.colcon_core.environment:checking '/home/renato/ws_sensor_combined/install/sensor_driver_pkg/lib/pkgconfig/sensor_driver_pkg.pc'
[20.301s] Level 1:colcon.colcon_core.environment:checking '/home/renato/ws_sensor_combined/install/sensor_driver_pkg/lib/python3.10/site-packages'
[20.301s] Level 1:colcon.colcon_core.environment:checking '/home/renato/ws_sensor_combined/install/sensor_driver_pkg/bin'
[20.301s] INFO:colcon.colcon_core.shell:Creating package script '/home/renato/ws_sensor_combined/install/sensor_driver_pkg/share/sensor_driver_pkg/package.ps1'
[20.306s] INFO:colcon.colcon_core.shell:Creating package descriptor '/home/renato/ws_sensor_combined/install/sensor_driver_pkg/share/sensor_driver_pkg/package.dsv'
[20.307s] INFO:colcon.colcon_core.shell:Creating package script '/home/renato/ws_sensor_combined/install/sensor_driver_pkg/share/sensor_driver_pkg/package.sh'
[20.308s] INFO:colcon.colcon_core.shell:Creating package script '/home/renato/ws_sensor_combined/install/sensor_driver_pkg/share/sensor_driver_pkg/package.bash'
[20.308s] INFO:colcon.colcon_core.shell:Creating package script '/home/renato/ws_sensor_combined/install/sensor_driver_pkg/share/sensor_driver_pkg/package.zsh'
[20.309s] Level 1:colcon.colcon_core.environment:create_file_with_runtime_dependencies(/home/renato/ws_sensor_combined/install/sensor_driver_pkg/share/colcon-core/packages/sensor_driver_pkg)
[20.309s] DEBUG:colcon.colcon_parallel_executor.executor.parallel:closing loop
[20.310s] DEBUG:colcon.colcon_parallel_executor.executor.parallel:loop closed
[20.310s] DEBUG:colcon.colcon_parallel_executor.executor.parallel:run_until_complete finished with '0'
[20.310s] DEBUG:colcon.colcon_core.event_reactor:joining thread
[20.318s] INFO:colcon.colcon_core.plugin_system:Skipping extension 'colcon_notification.desktop_notification.terminal_notifier': Not used on non-Darwin systems
[20.318s] INFO:colcon.colcon_core.plugin_system:Skipping extension 'colcon_notification.desktop_notification.win32': Not used on non-Windows systems
[20.318s] INFO:colcon.colcon_notification.desktop_notification:Sending desktop notification using 'notify2'
[20.338s] DEBUG:colcon.colcon_core.event_reactor:joined thread
[20.339s] INFO:colcon.colcon_core.shell:Creating prefix script '/home/renato/ws_sensor_combined/install/local_setup.ps1'
[20.340s] INFO:colcon.colcon_core.shell:Creating prefix util module '/home/renato/ws_sensor_combined/install/_local_setup_util_ps1.py'
[20.342s] INFO:colcon.colcon_core.shell:Creating prefix chain script '/home/renato/ws_sensor_combined/install/setup.ps1'
[20.344s] INFO:colcon.colcon_core.shell:Creating prefix script '/home/renato/ws_sensor_combined/install/local_setup.sh'
[20.345s] INFO:colcon.colcon_core.shell:Creating prefix util module '/home/renato/ws_sensor_combined/install/_local_setup_util_sh.py'
[20.346s] INFO:colcon.colcon_core.shell:Creating prefix chain script '/home/renato/ws_sensor_combined/install/setup.sh'
[20.348s] INFO:colcon.colcon_core.shell:Creating prefix script '/home/renato/ws_sensor_combined/install/local_setup.bash'
[20.349s] INFO:colcon.colcon_core.shell:Creating prefix chain script '/home/renato/ws_sensor_combined/install/setup.bash'
[20.351s] INFO:colcon.colcon_core.shell:Creating prefix script '/home/renato/ws_sensor_combined/install/local_setup.zsh'
[20.351s] INFO:colcon.colcon_core.shell:Creating prefix chain script '/home/renato/ws_sensor_combined/install/setup.zsh'
