[0.038s] Invoking command in '/home/renato/ws_sensor_combined/build/sensor_driver_pkg': CMAKE_PREFIX_PATH=/home/renato/ws_sensor_combined/install/px4_msgs:/home/renato/ws_sensor_combined/install/csv_maker_pkg:/home/renato/ws_sensor_combined/install/ros2bag_pkg:/home/renato/ws_sensor_combined/install/trajectory_planner:/home/renato/ws_sensor_combined/install/sensor_driver_pkg:/home/renato/ws_sensor_combined/install/px4_ros_com:/home/renato/ws_sensor_combined/install/load_cell_publisher_pkg:/home/renato/ws_sensor_combined/install/dual_wrench_publisher_pkg:/home/renato/ws_sensor_combined/install/debugger_position_z_pkg:/home/renato/ws_sensor_combined/install/apply_link_wrench_pkg:/home/renato/ws_sensor_combined/install/ground_truth_publisher_pkg:/home/renato/ws_sensor_combined/install/end_effector_pkg:/home/renato/bridge_ws/install/test_ros_gz_bridge:/home/renato/bridge_ws/install/ros_ign_interfaces:/home/renato/bridge_ws/install/ros_ign:/home/renato/bridge_ws/install/ros_ign_image:/home/renato/bridge_ws/install/ros_ign_gazebo_demos:/home/renato/bridge_ws/install/ros_ign_gazebo:/home/renato/bridge_ws/install/ros_ign_bridge:/home/renato/bridge_ws/install/ros_gz:/home/renato/bridge_ws/install/ros_gz_sim_demos:/home/renato/bridge_ws/install/ros_gz_sim:/home/renato/bridge_ws/install/ros_gz_image:/home/renato/bridge_ws/install/ros_gz_bridge:/home/renato/bridge_ws/install/ros_gz_interfaces:/opt/ros/humble LD_LIBRARY_PATH=/home/renato/ws_sensor_combined/install/px4_msgs/lib:/home/renato/ws_sensor_combined/install/trajectory_planner/lib:/home/renato/ws_sensor_combined/install/px4_ros_com/lib:/home/renato/bridge_ws/install/ros_ign_interfaces/lib:/home/renato/bridge_ws/install/ros_gz_sim/lib:/home/renato/bridge_ws/install/ros_gz_bridge/lib:/home/renato/bridge_ws/install/ros_gz_interfaces/lib:/opt/ros/humble/opt/rviz_ogre_vendor/lib:/opt/ros/humble/lib/x86_64-linux-gnu:/opt/ros/humble/lib /usr/bin/cmake /home/renato/ws_sensor_combined/src/sensor_driver_pkg -DCMAKE_INSTALL_PREFIX=/home/renato/ws_sensor_combined/install/sensor_driver_pkg
[0.127s] -- The C compiler identification is GNU 11.4.0
[0.218s] -- The CXX compiler identification is GNU 11.4.0
[0.231s] -- Detecting C compiler ABI info
[0.348s] -- Detecting C compiler ABI info - done
[0.362s] -- Check for working C compiler: /usr/bin/cc - skipped
[0.363s] -- Detecting C compile features
[0.364s] -- Detecting C compile features - done
[0.369s] -- Detecting CXX compiler ABI info
[0.506s] -- Detecting CXX compiler ABI info - done
[0.521s] -- Check for working CXX compiler: /usr/bin/c++ - skipped
[0.522s] -- Detecting CXX compile features
[0.522s] -- Detecting CXX compile features - done
[0.527s] -- Found ament_cmake: 1.3.11 (/opt/ros/humble/share/ament_cmake/cmake)
[1.800s] -- Found Python3: /usr/bin/python3 (found version "3.10.12") found components: Interpreter 
[1.969s] -- Found rclcpp: 16.0.11 (/opt/ros/humble/share/rclcpp/cmake)
[2.055s] -- Found rosidl_generator_c: 3.1.6 (/opt/ros/humble/share/rosidl_generator_c/cmake)
[2.065s] -- Found rosidl_adapter: 3.1.6 (/opt/ros/humble/share/rosidl_adapter/cmake)
[2.081s] -- Found rosidl_generator_cpp: 3.1.6 (/opt/ros/humble/share/rosidl_generator_cpp/cmake)
[2.103s] -- Using all available rosidl_typesupport_c: rosidl_typesupport_fastrtps_c;rosidl_typesupport_introspection_c
[2.134s] -- Using all available rosidl_typesupport_cpp: rosidl_typesupport_fastrtps_cpp;rosidl_typesupport_introspection_cpp
[2.217s] -- Found rmw_implementation_cmake: 6.1.2 (/opt/ros/humble/share/rmw_implementation_cmake/cmake)
[2.223s] -- Found rmw_fastrtps_cpp: 6.2.7 (/opt/ros/humble/share/rmw_fastrtps_cpp/cmake)
[2.380s] -- Found OpenSSL: /usr/lib/x86_64-linux-gnu/libcrypto.so (found version "3.0.2")  
[2.435s] -- Found FastRTPS: /opt/ros/humble/include  
[2.518s] -- Using RMW implementation 'rmw_fastrtps_cpp' as default
[2.534s] -- Looking for pthread.h
[2.675s] -- Looking for pthread.h - found
[2.676s] -- Performing Test CMAKE_HAVE_LIBC_PTHREAD
[2.800s] -- Performing Test CMAKE_HAVE_LIBC_PTHREAD - Success
[2.802s] -- Found Threads: TRUE  
[2.892s] -- Found geometry_msgs: 4.2.4 (/opt/ros/humble/share/geometry_msgs/cmake)
[2.912s] -- Found px4_msgs: 2.0.1 (/home/renato/ws_sensor_combined/install/px4_msgs/share/px4_msgs/cmake)
[2.933s] -- Found ros_gz_interfaces: 0.244.16 (/home/renato/bridge_ws/install/ros_gz_interfaces/share/ros_gz_interfaces/cmake)
[3.092s] -- Configuring done
[3.128s] -- Generating done
[3.145s] -- Build files have been written to: /home/renato/ws_sensor_combined/build/sensor_driver_pkg
[3.167s] Invoked command in '/home/renato/ws_sensor_combined/build/sensor_driver_pkg' returned '0': CMAKE_PREFIX_PATH=/home/renato/ws_sensor_combined/install/px4_msgs:/home/renato/ws_sensor_combined/install/csv_maker_pkg:/home/renato/ws_sensor_combined/install/ros2bag_pkg:/home/renato/ws_sensor_combined/install/trajectory_planner:/home/renato/ws_sensor_combined/install/sensor_driver_pkg:/home/renato/ws_sensor_combined/install/px4_ros_com:/home/renato/ws_sensor_combined/install/load_cell_publisher_pkg:/home/renato/ws_sensor_combined/install/dual_wrench_publisher_pkg:/home/renato/ws_sensor_combined/install/debugger_position_z_pkg:/home/renato/ws_sensor_combined/install/apply_link_wrench_pkg:/home/renato/ws_sensor_combined/install/ground_truth_publisher_pkg:/home/renato/ws_sensor_combined/install/end_effector_pkg:/home/renato/bridge_ws/install/test_ros_gz_bridge:/home/renato/bridge_ws/install/ros_ign_interfaces:/home/renato/bridge_ws/install/ros_ign:/home/renato/bridge_ws/install/ros_ign_image:/home/renato/bridge_ws/install/ros_ign_gazebo_demos:/home/renato/bridge_ws/install/ros_ign_gazebo:/home/renato/bridge_ws/install/ros_ign_bridge:/home/renato/bridge_ws/install/ros_gz:/home/renato/bridge_ws/install/ros_gz_sim_demos:/home/renato/bridge_ws/install/ros_gz_sim:/home/renato/bridge_ws/install/ros_gz_image:/home/renato/bridge_ws/install/ros_gz_bridge:/home/renato/bridge_ws/install/ros_gz_interfaces:/opt/ros/humble LD_LIBRARY_PATH=/home/renato/ws_sensor_combined/install/px4_msgs/lib:/home/renato/ws_sensor_combined/install/trajectory_planner/lib:/home/renato/ws_sensor_combined/install/px4_ros_com/lib:/home/renato/bridge_ws/install/ros_ign_interfaces/lib:/home/renato/bridge_ws/install/ros_gz_sim/lib:/home/renato/bridge_ws/install/ros_gz_bridge/lib:/home/renato/bridge_ws/install/ros_gz_interfaces/lib:/opt/ros/humble/opt/rviz_ogre_vendor/lib:/opt/ros/humble/lib/x86_64-linux-gnu:/opt/ros/humble/lib /usr/bin/cmake /home/renato/ws_sensor_combined/src/sensor_driver_pkg -DCMAKE_INSTALL_PREFIX=/home/renato/ws_sensor_combined/install/sensor_driver_pkg
[3.170s] Invoking command in '/home/renato/ws_sensor_combined/build/sensor_driver_pkg': CMAKE_PREFIX_PATH=/home/renato/ws_sensor_combined/install/px4_msgs:/home/renato/ws_sensor_combined/install/csv_maker_pkg:/home/renato/ws_sensor_combined/install/ros2bag_pkg:/home/renato/ws_sensor_combined/install/trajectory_planner:/home/renato/ws_sensor_combined/install/sensor_driver_pkg:/home/renato/ws_sensor_combined/install/px4_ros_com:/home/renato/ws_sensor_combined/install/load_cell_publisher_pkg:/home/renato/ws_sensor_combined/install/dual_wrench_publisher_pkg:/home/renato/ws_sensor_combined/install/debugger_position_z_pkg:/home/renato/ws_sensor_combined/install/apply_link_wrench_pkg:/home/renato/ws_sensor_combined/install/ground_truth_publisher_pkg:/home/renato/ws_sensor_combined/install/end_effector_pkg:/home/renato/bridge_ws/install/test_ros_gz_bridge:/home/renato/bridge_ws/install/ros_ign_interfaces:/home/renato/bridge_ws/install/ros_ign:/home/renato/bridge_ws/install/ros_ign_image:/home/renato/bridge_ws/install/ros_ign_gazebo_demos:/home/renato/bridge_ws/install/ros_ign_gazebo:/home/renato/bridge_ws/install/ros_ign_bridge:/home/renato/bridge_ws/install/ros_gz:/home/renato/bridge_ws/install/ros_gz_sim_demos:/home/renato/bridge_ws/install/ros_gz_sim:/home/renato/bridge_ws/install/ros_gz_image:/home/renato/bridge_ws/install/ros_gz_bridge:/home/renato/bridge_ws/install/ros_gz_interfaces:/opt/ros/humble LD_LIBRARY_PATH=/home/renato/ws_sensor_combined/install/px4_msgs/lib:/home/renato/ws_sensor_combined/install/trajectory_planner/lib:/home/renato/ws_sensor_combined/install/px4_ros_com/lib:/home/renato/bridge_ws/install/ros_ign_interfaces/lib:/home/renato/bridge_ws/install/ros_gz_sim/lib:/home/renato/bridge_ws/install/ros_gz_bridge/lib:/home/renato/bridge_ws/install/ros_gz_interfaces/lib:/opt/ros/humble/opt/rviz_ogre_vendor/lib:/opt/ros/humble/lib/x86_64-linux-gnu:/opt/ros/humble/lib /usr/bin/cmake --build /home/renato/ws_sensor_combined/build/sensor_driver_pkg -- -j20 -l20
[3.257s] [ 12%] [32mBuilding CXX object CMakeFiles/sensor_driver_node.dir/src/sensor_driver_node.cpp.o[0m
[3.258s] [ 25%] [32mBuilding CXX object CMakeFiles/sensor_driver_gz_node.dir/src/sensor_driver_gz_node.cpp.o[0m
[3.260s] [ 37%] [32mBuilding CXX object CMakeFiles/sensor_driver_bias_computation_node.dir/src/sensor_driver_bias_computation_node.cpp.o[0m
[3.263s] [ 50%] [32mBuilding CXX object CMakeFiles/sensor_driver_flamingo_node.dir/src/sensor_driver_flamingo_node.cpp.o[0m
[10.174s] In file included from [01m[K/opt/ros/humble/include/rclcpp/rclcpp/logging.hpp:24[m[K,
[10.175s]                  from [01m[K/opt/ros/humble/include/rclcpp/rclcpp/client.hpp:40[m[K,
[10.175s]                  from [01m[K/opt/ros/humble/include/rclcpp/rclcpp/callback_group.hpp:24[m[K,
[10.175s]                  from [01m[K/opt/ros/humble/include/rclcpp/rclcpp/any_executable.hpp:20[m[K,
[10.175s]                  from [01m[K/opt/ros/humble/include/rclcpp/rclcpp/memory_strategy.hpp:25[m[K,
[10.175s]                  from [01m[K/opt/ros/humble/include/rclcpp/rclcpp/memory_strategies.hpp:18[m[K,
[10.175s]                  from [01m[K/opt/ros/humble/include/rclcpp/rclcpp/executor_options.hpp:20[m[K,
[10.175s]                  from [01m[K/opt/ros/humble/include/rclcpp/rclcpp/executor.hpp:37[m[K,
[10.176s]                  from [01m[K/opt/ros/humble/include/rclcpp/rclcpp/executors/multi_threaded_executor.hpp:25[m[K,
[10.176s]                  from [01m[K/opt/ros/humble/include/rclcpp/rclcpp/executors.hpp:21[m[K,
[10.176s]                  from [01m[K/opt/ros/humble/include/rclcpp/rclcpp/rclcpp.hpp:155[m[K,
[10.176s]                  from [01m[K/home/renato/ws_sensor_combined/src/sensor_driver_pkg/src/sensor_driver_gz_node.cpp:3[m[K:
[10.176s] [01m[K/home/renato/ws_sensor_combined/src/sensor_driver_pkg/src/sensor_driver_gz_node.cpp:[m[K In member function ‘[01m[Kvoid ForceSensorReaderNode::forceSensorCallback(geometry_msgs::msg::WrenchStamped_<std::allocator<void> >::SharedPtr)[m[K’:
[10.176s] [01m[K/home/renato/ws_sensor_combined/src/sensor_driver_pkg/src/sensor_driver_gz_node.cpp:47:21:[m[K [01;35m[Kwarning: [m[Kformat ‘[01m[K%lld[m[K’ expects argument of type ‘[01m[Klong long int[m[K’, but argument 5 has type ‘[01m[Klong unsigned int[m[K’ [[01;35m[K]8;;https://gcc.gnu.org/onlinedocs/gcc/Warning-Options.html#index-Wformat=-Wformat=]8;;[m[K]
[10.176s]    47 |                     [01;35m[K"Publishing LoadCellData: Time diff (µs): %lld, Fx=%.2f, Fy=%.2f, Fz=%.2f"[m[K,
[10.177s]       |                     [01;35m[K^~~~~~~~~~~~~~~~~~~~~~~~~~~~~~~~~~~~~~~~~~~~~~~~~~~~~~~~~~~~~~~~~~~~~~~~~~[m[K
[10.177s]    48 |                     [32m[Kthis->now().nanoseconds() / 1000 - load_cell_msg.timestamp[m[K,
[10.177s]       |                     [32m[K~~~~~~~~~~~~~~~~~~~~~~~~~~~~~~~~~~~~~~~~~~~~~~~~~~~~~~~~~~[m[K
[10.177s]       |                                                      [32m[K|[m[K
[10.177s]       |                                                      [32m[Klong unsigned int[m[K
[10.177s] [01m[K/home/renato/ws_sensor_combined/src/sensor_driver_pkg/src/sensor_driver_gz_node.cpp:47:66:[m[K [01;36m[Knote: [m[Kformat string is defined here
[10.181s]    47 |                     "Publishing LoadCellData: Time diff (µs): [01;36m[K%lld[m[K, Fx=%.2f, Fy=%.2f, Fz=%.2f",
[10.181s]       |                                                               [01;36m[K~~~^[m[K
[10.185s]       |                                                                  [01;36m[K|[m[K
[10.185s]       |                                                                  [01;36m[Klong long int[m[K
[10.185s]       |                                                               [32m[K%ld[m[K
[15.311s] [ 62%] [32m[1mLinking CXX executable sensor_driver_flamingo_node[0m
[15.402s] [ 75%] [32m[1mLinking CXX executable sensor_driver_node[0m
[15.957s] [ 75%] Built target sensor_driver_node
[15.996s] [ 75%] Built target sensor_driver_flamingo_node
[23.200s] [ 87%] [32m[1mLinking CXX executable sensor_driver_bias_computation_node[0m
[23.877s] [ 87%] Built target sensor_driver_bias_computation_node
[25.661s] [100%] [32m[1mLinking CXX executable sensor_driver_gz_node[0m
[26.339s] [100%] Built target sensor_driver_gz_node
[26.361s] Invoked command in '/home/renato/ws_sensor_combined/build/sensor_driver_pkg' returned '0': CMAKE_PREFIX_PATH=/home/renato/ws_sensor_combined/install/px4_msgs:/home/renato/ws_sensor_combined/install/csv_maker_pkg:/home/renato/ws_sensor_combined/install/ros2bag_pkg:/home/renato/ws_sensor_combined/install/trajectory_planner:/home/renato/ws_sensor_combined/install/sensor_driver_pkg:/home/renato/ws_sensor_combined/install/px4_ros_com:/home/renato/ws_sensor_combined/install/load_cell_publisher_pkg:/home/renato/ws_sensor_combined/install/dual_wrench_publisher_pkg:/home/renato/ws_sensor_combined/install/debugger_position_z_pkg:/home/renato/ws_sensor_combined/install/apply_link_wrench_pkg:/home/renato/ws_sensor_combined/install/ground_truth_publisher_pkg:/home/renato/ws_sensor_combined/install/end_effector_pkg:/home/renato/bridge_ws/install/test_ros_gz_bridge:/home/renato/bridge_ws/install/ros_ign_interfaces:/home/renato/bridge_ws/install/ros_ign:/home/renato/bridge_ws/install/ros_ign_image:/home/renato/bridge_ws/install/ros_ign_gazebo_demos:/home/renato/bridge_ws/install/ros_ign_gazebo:/home/renato/bridge_ws/install/ros_ign_bridge:/home/renato/bridge_ws/install/ros_gz:/home/renato/bridge_ws/install/ros_gz_sim_demos:/home/renato/bridge_ws/install/ros_gz_sim:/home/renato/bridge_ws/install/ros_gz_image:/home/renato/bridge_ws/install/ros_gz_bridge:/home/renato/bridge_ws/install/ros_gz_interfaces:/opt/ros/humble LD_LIBRARY_PATH=/home/renato/ws_sensor_combined/install/px4_msgs/lib:/home/renato/ws_sensor_combined/install/trajectory_planner/lib:/home/renato/ws_sensor_combined/install/px4_ros_com/lib:/home/renato/bridge_ws/install/ros_ign_interfaces/lib:/home/renato/bridge_ws/install/ros_gz_sim/lib:/home/renato/bridge_ws/install/ros_gz_bridge/lib:/home/renato/bridge_ws/install/ros_gz_interfaces/lib:/opt/ros/humble/opt/rviz_ogre_vendor/lib:/opt/ros/humble/lib/x86_64-linux-gnu:/opt/ros/humble/lib /usr/bin/cmake --build /home/renato/ws_sensor_combined/build/sensor_driver_pkg -- -j20 -l20
[26.364s] Invoking command in '/home/renato/ws_sensor_combined/build/sensor_driver_pkg': CMAKE_PREFIX_PATH=/home/renato/ws_sensor_combined/install/px4_msgs:/home/renato/ws_sensor_combined/install/csv_maker_pkg:/home/renato/ws_sensor_combined/install/ros2bag_pkg:/home/renato/ws_sensor_combined/install/trajectory_planner:/home/renato/ws_sensor_combined/install/sensor_driver_pkg:/home/renato/ws_sensor_combined/install/px4_ros_com:/home/renato/ws_sensor_combined/install/load_cell_publisher_pkg:/home/renato/ws_sensor_combined/install/dual_wrench_publisher_pkg:/home/renato/ws_sensor_combined/install/debugger_position_z_pkg:/home/renato/ws_sensor_combined/install/apply_link_wrench_pkg:/home/renato/ws_sensor_combined/install/ground_truth_publisher_pkg:/home/renato/ws_sensor_combined/install/end_effector_pkg:/home/renato/bridge_ws/install/test_ros_gz_bridge:/home/renato/bridge_ws/install/ros_ign_interfaces:/home/renato/bridge_ws/install/ros_ign:/home/renato/bridge_ws/install/ros_ign_image:/home/renato/bridge_ws/install/ros_ign_gazebo_demos:/home/renato/bridge_ws/install/ros_ign_gazebo:/home/renato/bridge_ws/install/ros_ign_bridge:/home/renato/bridge_ws/install/ros_gz:/home/renato/bridge_ws/install/ros_gz_sim_demos:/home/renato/bridge_ws/install/ros_gz_sim:/home/renato/bridge_ws/install/ros_gz_image:/home/renato/bridge_ws/install/ros_gz_bridge:/home/renato/bridge_ws/install/ros_gz_interfaces:/opt/ros/humble LD_LIBRARY_PATH=/home/renato/ws_sensor_combined/install/px4_msgs/lib:/home/renato/ws_sensor_combined/install/trajectory_planner/lib:/home/renato/ws_sensor_combined/install/px4_ros_com/lib:/home/renato/bridge_ws/install/ros_ign_interfaces/lib:/home/renato/bridge_ws/install/ros_gz_sim/lib:/home/renato/bridge_ws/install/ros_gz_bridge/lib:/home/renato/bridge_ws/install/ros_gz_interfaces/lib:/opt/ros/humble/opt/rviz_ogre_vendor/lib:/opt/ros/humble/lib/x86_64-linux-gnu:/opt/ros/humble/lib /usr/bin/cmake --install /home/renato/ws_sensor_combined/build/sensor_driver_pkg
[26.379s] -- Install configuration: ""
[26.379s] -- Installing: /home/renato/ws_sensor_combined/install/sensor_driver_pkg/lib/sensor_driver_pkg/sensor_driver_node
[26.382s] -- Set runtime path of "/home/renato/ws_sensor_combined/install/sensor_driver_pkg/lib/sensor_driver_pkg/sensor_driver_node" to ""
[26.382s] -- Installing: /home/renato/ws_sensor_combined/install/sensor_driver_pkg/lib/sensor_driver_pkg/sensor_driver_flamingo_node
[26.383s] -- Set runtime path of "/home/renato/ws_sensor_combined/install/sensor_driver_pkg/lib/sensor_driver_pkg/sensor_driver_flamingo_node" to ""
[26.383s] -- Installing: /home/renato/ws_sensor_combined/install/sensor_driver_pkg/lib/sensor_driver_pkg/sensor_driver_gz_node
[26.387s] -- Set runtime path of "/home/renato/ws_sensor_combined/install/sensor_driver_pkg/lib/sensor_driver_pkg/sensor_driver_gz_node" to ""
[26.387s] -- Installing: /home/renato/ws_sensor_combined/install/sensor_driver_pkg/lib/sensor_driver_pkg/sensor_driver_bias_computation_node
[26.391s] -- Set runtime path of "/home/renato/ws_sensor_combined/install/sensor_driver_pkg/lib/sensor_driver_pkg/sensor_driver_bias_computation_node" to ""
[26.391s] -- Installing: /home/renato/ws_sensor_combined/install/sensor_driver_pkg/share/ament_index/resource_index/package_run_dependencies/sensor_driver_pkg
[26.391s] -- Installing: /home/renato/ws_sensor_combined/install/sensor_driver_pkg/share/ament_index/resource_index/parent_prefix_path/sensor_driver_pkg
[26.391s] -- Installing: /home/renato/ws_sensor_combined/install/sensor_driver_pkg/share/sensor_driver_pkg/environment/ament_prefix_path.sh
[26.391s] -- Installing: /home/renato/ws_sensor_combined/install/sensor_driver_pkg/share/sensor_driver_pkg/environment/ament_prefix_path.dsv
[26.392s] -- Installing: /home/renato/ws_sensor_combined/install/sensor_driver_pkg/share/sensor_driver_pkg/environment/path.sh
[26.392s] -- Installing: /home/renato/ws_sensor_combined/install/sensor_driver_pkg/share/sensor_driver_pkg/environment/path.dsv
[26.392s] -- Installing: /home/renato/ws_sensor_combined/install/sensor_driver_pkg/share/sensor_driver_pkg/local_setup.bash
[26.392s] -- Installing: /home/renato/ws_sensor_combined/install/sensor_driver_pkg/share/sensor_driver_pkg/local_setup.sh
[26.392s] -- Installing: /home/renato/ws_sensor_combined/install/sensor_driver_pkg/share/sensor_driver_pkg/local_setup.zsh
[26.392s] -- Installing: /home/renato/ws_sensor_combined/install/sensor_driver_pkg/share/sensor_driver_pkg/local_setup.dsv
[26.392s] -- Installing: /home/renato/ws_sensor_combined/install/sensor_driver_pkg/share/sensor_driver_pkg/package.dsv
[26.393s] -- Installing: /home/renato/ws_sensor_combined/install/sensor_driver_pkg/share/ament_index/resource_index/packages/sensor_driver_pkg
[26.393s] -- Installing: /home/renato/ws_sensor_combined/install/sensor_driver_pkg/share/sensor_driver_pkg/cmake/sensor_driver_pkgConfig.cmake
[26.393s] -- Installing: /home/renato/ws_sensor_combined/install/sensor_driver_pkg/share/sensor_driver_pkg/cmake/sensor_driver_pkgConfig-version.cmake
[26.393s] -- Installing: /home/renato/ws_sensor_combined/install/sensor_driver_pkg/share/sensor_driver_pkg/package.xml
[26.397s] Invoked command in '/home/renato/ws_sensor_combined/build/sensor_driver_pkg' returned '0': CMAKE_PREFIX_PATH=/home/renato/ws_sensor_combined/install/px4_msgs:/home/renato/ws_sensor_combined/install/csv_maker_pkg:/home/renato/ws_sensor_combined/install/ros2bag_pkg:/home/renato/ws_sensor_combined/install/trajectory_planner:/home/renato/ws_sensor_combined/install/sensor_driver_pkg:/home/renato/ws_sensor_combined/install/px4_ros_com:/home/renato/ws_sensor_combined/install/load_cell_publisher_pkg:/home/renato/ws_sensor_combined/install/dual_wrench_publisher_pkg:/home/renato/ws_sensor_combined/install/debugger_position_z_pkg:/home/renato/ws_sensor_combined/install/apply_link_wrench_pkg:/home/renato/ws_sensor_combined/install/ground_truth_publisher_pkg:/home/renato/ws_sensor_combined/install/end_effector_pkg:/home/renato/bridge_ws/install/test_ros_gz_bridge:/home/renato/bridge_ws/install/ros_ign_interfaces:/home/renato/bridge_ws/install/ros_ign:/home/renato/bridge_ws/install/ros_ign_image:/home/renato/bridge_ws/install/ros_ign_gazebo_demos:/home/renato/bridge_ws/install/ros_ign_gazebo:/home/renato/bridge_ws/install/ros_ign_bridge:/home/renato/bridge_ws/install/ros_gz:/home/renato/bridge_ws/install/ros_gz_sim_demos:/home/renato/bridge_ws/install/ros_gz_sim:/home/renato/bridge_ws/install/ros_gz_image:/home/renato/bridge_ws/install/ros_gz_bridge:/home/renato/bridge_ws/install/ros_gz_interfaces:/opt/ros/humble LD_LIBRARY_PATH=/home/renato/ws_sensor_combined/install/px4_msgs/lib:/home/renato/ws_sensor_combined/install/trajectory_planner/lib:/home/renato/ws_sensor_combined/install/px4_ros_com/lib:/home/renato/bridge_ws/install/ros_ign_interfaces/lib:/home/renato/bridge_ws/install/ros_gz_sim/lib:/home/renato/bridge_ws/install/ros_gz_bridge/lib:/home/renato/bridge_ws/install/ros_gz_interfaces/lib:/opt/ros/humble/opt/rviz_ogre_vendor/lib:/opt/ros/humble/lib/x86_64-linux-gnu:/opt/ros/humble/lib /usr/bin/cmake --install /home/renato/ws_sensor_combined/build/sensor_driver_pkg
