[0.039s] Invoking command in '/home/renato/ws_sensor_combined/build/gazebo_cable': CMAKE_PREFIX_PATH=${CMAKE_PREFIX_PATH}:/opt/ros/humble /usr/bin/cmake --build /home/renato/ws_sensor_combined/build/gazebo_cable -- -j20 -l20
[0.149s] [100%] Built target cable_vel_control_plugin
[0.169s] Invoked command in '/home/renato/ws_sensor_combined/build/gazebo_cable' returned '0': CMAKE_PREFIX_PATH=${CMAKE_PREFIX_PATH}:/opt/ros/humble /usr/bin/cmake --build /home/renato/ws_sensor_combined/build/gazebo_cable -- -j20 -l20
[0.188s] Invoking command in '/home/renato/ws_sensor_combined/build/gazebo_cable': CMAKE_PREFIX_PATH=${CMAKE_PREFIX_PATH}:/opt/ros/humble /usr/bin/cmake --install /home/renato/ws_sensor_combined/build/gazebo_cable
[0.206s] -- Install configuration: ""
[0.207s] -- Execute custom install script
[0.207s] -- Up-to-date symlink: /home/renato/ws_sensor_combined/install/gazebo_cable/share/gazebo_cable/environment/library_path.sh
[0.207s] -- Up-to-date symlink: /home/renato/ws_sensor_combined/install/gazebo_cable/share/gazebo_cable/environment/library_path.dsv
[0.208s] -- Up-to-date symlink: /home/renato/ws_sensor_combined/install/gazebo_cable/lib/gz/libcable_vel_control_plugin.so
[0.208s] -- Up-to-date symlink: /home/renato/ws_sensor_combined/install/gazebo_cable/lib/gazebo_cable/cable_controller_test_square.py
[0.209s] -- Up-to-date symlink: /home/renato/ws_sensor_combined/install/gazebo_cable/share/gazebo_cable/launch/cable_sim_launch.py
[0.211s] -- Up-to-date symlink: /home/renato/ws_sensor_combined/install/gazebo_cable/share/gazebo_cable/launch/cable_standalone.launch
[0.211s] -- Up-to-date symlink: /home/renato/ws_sensor_combined/install/gazebo_cable/share/gazebo_cable/urdf/cable.sdf
[0.211s] -- Up-to-date symlink: /home/renato/ws_sensor_combined/install/gazebo_cable/share/gazebo_cable/urdf/cable_model.urdf.xacro
[0.211s] -- Up-to-date symlink: /home/renato/ws_sensor_combined/install/gazebo_cable/share/gazebo_cable/package.xml
[0.211s] -- Up-to-date symlink: /home/renato/ws_sensor_combined/install/gazebo_cable/share/ament_index/resource_index/package_run_dependencies/gazebo_cable
[0.211s] -- Up-to-date symlink: /home/renato/ws_sensor_combined/install/gazebo_cable/share/ament_index/resource_index/parent_prefix_path/gazebo_cable
[0.211s] -- Up-to-date symlink: /home/renato/ws_sensor_combined/install/gazebo_cable/share/gazebo_cable/environment/ament_prefix_path.sh
[0.212s] -- Up-to-date symlink: /home/renato/ws_sensor_combined/install/gazebo_cable/share/gazebo_cable/environment/ament_prefix_path.dsv
[0.212s] -- Up-to-date symlink: /home/renato/ws_sensor_combined/install/gazebo_cable/share/gazebo_cable/environment/path.sh
[0.212s] -- Up-to-date symlink: /home/renato/ws_sensor_combined/install/gazebo_cable/share/gazebo_cable/environment/path.dsv
[0.212s] -- Up-to-date symlink: /home/renato/ws_sensor_combined/install/gazebo_cable/share/gazebo_cable/local_setup.bash
[0.213s] -- Up-to-date symlink: /home/renato/ws_sensor_combined/install/gazebo_cable/share/gazebo_cable/local_setup.sh
[0.213s] -- Up-to-date symlink: /home/renato/ws_sensor_combined/install/gazebo_cable/share/gazebo_cable/local_setup.zsh
[0.213s] -- Up-to-date symlink: /home/renato/ws_sensor_combined/install/gazebo_cable/share/gazebo_cable/local_setup.dsv
[0.213s] -- Symlinking: /home/renato/ws_sensor_combined/install/gazebo_cable/share/gazebo_cable/package.dsv
[0.232s] -- Up-to-date symlink: /home/renato/ws_sensor_combined/install/gazebo_cable/share/ament_index/resource_index/packages/gazebo_cable
[0.232s] -- Up-to-date symlink: /home/renato/ws_sensor_combined/install/gazebo_cable/share/gazebo_cable/cmake/ament_cmake_export_dependencies-extras.cmake
[0.232s] -- Up-to-date symlink: /home/renato/ws_sensor_combined/install/gazebo_cable/share/gazebo_cable/cmake/ament_cmake_export_include_directories-extras.cmake
[0.232s] -- Up-to-date symlink: /home/renato/ws_sensor_combined/install/gazebo_cable/share/gazebo_cable/cmake/ament_cmake_export_libraries-extras.cmake
[0.232s] -- Up-to-date symlink: /home/renato/ws_sensor_combined/install/gazebo_cable/share/gazebo_cable/cmake/gazebo_cableConfig.cmake
[0.233s] -- Up-to-date symlink: /home/renato/ws_sensor_combined/install/gazebo_cable/share/gazebo_cable/cmake/gazebo_cableConfig-version.cmake
[0.233s] -- Up-to-date symlink: /home/renato/ws_sensor_combined/install/gazebo_cable/share/gazebo_cable/package.xml
[0.252s] Invoked command in '/home/renato/ws_sensor_combined/build/gazebo_cable' returned '0': CMAKE_PREFIX_PATH=${CMAKE_PREFIX_PATH}:/opt/ros/humble /usr/bin/cmake --install /home/renato/ws_sensor_combined/build/gazebo_cable
