[0.023s] Invoking command in '/home/renato/ws_sensor_combined/build/px4_ros_com': CMAKE_PREFIX_PATH=/home/renato/ws_sensor_combined/install/px4_msgs:/home/renato/ws_sensor_combined/install/sensor_driver_pkg:/home/renato/ws_sensor_combined/install/px4_ros_com:/home/renato/ws_sensor_combined/install/load_cell_publisher_pkg:/home/renato/ws_sensor_combined/install/dual_wrench_publisher_pkg:/home/renato/ws_sensor_combined/install/apply_link_wrench_pkg:/home/renato/bridge_ws/install/test_ros_gz_bridge:/home/renato/bridge_ws/install/ros_ign_interfaces:/home/renato/bridge_ws/install/ros_ign:/home/renato/bridge_ws/install/ros_ign_image:/home/renato/bridge_ws/install/ros_ign_gazebo_demos:/home/renato/bridge_ws/install/ros_ign_gazebo:/home/renato/bridge_ws/install/ros_ign_bridge:/home/renato/bridge_ws/install/ros_gz:/home/renato/bridge_ws/install/ros_gz_sim_demos:/home/renato/bridge_ws/install/ros_gz_sim:/home/renato/bridge_ws/install/ros_gz_image:/home/renato/bridge_ws/install/ros_gz_bridge:/home/renato/bridge_ws/install/ros_gz_interfaces:/opt/ros/humble LD_LIBRARY_PATH=/home/renato/ws_sensor_combined/install/px4_msgs/lib:/home/renato/ws_sensor_combined/install/px4_ros_com/lib:/home/renato/bridge_ws/install/ros_ign_interfaces/lib:/home/renato/bridge_ws/install/ros_gz_sim/lib:/home/renato/bridge_ws/install/ros_gz_bridge/lib:/home/renato/bridge_ws/install/ros_gz_interfaces/lib:/opt/ros/humble/opt/rviz_ogre_vendor/lib:/opt/ros/humble/lib/x86_64-linux-gnu:/opt/ros/humble/lib /usr/bin/cmake --build /home/renato/ws_sensor_combined/build/px4_ros_com -- -j20 -l20
[0.065s] -- Found ament_cmake: 1.3.11 (/opt/ros/humble/share/ament_cmake/cmake)
[0.270s] -- Found builtin_interfaces: 1.2.1 (/opt/ros/humble/share/builtin_interfaces/cmake)
[0.309s] -- Found rosidl_generator_c: 3.1.6 (/opt/ros/humble/share/rosidl_generator_c/cmake)
[0.312s] -- Found rosidl_adapter: 3.1.6 (/opt/ros/humble/share/rosidl_adapter/cmake)
[0.321s] -- Found rosidl_generator_cpp: 3.1.6 (/opt/ros/humble/share/rosidl_generator_cpp/cmake)
[0.336s] -- Using all available rosidl_typesupport_c: rosidl_typesupport_fastrtps_c;rosidl_typesupport_introspection_c
[0.356s] -- Using all available rosidl_typesupport_cpp: rosidl_typesupport_fastrtps_cpp;rosidl_typesupport_introspection_cpp
[0.375s] -- Found eigen3_cmake_module: 0.1.1 (/opt/ros/humble/share/eigen3_cmake_module/cmake)
[0.379s] -- Found geometry_msgs: 4.2.4 (/opt/ros/humble/share/geometry_msgs/cmake)
[0.424s] -- Found px4_msgs: 2.0.1 (/home/renato/ws_sensor_combined/install/px4_msgs/share/px4_msgs/cmake)
[0.443s] -- Found rclcpp: 16.0.11 (/opt/ros/humble/share/rclcpp/cmake)
[0.480s] -- Found rmw_implementation_cmake: 6.1.2 (/opt/ros/humble/share/rmw_implementation_cmake/cmake)
[0.483s] -- Found rmw_fastrtps_cpp: 6.2.7 (/opt/ros/humble/share/rmw_fastrtps_cpp/cmake)
[0.661s] -- Using RMW implementation 'rmw_fastrtps_cpp' as default
[0.719s] -- Found sensor_msgs: 4.2.4 (/opt/ros/humble/share/sensor_msgs/cmake)
[0.748s] -- Found rclpy: 3.3.15 (/opt/ros/humble/share/rclpy/cmake)
[0.764s] -- Found ament_lint_auto: 0.12.11 (/opt/ros/humble/share/ament_lint_auto/cmake)
[0.882s] -- Added test 'copyright' to check source files copyright and LICENSE
[0.889s] -- Added test 'cppcheck' to perform static code analysis on C / C++ code
[0.890s] -- Configured cppcheck include dirs: /home/renato/ws_sensor_combined/src/px4_ros_com/include;$<BUILD_INTERFACE:/home/renato/ws_sensor_combined/src/px4_ros_com/include/px4_ros_com>
[0.890s] -- Configured cppcheck exclude dirs and/or files: 
[0.895s] -- Added test 'cpplint' to check C / C++ code against the Google style
[0.895s] -- Configured cpplint exclude dirs and/or files: 
[0.896s] -- Added test 'flake8' to check Python code syntax and style conventions
[0.897s] -- Added test 'lint_cmake' to check CMake code style
[0.898s] -- Added test 'pep257' to check Python code against some of the docstring style conventions in PEP 257
[0.903s] -- Added test 'uncrustify' to check C / C++ code style
[0.903s] -- Configured uncrustify additional arguments: 
[0.903s] -- Added test 'xmllint' to check XML markup files
[0.906s] -- Configuring done
[0.948s] -- Generating done
[0.964s] -- Build files have been written to: /home/renato/ws_sensor_combined/build/px4_ros_com
[1.008s] [35m[1mConsolidate compiler generated dependencies of target frame_transforms[0m
[1.009s] [35m[1mConsolidate compiler generated dependencies of target offboard_control[0m
[1.011s] [35m[1mConsolidate compiler generated dependencies of target debug_vect_advertiser[0m
[1.012s] [35m[1mConsolidate compiler generated dependencies of target sensor_combined_listener[0m
[1.013s] [35m[1mConsolidate compiler generated dependencies of target vehicle_gps_position_listener[0m
[1.014s] [35m[1mConsolidate compiler generated dependencies of target offboard_control_srv[0m
[1.033s] [  8%] [32mBuilding CXX object CMakeFiles/offboard_control.dir/src/examples/offboard/offboard_control.cpp.o[0m
[1.034s] [ 25%] Built target frame_transforms
[1.036s] [ 33%] [32mBuilding CXX object CMakeFiles/sensor_combined_listener.dir/src/examples/listeners/sensor_combined_listener.cpp.o[0m
[1.036s] [ 41%] [32mBuilding CXX object CMakeFiles/debug_vect_advertiser.dir/src/examples/advertisers/debug_vect_advertiser.cpp.o[0m
[1.043s] [ 50%] [32mBuilding CXX object CMakeFiles/vehicle_gps_position_listener.dir/src/examples/listeners/vehicle_gps_position_listener.cpp.o[0m
[1.043s] [ 58%] [32mBuilding CXX object CMakeFiles/offboard_control_srv.dir/src/examples/offboard/offboard_control_srv.cpp.o[0m
[1.045s] [ 58%] Built target ament_cmake_python_copy_px4_ros_com
[1.630s] running egg_info
[1.652s] writing px4_ros_com.egg-info/PKG-INFO
[1.653s] writing dependency_links to px4_ros_com.egg-info/dependency_links.txt
[1.653s] writing top-level names to px4_ros_com.egg-info/top_level.txt
[1.716s] reading manifest file 'px4_ros_com.egg-info/SOURCES.txt'
[1.717s] writing manifest file 'px4_ros_com.egg-info/SOURCES.txt'
[1.795s] [ 58%] Built target ament_cmake_python_build_px4_ros_com_egg
[4.669s] [01m[K/home/renato/ws_sensor_combined/src/px4_ros_com/src/examples/listeners/vehicle_gps_position_listener.cpp:[m[K In lambda function:
[4.669s] [01m[K/home/renato/ws_sensor_combined/src/px4_ros_com/src/examples/listeners/vehicle_gps_position_listener.cpp:60:54:[m[K [01;31m[Kerror: [m[K‘[01m[Kstruct px4_msgs::msg::SensorGps_<std::allocator<void> >[m[K’ has no member named ‘[01m[Klatitude_deg[m[K’
[4.669s]    60 |                         std::cout << "lat: " << msg->[01;31m[Klatitude_deg[m[K  << std::endl;
[4.669s]       |                                                      [01;31m[K^~~~~~~~~~~~[m[K
[4.669s] [01m[K/home/renato/ws_sensor_combined/src/px4_ros_com/src/examples/listeners/vehicle_gps_position_listener.cpp:61:54:[m[K [01;31m[Kerror: [m[K‘[01m[Kstruct px4_msgs::msg::SensorGps_<std::allocator<void> >[m[K’ has no member named ‘[01m[Klongitude_deg[m[K’
[4.670s]    61 |                         std::cout << "lon: " << msg->[01;31m[Klongitude_deg[m[K << std::endl;
[4.670s]       |                                                      [01;31m[K^~~~~~~~~~~~~[m[K
[4.670s] [01m[K/home/renato/ws_sensor_combined/src/px4_ros_com/src/examples/listeners/vehicle_gps_position_listener.cpp:62:54:[m[K [01;31m[Kerror: [m[K‘[01m[Kstruct px4_msgs::msg::SensorGps_<std::allocator<void> >[m[K’ has no member named ‘[01m[Kaltitude_msl_m[m[K’
[4.671s]    62 |                         std::cout << "alt: " << msg->[01;31m[Kaltitude_msl_m[m[K  << std::endl;
[4.671s]       |                                                      [01;31m[K^~~~~~~~~~~~~~[m[K
[4.671s] [01m[K/home/renato/ws_sensor_combined/src/px4_ros_com/src/examples/listeners/vehicle_gps_position_listener.cpp:63:64:[m[K [01;31m[Kerror: [m[K‘[01m[Kstruct px4_msgs::msg::SensorGps_<std::allocator<void> >[m[K’ has no member named ‘[01m[Kaltitude_ellipsoid_m[m[K’; did you mean ‘[01m[Kalt_ellipsoid[m[K’?
[4.671s]    63 |                         std::cout << "alt_ellipsoid: " << msg->[01;31m[Kaltitude_ellipsoid_m[m[K << std::endl;
[4.671s]       |                                                                [01;31m[K^~~~~~~~~~~~~~~~~~~~[m[K
[4.671s]       |                                                                [32m[Kalt_ellipsoid[m[K
[8.159s] [ 66%] [32m[1mLinking CXX executable debug_vect_advertiser[0m
[8.519s] [ 66%] Built target debug_vect_advertiser
[8.996s] gmake[2]: *** [CMakeFiles/vehicle_gps_position_listener.dir/build.make:76: CMakeFiles/vehicle_gps_position_listener.dir/src/examples/listeners/vehicle_gps_position_listener.cpp.o] Errore 1
[8.996s] gmake[1]: *** [CMakeFiles/Makefile2:202: CMakeFiles/vehicle_gps_position_listener.dir/all] Errore 2
[8.996s] gmake[1]: *** Attesa per i processi non terminati....
[10.150s] [ 75%] [32m[1mLinking CXX executable offboard_control[0m
[10.507s] [ 75%] Built target offboard_control
[10.584s] [ 83%] [32m[1mLinking CXX executable offboard_control_srv[0m
[10.906s] /usr/bin/ld: CMakeFiles/offboard_control_srv.dir/src/examples/offboard/offboard_control_srv.cpp.o: in function `rclcpp::Client<px4_msgs::srv::VehicleCommand>::Client(rclcpp::node_interfaces::NodeBaseInterface*, std::shared_ptr<rclcpp::node_interfaces::NodeGraphInterface>, std::__cxx11::basic_string<char, std::char_traits<char>, std::allocator<char> > const&, rcl_client_options_s&)':
[10.906s] offboard_control_srv.cpp:(.text._ZN6rclcpp6ClientIN8px4_msgs3srv14VehicleCommandEEC2EPNS_15node_interfaces17NodeBaseInterfaceESt10shared_ptrINS5_18NodeGraphInterfaceEERKNSt7__cxx1112basic_stringIcSt11char_traitsIcESaIcEEER20rcl_client_options_s[_ZN6rclcpp6ClientIN8px4_msgs3srv14VehicleCommandEEC5EPNS_15node_interfaces17NodeBaseInterfaceESt10shared_ptrINS5_18NodeGraphInterfaceEERKNSt7__cxx1112basic_stringIcSt11char_traitsIcESaIcEEER20rcl_client_options_s]+0xc8): undefined reference to `rosidl_service_type_support_t const* rosidl_typesupport_cpp::get_service_type_support_handle<px4_msgs::srv::VehicleCommand>()'
[10.930s] collect2: error: ld returned 1 exit status
[10.933s] gmake[2]: *** [CMakeFiles/offboard_control_srv.dir/build.make:159: offboard_control_srv] Errore 1
[10.933s] gmake[1]: *** [CMakeFiles/Makefile2:280: CMakeFiles/offboard_control_srv.dir/all] Errore 2
[13.370s] [ 91%] [32m[1mLinking CXX executable sensor_combined_listener[0m
[13.866s] [ 91%] Built target sensor_combined_listener
[13.867s] gmake: *** [Makefile:146: all] Errore 2
[13.870s] Invoked command in '/home/renato/ws_sensor_combined/build/px4_ros_com' returned '2': CMAKE_PREFIX_PATH=/home/renato/ws_sensor_combined/install/px4_msgs:/home/renato/ws_sensor_combined/install/sensor_driver_pkg:/home/renato/ws_sensor_combined/install/px4_ros_com:/home/renato/ws_sensor_combined/install/load_cell_publisher_pkg:/home/renato/ws_sensor_combined/install/dual_wrench_publisher_pkg:/home/renato/ws_sensor_combined/install/apply_link_wrench_pkg:/home/renato/bridge_ws/install/test_ros_gz_bridge:/home/renato/bridge_ws/install/ros_ign_interfaces:/home/renato/bridge_ws/install/ros_ign:/home/renato/bridge_ws/install/ros_ign_image:/home/renato/bridge_ws/install/ros_ign_gazebo_demos:/home/renato/bridge_ws/install/ros_ign_gazebo:/home/renato/bridge_ws/install/ros_ign_bridge:/home/renato/bridge_ws/install/ros_gz:/home/renato/bridge_ws/install/ros_gz_sim_demos:/home/renato/bridge_ws/install/ros_gz_sim:/home/renato/bridge_ws/install/ros_gz_image:/home/renato/bridge_ws/install/ros_gz_bridge:/home/renato/bridge_ws/install/ros_gz_interfaces:/opt/ros/humble LD_LIBRARY_PATH=/home/renato/ws_sensor_combined/install/px4_msgs/lib:/home/renato/ws_sensor_combined/install/px4_ros_com/lib:/home/renato/bridge_ws/install/ros_ign_interfaces/lib:/home/renato/bridge_ws/install/ros_gz_sim/lib:/home/renato/bridge_ws/install/ros_gz_bridge/lib:/home/renato/bridge_ws/install/ros_gz_interfaces/lib:/opt/ros/humble/opt/rviz_ogre_vendor/lib:/opt/ros/humble/lib/x86_64-linux-gnu:/opt/ros/humble/lib /usr/bin/cmake --build /home/renato/ws_sensor_combined/build/px4_ros_com -- -j20 -l20
