[0.029s] Invoking command in '/home/renato/ws_sensor_combined/build/sensor_driver_pkg': CMAKE_PREFIX_PATH=/home/renato/ws_sensor_combined/install/px4_msgs:/home/renato/ws_sensor_combined/install/sensor_driver_pkg:/home/renato/ws_sensor_combined/install/px4_ros_com:/home/renato/ws_sensor_combined/install/load_cell_publisher_pkg:/home/renato/ws_sensor_combined/install/dual_wrench_publisher_pkg:/home/renato/ws_sensor_combined/install/apply_link_wrench_pkg:/home/renato/bridge_ws/install/test_ros_gz_bridge:/home/renato/bridge_ws/install/ros_ign_interfaces:/home/renato/bridge_ws/install/ros_ign:/home/renato/bridge_ws/install/ros_ign_image:/home/renato/bridge_ws/install/ros_ign_gazebo_demos:/home/renato/bridge_ws/install/ros_ign_gazebo:/home/renato/bridge_ws/install/ros_ign_bridge:/home/renato/bridge_ws/install/ros_gz:/home/renato/bridge_ws/install/ros_gz_sim_demos:/home/renato/bridge_ws/install/ros_gz_sim:/home/renato/bridge_ws/install/ros_gz_image:/home/renato/bridge_ws/install/ros_gz_bridge:/home/renato/bridge_ws/install/ros_gz_interfaces:/opt/ros/humble LD_LIBRARY_PATH=/home/renato/ws_sensor_combined/install/px4_msgs/lib:/home/renato/ws_sensor_combined/install/px4_ros_com/lib:/home/renato/bridge_ws/install/ros_ign_interfaces/lib:/home/renato/bridge_ws/install/ros_gz_sim/lib:/home/renato/bridge_ws/install/ros_gz_bridge/lib:/home/renato/bridge_ws/install/ros_gz_interfaces/lib:/opt/ros/humble/opt/rviz_ogre_vendor/lib:/opt/ros/humble/lib/x86_64-linux-gnu:/opt/ros/humble/lib /usr/bin/cmake --build /home/renato/ws_sensor_combined/build/sensor_driver_pkg -- -j20 -l20
[0.070s] -- Found ament_cmake: 1.3.11 (/opt/ros/humble/share/ament_cmake/cmake)
[0.287s] -- Override CMake install command with custom implementation using symlinks instead of copying resources
[0.304s] -- Found rclcpp: 16.0.11 (/opt/ros/humble/share/rclcpp/cmake)
[0.352s] -- Found rosidl_generator_c: 3.1.6 (/opt/ros/humble/share/rosidl_generator_c/cmake)
[0.356s] -- Found rosidl_adapter: 3.1.6 (/opt/ros/humble/share/rosidl_adapter/cmake)
[0.365s] -- Found rosidl_generator_cpp: 3.1.6 (/opt/ros/humble/share/rosidl_generator_cpp/cmake)
[0.381s] -- Using all available rosidl_typesupport_c: rosidl_typesupport_fastrtps_c;rosidl_typesupport_introspection_c
[0.404s] -- Using all available rosidl_typesupport_cpp: rosidl_typesupport_fastrtps_cpp;rosidl_typesupport_introspection_cpp
[0.460s] -- Found rmw_implementation_cmake: 6.1.2 (/opt/ros/humble/share/rmw_implementation_cmake/cmake)
[0.464s] -- Found rmw_fastrtps_cpp: 6.2.7 (/opt/ros/humble/share/rmw_fastrtps_cpp/cmake)
[0.654s] -- Using RMW implementation 'rmw_fastrtps_cpp' as default
[0.753s] -- Found geometry_msgs: 4.2.4 (/opt/ros/humble/share/geometry_msgs/cmake)
[0.777s] -- Found px4_msgs: 2.0.1 (/home/renato/ws_sensor_combined/install/px4_msgs/share/px4_msgs/cmake)
[0.915s] -- Configuring done
[0.941s] -- Generating done
[0.951s] -- Build files have been written to: /home/renato/ws_sensor_combined/build/sensor_driver_pkg
[0.992s] [35m[1mConsolidate compiler generated dependencies of target sensor_driver_node[0m
[0.993s] [35m[1mConsolidate compiler generated dependencies of target sensor_driver_gz_node[0m
[0.995s] [35m[1mConsolidate compiler generated dependencies of target sensor_driver_flamingo_node[0m
[1.010s] [ 12%] [32mBuilding CXX object CMakeFiles/sensor_driver_bias_computation_node.dir/src/sensor_driver_bias_computation_node.cpp.o[0m
[1.019s] [ 37%] Built target sensor_driver_gz_node
[1.021s] [ 62%] Built target sensor_driver_flamingo_node
[1.022s] [ 87%] Built target sensor_driver_node
[12.343s] [100%] [32m[1mLinking CXX executable sensor_driver_bias_computation_node[0m
[12.912s] [100%] Built target sensor_driver_bias_computation_node
[12.929s] Invoked command in '/home/renato/ws_sensor_combined/build/sensor_driver_pkg' returned '0': CMAKE_PREFIX_PATH=/home/renato/ws_sensor_combined/install/px4_msgs:/home/renato/ws_sensor_combined/install/sensor_driver_pkg:/home/renato/ws_sensor_combined/install/px4_ros_com:/home/renato/ws_sensor_combined/install/load_cell_publisher_pkg:/home/renato/ws_sensor_combined/install/dual_wrench_publisher_pkg:/home/renato/ws_sensor_combined/install/apply_link_wrench_pkg:/home/renato/bridge_ws/install/test_ros_gz_bridge:/home/renato/bridge_ws/install/ros_ign_interfaces:/home/renato/bridge_ws/install/ros_ign:/home/renato/bridge_ws/install/ros_ign_image:/home/renato/bridge_ws/install/ros_ign_gazebo_demos:/home/renato/bridge_ws/install/ros_ign_gazebo:/home/renato/bridge_ws/install/ros_ign_bridge:/home/renato/bridge_ws/install/ros_gz:/home/renato/bridge_ws/install/ros_gz_sim_demos:/home/renato/bridge_ws/install/ros_gz_sim:/home/renato/bridge_ws/install/ros_gz_image:/home/renato/bridge_ws/install/ros_gz_bridge:/home/renato/bridge_ws/install/ros_gz_interfaces:/opt/ros/humble LD_LIBRARY_PATH=/home/renato/ws_sensor_combined/install/px4_msgs/lib:/home/renato/ws_sensor_combined/install/px4_ros_com/lib:/home/renato/bridge_ws/install/ros_ign_interfaces/lib:/home/renato/bridge_ws/install/ros_gz_sim/lib:/home/renato/bridge_ws/install/ros_gz_bridge/lib:/home/renato/bridge_ws/install/ros_gz_interfaces/lib:/opt/ros/humble/opt/rviz_ogre_vendor/lib:/opt/ros/humble/lib/x86_64-linux-gnu:/opt/ros/humble/lib /usr/bin/cmake --build /home/renato/ws_sensor_combined/build/sensor_driver_pkg -- -j20 -l20
[12.931s] Invoking command in '/home/renato/ws_sensor_combined/build/sensor_driver_pkg': CMAKE_PREFIX_PATH=/home/renato/ws_sensor_combined/install/px4_msgs:/home/renato/ws_sensor_combined/install/sensor_driver_pkg:/home/renato/ws_sensor_combined/install/px4_ros_com:/home/renato/ws_sensor_combined/install/load_cell_publisher_pkg:/home/renato/ws_sensor_combined/install/dual_wrench_publisher_pkg:/home/renato/ws_sensor_combined/install/apply_link_wrench_pkg:/home/renato/bridge_ws/install/test_ros_gz_bridge:/home/renato/bridge_ws/install/ros_ign_interfaces:/home/renato/bridge_ws/install/ros_ign:/home/renato/bridge_ws/install/ros_ign_image:/home/renato/bridge_ws/install/ros_ign_gazebo_demos:/home/renato/bridge_ws/install/ros_ign_gazebo:/home/renato/bridge_ws/install/ros_ign_bridge:/home/renato/bridge_ws/install/ros_gz:/home/renato/bridge_ws/install/ros_gz_sim_demos:/home/renato/bridge_ws/install/ros_gz_sim:/home/renato/bridge_ws/install/ros_gz_image:/home/renato/bridge_ws/install/ros_gz_bridge:/home/renato/bridge_ws/install/ros_gz_interfaces:/opt/ros/humble LD_LIBRARY_PATH=/home/renato/ws_sensor_combined/install/px4_msgs/lib:/home/renato/ws_sensor_combined/install/px4_ros_com/lib:/home/renato/bridge_ws/install/ros_ign_interfaces/lib:/home/renato/bridge_ws/install/ros_gz_sim/lib:/home/renato/bridge_ws/install/ros_gz_bridge/lib:/home/renato/bridge_ws/install/ros_gz_interfaces/lib:/opt/ros/humble/opt/rviz_ogre_vendor/lib:/opt/ros/humble/lib/x86_64-linux-gnu:/opt/ros/humble/lib /usr/bin/cmake --install /home/renato/ws_sensor_combined/build/sensor_driver_pkg
[12.941s] -- Install configuration: ""
[12.942s] -- Execute custom install script
[12.943s] -- Up-to-date symlink: /home/renato/ws_sensor_combined/install/sensor_driver_pkg/lib/sensor_driver_pkg/sensor_driver_node
[12.943s] -- Up-to-date symlink: /home/renato/ws_sensor_combined/install/sensor_driver_pkg/lib/sensor_driver_pkg/sensor_driver_flamingo_node
[12.943s] -- Up-to-date symlink: /home/renato/ws_sensor_combined/install/sensor_driver_pkg/lib/sensor_driver_pkg/sensor_driver_gz_node
[12.943s] -- Symlinking: /home/renato/ws_sensor_combined/install/sensor_driver_pkg/lib/sensor_driver_pkg/sensor_driver_bias_computation_node
[12.957s] -- Up-to-date symlink: /home/renato/ws_sensor_combined/install/sensor_driver_pkg/share/ament_index/resource_index/package_run_dependencies/sensor_driver_pkg
[12.957s] -- Up-to-date symlink: /home/renato/ws_sensor_combined/install/sensor_driver_pkg/share/ament_index/resource_index/parent_prefix_path/sensor_driver_pkg
[12.957s] -- Up-to-date symlink: /home/renato/ws_sensor_combined/install/sensor_driver_pkg/share/sensor_driver_pkg/environment/ament_prefix_path.sh
[12.957s] -- Up-to-date symlink: /home/renato/ws_sensor_combined/install/sensor_driver_pkg/share/sensor_driver_pkg/environment/ament_prefix_path.dsv
[12.957s] -- Up-to-date symlink: /home/renato/ws_sensor_combined/install/sensor_driver_pkg/share/sensor_driver_pkg/environment/path.sh
[12.958s] -- Up-to-date symlink: /home/renato/ws_sensor_combined/install/sensor_driver_pkg/share/sensor_driver_pkg/environment/path.dsv
[12.958s] -- Up-to-date symlink: /home/renato/ws_sensor_combined/install/sensor_driver_pkg/share/sensor_driver_pkg/local_setup.bash
[12.958s] -- Up-to-date symlink: /home/renato/ws_sensor_combined/install/sensor_driver_pkg/share/sensor_driver_pkg/local_setup.sh
[12.958s] -- Up-to-date symlink: /home/renato/ws_sensor_combined/install/sensor_driver_pkg/share/sensor_driver_pkg/local_setup.zsh
[12.958s] -- Up-to-date symlink: /home/renato/ws_sensor_combined/install/sensor_driver_pkg/share/sensor_driver_pkg/local_setup.dsv
[12.958s] -- Symlinking: /home/renato/ws_sensor_combined/install/sensor_driver_pkg/share/sensor_driver_pkg/package.dsv
[12.973s] -- Up-to-date symlink: /home/renato/ws_sensor_combined/install/sensor_driver_pkg/share/ament_index/resource_index/packages/sensor_driver_pkg
[12.974s] -- Up-to-date symlink: /home/renato/ws_sensor_combined/install/sensor_driver_pkg/share/sensor_driver_pkg/cmake/sensor_driver_pkgConfig.cmake
[12.974s] -- Up-to-date symlink: /home/renato/ws_sensor_combined/install/sensor_driver_pkg/share/sensor_driver_pkg/cmake/sensor_driver_pkgConfig-version.cmake
[12.974s] -- Up-to-date symlink: /home/renato/ws_sensor_combined/install/sensor_driver_pkg/share/sensor_driver_pkg/package.xml
[12.977s] Invoked command in '/home/renato/ws_sensor_combined/build/sensor_driver_pkg' returned '0': CMAKE_PREFIX_PATH=/home/renato/ws_sensor_combined/install/px4_msgs:/home/renato/ws_sensor_combined/install/sensor_driver_pkg:/home/renato/ws_sensor_combined/install/px4_ros_com:/home/renato/ws_sensor_combined/install/load_cell_publisher_pkg:/home/renato/ws_sensor_combined/install/dual_wrench_publisher_pkg:/home/renato/ws_sensor_combined/install/apply_link_wrench_pkg:/home/renato/bridge_ws/install/test_ros_gz_bridge:/home/renato/bridge_ws/install/ros_ign_interfaces:/home/renato/bridge_ws/install/ros_ign:/home/renato/bridge_ws/install/ros_ign_image:/home/renato/bridge_ws/install/ros_ign_gazebo_demos:/home/renato/bridge_ws/install/ros_ign_gazebo:/home/renato/bridge_ws/install/ros_ign_bridge:/home/renato/bridge_ws/install/ros_gz:/home/renato/bridge_ws/install/ros_gz_sim_demos:/home/renato/bridge_ws/install/ros_gz_sim:/home/renato/bridge_ws/install/ros_gz_image:/home/renato/bridge_ws/install/ros_gz_bridge:/home/renato/bridge_ws/install/ros_gz_interfaces:/opt/ros/humble LD_LIBRARY_PATH=/home/renato/ws_sensor_combined/install/px4_msgs/lib:/home/renato/ws_sensor_combined/install/px4_ros_com/lib:/home/renato/bridge_ws/install/ros_ign_interfaces/lib:/home/renato/bridge_ws/install/ros_gz_sim/lib:/home/renato/bridge_ws/install/ros_gz_bridge/lib:/home/renato/bridge_ws/install/ros_gz_interfaces/lib:/opt/ros/humble/opt/rviz_ogre_vendor/lib:/opt/ros/humble/lib/x86_64-linux-gnu:/opt/ros/humble/lib /usr/bin/cmake --install /home/renato/ws_sensor_combined/build/sensor_driver_pkg
