[0.028s] Invoking command in '/home/renato/ws_sensor_combined/build/px4_ros_com': CMAKE_PREFIX_PATH=/home/renato/ws_sensor_combined/install/px4_msgs:/home/renato/ws_sensor_combined/install/sensor_driver_pkg:/home/renato/ws_sensor_combined/install/px4_ros_com:/home/renato/ws_sensor_combined/install/load_cell_publisher_pkg:/home/renato/ws_sensor_combined/install/dual_wrench_publisher_pkg:/home/renato/ws_sensor_combined/install/apply_link_wrench_pkg:/home/renato/bridge_ws/install/test_ros_gz_bridge:/home/renato/bridge_ws/install/ros_ign_interfaces:/home/renato/bridge_ws/install/ros_ign:/home/renato/bridge_ws/install/ros_ign_image:/home/renato/bridge_ws/install/ros_ign_gazebo_demos:/home/renato/bridge_ws/install/ros_ign_gazebo:/home/renato/bridge_ws/install/ros_ign_bridge:/home/renato/bridge_ws/install/ros_gz:/home/renato/bridge_ws/install/ros_gz_sim_demos:/home/renato/bridge_ws/install/ros_gz_sim:/home/renato/bridge_ws/install/ros_gz_image:/home/renato/bridge_ws/install/ros_gz_bridge:/home/renato/bridge_ws/install/ros_gz_interfaces:/opt/ros/humble LD_LIBRARY_PATH=/home/renato/ws_sensor_combined/install/px4_msgs/lib:/home/renato/ws_sensor_combined/install/px4_ros_com/lib:/home/renato/bridge_ws/install/ros_ign_interfaces/lib:/home/renato/bridge_ws/install/ros_gz_sim/lib:/home/renato/bridge_ws/install/ros_gz_bridge/lib:/home/renato/bridge_ws/install/ros_gz_interfaces/lib:/opt/ros/humble/opt/rviz_ogre_vendor/lib:/opt/ros/humble/lib/x86_64-linux-gnu:/opt/ros/humble/lib /usr/bin/cmake --build /home/renato/ws_sensor_combined/build/px4_ros_com -- -j20 -l20
[0.113s] [ 16%] Built target debug_vect_advertiser
[0.114s] [ 50%] Built target vehicle_gps_position_listener
[0.114s] [ 50%] Built target offboard_control
[0.114s] [ 66%] Built target offboard_control_srv
[0.115s] [ 83%] Built target frame_transforms
[0.118s] [ 83%] Built target ament_cmake_python_symlink_px4_ros_com
[0.118s] [100%] Built target sensor_combined_listener
[0.614s] running egg_info
[0.633s] writing px4_ros_com.egg-info/PKG-INFO
[0.634s] writing dependency_links to px4_ros_com.egg-info/dependency_links.txt
[0.634s] writing top-level names to px4_ros_com.egg-info/top_level.txt
[0.690s] reading manifest file 'px4_ros_com.egg-info/SOURCES.txt'
[0.690s] writing manifest file 'px4_ros_com.egg-info/SOURCES.txt'
[0.755s] [100%] Built target ament_cmake_python_build_px4_ros_com_egg
[0.773s] Invoked command in '/home/renato/ws_sensor_combined/build/px4_ros_com' returned '0': CMAKE_PREFIX_PATH=/home/renato/ws_sensor_combined/install/px4_msgs:/home/renato/ws_sensor_combined/install/sensor_driver_pkg:/home/renato/ws_sensor_combined/install/px4_ros_com:/home/renato/ws_sensor_combined/install/load_cell_publisher_pkg:/home/renato/ws_sensor_combined/install/dual_wrench_publisher_pkg:/home/renato/ws_sensor_combined/install/apply_link_wrench_pkg:/home/renato/bridge_ws/install/test_ros_gz_bridge:/home/renato/bridge_ws/install/ros_ign_interfaces:/home/renato/bridge_ws/install/ros_ign:/home/renato/bridge_ws/install/ros_ign_image:/home/renato/bridge_ws/install/ros_ign_gazebo_demos:/home/renato/bridge_ws/install/ros_ign_gazebo:/home/renato/bridge_ws/install/ros_ign_bridge:/home/renato/bridge_ws/install/ros_gz:/home/renato/bridge_ws/install/ros_gz_sim_demos:/home/renato/bridge_ws/install/ros_gz_sim:/home/renato/bridge_ws/install/ros_gz_image:/home/renato/bridge_ws/install/ros_gz_bridge:/home/renato/bridge_ws/install/ros_gz_interfaces:/opt/ros/humble LD_LIBRARY_PATH=/home/renato/ws_sensor_combined/install/px4_msgs/lib:/home/renato/ws_sensor_combined/install/px4_ros_com/lib:/home/renato/bridge_ws/install/ros_ign_interfaces/lib:/home/renato/bridge_ws/install/ros_gz_sim/lib:/home/renato/bridge_ws/install/ros_gz_bridge/lib:/home/renato/bridge_ws/install/ros_gz_interfaces/lib:/opt/ros/humble/opt/rviz_ogre_vendor/lib:/opt/ros/humble/lib/x86_64-linux-gnu:/opt/ros/humble/lib /usr/bin/cmake --build /home/renato/ws_sensor_combined/build/px4_ros_com -- -j20 -l20
[0.776s] Invoking command in '/home/renato/ws_sensor_combined/build/px4_ros_com': CMAKE_PREFIX_PATH=/home/renato/ws_sensor_combined/install/px4_msgs:/home/renato/ws_sensor_combined/install/sensor_driver_pkg:/home/renato/ws_sensor_combined/install/px4_ros_com:/home/renato/ws_sensor_combined/install/load_cell_publisher_pkg:/home/renato/ws_sensor_combined/install/dual_wrench_publisher_pkg:/home/renato/ws_sensor_combined/install/apply_link_wrench_pkg:/home/renato/bridge_ws/install/test_ros_gz_bridge:/home/renato/bridge_ws/install/ros_ign_interfaces:/home/renato/bridge_ws/install/ros_ign:/home/renato/bridge_ws/install/ros_ign_image:/home/renato/bridge_ws/install/ros_ign_gazebo_demos:/home/renato/bridge_ws/install/ros_ign_gazebo:/home/renato/bridge_ws/install/ros_ign_bridge:/home/renato/bridge_ws/install/ros_gz:/home/renato/bridge_ws/install/ros_gz_sim_demos:/home/renato/bridge_ws/install/ros_gz_sim:/home/renato/bridge_ws/install/ros_gz_image:/home/renato/bridge_ws/install/ros_gz_bridge:/home/renato/bridge_ws/install/ros_gz_interfaces:/opt/ros/humble LD_LIBRARY_PATH=/home/renato/ws_sensor_combined/install/px4_msgs/lib:/home/renato/ws_sensor_combined/install/px4_ros_com/lib:/home/renato/bridge_ws/install/ros_ign_interfaces/lib:/home/renato/bridge_ws/install/ros_gz_sim/lib:/home/renato/bridge_ws/install/ros_gz_bridge/lib:/home/renato/bridge_ws/install/ros_gz_interfaces/lib:/opt/ros/humble/opt/rviz_ogre_vendor/lib:/opt/ros/humble/lib/x86_64-linux-gnu:/opt/ros/humble/lib /usr/bin/cmake --install /home/renato/ws_sensor_combined/build/px4_ros_com
[0.790s] -- Install configuration: ""
[0.791s] -- Execute custom install script
[0.791s] -- Up-to-date symlink: /home/renato/ws_sensor_combined/install/px4_ros_com/lib/px4_ros_com/sensor_combined_listener
[0.791s] -- Up-to-date symlink: /home/renato/ws_sensor_combined/install/px4_ros_com/lib/px4_ros_com/vehicle_gps_position_listener
[0.792s] -- Up-to-date symlink: /home/renato/ws_sensor_combined/install/px4_ros_com/lib/px4_ros_com/debug_vect_advertiser
[0.792s] -- Up-to-date symlink: /home/renato/ws_sensor_combined/install/px4_ros_com/lib/px4_ros_com/offboard_control
[0.792s] -- Up-to-date symlink: /home/renato/ws_sensor_combined/install/px4_ros_com/lib/px4_ros_com/offboard_control_srv
[0.792s] -- Up-to-date symlink: /home/renato/ws_sensor_combined/install/px4_ros_com/share/px4_ros_com/environment/library_path.sh
[0.793s] -- Up-to-date symlink: /home/renato/ws_sensor_combined/install/px4_ros_com/share/px4_ros_com/environment/library_path.dsv
[0.793s] -- Up-to-date symlink: /home/renato/ws_sensor_combined/install/px4_ros_com/include/px4_ros_com/frame_transforms.h
[0.793s] -- Up-to-date symlink: /home/renato/ws_sensor_combined/install/px4_ros_com/share/px4_ros_com//launch/offboard_control_launch.yaml
[0.793s] -- Up-to-date symlink: /home/renato/ws_sensor_combined/install/px4_ros_com/share/px4_ros_com//launch/sensor_combined_listener.launch.py
[0.794s] -- Up-to-date symlink: /home/renato/ws_sensor_combined/install/px4_ros_com/share/px4_ros_com//test/__init__.py
[0.794s] -- Up-to-date symlink: /home/renato/ws_sensor_combined/install/px4_ros_com/share/px4_ros_com//test/pipeline_io_test.py
[0.794s] -- Up-to-date symlink: /home/renato/ws_sensor_combined/install/px4_ros_com/share/px4_ros_com//test/test_input.py
[0.794s] -- Up-to-date symlink: /home/renato/ws_sensor_combined/install/px4_ros_com/share/px4_ros_com//test/test_output.py
[0.794s] -- Up-to-date symlink: /home/renato/ws_sensor_combined/install/px4_ros_com/share/px4_ros_com/environment/pythonpath.sh
[0.794s] -- Up-to-date symlink: /home/renato/ws_sensor_combined/install/px4_ros_com/share/px4_ros_com/environment/pythonpath.dsv
[0.795s] -- Up-to-date symlink: /home/renato/ws_sensor_combined/install/px4_ros_com/local/lib/python3.10/dist-packages/px4_ros_com-0.1.0-py3.10.egg-info/PKG-INFO
[0.795s] -- Up-to-date symlink: /home/renato/ws_sensor_combined/install/px4_ros_com/local/lib/python3.10/dist-packages/px4_ros_com-0.1.0-py3.10.egg-info/SOURCES.txt
[0.795s] -- Up-to-date symlink: /home/renato/ws_sensor_combined/install/px4_ros_com/local/lib/python3.10/dist-packages/px4_ros_com-0.1.0-py3.10.egg-info/dependency_links.txt
[0.795s] -- Up-to-date symlink: /home/renato/ws_sensor_combined/install/px4_ros_com/local/lib/python3.10/dist-packages/px4_ros_com-0.1.0-py3.10.egg-info/top_level.txt
[0.796s] -- Up-to-date symlink: /home/renato/ws_sensor_combined/install/px4_ros_com/local/lib/python3.10/dist-packages/px4_ros_com/__init__.py
[0.796s] -- Up-to-date symlink: /home/renato/ws_sensor_combined/install/px4_ros_com/local/lib/python3.10/dist-packages/px4_ros_com/module_to_import.py
[0.796s] -- Up-to-date symlink: /home/renato/ws_sensor_combined/install/px4_ros_com/lib/px4_ros_com/offboard_control.py
[0.796s] -- Up-to-date symlink: /home/renato/ws_sensor_combined/install/px4_ros_com/share/ament_index/resource_index/package_run_dependencies/px4_ros_com
[0.796s] -- Up-to-date symlink: /home/renato/ws_sensor_combined/install/px4_ros_com/share/ament_index/resource_index/parent_prefix_path/px4_ros_com
[0.797s] -- Up-to-date symlink: /home/renato/ws_sensor_combined/install/px4_ros_com/share/px4_ros_com/environment/ament_prefix_path.sh
[0.797s] -- Up-to-date symlink: /home/renato/ws_sensor_combined/install/px4_ros_com/share/px4_ros_com/environment/ament_prefix_path.dsv
[0.797s] -- Up-to-date symlink: /home/renato/ws_sensor_combined/install/px4_ros_com/share/px4_ros_com/environment/path.sh
[0.797s] -- Up-to-date symlink: /home/renato/ws_sensor_combined/install/px4_ros_com/share/px4_ros_com/environment/path.dsv
[0.797s] -- Up-to-date symlink: /home/renato/ws_sensor_combined/install/px4_ros_com/share/px4_ros_com/local_setup.bash
[0.798s] -- Up-to-date symlink: /home/renato/ws_sensor_combined/install/px4_ros_com/share/px4_ros_com/local_setup.sh
[0.798s] -- Up-to-date symlink: /home/renato/ws_sensor_combined/install/px4_ros_com/share/px4_ros_com/local_setup.zsh
[0.798s] -- Up-to-date symlink: /home/renato/ws_sensor_combined/install/px4_ros_com/share/px4_ros_com/local_setup.dsv
[0.798s] -- Symlinking: /home/renato/ws_sensor_combined/install/px4_ros_com/share/px4_ros_com/package.dsv
[0.812s] -- Up-to-date symlink: /home/renato/ws_sensor_combined/install/px4_ros_com/share/ament_index/resource_index/packages/px4_ros_com
[0.812s] -- Up-to-date symlink: /home/renato/ws_sensor_combined/install/px4_ros_com/share/px4_ros_com/cmake/ament_cmake_export_dependencies-extras.cmake
[0.813s] -- Up-to-date symlink: /home/renato/ws_sensor_combined/install/px4_ros_com/share/px4_ros_com/cmake/ament_cmake_export_targets-extras.cmake
[0.813s] -- Up-to-date symlink: /home/renato/ws_sensor_combined/install/px4_ros_com/share/px4_ros_com/cmake/ament_cmake_export_include_directories-extras.cmake
[0.813s] -- Up-to-date symlink: /home/renato/ws_sensor_combined/install/px4_ros_com/share/px4_ros_com/cmake/ament_cmake_export_libraries-extras.cmake
[0.813s] -- Up-to-date symlink: /home/renato/ws_sensor_combined/install/px4_ros_com/share/px4_ros_com/cmake/px4_ros_comConfig.cmake
[0.813s] -- Up-to-date symlink: /home/renato/ws_sensor_combined/install/px4_ros_com/share/px4_ros_com/cmake/px4_ros_comConfig-version.cmake
[0.813s] -- Up-to-date symlink: /home/renato/ws_sensor_combined/install/px4_ros_com/share/px4_ros_com/package.xml
[0.813s] -- Up-to-date: /home/renato/ws_sensor_combined/install/px4_ros_com/lib/libframe_transforms.so
[0.868s] Listing '/home/renato/ws_sensor_combined/install/px4_ros_com/local/lib/python3.10/dist-packages/px4_ros_com'...
[0.875s] -- Up-to-date: /home/renato/ws_sensor_combined/install/px4_ros_com/share/px4_ros_com/cmake/export_frame_transformsExport.cmake
[0.875s] -- Up-to-date: /home/renato/ws_sensor_combined/install/px4_ros_com/share/px4_ros_com/cmake/export_frame_transformsExport-noconfig.cmake
[0.879s] Invoked command in '/home/renato/ws_sensor_combined/build/px4_ros_com' returned '0': CMAKE_PREFIX_PATH=/home/renato/ws_sensor_combined/install/px4_msgs:/home/renato/ws_sensor_combined/install/sensor_driver_pkg:/home/renato/ws_sensor_combined/install/px4_ros_com:/home/renato/ws_sensor_combined/install/load_cell_publisher_pkg:/home/renato/ws_sensor_combined/install/dual_wrench_publisher_pkg:/home/renato/ws_sensor_combined/install/apply_link_wrench_pkg:/home/renato/bridge_ws/install/test_ros_gz_bridge:/home/renato/bridge_ws/install/ros_ign_interfaces:/home/renato/bridge_ws/install/ros_ign:/home/renato/bridge_ws/install/ros_ign_image:/home/renato/bridge_ws/install/ros_ign_gazebo_demos:/home/renato/bridge_ws/install/ros_ign_gazebo:/home/renato/bridge_ws/install/ros_ign_bridge:/home/renato/bridge_ws/install/ros_gz:/home/renato/bridge_ws/install/ros_gz_sim_demos:/home/renato/bridge_ws/install/ros_gz_sim:/home/renato/bridge_ws/install/ros_gz_image:/home/renato/bridge_ws/install/ros_gz_bridge:/home/renato/bridge_ws/install/ros_gz_interfaces:/opt/ros/humble LD_LIBRARY_PATH=/home/renato/ws_sensor_combined/install/px4_msgs/lib:/home/renato/ws_sensor_combined/install/px4_ros_com/lib:/home/renato/bridge_ws/install/ros_ign_interfaces/lib:/home/renato/bridge_ws/install/ros_gz_sim/lib:/home/renato/bridge_ws/install/ros_gz_bridge/lib:/home/renato/bridge_ws/install/ros_gz_interfaces/lib:/opt/ros/humble/opt/rviz_ogre_vendor/lib:/opt/ros/humble/lib/x86_64-linux-gnu:/opt/ros/humble/lib /usr/bin/cmake --install /home/renato/ws_sensor_combined/build/px4_ros_com
