[0.045s] Invoking command in '/home/renato/ws_sensor_combined/build/csv_maker_pkg': CMAKE_PREFIX_PATH=/home/renato/ws_sensor_combined/install/px4_msgs:/home/renato/ws_sensor_combined/install/csv_maker_pkg:/home/renato/ws_sensor_combined/install/ros2bag_pkg:/home/renato/ws_sensor_combined/install/trajectory_planner:/home/renato/ws_sensor_combined/install/sensor_driver_pkg:/home/renato/ws_sensor_combined/install/px4_ros_com:/home/renato/ws_sensor_combined/install/load_cell_publisher_pkg:/home/renato/ws_sensor_combined/install/dual_wrench_publisher_pkg:/home/renato/ws_sensor_combined/install/debugger_position_z_pkg:/home/renato/ws_sensor_combined/install/apply_link_wrench_pkg:/home/renato/ws_sensor_combined/install/ground_truth_publisher_pkg:/home/renato/ws_sensor_combined/install/end_effector_pkg:/home/renato/bridge_ws/install/test_ros_gz_bridge:/home/renato/bridge_ws/install/ros_ign_interfaces:/home/renato/bridge_ws/install/ros_ign:/home/renato/bridge_ws/install/ros_ign_image:/home/renato/bridge_ws/install/ros_ign_gazebo_demos:/home/renato/bridge_ws/install/ros_ign_gazebo:/home/renato/bridge_ws/install/ros_ign_bridge:/home/renato/bridge_ws/install/ros_gz:/home/renato/bridge_ws/install/ros_gz_sim_demos:/home/renato/bridge_ws/install/ros_gz_sim:/home/renato/bridge_ws/install/ros_gz_image:/home/renato/bridge_ws/install/ros_gz_bridge:/home/renato/bridge_ws/install/ros_gz_interfaces:/opt/ros/humble LD_LIBRARY_PATH=/home/renato/ws_sensor_combined/install/px4_msgs/lib:/home/renato/ws_sensor_combined/install/trajectory_planner/lib:/home/renato/ws_sensor_combined/install/px4_ros_com/lib:/home/renato/bridge_ws/install/ros_ign_interfaces/lib:/home/renato/bridge_ws/install/ros_gz_sim/lib:/home/renato/bridge_ws/install/ros_gz_bridge/lib:/home/renato/bridge_ws/install/ros_gz_interfaces/lib:/opt/ros/humble/opt/rviz_ogre_vendor/lib:/opt/ros/humble/lib/x86_64-linux-gnu:/opt/ros/humble/lib /usr/bin/cmake /home/renato/ws_sensor_combined/src/csv_maker_pkg -DCMAKE_INSTALL_PREFIX=/home/renato/ws_sensor_combined/install/csv_maker_pkg
[0.130s] -- The C compiler identification is GNU 11.4.0
[0.220s] -- The CXX compiler identification is GNU 11.4.0
[0.232s] -- Detecting C compiler ABI info
[0.350s] -- Detecting C compiler ABI info - done
[0.362s] -- Check for working C compiler: /usr/bin/cc - skipped
[0.362s] -- Detecting C compile features
[0.363s] -- Detecting C compile features - done
[0.368s] -- Detecting CXX compiler ABI info
[0.502s] -- Detecting CXX compiler ABI info - done
[0.516s] -- Check for working CXX compiler: /usr/bin/c++ - skipped
[0.517s] -- Detecting CXX compile features
[0.518s] -- Detecting CXX compile features - done
[0.522s] -- Found ament_cmake: 1.3.11 (/opt/ros/humble/share/ament_cmake/cmake)
[1.690s] -- Found Python3: /usr/bin/python3 (found version "3.10.12") found components: Interpreter 
[1.864s] -- Found rclcpp: 16.0.11 (/opt/ros/humble/share/rclcpp/cmake)
[1.977s] -- Found rosidl_generator_c: 3.1.6 (/opt/ros/humble/share/rosidl_generator_c/cmake)
[1.992s] -- Found rosidl_adapter: 3.1.6 (/opt/ros/humble/share/rosidl_adapter/cmake)
[2.014s] -- Found rosidl_generator_cpp: 3.1.6 (/opt/ros/humble/share/rosidl_generator_cpp/cmake)
[2.047s] -- Using all available rosidl_typesupport_c: rosidl_typesupport_fastrtps_c;rosidl_typesupport_introspection_c
[2.086s] -- Using all available rosidl_typesupport_cpp: rosidl_typesupport_fastrtps_cpp;rosidl_typesupport_introspection_cpp
[2.188s] -- Found rmw_implementation_cmake: 6.1.2 (/opt/ros/humble/share/rmw_implementation_cmake/cmake)
[2.195s] -- Found rmw_fastrtps_cpp: 6.2.7 (/opt/ros/humble/share/rmw_fastrtps_cpp/cmake)
[2.352s] -- Found OpenSSL: /usr/lib/x86_64-linux-gnu/libcrypto.so (found version "3.0.2")  
[2.412s] -- Found FastRTPS: /opt/ros/humble/include  
[2.503s] -- Using RMW implementation 'rmw_fastrtps_cpp' as default
[2.520s] -- Looking for pthread.h
[2.639s] -- Looking for pthread.h - found
[2.640s] -- Performing Test CMAKE_HAVE_LIBC_PTHREAD
[2.769s] -- Performing Test CMAKE_HAVE_LIBC_PTHREAD - Success
[2.771s] -- Found Threads: TRUE  
[2.890s] -- Found px4_msgs: 2.0.1 (/home/renato/ws_sensor_combined/install/px4_msgs/share/px4_msgs/cmake)
[2.923s] -- Found ament_lint_auto: 0.12.11 (/opt/ros/humble/share/ament_lint_auto/cmake)
[3.112s] -- Added test 'cppcheck' to perform static code analysis on C / C++ code
[3.112s] -- Configured cppcheck include dirs: 
[3.112s] -- Configured cppcheck exclude dirs and/or files: 
[3.114s] -- Added test 'lint_cmake' to check CMake code style
[3.116s] -- Added test 'uncrustify' to check C / C++ code style
[3.116s] -- Configured uncrustify additional arguments: 
[3.118s] -- Added test 'xmllint' to check XML markup files
[3.121s] -- Configuring done
[3.137s] -- Generating done
[3.144s] -- Build files have been written to: /home/renato/ws_sensor_combined/build/csv_maker_pkg
[3.166s] Invoked command in '/home/renato/ws_sensor_combined/build/csv_maker_pkg' returned '0': CMAKE_PREFIX_PATH=/home/renato/ws_sensor_combined/install/px4_msgs:/home/renato/ws_sensor_combined/install/csv_maker_pkg:/home/renato/ws_sensor_combined/install/ros2bag_pkg:/home/renato/ws_sensor_combined/install/trajectory_planner:/home/renato/ws_sensor_combined/install/sensor_driver_pkg:/home/renato/ws_sensor_combined/install/px4_ros_com:/home/renato/ws_sensor_combined/install/load_cell_publisher_pkg:/home/renato/ws_sensor_combined/install/dual_wrench_publisher_pkg:/home/renato/ws_sensor_combined/install/debugger_position_z_pkg:/home/renato/ws_sensor_combined/install/apply_link_wrench_pkg:/home/renato/ws_sensor_combined/install/ground_truth_publisher_pkg:/home/renato/ws_sensor_combined/install/end_effector_pkg:/home/renato/bridge_ws/install/test_ros_gz_bridge:/home/renato/bridge_ws/install/ros_ign_interfaces:/home/renato/bridge_ws/install/ros_ign:/home/renato/bridge_ws/install/ros_ign_image:/home/renato/bridge_ws/install/ros_ign_gazebo_demos:/home/renato/bridge_ws/install/ros_ign_gazebo:/home/renato/bridge_ws/install/ros_ign_bridge:/home/renato/bridge_ws/install/ros_gz:/home/renato/bridge_ws/install/ros_gz_sim_demos:/home/renato/bridge_ws/install/ros_gz_sim:/home/renato/bridge_ws/install/ros_gz_image:/home/renato/bridge_ws/install/ros_gz_bridge:/home/renato/bridge_ws/install/ros_gz_interfaces:/opt/ros/humble LD_LIBRARY_PATH=/home/renato/ws_sensor_combined/install/px4_msgs/lib:/home/renato/ws_sensor_combined/install/trajectory_planner/lib:/home/renato/ws_sensor_combined/install/px4_ros_com/lib:/home/renato/bridge_ws/install/ros_ign_interfaces/lib:/home/renato/bridge_ws/install/ros_gz_sim/lib:/home/renato/bridge_ws/install/ros_gz_bridge/lib:/home/renato/bridge_ws/install/ros_gz_interfaces/lib:/opt/ros/humble/opt/rviz_ogre_vendor/lib:/opt/ros/humble/lib/x86_64-linux-gnu:/opt/ros/humble/lib /usr/bin/cmake /home/renato/ws_sensor_combined/src/csv_maker_pkg -DCMAKE_INSTALL_PREFIX=/home/renato/ws_sensor_combined/install/csv_maker_pkg
[3.169s] Invoking command in '/home/renato/ws_sensor_combined/build/csv_maker_pkg': CMAKE_PREFIX_PATH=/home/renato/ws_sensor_combined/install/px4_msgs:/home/renato/ws_sensor_combined/install/csv_maker_pkg:/home/renato/ws_sensor_combined/install/ros2bag_pkg:/home/renato/ws_sensor_combined/install/trajectory_planner:/home/renato/ws_sensor_combined/install/sensor_driver_pkg:/home/renato/ws_sensor_combined/install/px4_ros_com:/home/renato/ws_sensor_combined/install/load_cell_publisher_pkg:/home/renato/ws_sensor_combined/install/dual_wrench_publisher_pkg:/home/renato/ws_sensor_combined/install/debugger_position_z_pkg:/home/renato/ws_sensor_combined/install/apply_link_wrench_pkg:/home/renato/ws_sensor_combined/install/ground_truth_publisher_pkg:/home/renato/ws_sensor_combined/install/end_effector_pkg:/home/renato/bridge_ws/install/test_ros_gz_bridge:/home/renato/bridge_ws/install/ros_ign_interfaces:/home/renato/bridge_ws/install/ros_ign:/home/renato/bridge_ws/install/ros_ign_image:/home/renato/bridge_ws/install/ros_ign_gazebo_demos:/home/renato/bridge_ws/install/ros_ign_gazebo:/home/renato/bridge_ws/install/ros_ign_bridge:/home/renato/bridge_ws/install/ros_gz:/home/renato/bridge_ws/install/ros_gz_sim_demos:/home/renato/bridge_ws/install/ros_gz_sim:/home/renato/bridge_ws/install/ros_gz_image:/home/renato/bridge_ws/install/ros_gz_bridge:/home/renato/bridge_ws/install/ros_gz_interfaces:/opt/ros/humble LD_LIBRARY_PATH=/home/renato/ws_sensor_combined/install/px4_msgs/lib:/home/renato/ws_sensor_combined/install/trajectory_planner/lib:/home/renato/ws_sensor_combined/install/px4_ros_com/lib:/home/renato/bridge_ws/install/ros_ign_interfaces/lib:/home/renato/bridge_ws/install/ros_gz_sim/lib:/home/renato/bridge_ws/install/ros_gz_bridge/lib:/home/renato/bridge_ws/install/ros_gz_interfaces/lib:/opt/ros/humble/opt/rviz_ogre_vendor/lib:/opt/ros/humble/lib/x86_64-linux-gnu:/opt/ros/humble/lib /usr/bin/cmake --build /home/renato/ws_sensor_combined/build/csv_maker_pkg -- -j20 -l20
[3.247s] [ 50%] [32mBuilding CXX object CMakeFiles/csv_maker_node.dir/src/csv_maker_node.cpp.o[0m
[24.692s] [100%] [32m[1mLinking CXX executable csv_maker_node[0m
[25.526s] [100%] Built target csv_maker_node
[25.550s] Invoked command in '/home/renato/ws_sensor_combined/build/csv_maker_pkg' returned '0': CMAKE_PREFIX_PATH=/home/renato/ws_sensor_combined/install/px4_msgs:/home/renato/ws_sensor_combined/install/csv_maker_pkg:/home/renato/ws_sensor_combined/install/ros2bag_pkg:/home/renato/ws_sensor_combined/install/trajectory_planner:/home/renato/ws_sensor_combined/install/sensor_driver_pkg:/home/renato/ws_sensor_combined/install/px4_ros_com:/home/renato/ws_sensor_combined/install/load_cell_publisher_pkg:/home/renato/ws_sensor_combined/install/dual_wrench_publisher_pkg:/home/renato/ws_sensor_combined/install/debugger_position_z_pkg:/home/renato/ws_sensor_combined/install/apply_link_wrench_pkg:/home/renato/ws_sensor_combined/install/ground_truth_publisher_pkg:/home/renato/ws_sensor_combined/install/end_effector_pkg:/home/renato/bridge_ws/install/test_ros_gz_bridge:/home/renato/bridge_ws/install/ros_ign_interfaces:/home/renato/bridge_ws/install/ros_ign:/home/renato/bridge_ws/install/ros_ign_image:/home/renato/bridge_ws/install/ros_ign_gazebo_demos:/home/renato/bridge_ws/install/ros_ign_gazebo:/home/renato/bridge_ws/install/ros_ign_bridge:/home/renato/bridge_ws/install/ros_gz:/home/renato/bridge_ws/install/ros_gz_sim_demos:/home/renato/bridge_ws/install/ros_gz_sim:/home/renato/bridge_ws/install/ros_gz_image:/home/renato/bridge_ws/install/ros_gz_bridge:/home/renato/bridge_ws/install/ros_gz_interfaces:/opt/ros/humble LD_LIBRARY_PATH=/home/renato/ws_sensor_combined/install/px4_msgs/lib:/home/renato/ws_sensor_combined/install/trajectory_planner/lib:/home/renato/ws_sensor_combined/install/px4_ros_com/lib:/home/renato/bridge_ws/install/ros_ign_interfaces/lib:/home/renato/bridge_ws/install/ros_gz_sim/lib:/home/renato/bridge_ws/install/ros_gz_bridge/lib:/home/renato/bridge_ws/install/ros_gz_interfaces/lib:/opt/ros/humble/opt/rviz_ogre_vendor/lib:/opt/ros/humble/lib/x86_64-linux-gnu:/opt/ros/humble/lib /usr/bin/cmake --build /home/renato/ws_sensor_combined/build/csv_maker_pkg -- -j20 -l20
[25.555s] Invoking command in '/home/renato/ws_sensor_combined/build/csv_maker_pkg': CMAKE_PREFIX_PATH=/home/renato/ws_sensor_combined/install/px4_msgs:/home/renato/ws_sensor_combined/install/csv_maker_pkg:/home/renato/ws_sensor_combined/install/ros2bag_pkg:/home/renato/ws_sensor_combined/install/trajectory_planner:/home/renato/ws_sensor_combined/install/sensor_driver_pkg:/home/renato/ws_sensor_combined/install/px4_ros_com:/home/renato/ws_sensor_combined/install/load_cell_publisher_pkg:/home/renato/ws_sensor_combined/install/dual_wrench_publisher_pkg:/home/renato/ws_sensor_combined/install/debugger_position_z_pkg:/home/renato/ws_sensor_combined/install/apply_link_wrench_pkg:/home/renato/ws_sensor_combined/install/ground_truth_publisher_pkg:/home/renato/ws_sensor_combined/install/end_effector_pkg:/home/renato/bridge_ws/install/test_ros_gz_bridge:/home/renato/bridge_ws/install/ros_ign_interfaces:/home/renato/bridge_ws/install/ros_ign:/home/renato/bridge_ws/install/ros_ign_image:/home/renato/bridge_ws/install/ros_ign_gazebo_demos:/home/renato/bridge_ws/install/ros_ign_gazebo:/home/renato/bridge_ws/install/ros_ign_bridge:/home/renato/bridge_ws/install/ros_gz:/home/renato/bridge_ws/install/ros_gz_sim_demos:/home/renato/bridge_ws/install/ros_gz_sim:/home/renato/bridge_ws/install/ros_gz_image:/home/renato/bridge_ws/install/ros_gz_bridge:/home/renato/bridge_ws/install/ros_gz_interfaces:/opt/ros/humble LD_LIBRARY_PATH=/home/renato/ws_sensor_combined/install/px4_msgs/lib:/home/renato/ws_sensor_combined/install/trajectory_planner/lib:/home/renato/ws_sensor_combined/install/px4_ros_com/lib:/home/renato/bridge_ws/install/ros_ign_interfaces/lib:/home/renato/bridge_ws/install/ros_gz_sim/lib:/home/renato/bridge_ws/install/ros_gz_bridge/lib:/home/renato/bridge_ws/install/ros_gz_interfaces/lib:/opt/ros/humble/opt/rviz_ogre_vendor/lib:/opt/ros/humble/lib/x86_64-linux-gnu:/opt/ros/humble/lib /usr/bin/cmake --install /home/renato/ws_sensor_combined/build/csv_maker_pkg
[25.570s] -- Install configuration: ""
[25.570s] -- Installing: /home/renato/ws_sensor_combined/install/csv_maker_pkg/share/ament_index/resource_index/package_run_dependencies/csv_maker_pkg
[25.571s] -- Installing: /home/renato/ws_sensor_combined/install/csv_maker_pkg/share/ament_index/resource_index/parent_prefix_path/csv_maker_pkg
[25.571s] -- Installing: /home/renato/ws_sensor_combined/install/csv_maker_pkg/share/csv_maker_pkg/environment/ament_prefix_path.sh
[25.571s] -- Installing: /home/renato/ws_sensor_combined/install/csv_maker_pkg/share/csv_maker_pkg/environment/ament_prefix_path.dsv
[25.572s] -- Installing: /home/renato/ws_sensor_combined/install/csv_maker_pkg/share/csv_maker_pkg/environment/path.sh
[25.572s] -- Installing: /home/renato/ws_sensor_combined/install/csv_maker_pkg/share/csv_maker_pkg/environment/path.dsv
[25.572s] -- Installing: /home/renato/ws_sensor_combined/install/csv_maker_pkg/share/csv_maker_pkg/local_setup.bash
[25.572s] -- Installing: /home/renato/ws_sensor_combined/install/csv_maker_pkg/share/csv_maker_pkg/local_setup.sh
[25.573s] -- Installing: /home/renato/ws_sensor_combined/install/csv_maker_pkg/share/csv_maker_pkg/local_setup.zsh
[25.573s] -- Installing: /home/renato/ws_sensor_combined/install/csv_maker_pkg/share/csv_maker_pkg/local_setup.dsv
[25.573s] -- Installing: /home/renato/ws_sensor_combined/install/csv_maker_pkg/share/csv_maker_pkg/package.dsv
[25.573s] -- Installing: /home/renato/ws_sensor_combined/install/csv_maker_pkg/share/ament_index/resource_index/packages/csv_maker_pkg
[25.574s] -- Installing: /home/renato/ws_sensor_combined/install/csv_maker_pkg/share/csv_maker_pkg/cmake/csv_maker_pkgConfig.cmake
[25.574s] -- Installing: /home/renato/ws_sensor_combined/install/csv_maker_pkg/share/csv_maker_pkg/cmake/csv_maker_pkgConfig-version.cmake
[25.574s] -- Installing: /home/renato/ws_sensor_combined/install/csv_maker_pkg/share/csv_maker_pkg/package.xml
[25.580s] Invoked command in '/home/renato/ws_sensor_combined/build/csv_maker_pkg' returned '0': CMAKE_PREFIX_PATH=/home/renato/ws_sensor_combined/install/px4_msgs:/home/renato/ws_sensor_combined/install/csv_maker_pkg:/home/renato/ws_sensor_combined/install/ros2bag_pkg:/home/renato/ws_sensor_combined/install/trajectory_planner:/home/renato/ws_sensor_combined/install/sensor_driver_pkg:/home/renato/ws_sensor_combined/install/px4_ros_com:/home/renato/ws_sensor_combined/install/load_cell_publisher_pkg:/home/renato/ws_sensor_combined/install/dual_wrench_publisher_pkg:/home/renato/ws_sensor_combined/install/debugger_position_z_pkg:/home/renato/ws_sensor_combined/install/apply_link_wrench_pkg:/home/renato/ws_sensor_combined/install/ground_truth_publisher_pkg:/home/renato/ws_sensor_combined/install/end_effector_pkg:/home/renato/bridge_ws/install/test_ros_gz_bridge:/home/renato/bridge_ws/install/ros_ign_interfaces:/home/renato/bridge_ws/install/ros_ign:/home/renato/bridge_ws/install/ros_ign_image:/home/renato/bridge_ws/install/ros_ign_gazebo_demos:/home/renato/bridge_ws/install/ros_ign_gazebo:/home/renato/bridge_ws/install/ros_ign_bridge:/home/renato/bridge_ws/install/ros_gz:/home/renato/bridge_ws/install/ros_gz_sim_demos:/home/renato/bridge_ws/install/ros_gz_sim:/home/renato/bridge_ws/install/ros_gz_image:/home/renato/bridge_ws/install/ros_gz_bridge:/home/renato/bridge_ws/install/ros_gz_interfaces:/opt/ros/humble LD_LIBRARY_PATH=/home/renato/ws_sensor_combined/install/px4_msgs/lib:/home/renato/ws_sensor_combined/install/trajectory_planner/lib:/home/renato/ws_sensor_combined/install/px4_ros_com/lib:/home/renato/bridge_ws/install/ros_ign_interfaces/lib:/home/renato/bridge_ws/install/ros_gz_sim/lib:/home/renato/bridge_ws/install/ros_gz_bridge/lib:/home/renato/bridge_ws/install/ros_gz_interfaces/lib:/opt/ros/humble/opt/rviz_ogre_vendor/lib:/opt/ros/humble/lib/x86_64-linux-gnu:/opt/ros/humble/lib /usr/bin/cmake --install /home/renato/ws_sensor_combined/build/csv_maker_pkg
