[0.027s] Invoking command in '/home/renato/ws_sensor_combined/build/ground_truth_publisher_pkg': CMAKE_PREFIX_PATH=${CMAKE_PREFIX_PATH}:/opt/ros/humble /usr/bin/cmake --build /home/renato/ws_sensor_combined/build/ground_truth_publisher_pkg -- -j20 -l20
[0.098s] [35m[1mConsolidate compiler generated dependencies of target ground_truth_publisher_node[0m
[0.124s] [100%] Built target ground_truth_publisher_node
[0.141s] Invoked command in '/home/renato/ws_sensor_combined/build/ground_truth_publisher_pkg' returned '0': CMAKE_PREFIX_PATH=${CMAKE_PREFIX_PATH}:/opt/ros/humble /usr/bin/cmake --build /home/renato/ws_sensor_combined/build/ground_truth_publisher_pkg -- -j20 -l20
[0.156s] Invoking command in '/home/renato/ws_sensor_combined/build/ground_truth_publisher_pkg': CMAKE_PREFIX_PATH=${CMAKE_PREFIX_PATH}:/opt/ros/humble /usr/bin/cmake --install /home/renato/ws_sensor_combined/build/ground_truth_publisher_pkg
[0.168s] -- Install configuration: ""
[0.169s] -- Up-to-date: /home/renato/ws_sensor_combined/install/ground_truth_publisher_pkg/lib/ground_truth_publisher_pkg/ground_truth_publisher_node
[0.170s] -- Up-to-date: /home/renato/ws_sensor_combined/install/ground_truth_publisher_pkg/share/ament_index/resource_index/package_run_dependencies/ground_truth_publisher_pkg
[0.170s] -- Up-to-date: /home/renato/ws_sensor_combined/install/ground_truth_publisher_pkg/share/ament_index/resource_index/parent_prefix_path/ground_truth_publisher_pkg
[0.170s] -- Up-to-date: /home/renato/ws_sensor_combined/install/ground_truth_publisher_pkg/share/ground_truth_publisher_pkg/environment/ament_prefix_path.sh
[0.170s] -- Up-to-date: /home/renato/ws_sensor_combined/install/ground_truth_publisher_pkg/share/ground_truth_publisher_pkg/environment/ament_prefix_path.dsv
[0.170s] -- Up-to-date: /home/renato/ws_sensor_combined/install/ground_truth_publisher_pkg/share/ground_truth_publisher_pkg/environment/path.sh
[0.170s] -- Up-to-date: /home/renato/ws_sensor_combined/install/ground_truth_publisher_pkg/share/ground_truth_publisher_pkg/environment/path.dsv
[0.170s] -- Up-to-date: /home/renato/ws_sensor_combined/install/ground_truth_publisher_pkg/share/ground_truth_publisher_pkg/local_setup.bash
[0.170s] -- Up-to-date: /home/renato/ws_sensor_combined/install/ground_truth_publisher_pkg/share/ground_truth_publisher_pkg/local_setup.sh
[0.170s] -- Up-to-date: /home/renato/ws_sensor_combined/install/ground_truth_publisher_pkg/share/ground_truth_publisher_pkg/local_setup.zsh
[0.171s] -- Up-to-date: /home/renato/ws_sensor_combined/install/ground_truth_publisher_pkg/share/ground_truth_publisher_pkg/local_setup.dsv
[0.171s] -- Installing: /home/renato/ws_sensor_combined/install/ground_truth_publisher_pkg/share/ground_truth_publisher_pkg/package.dsv
[0.171s] -- Up-to-date: /home/renato/ws_sensor_combined/install/ground_truth_publisher_pkg/share/ament_index/resource_index/packages/ground_truth_publisher_pkg
[0.171s] -- Up-to-date: /home/renato/ws_sensor_combined/install/ground_truth_publisher_pkg/share/ground_truth_publisher_pkg/cmake/ground_truth_publisher_pkgConfig.cmake
[0.171s] -- Up-to-date: /home/renato/ws_sensor_combined/install/ground_truth_publisher_pkg/share/ground_truth_publisher_pkg/cmake/ground_truth_publisher_pkgConfig-version.cmake
[0.171s] -- Up-to-date: /home/renato/ws_sensor_combined/install/ground_truth_publisher_pkg/share/ground_truth_publisher_pkg/package.xml
[0.174s] Invoked command in '/home/renato/ws_sensor_combined/build/ground_truth_publisher_pkg' returned '0': CMAKE_PREFIX_PATH=${CMAKE_PREFIX_PATH}:/opt/ros/humble /usr/bin/cmake --install /home/renato/ws_sensor_combined/build/ground_truth_publisher_pkg
