[0.081s] DEBUG:colcon:Command line arguments: ['/usr/bin/colcon', 'build']
[0.081s] DEBUG:colcon:Parsed command line arguments: Namespace(log_base=None, log_level=None, verb_name='build', build_base='build', install_base='install', merge_install=False, symlink_install=False, test_result_base=None, continue_on_error=False, executor='parallel', parallel_workers=20, event_handlers=None, ignore_user_meta=False, metas=['./colcon.meta'], base_paths=['.'], packages_ignore=None, packages_ignore_regex=None, paths=None, packages_up_to=None, packages_up_to_regex=None, packages_above=None, packages_above_and_dependencies=None, packages_above_depth=None, packages_select_by_dep=None, packages_skip_by_dep=None, packages_skip_up_to=None, packages_select_build_failed=False, packages_skip_build_finished=False, packages_select_test_failures=False, packages_skip_test_passed=False, packages_select=None, packages_skip=None, packages_select_regex=None, packages_skip_regex=None, packages_start=None, packages_end=None, allow_overriding=[], cmake_args=None, cmake_target=None, cmake_target_skip_unavailable=False, cmake_clean_cache=False, cmake_clean_first=False, cmake_force_configure=False, ament_cmake_args=None, catkin_cmake_args=None, catkin_skip_building_tests=False, mixin_files=None, mixin=None, verb_parser=<colcon_mixin.mixin.mixin_argument.MixinArgumentDecorator object at 0x769c5ff9f250>, verb_extension=<colcon_core.verb.build.BuildVerb object at 0x769c6017c1c0>, main=<bound method BuildVerb.main of <colcon_core.verb.build.BuildVerb object at 0x769c6017c1c0>>, mixin_verb=('build',))
[0.235s] Level 1:colcon.colcon_core.package_discovery:discover_packages(colcon_meta) check parameters
[0.235s] Level 1:colcon.colcon_core.package_discovery:discover_packages(recursive) check parameters
[0.235s] Level 1:colcon.colcon_core.package_discovery:discover_packages(ignore) check parameters
[0.235s] Level 1:colcon.colcon_core.package_discovery:discover_packages(path) check parameters
[0.235s] Level 1:colcon.colcon_core.package_discovery:discover_packages(colcon_meta) discover
[0.235s] Level 1:colcon.colcon_core.package_discovery:discover_packages(recursive) discover
[0.235s] INFO:colcon.colcon_core.package_discovery:Crawling recursively for packages in '/home/renato/ws_sensor_combined/src/load_cell_publisher_pkg'
[0.235s] Level 1:colcon.colcon_core.package_identification:_identify(.) by extensions ['ignore', 'ignore_ament_install']
[0.235s] Level 1:colcon.colcon_core.package_identification:_identify(.) by extension 'ignore'
[0.235s] Level 1:colcon.colcon_core.package_identification:_identify(.) by extension 'ignore_ament_install'
[0.236s] Level 1:colcon.colcon_core.package_identification:_identify(.) by extensions ['colcon_pkg']
[0.236s] Level 1:colcon.colcon_core.package_identification:_identify(.) by extension 'colcon_pkg'
[0.236s] Level 1:colcon.colcon_core.package_identification:_identify(.) by extensions ['colcon_meta']
[0.236s] Level 1:colcon.colcon_core.package_identification:_identify(.) by extension 'colcon_meta'
[0.236s] Level 1:colcon.colcon_core.package_identification:_identify(.) by extensions ['ros']
[0.236s] Level 1:colcon.colcon_core.package_identification:_identify(.) by extension 'ros'
[0.246s] DEBUG:colcon.colcon_core.package_identification:Package '.' with type 'ros.ament_cmake' and name 'load_cell_publisher_pkg'
[0.246s] Level 1:colcon.colcon_core.package_discovery:discover_packages(recursive) using defaults
[0.246s] Level 1:colcon.colcon_core.package_discovery:discover_packages(ignore) discover
[0.246s] Level 1:colcon.colcon_core.package_discovery:discover_packages(ignore) using defaults
[0.246s] Level 1:colcon.colcon_core.package_discovery:discover_packages(path) discover
[0.246s] Level 1:colcon.colcon_core.package_discovery:discover_packages(path) using defaults
[0.259s] Level 1:colcon.colcon_core.package_discovery:discover_packages(prefix_path) check parameters
[0.259s] Level 1:colcon.colcon_core.package_discovery:discover_packages(prefix_path) discover
[0.260s] DEBUG:colcon.colcon_installed_package_information.package_discovery:Found 5 installed packages in /home/renato/ws_sensor_combined/install
[0.261s] DEBUG:colcon.colcon_installed_package_information.package_discovery:Found 287 installed packages in /opt/ros/humble
[0.262s] Level 1:colcon.colcon_core.package_discovery:discover_packages(prefix_path) using defaults
[0.294s] Level 5:colcon.colcon_core.verb:set package 'load_cell_publisher_pkg' build argument 'cmake_args' from command line to 'None'
[0.295s] Level 5:colcon.colcon_core.verb:set package 'load_cell_publisher_pkg' build argument 'cmake_target' from command line to 'None'
[0.295s] Level 5:colcon.colcon_core.verb:set package 'load_cell_publisher_pkg' build argument 'cmake_target_skip_unavailable' from command line to 'False'
[0.295s] Level 5:colcon.colcon_core.verb:set package 'load_cell_publisher_pkg' build argument 'cmake_clean_cache' from command line to 'False'
[0.295s] Level 5:colcon.colcon_core.verb:set package 'load_cell_publisher_pkg' build argument 'cmake_clean_first' from command line to 'False'
[0.295s] Level 5:colcon.colcon_core.verb:set package 'load_cell_publisher_pkg' build argument 'cmake_force_configure' from command line to 'False'
[0.295s] Level 5:colcon.colcon_core.verb:set package 'load_cell_publisher_pkg' build argument 'ament_cmake_args' from command line to 'None'
[0.295s] Level 5:colcon.colcon_core.verb:set package 'load_cell_publisher_pkg' build argument 'catkin_cmake_args' from command line to 'None'
[0.295s] Level 5:colcon.colcon_core.verb:set package 'load_cell_publisher_pkg' build argument 'catkin_skip_building_tests' from command line to 'False'
[0.295s] DEBUG:colcon.colcon_core.verb:Building package 'load_cell_publisher_pkg' with the following arguments: {'ament_cmake_args': None, 'build_base': '/home/renato/ws_sensor_combined/src/load_cell_publisher_pkg/build/load_cell_publisher_pkg', 'catkin_cmake_args': None, 'catkin_skip_building_tests': False, 'cmake_args': None, 'cmake_clean_cache': False, 'cmake_clean_first': False, 'cmake_force_configure': False, 'cmake_target': None, 'cmake_target_skip_unavailable': False, 'install_base': '/home/renato/ws_sensor_combined/src/load_cell_publisher_pkg/install/load_cell_publisher_pkg', 'merge_install': False, 'path': '/home/renato/ws_sensor_combined/src/load_cell_publisher_pkg', 'symlink_install': False, 'test_result_base': None}
[0.295s] INFO:colcon.colcon_core.executor:Executing jobs using 'parallel' executor
[0.295s] DEBUG:colcon.colcon_parallel_executor.executor.parallel:run_until_complete
[0.296s] INFO:colcon.colcon_ros.task.ament_cmake.build:Building ROS package in '/home/renato/ws_sensor_combined/src/load_cell_publisher_pkg' with build type 'ament_cmake'
[0.296s] INFO:colcon.colcon_cmake.task.cmake.build:Building CMake package in '/home/renato/ws_sensor_combined/src/load_cell_publisher_pkg'
[0.297s] INFO:colcon.colcon_core.plugin_system:Skipping extension 'colcon_core.shell.bat': Not used on non-Windows systems
[0.297s] INFO:colcon.colcon_core.shell:Skip shell extension 'powershell' for command environment: Not usable outside of PowerShell
[0.297s] DEBUG:colcon.colcon_core.shell:Skip shell extension 'dsv' for command environment
[0.303s] DEBUG:colcon.colcon_core.event_handler.log_command:Invoking command in '/home/renato/ws_sensor_combined/src/load_cell_publisher_pkg/build/load_cell_publisher_pkg': CMAKE_PREFIX_PATH=${CMAKE_PREFIX_PATH}:/opt/ros/humble /usr/bin/cmake /home/renato/ws_sensor_combined/src/load_cell_publisher_pkg -DCMAKE_INSTALL_PREFIX=/home/renato/ws_sensor_combined/src/load_cell_publisher_pkg/install/load_cell_publisher_pkg
[1.662s] DEBUG:colcon.colcon_core.event_handler.log_command:Invoked command in '/home/renato/ws_sensor_combined/src/load_cell_publisher_pkg/build/load_cell_publisher_pkg' returned '0': CMAKE_PREFIX_PATH=${CMAKE_PREFIX_PATH}:/opt/ros/humble /usr/bin/cmake /home/renato/ws_sensor_combined/src/load_cell_publisher_pkg -DCMAKE_INSTALL_PREFIX=/home/renato/ws_sensor_combined/src/load_cell_publisher_pkg/install/load_cell_publisher_pkg
[1.663s] DEBUG:colcon.colcon_core.event_handler.log_command:Invoking command in '/home/renato/ws_sensor_combined/src/load_cell_publisher_pkg/build/load_cell_publisher_pkg': CMAKE_PREFIX_PATH=${CMAKE_PREFIX_PATH}:/opt/ros/humble /usr/bin/cmake --build /home/renato/ws_sensor_combined/src/load_cell_publisher_pkg/build/load_cell_publisher_pkg -- -j20 -l20
[4.576s] DEBUG:colcon.colcon_core.event_handler.log_command:Invoked command in '/home/renato/ws_sensor_combined/src/load_cell_publisher_pkg/build/load_cell_publisher_pkg' returned '0': CMAKE_PREFIX_PATH=${CMAKE_PREFIX_PATH}:/opt/ros/humble /usr/bin/cmake --build /home/renato/ws_sensor_combined/src/load_cell_publisher_pkg/build/load_cell_publisher_pkg -- -j20 -l20
[4.583s] DEBUG:colcon.colcon_core.event_handler.log_command:Invoking command in '/home/renato/ws_sensor_combined/src/load_cell_publisher_pkg/build/load_cell_publisher_pkg': CMAKE_PREFIX_PATH=${CMAKE_PREFIX_PATH}:/opt/ros/humble /usr/bin/cmake --install /home/renato/ws_sensor_combined/src/load_cell_publisher_pkg/build/load_cell_publisher_pkg
[4.593s] Level 1:colcon.colcon_core.environment:create_environment_scripts_only(load_cell_publisher_pkg)
[4.593s] DEBUG:colcon.colcon_core.event_handler.log_command:Invoked command in '/home/renato/ws_sensor_combined/src/load_cell_publisher_pkg/build/load_cell_publisher_pkg' returned '0': CMAKE_PREFIX_PATH=${CMAKE_PREFIX_PATH}:/opt/ros/humble /usr/bin/cmake --install /home/renato/ws_sensor_combined/src/load_cell_publisher_pkg/build/load_cell_publisher_pkg
[4.596s] Level 1:colcon.colcon_core.environment:checking '/home/renato/ws_sensor_combined/src/load_cell_publisher_pkg/install/load_cell_publisher_pkg' for CMake module files
[4.596s] Level 1:colcon.colcon_core.environment:checking '/home/renato/ws_sensor_combined/src/load_cell_publisher_pkg/install/load_cell_publisher_pkg' for CMake config files
[4.596s] Level 1:colcon.colcon_core.shell:create_environment_hook('load_cell_publisher_pkg', 'cmake_prefix_path')
[4.596s] INFO:colcon.colcon_core.shell:Creating environment hook '/home/renato/ws_sensor_combined/src/load_cell_publisher_pkg/install/load_cell_publisher_pkg/share/load_cell_publisher_pkg/hook/cmake_prefix_path.ps1'
[4.596s] INFO:colcon.colcon_core.shell:Creating environment descriptor '/home/renato/ws_sensor_combined/src/load_cell_publisher_pkg/install/load_cell_publisher_pkg/share/load_cell_publisher_pkg/hook/cmake_prefix_path.dsv'
[4.597s] INFO:colcon.colcon_core.shell:Creating environment hook '/home/renato/ws_sensor_combined/src/load_cell_publisher_pkg/install/load_cell_publisher_pkg/share/load_cell_publisher_pkg/hook/cmake_prefix_path.sh'
[4.597s] Level 1:colcon.colcon_core.environment:checking '/home/renato/ws_sensor_combined/src/load_cell_publisher_pkg/install/load_cell_publisher_pkg/lib'
[4.597s] Level 1:colcon.colcon_core.environment:checking '/home/renato/ws_sensor_combined/src/load_cell_publisher_pkg/install/load_cell_publisher_pkg/bin'
[4.597s] Level 1:colcon.colcon_core.environment:checking '/home/renato/ws_sensor_combined/src/load_cell_publisher_pkg/install/load_cell_publisher_pkg/lib/pkgconfig/load_cell_publisher_pkg.pc'
[4.598s] Level 1:colcon.colcon_core.environment:checking '/home/renato/ws_sensor_combined/src/load_cell_publisher_pkg/install/load_cell_publisher_pkg/lib/python3.10/site-packages'
[4.598s] Level 1:colcon.colcon_core.environment:checking '/home/renato/ws_sensor_combined/src/load_cell_publisher_pkg/install/load_cell_publisher_pkg/bin'
[4.598s] INFO:colcon.colcon_core.shell:Creating package script '/home/renato/ws_sensor_combined/src/load_cell_publisher_pkg/install/load_cell_publisher_pkg/share/load_cell_publisher_pkg/package.ps1'
[4.599s] INFO:colcon.colcon_core.shell:Creating package descriptor '/home/renato/ws_sensor_combined/src/load_cell_publisher_pkg/install/load_cell_publisher_pkg/share/load_cell_publisher_pkg/package.dsv'
[4.599s] INFO:colcon.colcon_core.shell:Creating package script '/home/renato/ws_sensor_combined/src/load_cell_publisher_pkg/install/load_cell_publisher_pkg/share/load_cell_publisher_pkg/package.sh'
[4.599s] INFO:colcon.colcon_core.shell:Creating package script '/home/renato/ws_sensor_combined/src/load_cell_publisher_pkg/install/load_cell_publisher_pkg/share/load_cell_publisher_pkg/package.bash'
[4.600s] INFO:colcon.colcon_core.shell:Creating package script '/home/renato/ws_sensor_combined/src/load_cell_publisher_pkg/install/load_cell_publisher_pkg/share/load_cell_publisher_pkg/package.zsh'
[4.600s] Level 1:colcon.colcon_core.environment:create_file_with_runtime_dependencies(/home/renato/ws_sensor_combined/src/load_cell_publisher_pkg/install/load_cell_publisher_pkg/share/colcon-core/packages/load_cell_publisher_pkg)
[4.600s] Level 1:colcon.colcon_core.environment:create_environment_scripts_only(load_cell_publisher_pkg)
[4.601s] Level 1:colcon.colcon_core.environment:checking '/home/renato/ws_sensor_combined/src/load_cell_publisher_pkg/install/load_cell_publisher_pkg' for CMake module files
[4.601s] Level 1:colcon.colcon_core.environment:checking '/home/renato/ws_sensor_combined/src/load_cell_publisher_pkg/install/load_cell_publisher_pkg' for CMake config files
[4.601s] Level 1:colcon.colcon_core.shell:create_environment_hook('load_cell_publisher_pkg', 'cmake_prefix_path')
[4.601s] INFO:colcon.colcon_core.shell:Creating environment hook '/home/renato/ws_sensor_combined/src/load_cell_publisher_pkg/install/load_cell_publisher_pkg/share/load_cell_publisher_pkg/hook/cmake_prefix_path.ps1'
[4.601s] INFO:colcon.colcon_core.shell:Creating environment descriptor '/home/renato/ws_sensor_combined/src/load_cell_publisher_pkg/install/load_cell_publisher_pkg/share/load_cell_publisher_pkg/hook/cmake_prefix_path.dsv'
[4.601s] INFO:colcon.colcon_core.shell:Creating environment hook '/home/renato/ws_sensor_combined/src/load_cell_publisher_pkg/install/load_cell_publisher_pkg/share/load_cell_publisher_pkg/hook/cmake_prefix_path.sh'
[4.602s] Level 1:colcon.colcon_core.environment:checking '/home/renato/ws_sensor_combined/src/load_cell_publisher_pkg/install/load_cell_publisher_pkg/lib'
[4.602s] Level 1:colcon.colcon_core.environment:checking '/home/renato/ws_sensor_combined/src/load_cell_publisher_pkg/install/load_cell_publisher_pkg/bin'
[4.602s] Level 1:colcon.colcon_core.environment:checking '/home/renato/ws_sensor_combined/src/load_cell_publisher_pkg/install/load_cell_publisher_pkg/lib/pkgconfig/load_cell_publisher_pkg.pc'
[4.602s] Level 1:colcon.colcon_core.environment:checking '/home/renato/ws_sensor_combined/src/load_cell_publisher_pkg/install/load_cell_publisher_pkg/lib/python3.10/site-packages'
[4.602s] Level 1:colcon.colcon_core.environment:checking '/home/renato/ws_sensor_combined/src/load_cell_publisher_pkg/install/load_cell_publisher_pkg/bin'
[4.602s] INFO:colcon.colcon_core.shell:Creating package script '/home/renato/ws_sensor_combined/src/load_cell_publisher_pkg/install/load_cell_publisher_pkg/share/load_cell_publisher_pkg/package.ps1'
[4.603s] INFO:colcon.colcon_core.shell:Creating package descriptor '/home/renato/ws_sensor_combined/src/load_cell_publisher_pkg/install/load_cell_publisher_pkg/share/load_cell_publisher_pkg/package.dsv'
[4.603s] INFO:colcon.colcon_core.shell:Creating package script '/home/renato/ws_sensor_combined/src/load_cell_publisher_pkg/install/load_cell_publisher_pkg/share/load_cell_publisher_pkg/package.sh'
[4.603s] INFO:colcon.colcon_core.shell:Creating package script '/home/renato/ws_sensor_combined/src/load_cell_publisher_pkg/install/load_cell_publisher_pkg/share/load_cell_publisher_pkg/package.bash'
[4.603s] INFO:colcon.colcon_core.shell:Creating package script '/home/renato/ws_sensor_combined/src/load_cell_publisher_pkg/install/load_cell_publisher_pkg/share/load_cell_publisher_pkg/package.zsh'
[4.604s] Level 1:colcon.colcon_core.environment:create_file_with_runtime_dependencies(/home/renato/ws_sensor_combined/src/load_cell_publisher_pkg/install/load_cell_publisher_pkg/share/colcon-core/packages/load_cell_publisher_pkg)
[4.604s] DEBUG:colcon.colcon_parallel_executor.executor.parallel:closing loop
[4.604s] DEBUG:colcon.colcon_parallel_executor.executor.parallel:loop closed
[4.604s] DEBUG:colcon.colcon_parallel_executor.executor.parallel:run_until_complete finished with '0'
[4.604s] DEBUG:colcon.colcon_core.event_reactor:joining thread
[4.607s] INFO:colcon.colcon_core.plugin_system:Skipping extension 'colcon_notification.desktop_notification.terminal_notifier': Not used on non-Darwin systems
[4.607s] INFO:colcon.colcon_core.plugin_system:Skipping extension 'colcon_notification.desktop_notification.win32': Not used on non-Windows systems
[4.607s] INFO:colcon.colcon_notification.desktop_notification:Sending desktop notification using 'notify2'
[4.616s] DEBUG:colcon.colcon_core.event_reactor:joined thread
[4.617s] INFO:colcon.colcon_core.shell:Creating prefix script '/home/renato/ws_sensor_combined/src/load_cell_publisher_pkg/install/local_setup.ps1'
[4.617s] INFO:colcon.colcon_core.shell:Creating prefix util module '/home/renato/ws_sensor_combined/src/load_cell_publisher_pkg/install/_local_setup_util_ps1.py'
[4.618s] INFO:colcon.colcon_core.shell:Creating prefix chain script '/home/renato/ws_sensor_combined/src/load_cell_publisher_pkg/install/setup.ps1'
[4.619s] INFO:colcon.colcon_core.shell:Creating prefix script '/home/renato/ws_sensor_combined/src/load_cell_publisher_pkg/install/local_setup.sh'
[4.619s] INFO:colcon.colcon_core.shell:Creating prefix util module '/home/renato/ws_sensor_combined/src/load_cell_publisher_pkg/install/_local_setup_util_sh.py'
[4.619s] INFO:colcon.colcon_core.shell:Creating prefix chain script '/home/renato/ws_sensor_combined/src/load_cell_publisher_pkg/install/setup.sh'
[4.620s] INFO:colcon.colcon_core.shell:Creating prefix script '/home/renato/ws_sensor_combined/src/load_cell_publisher_pkg/install/local_setup.bash'
[4.620s] INFO:colcon.colcon_core.shell:Creating prefix chain script '/home/renato/ws_sensor_combined/src/load_cell_publisher_pkg/install/setup.bash'
[4.621s] INFO:colcon.colcon_core.shell:Creating prefix script '/home/renato/ws_sensor_combined/src/load_cell_publisher_pkg/install/local_setup.zsh'
[4.621s] INFO:colcon.colcon_core.shell:Creating prefix chain script '/home/renato/ws_sensor_combined/src/load_cell_publisher_pkg/install/setup.zsh'
