[0.019s] Invoking command in '/home/renato/ws_sensor_combined/build/ground_truth_publisher_pkg': CMAKE_PREFIX_PATH=${CMAKE_PREFIX_PATH}:/opt/ros/humble /usr/bin/cmake /home/renato/ws_sensor_combined/src/ground_truth_publisher_pkg -DCMAKE_INSTALL_PREFIX=/home/renato/ws_sensor_combined/install/ground_truth_publisher_pkg
[0.102s] -- The C compiler identification is GNU 11.4.0
[0.190s] -- The CXX compiler identification is GNU 11.4.0
[0.200s] -- Detecting C compiler ABI info
[0.300s] -- Detecting C compiler ABI info - done
[0.310s] -- Check for working C compiler: /usr/bin/cc - skipped
[0.311s] -- Detecting C compile features
[0.311s] -- Detecting C compile features - done
[0.316s] -- Detecting CXX compiler ABI info
[0.435s] -- Detecting CXX compiler ABI info - done
[0.446s] -- Check for working CXX compiler: /usr/bin/c++ - skipped
[0.446s] -- Detecting CXX compile features
[0.447s] -- Detecting CXX compile features - done
[0.450s] -- Found ament_cmake: 1.3.11 (/opt/ros/humble/share/ament_cmake/cmake)
[1.405s] -- Found Python3: /usr/bin/python3 (found version "3.10.12") found components: Interpreter 
[1.552s] -- Found rclcpp: 16.0.11 (/opt/ros/humble/share/rclcpp/cmake)
[1.623s] -- Found rosidl_generator_c: 3.1.6 (/opt/ros/humble/share/rosidl_generator_c/cmake)
[1.631s] -- Found rosidl_adapter: 3.1.6 (/opt/ros/humble/share/rosidl_adapter/cmake)
[1.644s] -- Found rosidl_generator_cpp: 3.1.6 (/opt/ros/humble/share/rosidl_generator_cpp/cmake)
[1.663s] -- Using all available rosidl_typesupport_c: rosidl_typesupport_fastrtps_c;rosidl_typesupport_introspection_c
[1.689s] -- Using all available rosidl_typesupport_cpp: rosidl_typesupport_fastrtps_cpp;rosidl_typesupport_introspection_cpp
[1.757s] -- Found rmw_implementation_cmake: 6.1.2 (/opt/ros/humble/share/rmw_implementation_cmake/cmake)
[1.762s] -- Found rmw_fastrtps_cpp: 6.2.7 (/opt/ros/humble/share/rmw_fastrtps_cpp/cmake)
[1.914s] -- Found OpenSSL: /usr/lib/x86_64-linux-gnu/libcrypto.so (found version "3.0.2")  
[1.961s] -- Found FastRTPS: /opt/ros/humble/include  
[2.029s] -- Using RMW implementation 'rmw_fastrtps_cpp' as default
[2.043s] -- Looking for pthread.h
[2.154s] -- Looking for pthread.h - found
[2.155s] -- Performing Test CMAKE_HAVE_LIBC_PTHREAD
[2.271s] -- Performing Test CMAKE_HAVE_LIBC_PTHREAD - Success
[2.273s] -- Found Threads: TRUE  
[2.351s] -- Found nav_msgs: 4.2.4 (/opt/ros/humble/share/nav_msgs/cmake)
[2.402s] -- Found ament_lint_auto: 0.12.11 (/opt/ros/humble/share/ament_lint_auto/cmake)
[2.526s] -- Added test 'cppcheck' to perform static code analysis on C / C++ code
[2.526s] -- Configured cppcheck include dirs: 
[2.526s] -- Configured cppcheck exclude dirs and/or files: 
[2.528s] -- Added test 'lint_cmake' to check CMake code style
[2.529s] -- Added test 'uncrustify' to check C / C++ code style
[2.529s] -- Configured uncrustify additional arguments: 
[2.530s] -- Added test 'xmllint' to check XML markup files
[2.532s] -- Configuring done
[2.543s] -- Generating done
[2.548s] -- Build files have been written to: /home/renato/ws_sensor_combined/build/ground_truth_publisher_pkg
[2.560s] Invoked command in '/home/renato/ws_sensor_combined/build/ground_truth_publisher_pkg' returned '0': CMAKE_PREFIX_PATH=${CMAKE_PREFIX_PATH}:/opt/ros/humble /usr/bin/cmake /home/renato/ws_sensor_combined/src/ground_truth_publisher_pkg -DCMAKE_INSTALL_PREFIX=/home/renato/ws_sensor_combined/install/ground_truth_publisher_pkg
[2.564s] Invoking command in '/home/renato/ws_sensor_combined/build/ground_truth_publisher_pkg': CMAKE_PREFIX_PATH=${CMAKE_PREFIX_PATH}:/opt/ros/humble /usr/bin/cmake --build /home/renato/ws_sensor_combined/build/ground_truth_publisher_pkg -- -j20 -l20
[2.640s] [ 50%] [32mBuilding CXX object CMakeFiles/ground_truth_publisher_node.dir/src/ground_truth_publisher_node.cpp.o[0m
[14.410s] [100%] [32m[1mLinking CXX executable ground_truth_publisher_node[0m
[15.015s] [100%] Built target ground_truth_publisher_node
[15.034s] Invoked command in '/home/renato/ws_sensor_combined/build/ground_truth_publisher_pkg' returned '0': CMAKE_PREFIX_PATH=${CMAKE_PREFIX_PATH}:/opt/ros/humble /usr/bin/cmake --build /home/renato/ws_sensor_combined/build/ground_truth_publisher_pkg -- -j20 -l20
[15.051s] Invoking command in '/home/renato/ws_sensor_combined/build/ground_truth_publisher_pkg': CMAKE_PREFIX_PATH=${CMAKE_PREFIX_PATH}:/opt/ros/humble /usr/bin/cmake --install /home/renato/ws_sensor_combined/build/ground_truth_publisher_pkg
[15.060s] -- Install configuration: ""
[15.060s] -- Installing: /home/renato/ws_sensor_combined/install/ground_truth_publisher_pkg/lib/ground_truth_publisher_pkg/ground_truth_publisher_node
[15.064s] -- Set runtime path of "/home/renato/ws_sensor_combined/install/ground_truth_publisher_pkg/lib/ground_truth_publisher_pkg/ground_truth_publisher_node" to ""
[15.065s] -- Installing: /home/renato/ws_sensor_combined/install/ground_truth_publisher_pkg/share/ament_index/resource_index/package_run_dependencies/ground_truth_publisher_pkg
[15.065s] -- Installing: /home/renato/ws_sensor_combined/install/ground_truth_publisher_pkg/share/ament_index/resource_index/parent_prefix_path/ground_truth_publisher_pkg
[15.065s] -- Installing: /home/renato/ws_sensor_combined/install/ground_truth_publisher_pkg/share/ground_truth_publisher_pkg/environment/ament_prefix_path.sh
[15.065s] -- Installing: /home/renato/ws_sensor_combined/install/ground_truth_publisher_pkg/share/ground_truth_publisher_pkg/environment/ament_prefix_path.dsv
[15.065s] -- Installing: /home/renato/ws_sensor_combined/install/ground_truth_publisher_pkg/share/ground_truth_publisher_pkg/environment/path.sh
[15.065s] -- Installing: /home/renato/ws_sensor_combined/install/ground_truth_publisher_pkg/share/ground_truth_publisher_pkg/environment/path.dsv
[15.066s] -- Installing: /home/renato/ws_sensor_combined/install/ground_truth_publisher_pkg/share/ground_truth_publisher_pkg/local_setup.bash
[15.066s] -- Installing: /home/renato/ws_sensor_combined/install/ground_truth_publisher_pkg/share/ground_truth_publisher_pkg/local_setup.sh
[15.066s] -- Installing: /home/renato/ws_sensor_combined/install/ground_truth_publisher_pkg/share/ground_truth_publisher_pkg/local_setup.zsh
[15.066s] -- Installing: /home/renato/ws_sensor_combined/install/ground_truth_publisher_pkg/share/ground_truth_publisher_pkg/local_setup.dsv
[15.066s] -- Installing: /home/renato/ws_sensor_combined/install/ground_truth_publisher_pkg/share/ground_truth_publisher_pkg/package.dsv
[15.066s] -- Installing: /home/renato/ws_sensor_combined/install/ground_truth_publisher_pkg/share/ament_index/resource_index/packages/ground_truth_publisher_pkg
[15.066s] -- Installing: /home/renato/ws_sensor_combined/install/ground_truth_publisher_pkg/share/ground_truth_publisher_pkg/cmake/ground_truth_publisher_pkgConfig.cmake
[15.067s] -- Installing: /home/renato/ws_sensor_combined/install/ground_truth_publisher_pkg/share/ground_truth_publisher_pkg/cmake/ground_truth_publisher_pkgConfig-version.cmake
[15.067s] -- Installing: /home/renato/ws_sensor_combined/install/ground_truth_publisher_pkg/share/ground_truth_publisher_pkg/package.xml
[15.069s] Invoked command in '/home/renato/ws_sensor_combined/build/ground_truth_publisher_pkg' returned '0': CMAKE_PREFIX_PATH=${CMAKE_PREFIX_PATH}:/opt/ros/humble /usr/bin/cmake --install /home/renato/ws_sensor_combined/build/ground_truth_publisher_pkg
