[0.024s] Invoking command in '/home/renato/ws_sensor_combined/build/load_cell_publisher_pkg': CMAKE_PREFIX_PATH=/home/renato/ws_sensor_combined/install/px4_msgs:/home/renato/ws_sensor_combined/install/sensor_driver_pkg:/home/renato/ws_sensor_combined/install/px4_ros_com:/home/renato/ws_sensor_combined/install/load_cell_publisher_pkg:/home/renato/ws_sensor_combined/install/dual_wrench_publisher_pkg:/home/renato/ws_sensor_combined/install/apply_link_wrench_pkg:/home/renato/bridge_ws/install/test_ros_gz_bridge:/home/renato/bridge_ws/install/ros_ign_interfaces:/home/renato/bridge_ws/install/ros_ign:/home/renato/bridge_ws/install/ros_ign_image:/home/renato/bridge_ws/install/ros_ign_gazebo_demos:/home/renato/bridge_ws/install/ros_ign_gazebo:/home/renato/bridge_ws/install/ros_ign_bridge:/home/renato/bridge_ws/install/ros_gz:/home/renato/bridge_ws/install/ros_gz_sim_demos:/home/renato/bridge_ws/install/ros_gz_sim:/home/renato/bridge_ws/install/ros_gz_image:/home/renato/bridge_ws/install/ros_gz_bridge:/home/renato/bridge_ws/install/ros_gz_interfaces:/opt/ros/humble LD_LIBRARY_PATH=/home/renato/ws_sensor_combined/install/px4_msgs/lib:/home/renato/ws_sensor_combined/install/px4_ros_com/lib:/home/renato/bridge_ws/install/ros_ign_interfaces/lib:/home/renato/bridge_ws/install/ros_gz_sim/lib:/home/renato/bridge_ws/install/ros_gz_bridge/lib:/home/renato/bridge_ws/install/ros_gz_interfaces/lib:/opt/ros/humble/opt/rviz_ogre_vendor/lib:/opt/ros/humble/lib/x86_64-linux-gnu:/opt/ros/humble/lib /usr/bin/cmake /home/renato/ws_sensor_combined/src/load_cell_publisher_pkg -DCMAKE_INSTALL_PREFIX=/home/renato/ws_sensor_combined/install/load_cell_publisher_pkg
[0.111s] -- The C compiler identification is GNU 11.4.0
[0.202s] -- The CXX compiler identification is GNU 11.4.0
[0.214s] -- Detecting C compiler ABI info
[0.328s] -- Detecting C compiler ABI info - done
[0.341s] -- Check for working C compiler: /usr/bin/cc - skipped
[0.342s] -- Detecting C compile features
[0.343s] -- Detecting C compile features - done
[0.348s] -- Detecting CXX compiler ABI info
[0.478s] -- Detecting CXX compiler ABI info - done
[0.490s] -- Check for working CXX compiler: /usr/bin/c++ - skipped
[0.491s] -- Detecting CXX compile features
[0.492s] -- Detecting CXX compile features - done
[0.497s] -- Found ament_cmake: 1.3.11 (/opt/ros/humble/share/ament_cmake/cmake)
[1.585s] -- Found Python3: /usr/bin/python3 (found version "3.10.12") found components: Interpreter 
[1.749s] -- Found rclcpp: 16.0.11 (/opt/ros/humble/share/rclcpp/cmake)
[1.836s] -- Found rosidl_generator_c: 3.1.6 (/opt/ros/humble/share/rosidl_generator_c/cmake)
[1.845s] -- Found rosidl_adapter: 3.1.6 (/opt/ros/humble/share/rosidl_adapter/cmake)
[1.860s] -- Found rosidl_generator_cpp: 3.1.6 (/opt/ros/humble/share/rosidl_generator_cpp/cmake)
[1.881s] -- Using all available rosidl_typesupport_c: rosidl_typesupport_fastrtps_c;rosidl_typesupport_introspection_c
[1.910s] -- Using all available rosidl_typesupport_cpp: rosidl_typesupport_fastrtps_cpp;rosidl_typesupport_introspection_cpp
[1.989s] -- Found rmw_implementation_cmake: 6.1.2 (/opt/ros/humble/share/rmw_implementation_cmake/cmake)
[1.995s] -- Found rmw_fastrtps_cpp: 6.2.7 (/opt/ros/humble/share/rmw_fastrtps_cpp/cmake)
[2.152s] -- Found OpenSSL: /usr/lib/x86_64-linux-gnu/libcrypto.so (found version "3.0.2")  
[2.206s] -- Found FastRTPS: /opt/ros/humble/include  
[2.291s] -- Using RMW implementation 'rmw_fastrtps_cpp' as default
[2.307s] -- Looking for pthread.h
[2.427s] -- Looking for pthread.h - found
[2.428s] -- Performing Test CMAKE_HAVE_LIBC_PTHREAD
[2.559s] -- Performing Test CMAKE_HAVE_LIBC_PTHREAD - Success
[2.561s] -- Found Threads: TRUE  
[2.645s] -- Found px4_msgs: 2.0.1 (/home/renato/ws_sensor_combined/install/px4_msgs/share/px4_msgs/cmake)
[2.666s] -- Found ros_gz_interfaces: 0.244.16 (/home/renato/bridge_ws/install/ros_gz_interfaces/share/ros_gz_interfaces/cmake)
[2.726s] -- Found ament_lint_auto: 0.12.11 (/opt/ros/humble/share/ament_lint_auto/cmake)
[2.877s] -- Added test 'cppcheck' to perform static code analysis on C / C++ code
[2.877s] -- Configured cppcheck include dirs: 
[2.877s] -- Configured cppcheck exclude dirs and/or files: 
[2.880s] -- Added test 'flake8' to check Python code syntax and style conventions
[2.884s] -- Added test 'lint_cmake' to check CMake code style
[2.887s] -- Added test 'pep257' to check Python code against some of the docstring style conventions in PEP 257
[2.900s] -- Added test 'uncrustify' to check C / C++ code style
[2.900s] -- Configured uncrustify additional arguments: 
[2.902s] -- Added test 'xmllint' to check XML markup files
[2.904s] -- Configuring done
[2.916s] -- Generating done
[2.921s] -- Build files have been written to: /home/renato/ws_sensor_combined/build/load_cell_publisher_pkg
[2.936s] Invoked command in '/home/renato/ws_sensor_combined/build/load_cell_publisher_pkg' returned '0': CMAKE_PREFIX_PATH=/home/renato/ws_sensor_combined/install/px4_msgs:/home/renato/ws_sensor_combined/install/sensor_driver_pkg:/home/renato/ws_sensor_combined/install/px4_ros_com:/home/renato/ws_sensor_combined/install/load_cell_publisher_pkg:/home/renato/ws_sensor_combined/install/dual_wrench_publisher_pkg:/home/renato/ws_sensor_combined/install/apply_link_wrench_pkg:/home/renato/bridge_ws/install/test_ros_gz_bridge:/home/renato/bridge_ws/install/ros_ign_interfaces:/home/renato/bridge_ws/install/ros_ign:/home/renato/bridge_ws/install/ros_ign_image:/home/renato/bridge_ws/install/ros_ign_gazebo_demos:/home/renato/bridge_ws/install/ros_ign_gazebo:/home/renato/bridge_ws/install/ros_ign_bridge:/home/renato/bridge_ws/install/ros_gz:/home/renato/bridge_ws/install/ros_gz_sim_demos:/home/renato/bridge_ws/install/ros_gz_sim:/home/renato/bridge_ws/install/ros_gz_image:/home/renato/bridge_ws/install/ros_gz_bridge:/home/renato/bridge_ws/install/ros_gz_interfaces:/opt/ros/humble LD_LIBRARY_PATH=/home/renato/ws_sensor_combined/install/px4_msgs/lib:/home/renato/ws_sensor_combined/install/px4_ros_com/lib:/home/renato/bridge_ws/install/ros_ign_interfaces/lib:/home/renato/bridge_ws/install/ros_gz_sim/lib:/home/renato/bridge_ws/install/ros_gz_bridge/lib:/home/renato/bridge_ws/install/ros_gz_interfaces/lib:/opt/ros/humble/opt/rviz_ogre_vendor/lib:/opt/ros/humble/lib/x86_64-linux-gnu:/opt/ros/humble/lib /usr/bin/cmake /home/renato/ws_sensor_combined/src/load_cell_publisher_pkg -DCMAKE_INSTALL_PREFIX=/home/renato/ws_sensor_combined/install/load_cell_publisher_pkg
[2.938s] Invoking command in '/home/renato/ws_sensor_combined/build/load_cell_publisher_pkg': CMAKE_PREFIX_PATH=/home/renato/ws_sensor_combined/install/px4_msgs:/home/renato/ws_sensor_combined/install/sensor_driver_pkg:/home/renato/ws_sensor_combined/install/px4_ros_com:/home/renato/ws_sensor_combined/install/load_cell_publisher_pkg:/home/renato/ws_sensor_combined/install/dual_wrench_publisher_pkg:/home/renato/ws_sensor_combined/install/apply_link_wrench_pkg:/home/renato/bridge_ws/install/test_ros_gz_bridge:/home/renato/bridge_ws/install/ros_ign_interfaces:/home/renato/bridge_ws/install/ros_ign:/home/renato/bridge_ws/install/ros_ign_image:/home/renato/bridge_ws/install/ros_ign_gazebo_demos:/home/renato/bridge_ws/install/ros_ign_gazebo:/home/renato/bridge_ws/install/ros_ign_bridge:/home/renato/bridge_ws/install/ros_gz:/home/renato/bridge_ws/install/ros_gz_sim_demos:/home/renato/bridge_ws/install/ros_gz_sim:/home/renato/bridge_ws/install/ros_gz_image:/home/renato/bridge_ws/install/ros_gz_bridge:/home/renato/bridge_ws/install/ros_gz_interfaces:/opt/ros/humble LD_LIBRARY_PATH=/home/renato/ws_sensor_combined/install/px4_msgs/lib:/home/renato/ws_sensor_combined/install/px4_ros_com/lib:/home/renato/bridge_ws/install/ros_ign_interfaces/lib:/home/renato/bridge_ws/install/ros_gz_sim/lib:/home/renato/bridge_ws/install/ros_gz_bridge/lib:/home/renato/bridge_ws/install/ros_gz_interfaces/lib:/opt/ros/humble/opt/rviz_ogre_vendor/lib:/opt/ros/humble/lib/x86_64-linux-gnu:/opt/ros/humble/lib /usr/bin/cmake --build /home/renato/ws_sensor_combined/build/load_cell_publisher_pkg -- -j20 -l20
[3.023s] [ 50%] [32mBuilding CXX object CMakeFiles/load_cell_publisher_node.dir/src/load_cell_publisher_node.cpp.o[0m
[10.212s] [100%] [32m[1mLinking CXX executable load_cell_publisher_node[0m
[10.550s] [100%] Built target load_cell_publisher_node
[10.572s] Invoked command in '/home/renato/ws_sensor_combined/build/load_cell_publisher_pkg' returned '0': CMAKE_PREFIX_PATH=/home/renato/ws_sensor_combined/install/px4_msgs:/home/renato/ws_sensor_combined/install/sensor_driver_pkg:/home/renato/ws_sensor_combined/install/px4_ros_com:/home/renato/ws_sensor_combined/install/load_cell_publisher_pkg:/home/renato/ws_sensor_combined/install/dual_wrench_publisher_pkg:/home/renato/ws_sensor_combined/install/apply_link_wrench_pkg:/home/renato/bridge_ws/install/test_ros_gz_bridge:/home/renato/bridge_ws/install/ros_ign_interfaces:/home/renato/bridge_ws/install/ros_ign:/home/renato/bridge_ws/install/ros_ign_image:/home/renato/bridge_ws/install/ros_ign_gazebo_demos:/home/renato/bridge_ws/install/ros_ign_gazebo:/home/renato/bridge_ws/install/ros_ign_bridge:/home/renato/bridge_ws/install/ros_gz:/home/renato/bridge_ws/install/ros_gz_sim_demos:/home/renato/bridge_ws/install/ros_gz_sim:/home/renato/bridge_ws/install/ros_gz_image:/home/renato/bridge_ws/install/ros_gz_bridge:/home/renato/bridge_ws/install/ros_gz_interfaces:/opt/ros/humble LD_LIBRARY_PATH=/home/renato/ws_sensor_combined/install/px4_msgs/lib:/home/renato/ws_sensor_combined/install/px4_ros_com/lib:/home/renato/bridge_ws/install/ros_ign_interfaces/lib:/home/renato/bridge_ws/install/ros_gz_sim/lib:/home/renato/bridge_ws/install/ros_gz_bridge/lib:/home/renato/bridge_ws/install/ros_gz_interfaces/lib:/opt/ros/humble/opt/rviz_ogre_vendor/lib:/opt/ros/humble/lib/x86_64-linux-gnu:/opt/ros/humble/lib /usr/bin/cmake --build /home/renato/ws_sensor_combined/build/load_cell_publisher_pkg -- -j20 -l20
[10.577s] Invoking command in '/home/renato/ws_sensor_combined/build/load_cell_publisher_pkg': CMAKE_PREFIX_PATH=/home/renato/ws_sensor_combined/install/px4_msgs:/home/renato/ws_sensor_combined/install/sensor_driver_pkg:/home/renato/ws_sensor_combined/install/px4_ros_com:/home/renato/ws_sensor_combined/install/load_cell_publisher_pkg:/home/renato/ws_sensor_combined/install/dual_wrench_publisher_pkg:/home/renato/ws_sensor_combined/install/apply_link_wrench_pkg:/home/renato/bridge_ws/install/test_ros_gz_bridge:/home/renato/bridge_ws/install/ros_ign_interfaces:/home/renato/bridge_ws/install/ros_ign:/home/renato/bridge_ws/install/ros_ign_image:/home/renato/bridge_ws/install/ros_ign_gazebo_demos:/home/renato/bridge_ws/install/ros_ign_gazebo:/home/renato/bridge_ws/install/ros_ign_bridge:/home/renato/bridge_ws/install/ros_gz:/home/renato/bridge_ws/install/ros_gz_sim_demos:/home/renato/bridge_ws/install/ros_gz_sim:/home/renato/bridge_ws/install/ros_gz_image:/home/renato/bridge_ws/install/ros_gz_bridge:/home/renato/bridge_ws/install/ros_gz_interfaces:/opt/ros/humble LD_LIBRARY_PATH=/home/renato/ws_sensor_combined/install/px4_msgs/lib:/home/renato/ws_sensor_combined/install/px4_ros_com/lib:/home/renato/bridge_ws/install/ros_ign_interfaces/lib:/home/renato/bridge_ws/install/ros_gz_sim/lib:/home/renato/bridge_ws/install/ros_gz_bridge/lib:/home/renato/bridge_ws/install/ros_gz_interfaces/lib:/opt/ros/humble/opt/rviz_ogre_vendor/lib:/opt/ros/humble/lib/x86_64-linux-gnu:/opt/ros/humble/lib /usr/bin/cmake --install /home/renato/ws_sensor_combined/build/load_cell_publisher_pkg
[10.589s] -- Install configuration: ""
[10.590s] -- Installing: /home/renato/ws_sensor_combined/install/load_cell_publisher_pkg/lib/load_cell_publisher_pkg/load_cell_publisher_node
[10.591s] -- Set runtime path of "/home/renato/ws_sensor_combined/install/load_cell_publisher_pkg/lib/load_cell_publisher_pkg/load_cell_publisher_node" to ""
[10.591s] -- Installing: /home/renato/ws_sensor_combined/install/load_cell_publisher_pkg/share/ament_index/resource_index/package_run_dependencies/load_cell_publisher_pkg
[10.591s] -- Installing: /home/renato/ws_sensor_combined/install/load_cell_publisher_pkg/share/ament_index/resource_index/parent_prefix_path/load_cell_publisher_pkg
[10.592s] -- Installing: /home/renato/ws_sensor_combined/install/load_cell_publisher_pkg/share/load_cell_publisher_pkg/environment/ament_prefix_path.sh
[10.592s] -- Installing: /home/renato/ws_sensor_combined/install/load_cell_publisher_pkg/share/load_cell_publisher_pkg/environment/ament_prefix_path.dsv
[10.592s] -- Installing: /home/renato/ws_sensor_combined/install/load_cell_publisher_pkg/share/load_cell_publisher_pkg/environment/path.sh
[10.592s] -- Installing: /home/renato/ws_sensor_combined/install/load_cell_publisher_pkg/share/load_cell_publisher_pkg/environment/path.dsv
[10.592s] -- Installing: /home/renato/ws_sensor_combined/install/load_cell_publisher_pkg/share/load_cell_publisher_pkg/local_setup.bash
[10.593s] -- Installing: /home/renato/ws_sensor_combined/install/load_cell_publisher_pkg/share/load_cell_publisher_pkg/local_setup.sh
[10.593s] -- Installing: /home/renato/ws_sensor_combined/install/load_cell_publisher_pkg/share/load_cell_publisher_pkg/local_setup.zsh
[10.593s] -- Installing: /home/renato/ws_sensor_combined/install/load_cell_publisher_pkg/share/load_cell_publisher_pkg/local_setup.dsv
[10.593s] -- Installing: /home/renato/ws_sensor_combined/install/load_cell_publisher_pkg/share/load_cell_publisher_pkg/package.dsv
[10.593s] -- Installing: /home/renato/ws_sensor_combined/install/load_cell_publisher_pkg/share/ament_index/resource_index/packages/load_cell_publisher_pkg
[10.593s] -- Installing: /home/renato/ws_sensor_combined/install/load_cell_publisher_pkg/share/load_cell_publisher_pkg/cmake/load_cell_publisher_pkgConfig.cmake
[10.593s] -- Installing: /home/renato/ws_sensor_combined/install/load_cell_publisher_pkg/share/load_cell_publisher_pkg/cmake/load_cell_publisher_pkgConfig-version.cmake
[10.594s] -- Installing: /home/renato/ws_sensor_combined/install/load_cell_publisher_pkg/share/load_cell_publisher_pkg/package.xml
[10.597s] Invoked command in '/home/renato/ws_sensor_combined/build/load_cell_publisher_pkg' returned '0': CMAKE_PREFIX_PATH=/home/renato/ws_sensor_combined/install/px4_msgs:/home/renato/ws_sensor_combined/install/sensor_driver_pkg:/home/renato/ws_sensor_combined/install/px4_ros_com:/home/renato/ws_sensor_combined/install/load_cell_publisher_pkg:/home/renato/ws_sensor_combined/install/dual_wrench_publisher_pkg:/home/renato/ws_sensor_combined/install/apply_link_wrench_pkg:/home/renato/bridge_ws/install/test_ros_gz_bridge:/home/renato/bridge_ws/install/ros_ign_interfaces:/home/renato/bridge_ws/install/ros_ign:/home/renato/bridge_ws/install/ros_ign_image:/home/renato/bridge_ws/install/ros_ign_gazebo_demos:/home/renato/bridge_ws/install/ros_ign_gazebo:/home/renato/bridge_ws/install/ros_ign_bridge:/home/renato/bridge_ws/install/ros_gz:/home/renato/bridge_ws/install/ros_gz_sim_demos:/home/renato/bridge_ws/install/ros_gz_sim:/home/renato/bridge_ws/install/ros_gz_image:/home/renato/bridge_ws/install/ros_gz_bridge:/home/renato/bridge_ws/install/ros_gz_interfaces:/opt/ros/humble LD_LIBRARY_PATH=/home/renato/ws_sensor_combined/install/px4_msgs/lib:/home/renato/ws_sensor_combined/install/px4_ros_com/lib:/home/renato/bridge_ws/install/ros_ign_interfaces/lib:/home/renato/bridge_ws/install/ros_gz_sim/lib:/home/renato/bridge_ws/install/ros_gz_bridge/lib:/home/renato/bridge_ws/install/ros_gz_interfaces/lib:/opt/ros/humble/opt/rviz_ogre_vendor/lib:/opt/ros/humble/lib/x86_64-linux-gnu:/opt/ros/humble/lib /usr/bin/cmake --install /home/renato/ws_sensor_combined/build/load_cell_publisher_pkg
