[0.042s] Invoking command in '/home/renato/ws_sensor_combined/build/end_effector_pkg': CMAKE_PREFIX_PATH=${CMAKE_PREFIX_PATH}:/opt/ros/humble /usr/bin/cmake --build /home/renato/ws_sensor_combined/build/end_effector_pkg -- -j20 -l20
[0.139s] [35m[1mConsolidate compiler generated dependencies of target force_controlled_joint_node[0m
[0.180s] [ 50%] [32mBuilding CXX object CMakeFiles/force_controlled_joint_node.dir/src/force_controlled_joint_node.cpp.o[0m
[19.635s] [100%] [32m[1mLinking CXX executable force_controlled_joint_node[0m
[20.585s] [100%] Built target force_controlled_joint_node
[20.613s] Invoked command in '/home/renato/ws_sensor_combined/build/end_effector_pkg' returned '0': CMAKE_PREFIX_PATH=${CMAKE_PREFIX_PATH}:/opt/ros/humble /usr/bin/cmake --build /home/renato/ws_sensor_combined/build/end_effector_pkg -- -j20 -l20
[20.617s] Invoking command in '/home/renato/ws_sensor_combined/build/end_effector_pkg': CMAKE_PREFIX_PATH=${CMAKE_PREFIX_PATH}:/opt/ros/humble /usr/bin/cmake --install /home/renato/ws_sensor_combined/build/end_effector_pkg
[20.635s] -- Install configuration: ""
[20.636s] -- Installing: /home/renato/ws_sensor_combined/install/end_effector_pkg/lib/end_effector_pkg/force_controlled_joint_node
[20.643s] -- Set runtime path of "/home/renato/ws_sensor_combined/install/end_effector_pkg/lib/end_effector_pkg/force_controlled_joint_node" to ""
[20.644s] -- Up-to-date: /home/renato/ws_sensor_combined/install/end_effector_pkg/share/ament_index/resource_index/package_run_dependencies/end_effector_pkg
[20.644s] -- Up-to-date: /home/renato/ws_sensor_combined/install/end_effector_pkg/share/ament_index/resource_index/parent_prefix_path/end_effector_pkg
[20.644s] -- Up-to-date: /home/renato/ws_sensor_combined/install/end_effector_pkg/share/end_effector_pkg/environment/ament_prefix_path.sh
[20.644s] -- Up-to-date: /home/renato/ws_sensor_combined/install/end_effector_pkg/share/end_effector_pkg/environment/ament_prefix_path.dsv
[20.645s] -- Up-to-date: /home/renato/ws_sensor_combined/install/end_effector_pkg/share/end_effector_pkg/environment/path.sh
[20.645s] -- Up-to-date: /home/renato/ws_sensor_combined/install/end_effector_pkg/share/end_effector_pkg/environment/path.dsv
[20.645s] -- Up-to-date: /home/renato/ws_sensor_combined/install/end_effector_pkg/share/end_effector_pkg/local_setup.bash
[20.645s] -- Up-to-date: /home/renato/ws_sensor_combined/install/end_effector_pkg/share/end_effector_pkg/local_setup.sh
[20.645s] -- Up-to-date: /home/renato/ws_sensor_combined/install/end_effector_pkg/share/end_effector_pkg/local_setup.zsh
[20.645s] -- Up-to-date: /home/renato/ws_sensor_combined/install/end_effector_pkg/share/end_effector_pkg/local_setup.dsv
[20.645s] -- Installing: /home/renato/ws_sensor_combined/install/end_effector_pkg/share/end_effector_pkg/package.dsv
[20.646s] -- Up-to-date: /home/renato/ws_sensor_combined/install/end_effector_pkg/share/ament_index/resource_index/packages/end_effector_pkg
[20.646s] -- Up-to-date: /home/renato/ws_sensor_combined/install/end_effector_pkg/share/end_effector_pkg/cmake/end_effector_pkgConfig.cmake
[20.646s] -- Up-to-date: /home/renato/ws_sensor_combined/install/end_effector_pkg/share/end_effector_pkg/cmake/end_effector_pkgConfig-version.cmake
[20.646s] -- Up-to-date: /home/renato/ws_sensor_combined/install/end_effector_pkg/share/end_effector_pkg/package.xml
[20.650s] Invoked command in '/home/renato/ws_sensor_combined/build/end_effector_pkg' returned '0': CMAKE_PREFIX_PATH=${CMAKE_PREFIX_PATH}:/opt/ros/humble /usr/bin/cmake --install /home/renato/ws_sensor_combined/build/end_effector_pkg
