[0.049s] Invoking command in '/home/renato/ws_sensor_combined/build/px4_msgs': CMAKE_PREFIX_PATH=${CMAKE_PREFIX_PATH}:/opt/ros/humble /usr/bin/cmake --build /home/renato/ws_sensor_combined/build/px4_msgs -- -j20 -l20
[0.880s] [  0%] Built target ament_cmake_python_symlink_px4_msgs
[0.912s] [  0%] Built target px4_msgs__cpp
[0.979s] [ 12%] Built target px4_msgs__rosidl_generator_c
[1.091s] [ 25%] Built target px4_msgs__rosidl_typesupport_c
[1.108s] [ 37%] Built target px4_msgs__rosidl_typesupport_cpp
[1.109s] [ 50%] Built target px4_msgs__rosidl_typesupport_introspection_cpp
[1.114s] [ 63%] Built target px4_msgs__rosidl_typesupport_introspection_c
[1.144s] [ 75%] Built target px4_msgs__rosidl_typesupport_fastrtps_cpp
[1.178s] [ 88%] Built target px4_msgs__rosidl_typesupport_fastrtps_c
[1.225s] [ 88%] Built target px4_msgs
[1.288s] [ 88%] Built target px4_msgs__py
[1.475s] [100%] Built target px4_msgs__rosidl_generator_py
[1.530s] [100%] Built target px4_msgs__rosidl_typesupport_fastrtps_c__pyext
[1.534s] [100%] Built target px4_msgs__rosidl_typesupport_introspection_c__pyext
[1.534s] [100%] Built target px4_msgs__rosidl_typesupport_c__pyext
[1.618s] running egg_info
[1.647s] writing px4_msgs.egg-info/PKG-INFO
[1.648s] writing dependency_links to px4_msgs.egg-info/dependency_links.txt
[1.648s] writing top-level names to px4_msgs.egg-info/top_level.txt
[1.743s] reading manifest file 'px4_msgs.egg-info/SOURCES.txt'
[1.749s] writing manifest file 'px4_msgs.egg-info/SOURCES.txt'
[1.853s] [100%] Built target ament_cmake_python_build_px4_msgs_egg
