[0.049s] Invoking command in '/home/renato/ws_sensor_combined/build/px4_msgs': CMAKE_PREFIX_PATH=${CMAKE_PREFIX_PATH}:/opt/ros/humble /usr/bin/cmake --build /home/renato/ws_sensor_combined/build/px4_msgs -- -j20 -l20
[0.856s] [  0%] Built target ament_cmake_python_symlink_px4_msgs
[0.893s] [  0%] Built target px4_msgs__cpp
[0.948s] [ 12%] Built target px4_msgs__rosidl_generator_c
[1.052s] [ 25%] Built target px4_msgs__rosidl_typesupport_c
[1.085s] [ 38%] Built target px4_msgs__rosidl_typesupport_introspection_cpp
[1.088s] [ 51%] Built target px4_msgs__rosidl_typesupport_introspection_c
[1.089s] [ 63%] Built target px4_msgs__rosidl_typesupport_cpp
[1.121s] [ 75%] Built target px4_msgs__rosidl_typesupport_fastrtps_cpp
[1.162s] [ 88%] Built target px4_msgs__rosidl_typesupport_fastrtps_c
[1.205s] [ 88%] Built target px4_msgs
[1.268s] [ 88%] Built target px4_msgs__py
[1.453s] [100%] Built target px4_msgs__rosidl_generator_py
[1.504s] [100%] Built target px4_msgs__rosidl_typesupport_introspection_c__pyext
[1.506s] [100%] Built target px4_msgs__rosidl_typesupport_c__pyext
[1.507s] [100%] Built target px4_msgs__rosidl_typesupport_fastrtps_c__pyext
[1.606s] running egg_info
[1.634s] writing px4_msgs.egg-info/PKG-INFO
[1.635s] writing dependency_links to px4_msgs.egg-info/dependency_links.txt
[1.635s] writing top-level names to px4_msgs.egg-info/top_level.txt
[1.721s] reading manifest file 'px4_msgs.egg-info/SOURCES.txt'
[1.728s] writing manifest file 'px4_msgs.egg-info/SOURCES.txt'
[1.825s] [100%] Built target ament_cmake_python_build_px4_msgs_egg
