[0.030s] Invoking command in '/home/renato/ws_sensor_combined/build/px4_msgs': CMAKE_PREFIX_PATH=${CMAKE_PREFIX_PATH}:/opt/ros/humble /usr/bin/cmake --build /home/renato/ws_sensor_combined/build/px4_msgs -- -j20 -l20
[0.615s] [  0%] Built target ament_cmake_python_symlink_px4_msgs
[0.652s] [  0%] Built target px4_msgs__cpp
[0.690s] [ 12%] Built target px4_msgs__rosidl_generator_c
[0.788s] [ 25%] Built target px4_msgs__rosidl_typesupport_c
[0.799s] [ 37%] Built target px4_msgs__rosidl_typesupport_cpp
[0.814s] [ 50%] Built target px4_msgs__rosidl_typesupport_introspection_c
[0.843s] [ 63%] Built target px4_msgs__rosidl_typesupport_introspection_cpp
[0.844s] [ 75%] Built target px4_msgs__rosidl_typesupport_fastrtps_cpp
[0.879s] [ 88%] Built target px4_msgs__rosidl_typesupport_fastrtps_c
[0.915s] [ 88%] Built target px4_msgs
[0.963s] [ 88%] Built target px4_msgs__py
[1.109s] [100%] Built target px4_msgs__rosidl_generator_py
[1.153s] [100%] Built target px4_msgs__rosidl_typesupport_introspection_c__pyext
[1.154s] [100%] Built target px4_msgs__rosidl_typesupport_c__pyext
[1.155s] [100%] Built target px4_msgs__rosidl_typesupport_fastrtps_c__pyext
[1.164s] running egg_info
[1.189s] writing px4_msgs.egg-info/PKG-INFO
[1.190s] writing dependency_links to px4_msgs.egg-info/dependency_links.txt
[1.190s] writing top-level names to px4_msgs.egg-info/top_level.txt
[1.240s] reading manifest file 'px4_msgs.egg-info/SOURCES.txt'
[1.243s] writing manifest file 'px4_msgs.egg-info/SOURCES.txt'
[1.294s] [100%] Built target ament_cmake_python_build_px4_msgs_egg
