-- Found ament_cmake: 1.3.11 (/opt/ros/humble/share/ament_cmake/cmake)
-- Found rclcpp: 16.0.11 (/opt/ros/humble/share/rclcpp/cmake)
-- Found rosidl_generator_c: 3.1.6 (/opt/ros/humble/share/rosidl_generator_c/cmake)
-- Found rosidl_adapter: 3.1.6 (/opt/ros/humble/share/rosidl_adapter/cmake)
-- Found rosidl_generator_cpp: 3.1.6 (/opt/ros/humble/share/rosidl_generator_cpp/cmake)
-- Using all available rosidl_typesupport_c: rosidl_typesupport_fastrtps_c;rosidl_typesupport_introspection_c
-- Using all available rosidl_typesupport_cpp: rosidl_typesupport_fastrtps_cpp;rosidl_typesupport_introspection_cpp
-- Found rmw_implementation_cmake: 6.1.2 (/opt/ros/humble/share/rmw_implementation_cmake/cmake)
-- Found rmw_fastrtps_cpp: 6.2.7 (/opt/ros/humble/share/rmw_fastrtps_cpp/cmake)
-- Using RMW implementation 'rmw_fastrtps_cpp' as default
-- Found geometry_msgs: 4.2.4 (/opt/ros/humble/share/geometry_msgs/cmake)
-- Found px4_msgs: 2.0.1 (/home/renato/ws_sensor_combined/install/px4_msgs/share/px4_msgs/cmake)
-- Configuring done
-- Generating done
-- Build files have been written to: /home/renato/ws_sensor_combined/build/sensor_driver_pkg
[35m[1mConsolidate compiler generated dependencies of target sensor_driver_node[0m
[35m[1mConsolidate compiler generated dependencies of target sensor_driver_flamingo_node[0m
[35m[1mConsolidate compiler generated dependencies of target sensor_driver_gz_node[0m
[35m[1mConsolidate compiler generated dependencies of target sensor_driver_bias_computation_node[0m
[ 25%] Built target sensor_driver_node
[ 50%] Built target sensor_driver_flamingo_node
[ 62%] [32mBuilding CXX object CMakeFiles/sensor_driver_gz_node.dir/src/sensor_driver_gz_node.cpp.o[0m
[ 87%] Built target sensor_driver_bias_computation_node
[100%] [32m[1mLinking CXX executable sensor_driver_gz_node[0m
[100%] Built target sensor_driver_gz_node
