-- Found ament_cmake: 1.3.11 (/opt/ros/humble/share/ament_cmake/cmake)
-- Override CMake install command with custom implementation using symlinks instead of copying resources
-- Found rclcpp: 16.0.11 (/opt/ros/humble/share/rclcpp/cmake)
-- Found rosidl_generator_c: 3.1.6 (/opt/ros/humble/share/rosidl_generator_c/cmake)
-- Found rosidl_adapter: 3.1.6 (/opt/ros/humble/share/rosidl_adapter/cmake)
-- Found rosidl_generator_cpp: 3.1.6 (/opt/ros/humble/share/rosidl_generator_cpp/cmake)
-- Using all available rosidl_typesupport_c: rosidl_typesupport_fastrtps_c;rosidl_typesupport_introspection_c
-- Using all available rosidl_typesupport_cpp: rosidl_typesupport_fastrtps_cpp;rosidl_typesupport_introspection_cpp
-- Found rmw_implementation_cmake: 6.1.2 (/opt/ros/humble/share/rmw_implementation_cmake/cmake)
-- Found rmw_fastrtps_cpp: 6.2.7 (/opt/ros/humble/share/rmw_fastrtps_cpp/cmake)
-- Using RMW implementation 'rmw_fastrtps_cpp' as default
-- Found geometry_msgs: 4.2.4 (/opt/ros/humble/share/geometry_msgs/cmake)
-- Found px4_msgs: 2.0.1 (/home/renato/ws_sensor_combined/install/px4_msgs/share/px4_msgs/cmake)
-- Configuring done
-- Generating done
-- Build files have been written to: /home/renato/ws_sensor_combined/build/sensor_driver_pkg
[ 16%] [32mBuilding CXX object CMakeFiles/sensor_driver_gz_node.dir/src/sensor_driver_gz_node.cpp.o[0m
[ 33%] [32mBuilding CXX object CMakeFiles/sensor_driver_flamingo_node.dir/src/sensor_driver_flamingo_node.cpp.o[0m
[ 50%] [32mBuilding CXX object CMakeFiles/sensor_driver_node.dir/src/sensor_driver_node.cpp.o[0m
[ 66%] [32m[1mLinking CXX executable sensor_driver_flamingo_node[0m
[ 66%] Built target sensor_driver_flamingo_node
[ 83%] [32m[1mLinking CXX executable sensor_driver_node[0m
[ 83%] Built target sensor_driver_node
[100%] [32m[1mLinking CXX executable sensor_driver_gz_node[0m
[100%] Built target sensor_driver_gz_node
-- Install configuration: ""
-- Execute custom install script
-- Symlinking: /home/renato/ws_sensor_combined/install/sensor_driver_pkg/lib/sensor_driver_pkg/sensor_driver_node
-- Symlinking: /home/renato/ws_sensor_combined/install/sensor_driver_pkg/lib/sensor_driver_pkg/sensor_driver_flamingo_node
-- Symlinking: /home/renato/ws_sensor_combined/install/sensor_driver_pkg/lib/sensor_driver_pkg/sensor_driver_gz_node
-- Symlinking: /home/renato/ws_sensor_combined/install/sensor_driver_pkg/share/ament_index/resource_index/package_run_dependencies/sensor_driver_pkg
-- Symlinking: /home/renato/ws_sensor_combined/install/sensor_driver_pkg/share/ament_index/resource_index/parent_prefix_path/sensor_driver_pkg
-- Symlinking: /home/renato/ws_sensor_combined/install/sensor_driver_pkg/share/sensor_driver_pkg/environment/ament_prefix_path.sh
-- Symlinking: /home/renato/ws_sensor_combined/install/sensor_driver_pkg/share/sensor_driver_pkg/environment/ament_prefix_path.dsv
-- Symlinking: /home/renato/ws_sensor_combined/install/sensor_driver_pkg/share/sensor_driver_pkg/environment/path.sh
-- Symlinking: /home/renato/ws_sensor_combined/install/sensor_driver_pkg/share/sensor_driver_pkg/environment/path.dsv
-- Symlinking: /home/renato/ws_sensor_combined/install/sensor_driver_pkg/share/sensor_driver_pkg/local_setup.bash
-- Symlinking: /home/renato/ws_sensor_combined/install/sensor_driver_pkg/share/sensor_driver_pkg/local_setup.sh
-- Symlinking: /home/renato/ws_sensor_combined/install/sensor_driver_pkg/share/sensor_driver_pkg/local_setup.zsh
-- Symlinking: /home/renato/ws_sensor_combined/install/sensor_driver_pkg/share/sensor_driver_pkg/local_setup.dsv
-- Symlinking: /home/renato/ws_sensor_combined/install/sensor_driver_pkg/share/sensor_driver_pkg/package.dsv
-- Symlinking: /home/renato/ws_sensor_combined/install/sensor_driver_pkg/share/ament_index/resource_index/packages/sensor_driver_pkg
-- Symlinking: /home/renato/ws_sensor_combined/install/sensor_driver_pkg/share/sensor_driver_pkg/cmake/sensor_driver_pkgConfig.cmake
-- Symlinking: /home/renato/ws_sensor_combined/install/sensor_driver_pkg/share/sensor_driver_pkg/cmake/sensor_driver_pkgConfig-version.cmake
-- Symlinking: /home/renato/ws_sensor_combined/install/sensor_driver_pkg/share/sensor_driver_pkg/package.xml
