[0.009s] Invoking command in '/home/renato/ws_sensor_combined/build/end_effector_pkg': CMAKE_PREFIX_PATH=${CMAKE_PREFIX_PATH}:/opt/ros/humble /usr/bin/cmake --build /home/renato/ws_sensor_combined/build/end_effector_pkg -- -j20 -l20
[0.058s] [ 50%] [32mBuilding CXX object CMakeFiles/force_controlled_joint_node.dir/src/force_controlled_joint_node.cpp.o[0m
[5.360s] [100%] [32m[1mLinking CXX executable force_controlled_joint_node[0m
[5.631s] [100%] Built target force_controlled_joint_node
[5.640s] Invoked command in '/home/renato/ws_sensor_combined/build/end_effector_pkg' returned '0': CMAKE_PREFIX_PATH=${CMAKE_PREFIX_PATH}:/opt/ros/humble /usr/bin/cmake --build /home/renato/ws_sensor_combined/build/end_effector_pkg -- -j20 -l20
[5.641s] Invoking command in '/home/renato/ws_sensor_combined/build/end_effector_pkg': CMAKE_PREFIX_PATH=${CMAKE_PREFIX_PATH}:/opt/ros/humble /usr/bin/cmake --install /home/renato/ws_sensor_combined/build/end_effector_pkg
[5.646s] -- Install configuration: ""
[5.646s] -- Installing: /home/renato/ws_sensor_combined/install/end_effector_pkg/lib/end_effector_pkg/force_controlled_joint_node
[5.648s] -- Set runtime path of "/home/renato/ws_sensor_combined/install/end_effector_pkg/lib/end_effector_pkg/force_controlled_joint_node" to ""
[5.648s] -- Up-to-date: /home/renato/ws_sensor_combined/install/end_effector_pkg/share/ament_index/resource_index/package_run_dependencies/end_effector_pkg
[5.648s] -- Up-to-date: /home/renato/ws_sensor_combined/install/end_effector_pkg/share/ament_index/resource_index/parent_prefix_path/end_effector_pkg
[5.648s] -- Up-to-date: /home/renato/ws_sensor_combined/install/end_effector_pkg/share/end_effector_pkg/environment/ament_prefix_path.sh
[5.648s] -- Up-to-date: /home/renato/ws_sensor_combined/install/end_effector_pkg/share/end_effector_pkg/environment/ament_prefix_path.dsv
[5.648s] -- Up-to-date: /home/renato/ws_sensor_combined/install/end_effector_pkg/share/end_effector_pkg/environment/path.sh
[5.648s] -- Up-to-date: /home/renato/ws_sensor_combined/install/end_effector_pkg/share/end_effector_pkg/environment/path.dsv
[5.649s] -- Up-to-date: /home/renato/ws_sensor_combined/install/end_effector_pkg/share/end_effector_pkg/local_setup.bash
[5.649s] -- Up-to-date: /home/renato/ws_sensor_combined/install/end_effector_pkg/share/end_effector_pkg/local_setup.sh
[5.649s] -- Up-to-date: /home/renato/ws_sensor_combined/install/end_effector_pkg/share/end_effector_pkg/local_setup.zsh
[5.649s] -- Up-to-date: /home/renato/ws_sensor_combined/install/end_effector_pkg/share/end_effector_pkg/local_setup.dsv
[5.649s] -- Installing: /home/renato/ws_sensor_combined/install/end_effector_pkg/share/end_effector_pkg/package.dsv
[5.649s] -- Up-to-date: /home/renato/ws_sensor_combined/install/end_effector_pkg/share/ament_index/resource_index/packages/end_effector_pkg
[5.649s] -- Up-to-date: /home/renato/ws_sensor_combined/install/end_effector_pkg/share/end_effector_pkg/cmake/end_effector_pkgConfig.cmake
[5.649s] -- Up-to-date: /home/renato/ws_sensor_combined/install/end_effector_pkg/share/end_effector_pkg/cmake/end_effector_pkgConfig-version.cmake
[5.649s] -- Up-to-date: /home/renato/ws_sensor_combined/install/end_effector_pkg/share/end_effector_pkg/package.xml
[5.650s] Invoked command in '/home/renato/ws_sensor_combined/build/end_effector_pkg' returned '0': CMAKE_PREFIX_PATH=${CMAKE_PREFIX_PATH}:/opt/ros/humble /usr/bin/cmake --install /home/renato/ws_sensor_combined/build/end_effector_pkg
