[0.022s] Invoking command in '/home/renato/ws_sensor_combined/build/ground_truth_publisher_pkg': CMAKE_PREFIX_PATH=${CMAKE_PREFIX_PATH}:/opt/ros/humble /usr/bin/cmake /home/renato/ws_sensor_combined/src/ground_truth_publisher_pkg -DCMAKE_INSTALL_PREFIX=/home/renato/ws_sensor_combined/install/ground_truth_publisher_pkg
[0.106s] -- The C compiler identification is GNU 11.4.0
[0.196s] -- The CXX compiler identification is GNU 11.4.0
[0.206s] -- Detecting C compiler ABI info
[0.305s] -- Detecting C compiler ABI info - done
[0.315s] -- Check for working C compiler: /usr/bin/cc - skipped
[0.316s] -- Detecting C compile features
[0.316s] -- Detecting C compile features - done
[0.320s] -- Detecting CXX compiler ABI info
[0.443s] -- Detecting CXX compiler ABI info - done
[0.455s] -- Check for working CXX compiler: /usr/bin/c++ - skipped
[0.455s] -- Detecting CXX compile features
[0.456s] -- Detecting CXX compile features - done
[0.460s] -- Found ament_cmake: 1.3.11 (/opt/ros/humble/share/ament_cmake/cmake)
[1.589s] -- Found Python3: /usr/bin/python3 (found version "3.10.12") found components: Interpreter 
[1.642s] -- Found rclcpp: 16.0.11 (/opt/ros/humble/share/rclcpp/cmake)
[1.721s] -- Found rosidl_generator_c: 3.1.6 (/opt/ros/humble/share/rosidl_generator_c/cmake)
[1.730s] -- Found rosidl_adapter: 3.1.6 (/opt/ros/humble/share/rosidl_adapter/cmake)
[1.744s] -- Found rosidl_generator_cpp: 3.1.6 (/opt/ros/humble/share/rosidl_generator_cpp/cmake)
[1.765s] -- Using all available rosidl_typesupport_c: rosidl_typesupport_fastrtps_c;rosidl_typesupport_introspection_c
[1.795s] -- Using all available rosidl_typesupport_cpp: rosidl_typesupport_fastrtps_cpp;rosidl_typesupport_introspection_cpp
[1.896s] -- Found rmw_implementation_cmake: 6.1.2 (/opt/ros/humble/share/rmw_implementation_cmake/cmake)
[1.907s] -- Found rmw_fastrtps_cpp: 6.2.7 (/opt/ros/humble/share/rmw_fastrtps_cpp/cmake)
[2.066s] -- Found OpenSSL: /usr/lib/x86_64-linux-gnu/libcrypto.so (found version "3.0.2")  
[2.117s] -- Found FastRTPS: /opt/ros/humble/include  
[2.181s] -- Using RMW implementation 'rmw_fastrtps_cpp' as default
[2.195s] -- Looking for pthread.h
[2.290s] -- Looking for pthread.h - found
[2.291s] -- Performing Test CMAKE_HAVE_LIBC_PTHREAD
[2.389s] -- Performing Test CMAKE_HAVE_LIBC_PTHREAD - Success
[2.390s] -- Found Threads: TRUE  
[2.478s] -- Found nav_msgs: 4.2.4 (/opt/ros/humble/share/nav_msgs/cmake)
[2.523s] -- Found ament_lint_auto: 0.12.11 (/opt/ros/humble/share/ament_lint_auto/cmake)
[2.619s] -- Added test 'cppcheck' to perform static code analysis on C / C++ code
[2.619s] -- Configured cppcheck include dirs: 
[2.619s] -- Configured cppcheck exclude dirs and/or files: 
[2.620s] -- Added test 'lint_cmake' to check CMake code style
[2.621s] -- Added test 'uncrustify' to check C / C++ code style
[2.621s] -- Configured uncrustify additional arguments: 
[2.622s] -- Added test 'xmllint' to check XML markup files
[2.624s] -- Configuring done
[2.633s] -- Generating done
[2.636s] -- Build files have been written to: /home/renato/ws_sensor_combined/build/ground_truth_publisher_pkg
[2.648s] Invoked command in '/home/renato/ws_sensor_combined/build/ground_truth_publisher_pkg' returned '0': CMAKE_PREFIX_PATH=${CMAKE_PREFIX_PATH}:/opt/ros/humble /usr/bin/cmake /home/renato/ws_sensor_combined/src/ground_truth_publisher_pkg -DCMAKE_INSTALL_PREFIX=/home/renato/ws_sensor_combined/install/ground_truth_publisher_pkg
[2.650s] Invoking command in '/home/renato/ws_sensor_combined/build/ground_truth_publisher_pkg': CMAKE_PREFIX_PATH=${CMAKE_PREFIX_PATH}:/opt/ros/humble /usr/bin/cmake --build /home/renato/ws_sensor_combined/build/ground_truth_publisher_pkg -- -j20 -l20
[2.719s] [ 50%] [32mBuilding CXX object CMakeFiles/ground_truth_publisher_node.dir/src/ground_truth_publisher_node.cpp.o[0m
[12.143s] [100%] [32m[1mLinking CXX executable ground_truth_publisher_node[0m
[12.608s] [100%] Built target ground_truth_publisher_node
[12.624s] Invoked command in '/home/renato/ws_sensor_combined/build/ground_truth_publisher_pkg' returned '0': CMAKE_PREFIX_PATH=${CMAKE_PREFIX_PATH}:/opt/ros/humble /usr/bin/cmake --build /home/renato/ws_sensor_combined/build/ground_truth_publisher_pkg -- -j20 -l20
[12.626s] Invoking command in '/home/renato/ws_sensor_combined/build/ground_truth_publisher_pkg': CMAKE_PREFIX_PATH=${CMAKE_PREFIX_PATH}:/opt/ros/humble /usr/bin/cmake --install /home/renato/ws_sensor_combined/build/ground_truth_publisher_pkg
[12.638s] -- Install configuration: ""
[12.638s] -- Installing: /home/renato/ws_sensor_combined/install/ground_truth_publisher_pkg/lib/ground_truth_publisher_pkg/ground_truth_publisher_node
[12.641s] -- Set runtime path of "/home/renato/ws_sensor_combined/install/ground_truth_publisher_pkg/lib/ground_truth_publisher_pkg/ground_truth_publisher_node" to ""
[12.641s] -- Installing: /home/renato/ws_sensor_combined/install/ground_truth_publisher_pkg/share/ament_index/resource_index/package_run_dependencies/ground_truth_publisher_pkg
[12.642s] -- Installing: /home/renato/ws_sensor_combined/install/ground_truth_publisher_pkg/share/ament_index/resource_index/parent_prefix_path/ground_truth_publisher_pkg
[12.642s] -- Installing: /home/renato/ws_sensor_combined/install/ground_truth_publisher_pkg/share/ground_truth_publisher_pkg/environment/ament_prefix_path.sh
[12.642s] -- Installing: /home/renato/ws_sensor_combined/install/ground_truth_publisher_pkg/share/ground_truth_publisher_pkg/environment/ament_prefix_path.dsv
[12.642s] -- Installing: /home/renato/ws_sensor_combined/install/ground_truth_publisher_pkg/share/ground_truth_publisher_pkg/environment/path.sh
[12.642s] -- Installing: /home/renato/ws_sensor_combined/install/ground_truth_publisher_pkg/share/ground_truth_publisher_pkg/environment/path.dsv
[12.642s] -- Installing: /home/renato/ws_sensor_combined/install/ground_truth_publisher_pkg/share/ground_truth_publisher_pkg/local_setup.bash
[12.642s] -- Installing: /home/renato/ws_sensor_combined/install/ground_truth_publisher_pkg/share/ground_truth_publisher_pkg/local_setup.sh
[12.643s] -- Installing: /home/renato/ws_sensor_combined/install/ground_truth_publisher_pkg/share/ground_truth_publisher_pkg/local_setup.zsh
[12.643s] -- Installing: /home/renato/ws_sensor_combined/install/ground_truth_publisher_pkg/share/ground_truth_publisher_pkg/local_setup.dsv
[12.643s] -- Installing: /home/renato/ws_sensor_combined/install/ground_truth_publisher_pkg/share/ground_truth_publisher_pkg/package.dsv
[12.643s] -- Installing: /home/renato/ws_sensor_combined/install/ground_truth_publisher_pkg/share/ament_index/resource_index/packages/ground_truth_publisher_pkg
[12.643s] -- Installing: /home/renato/ws_sensor_combined/install/ground_truth_publisher_pkg/share/ground_truth_publisher_pkg/cmake/ground_truth_publisher_pkgConfig.cmake
[12.643s] -- Installing: /home/renato/ws_sensor_combined/install/ground_truth_publisher_pkg/share/ground_truth_publisher_pkg/cmake/ground_truth_publisher_pkgConfig-version.cmake
[12.643s] -- Installing: /home/renato/ws_sensor_combined/install/ground_truth_publisher_pkg/share/ground_truth_publisher_pkg/package.xml
[12.646s] Invoked command in '/home/renato/ws_sensor_combined/build/ground_truth_publisher_pkg' returned '0': CMAKE_PREFIX_PATH=${CMAKE_PREFIX_PATH}:/opt/ros/humble /usr/bin/cmake --install /home/renato/ws_sensor_combined/build/ground_truth_publisher_pkg
